<?xml version="1.0" encoding="UTF-8"?>
<testsuite xmlns:xsi="http://www.w3.org/2001/XMLSchema-instance" xsi:noNamespaceSchemaLocation="https://maven.apache.org/surefire/maven-surefire-plugin/xsd/surefire-test-report-3.0.xsd" version="3.0" name="testRunner.TestRunner" time="523.475" tests="48" errors="13" skipped="0" failures="5">
  <properties>
    <property name="java.specification.version" value="17"/>
    <property name="sun.cpu.isalist" value="amd64"/>
    <property name="sun.jnu.encoding" value="Cp1252"/>
    <property name="java.class.path" value="C:\Users\smith\OneDrive\Documents\INTERN\Cell\cellsuite\cellsuite\target\test-classes;C:\Users\smith\OneDrive\Documents\INTERN\Cell\cellsuite\cellsuite\target\classes;C:\Users\smith\.m2\repository\io\cucumber\cucumber-java\7.3.4\cucumber-java-7.3.4.jar;C:\Users\smith\.m2\repository\io\cucumber\cucumber-core\7.3.4\cucumber-core-7.3.4.jar;C:\Users\smith\.m2\repository\io\cucumber\cucumber-gherkin\7.3.4\cucumber-gherkin-7.3.4.jar;C:\Users\smith\.m2\repository\io\cucumber\cucumber-gherkin-messages\7.3.4\cucumber-gherkin-messages-7.3.4.jar;C:\Users\smith\.m2\repository\io\cucumber\gherkin\23.0.1\gherkin-23.0.1.jar;C:\Users\smith\.m2\repository\io\cucumber\messages\18.0.0\messages-18.0.0.jar;C:\Users\smith\.m2\repository\io\cucumber\tag-expressions\4.1.0\tag-expressions-4.1.0.jar;C:\Users\smith\.m2\repository\io\cucumber\cucumber-expressions\15.1.1\cucumber-expressions-15.1.1.jar;C:\Users\smith\.m2\repository\io\cucumber\datatable\7.3.4\datatable-7.3.4.jar;C:\Users\smith\.m2\repository\io\cucumber\cucumber-plugin\7.3.4\cucumber-plugin-7.3.4.jar;C:\Users\smith\.m2\repository\io\cucumber\docstring\7.3.4\docstring-7.3.4.jar;C:\Users\smith\.m2\repository\io\cucumber\html-formatter\19.1.0\html-formatter-19.1.0.jar;C:\Users\smith\.m2\repository\io\cucumber\ci-environment\9.0.4\ci-environment-9.0.4.jar;C:\Users\smith\.m2\repository\org\apiguardian\apiguardian-api\1.1.2\apiguardian-api-1.1.2.jar;C:\Users\smith\.m2\repository\io\cucumber\cucumber-junit\7.3.4\cucumber-junit-7.3.4.jar;C:\Users\smith\.m2\repository\junit\junit\4.13.2\junit-4.13.2.jar;C:\Users\smith\.m2\repository\org\hamcrest\hamcrest-core\1.3\hamcrest-core-1.3.jar;C:\Users\smith\.m2\repository\org\seleniumhq\selenium\selenium-support\4.4.0\selenium-support-4.4.0.jar;C:\Users\smith\.m2\repository\com\google\auto\service\auto-service-annotations\1.0.1\auto-service-annotations-1.0.1.jar;C:\Users\smith\.m2\repository\com\google\auto\service\auto-service\1.0.1\auto-service-1.0.1.jar;C:\Users\smith\.m2\repository\com\google\auto\auto-common\1.2\auto-common-1.2.jar;C:\Users\smith\.m2\repository\com\google\guava\guava\31.1-jre\guava-31.1-jre.jar;C:\Users\smith\.m2\repository\com\google\guava\failureaccess\1.0.1\failureaccess-1.0.1.jar;C:\Users\smith\.m2\repository\com\google\guava\listenablefuture\9999.0-empty-to-avoid-conflict-with-guava\listenablefuture-9999.0-empty-to-avoid-conflict-with-guava.jar;C:\Users\smith\.m2\repository\com\google\code\findbugs\jsr305\3.0.2\jsr305-3.0.2.jar;C:\Users\smith\.m2\repository\org\checkerframework\checker-qual\3.12.0\checker-qual-3.12.0.jar;C:\Users\smith\.m2\repository\com\google\errorprone\error_prone_annotations\2.11.0\error_prone_annotations-2.11.0.jar;C:\Users\smith\.m2\repository\com\google\j2objc\j2objc-annotations\1.3\j2objc-annotations-1.3.jar;C:\Users\smith\.m2\repository\net\bytebuddy\byte-buddy\1.12.10\byte-buddy-1.12.10.jar;C:\Users\smith\.m2\repository\org\seleniumhq\selenium\selenium-api\4.4.0\selenium-api-4.4.0.jar;C:\Users\smith\.m2\repository\org\seleniumhq\selenium\selenium-json\4.4.0\selenium-json-4.4.0.jar;C:\Users\smith\.m2\repository\org\seleniumhq\selenium\selenium-remote-driver\4.4.0\selenium-remote-driver-4.4.0.jar;C:\Users\smith\.m2\repository\com\beust\jcommander\1.82\jcommander-1.82.jar;C:\Users\smith\.m2\repository\io\netty\netty-buffer\4.1.78.Final\netty-buffer-4.1.78.Final.jar;C:\Users\smith\.m2\repository\io\netty\netty-codec-http\4.1.78.Final\netty-codec-http-4.1.78.Final.jar;C:\Users\smith\.m2\repository\io\netty\netty-codec\4.1.78.Final\netty-codec-4.1.78.Final.jar;C:\Users\smith\.m2\repository\io\netty\netty-handler\4.1.78.Final\netty-handler-4.1.78.Final.jar;C:\Users\smith\.m2\repository\io\netty\netty-common\4.1.78.Final\netty-common-4.1.78.Final.jar;C:\Users\smith\.m2\repository\io\netty\netty-transport-classes-epoll\4.1.78.Final\netty-transport-classes-epoll-4.1.78.Final.jar;C:\Users\smith\.m2\repository\io\netty\netty-transport-classes-kqueue\4.1.78.Final\netty-transport-classes-kqueue-4.1.78.Final.jar;C:\Users\smith\.m2\repository\io\netty\netty-transport-native-epoll\4.1.78.Final\netty-transport-native-epoll-4.1.78.Final.jar;C:\Users\smith\.m2\repository\io\netty\netty-transport-native-kqueue\4.1.78.Final\netty-transport-native-kqueue-4.1.78.Final.jar;C:\Users\smith\.m2\repository\io\netty\netty-transport-native-unix-common\4.1.78.Final\netty-transport-native-unix-common-4.1.78.Final.jar;C:\Users\smith\.m2\repository\io\netty\netty-transport\4.1.78.Final\netty-transport-4.1.78.Final.jar;C:\Users\smith\.m2\repository\io\netty\netty-resolver\4.1.78.Final\netty-resolver-4.1.78.Final.jar;C:\Users\smith\.m2\repository\io\opentelemetry\opentelemetry-api\1.16.0\opentelemetry-api-1.16.0.jar;C:\Users\smith\.m2\repository\io\opentelemetry\opentelemetry-context\1.16.0\opentelemetry-context-1.16.0.jar;C:\Users\smith\.m2\repository\io\opentelemetry\opentelemetry-exporter-logging\1.16.0\opentelemetry-exporter-logging-1.16.0.jar;C:\Users\smith\.m2\repository\io\opentelemetry\opentelemetry-sdk-metrics\1.16.0\opentelemetry-sdk-metrics-1.16.0.jar;C:\Users\smith\.m2\repository\io\opentelemetry\opentelemetry-sdk-logs\1.16.0-alpha\opentelemetry-sdk-logs-1.16.0-alpha.jar;C:\Users\smith\.m2\repository\io\opentelemetry\opentelemetry-sdk-common\1.16.0\opentelemetry-sdk-common-1.16.0.jar;C:\Users\smith\.m2\repository\io\opentelemetry\opentelemetry-sdk-extension-autoconfigure-spi\1.16.0\opentelemetry-sdk-extension-autoconfigure-spi-1.16.0.jar;C:\Users\smith\.m2\repository\io\opentelemetry\opentelemetry-sdk-extension-autoconfigure\1.16.0-alpha\opentelemetry-sdk-extension-autoconfigure-1.16.0-alpha.jar;C:\Users\smith\.m2\repository\io\opentelemetry\opentelemetry-sdk-trace\1.16.0\opentelemetry-sdk-trace-1.16.0.jar;C:\Users\smith\.m2\repository\io\opentelemetry\opentelemetry-sdk\1.16.0\opentelemetry-sdk-1.16.0.jar;C:\Users\smith\.m2\repository\io\opentelemetry\opentelemetry-semconv\1.16.0-alpha\opentelemetry-semconv-1.16.0-alpha.jar;C:\Users\smith\.m2\repository\io\ous\jtoml\2.0.0\jtoml-2.0.0.jar;C:\Users\smith\.m2\repository\org\apache\commons\commons-exec\1.3\commons-exec-1.3.jar;C:\Users\smith\.m2\repository\org\asynchttpclient\async-http-client\2.12.3\async-http-client-2.12.3.jar;C:\Users\smith\.m2\repository\org\asynchttpclient\async-http-client-netty-utils\2.12.3\async-http-client-netty-utils-2.12.3.jar;C:\Users\smith\.m2\repository\io\netty\netty-codec-socks\4.1.60.Final\netty-codec-socks-4.1.60.Final.jar;C:\Users\smith\.m2\repository\io\netty\netty-handler-proxy\4.1.60.Final\netty-handler-proxy-4.1.60.Final.jar;C:\Users\smith\.m2\repository\io\netty\netty-transport-native-epoll\4.1.60.Final\netty-transport-native-epoll-4.1.60.Final-linux-x86_64.jar;C:\Users\smith\.m2\repository\io\netty\netty-transport-native-kqueue\4.1.60.Final\netty-transport-native-kqueue-4.1.60.Final-osx-x86_64.jar;C:\Users\smith\.m2\repository\org\reactivestreams\reactive-streams\1.0.3\reactive-streams-1.0.3.jar;C:\Users\smith\.m2\repository\com\typesafe\netty\netty-reactive-streams\2.0.4\netty-reactive-streams-2.0.4.jar;C:\Users\smith\.m2\repository\com\sun\activation\jakarta.activation\1.2.2\jakarta.activation-1.2.2.jar;C:\Users\smith\.m2\repository\org\seleniumhq\selenium\selenium-http\4.4.0\selenium-http-4.4.0.jar;C:\Users\smith\.m2\repository\dev\failsafe\failsafe\3.2.4\failsafe-3.2.4.jar;C:\Users\smith\.m2\repository\org\seleniumhq\selenium\selenium-java\4.4.0\selenium-java-4.4.0.jar;C:\Users\smith\.m2\repository\org\seleniumhq\selenium\selenium-chrome-driver\4.4.0\selenium-chrome-driver-4.4.0.jar;C:\Users\smith\.m2\repository\org\seleniumhq\selenium\selenium-chromium-driver\4.4.0\selenium-chromium-driver-4.4.0.jar;C:\Users\smith\.m2\repository\org\seleniumhq\selenium\selenium-devtools-v102\4.4.0\selenium-devtools-v102-4.4.0.jar;C:\Users\smith\.m2\repository\org\seleniumhq\selenium\selenium-devtools-v103\4.4.0\selenium-devtools-v103-4.4.0.jar;C:\Users\smith\.m2\repository\org\seleniumhq\selenium\selenium-devtools-v104\4.4.0\selenium-devtools-v104-4.4.0.jar;C:\Users\smith\.m2\repository\org\seleniumhq\selenium\selenium-devtools-v85\4.4.0\selenium-devtools-v85-4.4.0.jar;C:\Users\smith\.m2\repository\org\seleniumhq\selenium\selenium-edge-driver\4.4.0\selenium-edge-driver-4.4.0.jar;C:\Users\smith\.m2\repository\org\seleniumhq\selenium\selenium-firefox-driver\4.4.0\selenium-firefox-driver-4.4.0.jar;C:\Users\smith\.m2\repository\org\seleniumhq\selenium\selenium-ie-driver\4.4.0\selenium-ie-driver-4.4.0.jar;C:\Users\smith\.m2\repository\org\seleniumhq\selenium\selenium-opera-driver\4.4.0\selenium-opera-driver-4.4.0.jar;C:\Users\smith\.m2\repository\org\seleniumhq\selenium\selenium-safari-driver\4.4.0\selenium-safari-driver-4.4.0.jar;C:\Users\smith\.m2\repository\io\github\bonigarcia\webdrivermanager\5.3.0\webdrivermanager-5.3.0.jar;C:\Users\smith\.m2\repository\org\slf4j\slf4j-api\1.7.36\slf4j-api-1.7.36.jar;C:\Users\smith\.m2\repository\com\google\code\gson\gson\2.9.1\gson-2.9.1.jar;C:\Users\smith\.m2\repository\com\github\docker-java\docker-java\3.2.13\docker-java-3.2.13.jar;C:\Users\smith\.m2\repository\com\github\docker-java\docker-java-core\3.2.13\docker-java-core-3.2.13.jar;C:\Users\smith\.m2\repository\com\github\docker-java\docker-java-api\3.2.13\docker-java-api-3.2.13.jar;C:\Users\smith\.m2\repository\com\fasterxml\jackson\core\jackson-annotations\2.10.3\jackson-annotations-2.10.3.jar;C:\Users\smith\.m2\repository\commons-io\commons-io\2.6\commons-io-2.6.jar;C:\Users\smith\.m2\repository\org\apache\commons\commons-compress\1.21\commons-compress-1.21.jar;C:\Users\smith\.m2\repository\com\fasterxml\jackson\core\jackson-databind\2.10.3\jackson-databind-2.10.3.jar;C:\Users\smith\.m2\repository\com\fasterxml\jackson\core\jackson-core\2.10.3\jackson-core-2.10.3.jar;C:\Users\smith\.m2\repository\org\bouncycastle\bcpkix-jdk15on\1.64\bcpkix-jdk15on-1.64.jar;C:\Users\smith\.m2\repository\org\bouncycastle\bcprov-jdk15on\1.64\bcprov-jdk15on-1.64.jar;C:\Users\smith\.m2\repository\org\slf4j\jcl-over-slf4j\1.7.30\jcl-over-slf4j-1.7.30.jar;C:\Users\smith\.m2\repository\com\github\docker-java\docker-java-transport-httpclient5\3.2.13\docker-java-transport-httpclient5-3.2.13.jar;C:\Users\smith\.m2\repository\com\github\docker-java\docker-java-transport\3.2.13\docker-java-transport-3.2.13.jar;C:\Users\smith\.m2\repository\net\java\dev\jna\jna\5.8.0\jna-5.8.0.jar;C:\Users\smith\.m2\repository\org\brotli\dec\0.1.2\dec-0.1.2.jar;C:\Users\smith\.m2\repository\org\apache\commons\commons-lang3\3.12.0\commons-lang3-3.12.0.jar;C:\Users\smith\.m2\repository\org\apache\httpcomponents\client5\httpclient5\5.1.3\httpclient5-5.1.3.jar;C:\Users\smith\.m2\repository\org\apache\httpcomponents\core5\httpcore5\5.1.3\httpcore5-5.1.3.jar;C:\Users\smith\.m2\repository\org\apache\httpcomponents\core5\httpcore5-h2\5.1.3\httpcore5-h2-5.1.3.jar;C:\Users\smith\.m2\repository\commons-codec\commons-codec\1.15\commons-codec-1.15.jar;C:\Users\smith\.m2\repository\org\slf4j\slf4j-simple\1.7.25\slf4j-simple-1.7.25.jar;"/>
    <property name="java.vm.vendor" value="Oracle Corporation"/>
    <property name="sun.arch.data.model" value="64"/>
    <property name="user.variant" value=""/>
    <property name="java.vendor.url" value="https://java.oracle.com/"/>
    <property name="user.timezone" value="Asia/Jakarta"/>
    <property name="os.name" value="Windows 10"/>
    <property name="java.vm.specification.version" value="17"/>
    <property name="sun.java.launcher" value="SUN_STANDARD"/>
    <property name="user.country" value="ID"/>
    <property name="sun.boot.library.path" value="C:\Program Files\Java\jdk-17.0.1\bin"/>
    <property name="sun.java.command" value="C:\Users\smith\AppData\Local\Temp\surefire15202096304795624099\surefirebooter13329538909160590826.jar C:\Users\smith\AppData\Local\Temp\surefire15202096304795624099 2022-08-26T10-27-07_435-jvmRun1 surefire14583241608954044311tmp surefire_06567827284031236360tmp"/>
    <property name="jdk.debug" value="release"/>
    <property name="surefire.test.class.path" value="C:\Users\smith\OneDrive\Documents\INTERN\Cell\cellsuite\cellsuite\target\test-classes;C:\Users\smith\OneDrive\Documents\INTERN\Cell\cellsuite\cellsuite\target\classes;C:\Users\smith\.m2\repository\io\cucumber\cucumber-java\7.3.4\cucumber-java-7.3.4.jar;C:\Users\smith\.m2\repository\io\cucumber\cucumber-core\7.3.4\cucumber-core-7.3.4.jar;C:\Users\smith\.m2\repository\io\cucumber\cucumber-gherkin\7.3.4\cucumber-gherkin-7.3.4.jar;C:\Users\smith\.m2\repository\io\cucumber\cucumber-gherkin-messages\7.3.4\cucumber-gherkin-messages-7.3.4.jar;C:\Users\smith\.m2\repository\io\cucumber\gherkin\23.0.1\gherkin-23.0.1.jar;C:\Users\smith\.m2\repository\io\cucumber\messages\18.0.0\messages-18.0.0.jar;C:\Users\smith\.m2\repository\io\cucumber\tag-expressions\4.1.0\tag-expressions-4.1.0.jar;C:\Users\smith\.m2\repository\io\cucumber\cucumber-expressions\15.1.1\cucumber-expressions-15.1.1.jar;C:\Users\smith\.m2\repository\io\cucumber\datatable\7.3.4\datatable-7.3.4.jar;C:\Users\smith\.m2\repository\io\cucumber\cucumber-plugin\7.3.4\cucumber-plugin-7.3.4.jar;C:\Users\smith\.m2\repository\io\cucumber\docstring\7.3.4\docstring-7.3.4.jar;C:\Users\smith\.m2\repository\io\cucumber\html-formatter\19.1.0\html-formatter-19.1.0.jar;C:\Users\smith\.m2\repository\io\cucumber\ci-environment\9.0.4\ci-environment-9.0.4.jar;C:\Users\smith\.m2\repository\org\apiguardian\apiguardian-api\1.1.2\apiguardian-api-1.1.2.jar;C:\Users\smith\.m2\repository\io\cucumber\cucumber-junit\7.3.4\cucumber-junit-7.3.4.jar;C:\Users\smith\.m2\repository\junit\junit\4.13.2\junit-4.13.2.jar;C:\Users\smith\.m2\repository\org\hamcrest\hamcrest-core\1.3\hamcrest-core-1.3.jar;C:\Users\smith\.m2\repository\org\seleniumhq\selenium\selenium-support\4.4.0\selenium-support-4.4.0.jar;C:\Users\smith\.m2\repository\com\google\auto\service\auto-service-annotations\1.0.1\auto-service-annotations-1.0.1.jar;C:\Users\smith\.m2\repository\com\google\auto\service\auto-service\1.0.1\auto-service-1.0.1.jar;C:\Users\smith\.m2\repository\com\google\auto\auto-common\1.2\auto-common-1.2.jar;C:\Users\smith\.m2\repository\com\google\guava\guava\31.1-jre\guava-31.1-jre.jar;C:\Users\smith\.m2\repository\com\google\guava\failureaccess\1.0.1\failureaccess-1.0.1.jar;C:\Users\smith\.m2\repository\com\google\guava\listenablefuture\9999.0-empty-to-avoid-conflict-with-guava\listenablefuture-9999.0-empty-to-avoid-conflict-with-guava.jar;C:\Users\smith\.m2\repository\com\google\code\findbugs\jsr305\3.0.2\jsr305-3.0.2.jar;C:\Users\smith\.m2\repository\org\checkerframework\checker-qual\3.12.0\checker-qual-3.12.0.jar;C:\Users\smith\.m2\repository\com\google\errorprone\error_prone_annotations\2.11.0\error_prone_annotations-2.11.0.jar;C:\Users\smith\.m2\repository\com\google\j2objc\j2objc-annotations\1.3\j2objc-annotations-1.3.jar;C:\Users\smith\.m2\repository\net\bytebuddy\byte-buddy\1.12.10\byte-buddy-1.12.10.jar;C:\Users\smith\.m2\repository\org\seleniumhq\selenium\selenium-api\4.4.0\selenium-api-4.4.0.jar;C:\Users\smith\.m2\repository\org\seleniumhq\selenium\selenium-json\4.4.0\selenium-json-4.4.0.jar;C:\Users\smith\.m2\repository\org\seleniumhq\selenium\selenium-remote-driver\4.4.0\selenium-remote-driver-4.4.0.jar;C:\Users\smith\.m2\repository\com\beust\jcommander\1.82\jcommander-1.82.jar;C:\Users\smith\.m2\repository\io\netty\netty-buffer\4.1.78.Final\netty-buffer-4.1.78.Final.jar;C:\Users\smith\.m2\repository\io\netty\netty-codec-http\4.1.78.Final\netty-codec-http-4.1.78.Final.jar;C:\Users\smith\.m2\repository\io\netty\netty-codec\4.1.78.Final\netty-codec-4.1.78.Final.jar;C:\Users\smith\.m2\repository\io\netty\netty-handler\4.1.78.Final\netty-handler-4.1.78.Final.jar;C:\Users\smith\.m2\repository\io\netty\netty-common\4.1.78.Final\netty-common-4.1.78.Final.jar;C:\Users\smith\.m2\repository\io\netty\netty-transport-classes-epoll\4.1.78.Final\netty-transport-classes-epoll-4.1.78.Final.jar;C:\Users\smith\.m2\repository\io\netty\netty-transport-classes-kqueue\4.1.78.Final\netty-transport-classes-kqueue-4.1.78.Final.jar;C:\Users\smith\.m2\repository\io\netty\netty-transport-native-epoll\4.1.78.Final\netty-transport-native-epoll-4.1.78.Final.jar;C:\Users\smith\.m2\repository\io\netty\netty-transport-native-kqueue\4.1.78.Final\netty-transport-native-kqueue-4.1.78.Final.jar;C:\Users\smith\.m2\repository\io\netty\netty-transport-native-unix-common\4.1.78.Final\netty-transport-native-unix-common-4.1.78.Final.jar;C:\Users\smith\.m2\repository\io\netty\netty-transport\4.1.78.Final\netty-transport-4.1.78.Final.jar;C:\Users\smith\.m2\repository\io\netty\netty-resolver\4.1.78.Final\netty-resolver-4.1.78.Final.jar;C:\Users\smith\.m2\repository\io\opentelemetry\opentelemetry-api\1.16.0\opentelemetry-api-1.16.0.jar;C:\Users\smith\.m2\repository\io\opentelemetry\opentelemetry-context\1.16.0\opentelemetry-context-1.16.0.jar;C:\Users\smith\.m2\repository\io\opentelemetry\opentelemetry-exporter-logging\1.16.0\opentelemetry-exporter-logging-1.16.0.jar;C:\Users\smith\.m2\repository\io\opentelemetry\opentelemetry-sdk-metrics\1.16.0\opentelemetry-sdk-metrics-1.16.0.jar;C:\Users\smith\.m2\repository\io\opentelemetry\opentelemetry-sdk-logs\1.16.0-alpha\opentelemetry-sdk-logs-1.16.0-alpha.jar;C:\Users\smith\.m2\repository\io\opentelemetry\opentelemetry-sdk-common\1.16.0\opentelemetry-sdk-common-1.16.0.jar;C:\Users\smith\.m2\repository\io\opentelemetry\opentelemetry-sdk-extension-autoconfigure-spi\1.16.0\opentelemetry-sdk-extension-autoconfigure-spi-1.16.0.jar;C:\Users\smith\.m2\repository\io\opentelemetry\opentelemetry-sdk-extension-autoconfigure\1.16.0-alpha\opentelemetry-sdk-extension-autoconfigure-1.16.0-alpha.jar;C:\Users\smith\.m2\repository\io\opentelemetry\opentelemetry-sdk-trace\1.16.0\opentelemetry-sdk-trace-1.16.0.jar;C:\Users\smith\.m2\repository\io\opentelemetry\opentelemetry-sdk\1.16.0\opentelemetry-sdk-1.16.0.jar;C:\Users\smith\.m2\repository\io\opentelemetry\opentelemetry-semconv\1.16.0-alpha\opentelemetry-semconv-1.16.0-alpha.jar;C:\Users\smith\.m2\repository\io\ous\jtoml\2.0.0\jtoml-2.0.0.jar;C:\Users\smith\.m2\repository\org\apache\commons\commons-exec\1.3\commons-exec-1.3.jar;C:\Users\smith\.m2\repository\org\asynchttpclient\async-http-client\2.12.3\async-http-client-2.12.3.jar;C:\Users\smith\.m2\repository\org\asynchttpclient\async-http-client-netty-utils\2.12.3\async-http-client-netty-utils-2.12.3.jar;C:\Users\smith\.m2\repository\io\netty\netty-codec-socks\4.1.60.Final\netty-codec-socks-4.1.60.Final.jar;C:\Users\smith\.m2\repository\io\netty\netty-handler-proxy\4.1.60.Final\netty-handler-proxy-4.1.60.Final.jar;C:\Users\smith\.m2\repository\io\netty\netty-transport-native-epoll\4.1.60.Final\netty-transport-native-epoll-4.1.60.Final-linux-x86_64.jar;C:\Users\smith\.m2\repository\io\netty\netty-transport-native-kqueue\4.1.60.Final\netty-transport-native-kqueue-4.1.60.Final-osx-x86_64.jar;C:\Users\smith\.m2\repository\org\reactivestreams\reactive-streams\1.0.3\reactive-streams-1.0.3.jar;C:\Users\smith\.m2\repository\com\typesafe\netty\netty-reactive-streams\2.0.4\netty-reactive-streams-2.0.4.jar;C:\Users\smith\.m2\repository\com\sun\activation\jakarta.activation\1.2.2\jakarta.activation-1.2.2.jar;C:\Users\smith\.m2\repository\org\seleniumhq\selenium\selenium-http\4.4.0\selenium-http-4.4.0.jar;C:\Users\smith\.m2\repository\dev\failsafe\failsafe\3.2.4\failsafe-3.2.4.jar;C:\Users\smith\.m2\repository\org\seleniumhq\selenium\selenium-java\4.4.0\selenium-java-4.4.0.jar;C:\Users\smith\.m2\repository\org\seleniumhq\selenium\selenium-chrome-driver\4.4.0\selenium-chrome-driver-4.4.0.jar;C:\Users\smith\.m2\repository\org\seleniumhq\selenium\selenium-chromium-driver\4.4.0\selenium-chromium-driver-4.4.0.jar;C:\Users\smith\.m2\repository\org\seleniumhq\selenium\selenium-devtools-v102\4.4.0\selenium-devtools-v102-4.4.0.jar;C:\Users\smith\.m2\repository\org\seleniumhq\selenium\selenium-devtools-v103\4.4.0\selenium-devtools-v103-4.4.0.jar;C:\Users\smith\.m2\repository\org\seleniumhq\selenium\selenium-devtools-v104\4.4.0\selenium-devtools-v104-4.4.0.jar;C:\Users\smith\.m2\repository\org\seleniumhq\selenium\selenium-devtools-v85\4.4.0\selenium-devtools-v85-4.4.0.jar;C:\Users\smith\.m2\repository\org\seleniumhq\selenium\selenium-edge-driver\4.4.0\selenium-edge-driver-4.4.0.jar;C:\Users\smith\.m2\repository\org\seleniumhq\selenium\selenium-firefox-driver\4.4.0\selenium-firefox-driver-4.4.0.jar;C:\Users\smith\.m2\repository\org\seleniumhq\selenium\selenium-ie-driver\4.4.0\selenium-ie-driver-4.4.0.jar;C:\Users\smith\.m2\repository\org\seleniumhq\selenium\selenium-opera-driver\4.4.0\selenium-opera-driver-4.4.0.jar;C:\Users\smith\.m2\repository\org\seleniumhq\selenium\selenium-safari-driver\4.4.0\selenium-safari-driver-4.4.0.jar;C:\Users\smith\.m2\repository\io\github\bonigarcia\webdrivermanager\5.3.0\webdrivermanager-5.3.0.jar;C:\Users\smith\.m2\repository\org\slf4j\slf4j-api\1.7.36\slf4j-api-1.7.36.jar;C:\Users\smith\.m2\repository\com\google\code\gson\gson\2.9.1\gson-2.9.1.jar;C:\Users\smith\.m2\repository\com\github\docker-java\docker-java\3.2.13\docker-java-3.2.13.jar;C:\Users\smith\.m2\repository\com\github\docker-java\docker-java-core\3.2.13\docker-java-core-3.2.13.jar;C:\Users\smith\.m2\repository\com\github\docker-java\docker-java-api\3.2.13\docker-java-api-3.2.13.jar;C:\Users\smith\.m2\repository\com\fasterxml\jackson\core\jackson-annotations\2.10.3\jackson-annotations-2.10.3.jar;C:\Users\smith\.m2\repository\commons-io\commons-io\2.6\commons-io-2.6.jar;C:\Users\smith\.m2\repository\org\apache\commons\commons-compress\1.21\commons-compress-1.21.jar;C:\Users\smith\.m2\repository\com\fasterxml\jackson\core\jackson-databind\2.10.3\jackson-databind-2.10.3.jar;C:\Users\smith\.m2\repository\com\fasterxml\jackson\core\jackson-core\2.10.3\jackson-core-2.10.3.jar;C:\Users\smith\.m2\repository\org\bouncycastle\bcpkix-jdk15on\1.64\bcpkix-jdk15on-1.64.jar;C:\Users\smith\.m2\repository\org\bouncycastle\bcprov-jdk15on\1.64\bcprov-jdk15on-1.64.jar;C:\Users\smith\.m2\repository\org\slf4j\jcl-over-slf4j\1.7.30\jcl-over-slf4j-1.7.30.jar;C:\Users\smith\.m2\repository\com\github\docker-java\docker-java-transport-httpclient5\3.2.13\docker-java-transport-httpclient5-3.2.13.jar;C:\Users\smith\.m2\repository\com\github\docker-java\docker-java-transport\3.2.13\docker-java-transport-3.2.13.jar;C:\Users\smith\.m2\repository\net\java\dev\jna\jna\5.8.0\jna-5.8.0.jar;C:\Users\smith\.m2\repository\org\brotli\dec\0.1.2\dec-0.1.2.jar;C:\Users\smith\.m2\repository\org\apache\commons\commons-lang3\3.12.0\commons-lang3-3.12.0.jar;C:\Users\smith\.m2\repository\org\apache\httpcomponents\client5\httpclient5\5.1.3\httpclient5-5.1.3.jar;C:\Users\smith\.m2\repository\org\apache\httpcomponents\core5\httpcore5\5.1.3\httpcore5-5.1.3.jar;C:\Users\smith\.m2\repository\org\apache\httpcomponents\core5\httpcore5-h2\5.1.3\httpcore5-h2-5.1.3.jar;C:\Users\smith\.m2\repository\commons-codec\commons-codec\1.15\commons-codec-1.15.jar;C:\Users\smith\.m2\repository\org\slf4j\slf4j-simple\1.7.25\slf4j-simple-1.7.25.jar;"/>
    <property name="sun.cpu.endian" value="little"/>
    <property name="user.home" value="C:\Users\smith"/>
    <property name="user.language" value="en"/>
    <property name="java.specification.vendor" value="Oracle Corporation"/>
    <property name="java.version.date" value="2021-10-19"/>
    <property name="java.home" value="C:\Program Files\Java\jdk-17.0.1"/>
    <property name="file.separator" value="\"/>
    <property name="basedir" value="C:\Users\smith\OneDrive\Documents\INTERN\Cell\cellsuite\cellsuite"/>
    <property name="java.vm.compressedOopsMode" value="32-bit"/>
    <property name="line.separator" value="&#10;"/>
    <property name="java.vm.specification.vendor" value="Oracle Corporation"/>
    <property name="java.specification.name" value="Java Platform API Specification"/>
    <property name="surefire.real.class.path" value="C:\Users\smith\AppData\Local\Temp\surefire15202096304795624099\surefirebooter13329538909160590826.jar"/>
    <property name="user.script" value=""/>
    <property name="sun.management.compiler" value="HotSpot 64-Bit Tiered Compilers"/>
    <property name="java.runtime.version" value="17.0.1+12-LTS-39"/>
    <property name="user.name" value="smith"/>
    <property name="path.separator" value=";"/>
    <property name="os.version" value="10.0"/>
    <property name="java.runtime.name" value="Java(TM) SE Runtime Environment"/>
    <property name="file.encoding" value="Cp1252"/>
    <property name="java.vm.name" value="Java HotSpot(TM) 64-Bit Server VM"/>
    <property name="localRepository" value="C:\Users\smith\.m2\repository"/>
    <property name="java.vendor.url.bug" value="https://bugreport.java.com/bugreport/"/>
    <property name="java.io.tmpdir" value="C:\Users\smith\AppData\Local\Temp\"/>
    <property name="java.version" value="17.0.1"/>
    <property name="user.dir" value="C:\Users\smith\OneDrive\Documents\INTERN\Cell\cellsuite\cellsuite"/>
    <property name="os.arch" value="amd64"/>
    <property name="java.vm.specification.name" value="Java Virtual Machine Specification"/>
    <property name="sun.os.patch.level" value=""/>
    <property name="native.encoding" value="Cp1252"/>
    <property name="java.library.path" value="C:\Program Files\Java\jdk-17.0.1\bin;C:\WINDOWS\Sun\Java\bin;C:\WINDOWS\system32;C:\WINDOWS;C:\Program Files\Common Files\Oracle\Java\javapath;C:\WINDOWS\system32;C:\WINDOWS;C:\WINDOWS\System32\Wbem;C:\WINDOWS\System32\WindowsPowerShell\v1.0\;C:\WINDOWS\System32\OpenSSH\;C:\Program Files\Git\cmd;C:\Program Files\dotnet\;C:\Program Files\Microsoft SQL Server\130\Tools\Binn\;C:\Program Files\Java\jdk-17.0.1\bin;C:\Program Files (x86)\dotnet\;C:\Program Files\nodejs\;C:\Program Files\Java\apache-maven-3.8.6\bin;C:\Users\smith\AppData\Local\Programs\Python\Python310\Scripts\;C:\Users\smith\AppData\Local\Programs\Python\Python310\;C:\Users\smith\AppData\Local\Microsoft\WindowsApps;C:\Users\smith\AppData\Local\Programs\Microsoft VS Code\bin;C:\Program Files\Java\jdk-17.0.1\bin;C:\Users\smith\AppData\Roaming\npm;C:\Python27;C:\Python27\Scripts;;."/>
    <property name="java.vm.info" value="mixed mode, sharing"/>
    <property name="java.vendor" value="Oracle Corporation"/>
    <property name="java.vm.version" value="17.0.1+12-LTS-39"/>
    <property name="sun.io.unicode.encoding" value="UnicodeLittle"/>
    <property name="java.class.version" value="61.0"/>
  </properties>
  <testcase name="Create New Cell Line" classname="precondition for cellline feature" time="21.695">
    <failure message="expected:&lt;[my cell 6]&gt; but was:&lt;[]&gt;" type="org.junit.ComparisonFailure"><![CDATA[org.junit.ComparisonFailure: expected:<[my cell 6]> but was:<[]>
]]></failure>
    <system-out><![CDATA[browser value is: chromeheadless

@cellline @A
Scenario Outline: Create New Cell Line                                       &amp#27;[90m# src/test/resources/features/Cell Line Manager/Create Cell Lines/A.feature:15&amp#27;[0m
  &amp#27;[32mGiven &amp#27;[0m&amp#27;[32muser has already logged in to application with this credentials&amp#27;[0m      &amp#27;[90m# stepDefinition.LoginPageStep.user_has_already_logged_in_to_application_with_this_credentials(io.cucumber.datatable.DataTable)&amp#27;[0m
    | username | password |
    | admin    | admin    |
  &amp#27;[32mAnd &amp#27;[0m&amp#27;[32muser is navigated to &amp#27;[0m&amp#27;[32m&amp#27;[1m"Dashboard"&amp#27;[0m&amp#27;[32m page&amp#27;[0m                                  &amp#27;[90m# stepDefinition.GeneralStep.user_is_navigated_to_page(java.lang.String)&amp#27;[0m
  &amp#27;[32mWhen &amp#27;[0m&amp#27;[32muser clicks on menu &amp#27;[0m&amp#27;[32m&amp#27;[1m"Cell Line"&amp#27;[0m                                       &amp#27;[90m# stepDefinition.GeneralStep.user_clicks_on_menu(java.lang.String)&amp#27;[0m
  &amp#27;[32mThen &amp#27;[0m&amp#27;[32muser is navigated to &amp#27;[0m&amp#27;[32m&amp#27;[1m"Cell Line"&amp#27;[0m&amp#27;[32m page&amp#27;[0m                                 &amp#27;[90m# stepDefinition.GeneralStep.user_is_navigated_to_page(java.lang.String)&amp#27;[0m
  &amp#27;[32mWhen &amp#27;[0m&amp#27;[32muser clicks on &amp#27;[0m&amp#27;[32m&amp#27;[1m"Create"&amp#27;[0m&amp#27;[32m button&amp#27;[0m                                        &amp#27;[90m# stepDefinition.GeneralStep.user_clicks_on_button(java.lang.String)&amp#27;[0m
  &amp#27;[32mThen &amp#27;[0m&amp#27;[32muser is navigated to &amp#27;[0m&amp#27;[32m&amp#27;[1m"Create Cell Lines"&amp#27;[0m&amp#27;[32m page&amp#27;[0m                         &amp#27;[90m# stepDefinition.GeneralStep.user_is_navigated_to_page(java.lang.String)&amp#27;[0m
  &amp#27;[32mWhen &amp#27;[0m&amp#27;[32muser &amp#27;[0m&amp#27;[32m&amp#27;[1m"type"&amp#27;[0m&amp#27;[32m &amp#27;[0m&amp#27;[32m&amp#27;[1m"my cell 6"&amp#27;[0m&amp#27;[32m in &amp#27;[0m&amp#27;[32m&amp#27;[1m"name"&amp#27;[0m&amp#27;[32m textbox&amp#27;[0m                             &amp#27;[90m# stepDefinition.GeneralStep.user_in_textbox(java.lang.String,java.lang.String,java.lang.String)&amp#27;[0m
  &amp#27;[32mThen &amp#27;[0m&amp#27;[32mtextbox &amp#27;[0m&amp#27;[32m&amp#27;[1m"name"&amp#27;[0m&amp#27;[32m will fill by &amp#27;[0m&amp#27;[32m&amp#27;[1m"my cell 6"&amp#27;[0m                               &amp#27;[90m# stepDefinition.GeneralStep.textbox_will_fill_by(java.lang.String,java.lang.String)&amp#27;[0m
  &amp#27;[32mWhen &amp#27;[0m&amp#27;[32muser fill textbox &amp#27;[0m&amp#27;[32m&amp#27;[1m"organism"&amp#27;[0m&amp#27;[32m as &amp#27;[0m&amp#27;[32m&amp#27;[1m"Mouse"&amp#27;[0m                               &amp#27;[90m# stepDefinition.GeneralStep.user_fill_box_as(java.lang.String,java.lang.String)&amp#27;[0m
  &amp#27;[32mThen &amp#27;[0m&amp#27;[32mtextbox &amp#27;[0m&amp#27;[32m&amp#27;[1m"organism"&amp#27;[0m&amp#27;[32m filled by &amp#27;[0m&amp#27;[32m&amp#27;[1m"Mouse"&amp#27;[0m                                  &amp#27;[90m# stepDefinition.GeneralStep.textbox_filled_by(java.lang.String,java.lang.String)&amp#27;[0m
  &amp#27;[32mWhen &amp#27;[0m&amp#27;[32muser fill textbox &amp#27;[0m&amp#27;[32m&amp#27;[1m"tissue"&amp#27;[0m&amp#27;[32m as &amp#27;[0m&amp#27;[32m&amp#27;[1m"Embryo"&amp#27;[0m                                &amp#27;[90m# stepDefinition.GeneralStep.user_fill_box_as(java.lang.String,java.lang.String)&amp#27;[0m
  &amp#27;[32mThen &amp#27;[0m&amp#27;[32mtextbox &amp#27;[0m&amp#27;[32m&amp#27;[1m"tissue"&amp#27;[0m&amp#27;[32m filled by &amp#27;[0m&amp#27;[32m&amp#27;[1m"Embryo"&amp#27;[0m                                   &amp#27;[90m# stepDefinition.GeneralStep.textbox_filled_by(java.lang.String,java.lang.String)&amp#27;[0m
  &amp#27;[32mWhen &amp#27;[0m&amp#27;[32muser fill textbox &amp#27;[0m&amp#27;[32m&amp#27;[1m"morphology"&amp#27;[0m&amp#27;[32m as &amp#27;[0m&amp#27;[32m&amp#27;[1m"Fibroblast"&amp#27;[0m                        &amp#27;[90m# stepDefinition.GeneralStep.user_fill_box_as(java.lang.String,java.lang.String)&amp#27;[0m
  &amp#27;[32mThen &amp#27;[0m&amp#27;[32mtextbox &amp#27;[0m&amp#27;[32m&amp#27;[1m"morphology"&amp#27;[0m&amp#27;[32m filled by &amp#27;[0m&amp#27;[32m&amp#27;[1m"Fibroblast"&amp#27;[0m                           &amp#27;[90m# stepDefinition.GeneralStep.textbox_filled_by(java.lang.String,java.lang.String)&amp#27;[0m
  &amp#27;[32mWhen &amp#27;[0m&amp#27;[32muser &amp#27;[0m&amp#27;[32m&amp#27;[1m"type"&amp#27;[0m&amp#27;[32m &amp#27;[0m&amp#27;[32m&amp#27;[1m"mimic human liver"&amp#27;[0m&amp#27;[32m in &amp#27;[0m&amp#27;[32m&amp#27;[1m"disease"&amp#27;[0m&amp#27;[32m textbox&amp#27;[0m                  &amp#27;[90m# stepDefinition.GeneralStep.user_in_textbox(java.lang.String,java.lang.String,java.lang.String)&amp#27;[0m
  &amp#27;[32mThen &amp#27;[0m&amp#27;[32mtextbox &amp#27;[0m&amp#27;[32m&amp#27;[1m"disease"&amp#27;[0m&amp#27;[32m will fill by &amp#27;[0m&amp#27;[32m&amp#27;[1m"mimic human liver"&amp#27;[0m                    &amp#27;[90m# stepDefinition.GeneralStep.textbox_will_fill_by(java.lang.String,java.lang.String)&amp#27;[0m
  &amp#27;[32mWhen &amp#27;[0m&amp#27;[32muser &amp#27;[0m&amp#27;[32m&amp#27;[1m"type"&amp#27;[0m&amp#27;[32m &amp#27;[0m&amp#27;[32m&amp#27;[1m"sample cell from mouse liver"&amp#27;[0m&amp#27;[32m in &amp#27;[0m&amp#27;[32m&amp#27;[1m"notes"&amp#27;[0m&amp#27;[32m textbox&amp#27;[0m         &amp#27;[90m# stepDefinition.GeneralStep.user_in_textbox(java.lang.String,java.lang.String,java.lang.String)&amp#27;[0m
  &amp#27;[32mThen &amp#27;[0m&amp#27;[32mtextbox &amp#27;[0m&amp#27;[32m&amp#27;[1m"notes"&amp#27;[0m&amp#27;[32m will fill by &amp#27;[0m&amp#27;[32m&amp#27;[1m"sample cell from mouse liver"&amp#27;[0m           &amp#27;[90m# stepDefinition.GeneralStep.textbox_will_fill_by(java.lang.String,java.lang.String)&amp#27;[0m
  &amp#27;[32mWhen &amp#27;[0m&amp#27;[32muser select &amp#27;[0m&amp#27;[32m&amp#27;[1m"confluency"&amp#27;[0m&amp#27;[32m radio&amp#27;[0m                                        &amp#27;[90m# stepDefinition.GeneralStep.user_select_radio(java.lang.String)&amp#27;[0m
  &amp#27;[32mThen &amp#27;[0m&amp#27;[32mradio &amp#27;[0m&amp#27;[32m&amp#27;[1m"confluency"&amp#27;[0m&amp#27;[32m is selected&amp#27;[0m                                        &amp#27;[90m# stepDefinition.GeneralStep.radio_is_selected(java.lang.String)&amp#27;[0m
  &amp#27;[32mAnd &amp#27;[0m&amp#27;[32mcheckbox &amp#27;[0m&amp#27;[32m&amp#27;[1m"Imaging Interval"&amp#27;[0m&amp#27;[32m is disable&amp#27;[0m                                 &amp#27;[90m# stepDefinition.CellLineStep.checkbox_is_disable(java.lang.String)&amp#27;[0m
  &amp#27;[32mWhen &amp#27;[0m&amp#27;[32muser type cell line confluency as &amp#27;[0m&amp#27;[32m&amp#27;[1m"80"&amp#27;[0m                                &amp#27;[90m# stepDefinition.CellLineStep.user_type_cell_line_confluency_as(java.lang.String)&amp#27;[0m
  &amp#27;[32mThen &amp#27;[0m&amp#27;[32mcell line confluency is filled by &amp#27;[0m&amp#27;[32m&amp#27;[1m"80"&amp#27;[0m                                &amp#27;[90m# stepDefinition.CellLineStep.cell_line_confluency_is_filled_by(java.lang.String)&amp#27;[0m
  &amp#27;[32mWhen &amp#27;[0m&amp#27;[32muser clicks on &amp#27;[0m&amp#27;[32m&amp#27;[1m"Media Selection"&amp#27;[0m&amp#27;[32m select box&amp#27;[0m                           &amp#27;[90m# stepDefinition.GeneralStep.user_clicks_on_select_box(java.lang.String)&amp#27;[0m
  &amp#27;[32mThen &amp#27;[0m&amp#27;[32mmodal &amp#27;[0m&amp#27;[32m&amp#27;[1m"Select Media Selection"&amp#27;[0m&amp#27;[32m confirmation is displayed&amp#27;[0m              &amp#27;[90m# stepDefinition.GeneralStep.modal_confirmation_is_displayed(java.lang.String)&amp#27;[0m
  &amp#27;[32mWhen &amp#27;[0m&amp#27;[32muser choose item &amp#27;[0m&amp#27;[32m&amp#27;[1m"DMEM FBS 10"&amp#27;[0m&amp#27;[32m in modal select&amp#27;[0m                        &amp#27;[90m# stepDefinition.GeneralStep.user_choose_item_in_modal_select(java.lang.String)&amp#27;[0m
  &amp#27;[32mThen &amp#27;[0m&amp#27;[32m&amp#27;[0m&amp#27;[32m&amp#27;[1m"DMEM FBS 10"&amp#27;[0m&amp#27;[32m item is selected in the modal&amp#27;[0m                           &amp#27;[90m# stepDefinition.GeneralStep.item_is_selected_in_the_modal(java.lang.String)&amp#27;[0m
  &amp#27;[32mWhen &amp#27;[0m&amp#27;[32muser clicks on &amp#27;[0m&amp#27;[32m&amp#27;[1m"OK"&amp#27;[0m&amp#27;[32m button&amp#27;[0m                                            &amp#27;[90m# stepDefinition.GeneralStep.user_clicks_on_button(java.lang.String)&amp#27;[0m
  &amp#27;[32mThen &amp#27;[0m&amp#27;[32mselect box &amp#27;[0m&amp#27;[32m&amp#27;[1m"Media Selection"&amp#27;[0m&amp#27;[32m filled by &amp#27;[0m&amp#27;[32m&amp#27;[1m"DMEM FBS 10"&amp#27;[0m                  &amp#27;[90m# stepDefinition.GeneralStep.select_box_filled_by(java.lang.String,java.lang.String)&amp#27;[0m
  &amp#27;[32mWhen &amp#27;[0m&amp#27;[32muser select &amp#27;[0m&amp#27;[32m&amp#27;[1m"100%"&amp#27;[0m&amp#27;[32m on Media Replacement persentage&amp#27;[0m                    &amp#27;[90m# stepDefinition.CellLineStep.user_select_on_media_replacement_persentage(java.lang.String)&amp#27;[0m
  &amp#27;[32mThen &amp#27;[0m&amp#27;[32mMedia Replacement persentage filled by &amp#27;[0m&amp#27;[32m&amp#27;[1m"100%"&amp#27;[0m                         &amp#27;[90m# stepDefinition.CellLineStep.media_replacement_persentage_filled_by(java.lang.String)&amp#27;[0m
  &amp#27;[32mWhen &amp#27;[0m&amp#27;[32muser &amp#27;[0m&amp#27;[32m&amp#27;[1m"type"&amp#27;[0m&amp#27;[32m on box &amp#27;[0m&amp#27;[32m&amp#27;[1m"Feeding Interval"&amp#27;[0m&amp#27;[32m as &amp#27;[0m&amp#27;[32m&amp#27;[1m"48"&amp#27;[0m                         &amp#27;[90m# stepDefinition.GeneralStep.user_on_box_as(java.lang.String,java.lang.String,java.lang.String)&amp#27;[0m
  &amp#27;[32mThen &amp#27;[0m&amp#27;[32mbox &amp#27;[0m&amp#27;[32m&amp#27;[1m"Feeding Interval"&amp#27;[0m&amp#27;[32m filled by &amp#27;[0m&amp#27;[32m&amp#27;[1m"48"&amp#27;[0m                                 &amp#27;[90m# stepDefinition.GeneralStep.box_filled_by(java.lang.String,java.lang.String)&amp#27;[0m
  &amp#27;[32mWhen &amp#27;[0m&amp#27;[32muser clicks on &amp#27;[0m&amp#27;[32m&amp#27;[1m"Detachment Reagent"&amp#27;[0m&amp#27;[32m select box&amp#27;[0m                        &amp#27;[90m# stepDefinition.GeneralStep.user_clicks_on_select_box(java.lang.String)&amp#27;[0m
  &amp#27;[32mThen &amp#27;[0m&amp#27;[32mmodal &amp#27;[0m&amp#27;[32m&amp#27;[1m"Select Detachment Selection"&amp#27;[0m&amp#27;[32m confirmation is displayed&amp#27;[0m         &amp#27;[90m# stepDefinition.GeneralStep.modal_confirmation_is_displayed(java.lang.String)&amp#27;[0m
  &amp#27;[32mWhen &amp#27;[0m&amp#27;[32muser choose item &amp#27;[0m&amp#27;[32m&amp#27;[1m"Trypsin"&amp#27;[0m&amp#27;[32m in modal select&amp#27;[0m                            &amp#27;[90m# stepDefinition.GeneralStep.user_choose_item_in_modal_select(java.lang.String)&amp#27;[0m
  &amp#27;[32mThen &amp#27;[0m&amp#27;[32m&amp#27;[0m&amp#27;[32m&amp#27;[1m"Trypsin"&amp#27;[0m&amp#27;[32m item is selected in the modal&amp#27;[0m                               &amp#27;[90m# stepDefinition.GeneralStep.item_is_selected_in_the_modal(java.lang.String)&amp#27;[0m
  &amp#27;[32mWhen &amp#27;[0m&amp#27;[32muser clicks on &amp#27;[0m&amp#27;[32m&amp#27;[1m"OK"&amp#27;[0m&amp#27;[32m button&amp#27;[0m                                            &amp#27;[90m# stepDefinition.GeneralStep.user_clicks_on_button(java.lang.String)&amp#27;[0m
  &amp#27;[32mThen &amp#27;[0m&amp#27;[32mselect box &amp#27;[0m&amp#27;[32m&amp#27;[1m"Detachment Reagent"&amp#27;[0m&amp#27;[32m filled by &amp#27;[0m&amp#27;[32m&amp#27;[1m"Trypsin"&amp#27;[0m                   &amp#27;[90m# stepDefinition.GeneralStep.select_box_filled_by(java.lang.String,java.lang.String)&amp#27;[0m
  &amp#27;[32mWhen &amp#27;[0m&amp#27;[32muser &amp#27;[0m&amp#27;[32m&amp#27;[1m"type"&amp#27;[0m&amp#27;[32m on box &amp#27;[0m&amp#27;[32m&amp#27;[1m"Detachment Reagent Volume"&amp#27;[0m&amp#27;[32m as &amp#27;[0m&amp#27;[32m&amp#27;[1m"600"&amp#27;[0m               &amp#27;[90m# stepDefinition.GeneralStep.user_on_box_as(java.lang.String,java.lang.String,java.lang.String)&amp#27;[0m
  &amp#27;[32mThen &amp#27;[0m&amp#27;[32mbox &amp#27;[0m&amp#27;[32m&amp#27;[1m"Detachment Reagent Volume"&amp#27;[0m&amp#27;[32m filled by &amp#27;[0m&amp#27;[32m&amp#27;[1m"600"&amp#27;[0m                       &amp#27;[90m# stepDefinition.GeneralStep.box_filled_by(java.lang.String,java.lang.String)&amp#27;[0m
  &amp#27;[32mWhen &amp#27;[0m&amp#27;[32muser &amp#27;[0m&amp#27;[32m&amp#27;[1m"type"&amp#27;[0m&amp#27;[32m on box &amp#27;[0m&amp#27;[32m&amp#27;[1m"Detachment Reagent Incubation Time"&amp#27;[0m&amp#27;[32m as &amp#27;[0m&amp#27;[32m&amp#27;[1m"15"&amp#27;[0m       &amp#27;[90m# stepDefinition.GeneralStep.user_on_box_as(java.lang.String,java.lang.String,java.lang.String)&amp#27;[0m
  &amp#27;[32mThen &amp#27;[0m&amp#27;[32mbox &amp#27;[0m&amp#27;[32m&amp#27;[1m"Detachment Reagent Incubation Time"&amp#27;[0m&amp#27;[32m filled by &amp#27;[0m&amp#27;[32m&amp#27;[1m"15"&amp#27;[0m               &amp#27;[90m# stepDefinition.GeneralStep.box_filled_by(java.lang.String,java.lang.String)&amp#27;[0m
  &amp#27;[32mWhen &amp#27;[0m&amp#27;[32muser &amp#27;[0m&amp#27;[32m&amp#27;[1m"type"&amp#27;[0m&amp#27;[32m on box &amp#27;[0m&amp#27;[32m&amp#27;[1m"Passage Ratio"&amp#27;[0m&amp#27;[32m as &amp#27;[0m&amp#27;[32m&amp#27;[1m"3"&amp#27;[0m                             &amp#27;[90m# stepDefinition.GeneralStep.user_on_box_as(java.lang.String,java.lang.String,java.lang.String)&amp#27;[0m
  &amp#27;[32mThen &amp#27;[0m&amp#27;[32mbox &amp#27;[0m&amp#27;[32m&amp#27;[1m"Passage Ratio"&amp#27;[0m&amp#27;[32m filled by &amp#27;[0m&amp#27;[32m&amp#27;[1m"3"&amp#27;[0m                                     &amp#27;[90m# stepDefinition.GeneralStep.box_filled_by(java.lang.String,java.lang.String)&amp#27;[0m
  &amp#27;[32mWhen &amp#27;[0m&amp#27;[32muser &amp#27;[0m&amp#27;[32m&amp#27;[1m"type"&amp#27;[0m&amp#27;[32m on box &amp#27;[0m&amp#27;[32m&amp#27;[1m"Adhering Time"&amp#27;[0m&amp#27;[32m as &amp#27;[0m&amp#27;[32m&amp#27;[1m"6"&amp#27;[0m                             &amp#27;[90m# stepDefinition.GeneralStep.user_on_box_as(java.lang.String,java.lang.String,java.lang.String)&amp#27;[0m
  &amp#27;[32mThen &amp#27;[0m&amp#27;[32mbox &amp#27;[0m&amp#27;[32m&amp#27;[1m"Adhering Time"&amp#27;[0m&amp#27;[32m filled by &amp#27;[0m&amp#27;[32m&amp#27;[1m"6"&amp#27;[0m                                     &amp#27;[90m# stepDefinition.GeneralStep.box_filled_by(java.lang.String,java.lang.String)&amp#27;[0m
  &amp#27;[32mWhen &amp#27;[0m&amp#27;[32muser type on box Imaging Interval as &amp#27;[0m&amp#27;[32m&amp#27;[1m"48"&amp#27;[0m                             &amp#27;[90m# stepDefinition.CellLineStep.user_type_on_box_imaging_interval_as(java.lang.String)&amp#27;[0m
  &amp#27;[32mThen &amp#27;[0m&amp#27;[32mbox Imaging Interval filled by &amp#27;[0m&amp#27;[32m&amp#27;[1m"48"&amp#27;[0m                                   &amp#27;[90m# stepDefinition.CellLineStep.box_Imaging_interval_filled_by(java.lang.String)&amp#27;[0m
  &amp#27;[32mWhen &amp#27;[0m&amp#27;[32muser &amp#27;[0m&amp#27;[32m&amp#27;[1m"type"&amp#27;[0m&amp#27;[32m on box &amp#27;[0m&amp#27;[32m&amp#27;[1m"Estimated Doubling Time"&amp#27;[0m&amp#27;[32m as &amp#27;[0m&amp#27;[32m&amp#27;[1m"48"&amp#27;[0m                  &amp#27;[90m# stepDefinition.GeneralStep.user_on_box_as(java.lang.String,java.lang.String,java.lang.String)&amp#27;[0m
  &amp#27;[32mThen &amp#27;[0m&amp#27;[32mbox &amp#27;[0m&amp#27;[32m&amp#27;[1m"Estimated Doubling Time"&amp#27;[0m&amp#27;[32m filled by &amp#27;[0m&amp#27;[32m&amp#27;[1m"48"&amp#27;[0m                          &amp#27;[90m# stepDefinition.GeneralStep.box_filled_by(java.lang.String,java.lang.String)&amp#27;[0m
  &amp#27;[32mWhen &amp#27;[0m&amp#27;[32muser &amp#27;[0m&amp#27;[32m&amp#27;[1m"type"&amp#27;[0m&amp#27;[32m on box &amp#27;[0m&amp#27;[32m&amp#27;[1m"Cell Density/cm2"&amp#27;[0m&amp#27;[32m as &amp#27;[0m&amp#27;[32m&amp#27;[1m"9"&amp#27;[0m                          &amp#27;[90m# stepDefinition.GeneralStep.user_on_box_as(java.lang.String,java.lang.String,java.lang.String)&amp#27;[0m
  &amp#27;[32mThen &amp#27;[0m&amp#27;[32mbox &amp#27;[0m&amp#27;[32m&amp#27;[1m"Cell Density/cm2"&amp#27;[0m&amp#27;[32m filled by &amp#27;[0m&amp#27;[32m&amp#27;[1m"9"&amp#27;[0m                                  &amp#27;[90m# stepDefinition.GeneralStep.box_filled_by(java.lang.String,java.lang.String)&amp#27;[0m
  &amp#27;[32mWhen &amp#27;[0m&amp#27;[32muser &amp#27;[0m&amp#27;[32m&amp#27;[1m"type"&amp#27;[0m&amp#27;[32m on box Cell Dye Ratio as &amp#27;[0m&amp#27;[32m&amp#27;[1m"1"&amp#27;[0m&amp#27;[32m to &amp#27;[0m&amp#27;[32m&amp#27;[1m"1"&amp#27;[0m                       &amp#27;[90m# stepDefinition.CellLineStep.user_on_box_cell_dye_ratio_as_to(java.lang.String,java.lang.String,java.lang.String)&amp#27;[0m
  &amp#27;[32mThen &amp#27;[0m&amp#27;[32mbox Cell Dye Ratio filled by &amp#27;[0m&amp#27;[32m&amp#27;[1m"1"&amp#27;[0m&amp#27;[32m to &amp#27;[0m&amp#27;[32m&amp#27;[1m"1"&amp#27;[0m                               &amp#27;[90m# stepDefinition.CellLineStep.box_cell_dye_ratio_filled_by_to(java.lang.String,java.lang.String)&amp#27;[0m
  &amp#27;[32mWhen &amp#27;[0m&amp#27;[32muser clicks on &amp#27;[0m&amp#27;[32m&amp#27;[1m"Save"&amp#27;[0m&amp#27;[32m button&amp#27;[0m                                          &amp#27;[90m# stepDefinition.GeneralStep.user_clicks_on_button(java.lang.String)&amp#27;[0m
  &amp#27;[32mThen &amp#27;[0m&amp#27;[32mnotification &amp#27;[0m&amp#27;[32m&amp#27;[1m"Success"&amp#27;[0m&amp#27;[32m and &amp#27;[0m&amp#27;[32m&amp#27;[1m"Cell Lines has been created"&amp#27;[0m&amp#27;[32m is displayed&amp#27;[0m &amp#27;[90m# stepDefinition.GeneralStep.notification_and_is_displayed(java.lang.String,java.lang.String)&amp#27;[0m
  &amp#27;[32mAnd &amp#27;[0m&amp#27;[32muser is navigated to &amp#27;[0m&amp#27;[32m&amp#27;[1m"Cell Line"&amp#27;[0m&amp#27;[32m page&amp#27;[0m                                  &amp#27;[90m# stepDefinition.GeneralStep.user_is_navigated_to_page(java.lang.String)&amp#27;[0m
  &amp#27;[32mWhen &amp#27;[0m&amp#27;[32muser clicks detail button of item &amp#27;[0m&amp#27;[32m&amp#27;[1m"my cell 6"&amp#27;[0m                         &amp#27;[90m# stepDefinition.GeneralStep.user_clicks_detail_button_of_item(java.lang.String)&amp#27;[0m
  &amp#27;[31mThen &amp#27;[0m&amp#27;[31mdata new cell line will show&amp#27;[0m                                          &amp#27;[90m# stepDefinition.GeneralStep.data_new_cell_line_will_show(io.cucumber.datatable.DataTable)&amp#27;[0m
    | Name      | Organism | Tissue | Morphology | Disease           | Notes                        | Passage After  | Media Selection | Media Replacement | Detachment Reagent | Detachment Reagent Volume | Detachment Reagent Incubation Time | Passage Ratio | Adhering Time | Using Imaging | Estimated Doubling Time | Cell Density/cm2 | Cell Dilution Ratio | Dye Dilution Ratio |
    | my cell 6 | Mouse    | Embryo | Fibroblast | mimic human liver | sample cell from mouse liver | 80% Confluency | DMEM FBS 10     | 100%              | Trypsin            | 600.0 ÂµL                  | 15 minute(s)                       | 1 : 3         | 6 hour(s)     | Yes           | 48 hour(s)              | 90000 x104       | 1                   | 1                  |
      &amp#27;[31morg.junit.ComparisonFailure: expected:<[my cell 6]> but was:<[]>
	at org.junit.Assert.assertEquals(Assert.java:117)
	at org.junit.Assert.assertEquals(Assert.java:146)
	at stepDefinition.GeneralStep.data_new_cell_line_will_show(GeneralStep.java:348)
	at âœ½.data new cell line will show(file:///C:/Users/smith/OneDrive/Documents/INTERN/Cell/cellsuite/cellsuite/src/test/resources/features/Cell%20Line%20Manager/Create%20Cell%20Lines/A.feature:77)
&amp#27;[0m
  &amp#27;[36mWhen &amp#27;[0m&amp#27;[36muser clicks on &amp#27;[0m&amp#27;[36m&amp#27;[1m"Create"&amp#27;[0m&amp#27;[36m button&amp#27;[0m                                        &amp#27;[90m# stepDefinition.GeneralStep.user_clicks_on_button(java.lang.String)&amp#27;[0m
  &amp#27;[36mThen &amp#27;[0m&amp#27;[36muser is navigated to &amp#27;[0m&amp#27;[36m&amp#27;[1m"Create Cell Lines"&amp#27;[0m&amp#27;[36m page&amp#27;[0m                         &amp#27;[90m# stepDefinition.GeneralStep.user_is_navigated_to_page(java.lang.String)&amp#27;[0m
  &amp#27;[36mWhen &amp#27;[0m&amp#27;[36muser &amp#27;[0m&amp#27;[36m&amp#27;[1m"type"&amp#27;[0m&amp#27;[36m &amp#27;[0m&amp#27;[36m&amp#27;[1m"my cell 7"&amp#27;[0m&amp#27;[36m in &amp#27;[0m&amp#27;[36m&amp#27;[1m"name"&amp#27;[0m&amp#27;[36m textbox&amp#27;[0m                             &amp#27;[90m# stepDefinition.GeneralStep.user_in_textbox(java.lang.String,java.lang.String,java.lang.String)&amp#27;[0m
  &amp#27;[36mThen &amp#27;[0m&amp#27;[36mtextbox &amp#27;[0m&amp#27;[36m&amp#27;[1m"name"&amp#27;[0m&amp#27;[36m will fill by &amp#27;[0m&amp#27;[36m&amp#27;[1m"my cell 7"&amp#27;[0m                               &amp#27;[90m# stepDefinition.GeneralStep.textbox_will_fill_by(java.lang.String,java.lang.String)&amp#27;[0m
  &amp#27;[36mWhen &amp#27;[0m&amp#27;[36muser fill textbox &amp#27;[0m&amp#27;[36m&amp#27;[1m"organism"&amp#27;[0m&amp#27;[36m as &amp#27;[0m&amp#27;[36m&amp#27;[1m"Mouse"&amp#27;[0m                               &amp#27;[90m# stepDefinition.GeneralStep.user_fill_box_as(java.lang.String,java.lang.String)&amp#27;[0m
  &amp#27;[36mThen &amp#27;[0m&amp#27;[36mtextbox &amp#27;[0m&amp#27;[36m&amp#27;[1m"organism"&amp#27;[0m&amp#27;[36m filled by &amp#27;[0m&amp#27;[36m&amp#27;[1m"Mouse"&amp#27;[0m                                  &amp#27;[90m# stepDefinition.GeneralStep.textbox_filled_by(java.lang.String,java.lang.String)&amp#27;[0m
  &amp#27;[36mWhen &amp#27;[0m&amp#27;[36muser fill textbox &amp#27;[0m&amp#27;[36m&amp#27;[1m"tissue"&amp#27;[0m&amp#27;[36m as &amp#27;[0m&amp#27;[36m&amp#27;[1m"Embryo"&amp#27;[0m                                &amp#27;[90m# stepDefinition.GeneralStep.user_fill_box_as(java.lang.String,java.lang.String)&amp#27;[0m
  &amp#27;[36mThen &amp#27;[0m&amp#27;[36mtextbox &amp#27;[0m&amp#27;[36m&amp#27;[1m"tissue"&amp#27;[0m&amp#27;[36m filled by &amp#27;[0m&amp#27;[36m&amp#27;[1m"Embryo"&amp#27;[0m                                   &amp#27;[90m# stepDefinition.GeneralStep.textbox_filled_by(java.lang.String,java.lang.String)&amp#27;[0m
  &amp#27;[36mWhen &amp#27;[0m&amp#27;[36muser fill textbox &amp#27;[0m&amp#27;[36m&amp#27;[1m"morphology"&amp#27;[0m&amp#27;[36m as &amp#27;[0m&amp#27;[36m&amp#27;[1m"Fibroblast"&amp#27;[0m                        &amp#27;[90m# stepDefinition.GeneralStep.user_fill_box_as(java.lang.String,java.lang.String)&amp#27;[0m
  &amp#27;[36mThen &amp#27;[0m&amp#27;[36mtextbox &amp#27;[0m&amp#27;[36m&amp#27;[1m"morphology"&amp#27;[0m&amp#27;[36m filled by &amp#27;[0m&amp#27;[36m&amp#27;[1m"Fibroblast"&amp#27;[0m                           &amp#27;[90m# stepDefinition.GeneralStep.textbox_filled_by(java.lang.String,java.lang.String)&amp#27;[0m
  &amp#27;[36mWhen &amp#27;[0m&amp#27;[36muser &amp#27;[0m&amp#27;[36m&amp#27;[1m"type"&amp#27;[0m&amp#27;[36m &amp#27;[0m&amp#27;[36m&amp#27;[1m"mimic human liver"&amp#27;[0m&amp#27;[36m in &amp#27;[0m&amp#27;[36m&amp#27;[1m"disease"&amp#27;[0m&amp#27;[36m textbox&amp#27;[0m                  &amp#27;[90m# stepDefinition.GeneralStep.user_in_textbox(java.lang.String,java.lang.String,java.lang.String)&amp#27;[0m
  &amp#27;[36mThen &amp#27;[0m&amp#27;[36mtextbox &amp#27;[0m&amp#27;[36m&amp#27;[1m"disease"&amp#27;[0m&amp#27;[36m will fill by &amp#27;[0m&amp#27;[36m&amp#27;[1m"mimic human liver"&amp#27;[0m                    &amp#27;[90m# stepDefinition.GeneralStep.textbox_will_fill_by(java.lang.String,java.lang.String)&amp#27;[0m
  &amp#27;[36mWhen &amp#27;[0m&amp#27;[36muser &amp#27;[0m&amp#27;[36m&amp#27;[1m"type"&amp#27;[0m&amp#27;[36m &amp#27;[0m&amp#27;[36m&amp#27;[1m"sample cell from mouse liver"&amp#27;[0m&amp#27;[36m in &amp#27;[0m&amp#27;[36m&amp#27;[1m"notes"&amp#27;[0m&amp#27;[36m textbox&amp#27;[0m         &amp#27;[90m# stepDefinition.GeneralStep.user_in_textbox(java.lang.String,java.lang.String,java.lang.String)&amp#27;[0m
  &amp#27;[36mThen &amp#27;[0m&amp#27;[36mtextbox &amp#27;[0m&amp#27;[36m&amp#27;[1m"notes"&amp#27;[0m&amp#27;[36m will fill by &amp#27;[0m&amp#27;[36m&amp#27;[1m"sample cell from mouse liver"&amp#27;[0m           &amp#27;[90m# stepDefinition.GeneralStep.textbox_will_fill_by(java.lang.String,java.lang.String)&amp#27;[0m
  &amp#27;[36mWhen &amp#27;[0m&amp#27;[36muser select &amp#27;[0m&amp#27;[36m&amp#27;[1m"Time Interval"&amp#27;[0m&amp#27;[36m radio&amp#27;[0m                                     &amp#27;[90m# stepDefinition.GeneralStep.user_select_radio(java.lang.String)&amp#27;[0m
  &amp#27;[36mThen &amp#27;[0m&amp#27;[36mradio &amp#27;[0m&amp#27;[36m&amp#27;[1m"Time Interval"&amp#27;[0m&amp#27;[36m is selected&amp#27;[0m                                     &amp#27;[90m# stepDefinition.GeneralStep.radio_is_selected(java.lang.String)&amp#27;[0m
  &amp#27;[36mAnd &amp#27;[0m&amp#27;[36mcheckbox &amp#27;[0m&amp#27;[36m&amp#27;[1m"Imaging Interval"&amp#27;[0m&amp#27;[36m is enable&amp#27;[0m                                  &amp#27;[90m# stepDefinition.CellLineStep.checkbox_is_enable(java.lang.String)&amp#27;[0m
  &amp#27;[36mWhen &amp#27;[0m&amp#27;[36muser type cell line time interval as &amp#27;[0m&amp#27;[36m&amp#27;[1m"24"&amp#27;[0m                             &amp#27;[90m# stepDefinition.CellLineStep.user_type_cell_line_time_interval_as(java.lang.String)&amp#27;[0m
  &amp#27;[36mThen &amp#27;[0m&amp#27;[36mcell line time interval is filled by &amp#27;[0m&amp#27;[36m&amp#27;[1m"24"&amp#27;[0m                             &amp#27;[90m# stepDefinition.CellLineStep.cell_line_time_interval_is_filled_by(java.lang.String)&amp#27;[0m
  &amp#27;[36mWhen &amp#27;[0m&amp#27;[36muser clicks on &amp#27;[0m&amp#27;[36m&amp#27;[1m"Media Selection"&amp#27;[0m&amp#27;[36m select box&amp#27;[0m                           &amp#27;[90m# stepDefinition.GeneralStep.user_clicks_on_select_box(java.lang.String)&amp#27;[0m
  &amp#27;[36mThen &amp#27;[0m&amp#27;[36mmodal &amp#27;[0m&amp#27;[36m&amp#27;[1m"Select Media Selection"&amp#27;[0m&amp#27;[36m confirmation is displayed&amp#27;[0m              &amp#27;[90m# stepDefinition.GeneralStep.modal_confirmation_is_displayed(java.lang.String)&amp#27;[0m
  &amp#27;[36mWhen &amp#27;[0m&amp#27;[36muser choose item &amp#27;[0m&amp#27;[36m&amp#27;[1m"DMEM FBS 10"&amp#27;[0m&amp#27;[36m in modal select&amp#27;[0m                        &amp#27;[90m# stepDefinition.GeneralStep.user_choose_item_in_modal_select(java.lang.String)&amp#27;[0m
  &amp#27;[36mThen &amp#27;[0m&amp#27;[36m&amp#27;[0m&amp#27;[36m&amp#27;[1m"DMEM FBS 10"&amp#27;[0m&amp#27;[36m item is selected in the modal&amp#27;[0m                           &amp#27;[90m# stepDefinition.GeneralStep.item_is_selected_in_the_modal(java.lang.String)&amp#27;[0m
  &amp#27;[36mWhen &amp#27;[0m&amp#27;[36muser clicks on &amp#27;[0m&amp#27;[36m&amp#27;[1m"OK"&amp#27;[0m&amp#27;[36m button&amp#27;[0m                                            &amp#27;[90m# stepDefinition.GeneralStep.user_clicks_on_button(java.lang.String)&amp#27;[0m
  &amp#27;[36mThen &amp#27;[0m&amp#27;[36mselect box &amp#27;[0m&amp#27;[36m&amp#27;[1m"Media Selection"&amp#27;[0m&amp#27;[36m filled by &amp#27;[0m&amp#27;[36m&amp#27;[1m"DMEM FBS 10"&amp#27;[0m                  &amp#27;[90m# stepDefinition.GeneralStep.select_box_filled_by(java.lang.String,java.lang.String)&amp#27;[0m
  &amp#27;[36mWhen &amp#27;[0m&amp#27;[36muser select &amp#27;[0m&amp#27;[36m&amp#27;[1m"100%"&amp#27;[0m&amp#27;[36m on Media Replacement persentage&amp#27;[0m                    &amp#27;[90m# stepDefinition.CellLineStep.user_select_on_media_replacement_persentage(java.lang.String)&amp#27;[0m
  &amp#27;[36mThen &amp#27;[0m&amp#27;[36mMedia Replacement persentage filled by &amp#27;[0m&amp#27;[36m&amp#27;[1m"100%"&amp#27;[0m                         &amp#27;[90m# stepDefinition.CellLineStep.media_replacement_persentage_filled_by(java.lang.String)&amp#27;[0m
  &amp#27;[36mWhen &amp#27;[0m&amp#27;[36muser &amp#27;[0m&amp#27;[36m&amp#27;[1m"type"&amp#27;[0m&amp#27;[36m on box &amp#27;[0m&amp#27;[36m&amp#27;[1m"Feeding Interval"&amp#27;[0m&amp#27;[36m as &amp#27;[0m&amp#27;[36m&amp#27;[1m"48"&amp#27;[0m                         &amp#27;[90m# stepDefinition.GeneralStep.user_on_box_as(java.lang.String,java.lang.String,java.lang.String)&amp#27;[0m
  &amp#27;[36mThen &amp#27;[0m&amp#27;[36mbox &amp#27;[0m&amp#27;[36m&amp#27;[1m"Feeding Interval"&amp#27;[0m&amp#27;[36m filled by &amp#27;[0m&amp#27;[36m&amp#27;[1m"48"&amp#27;[0m                                 &amp#27;[90m# stepDefinition.GeneralStep.box_filled_by(java.lang.String,java.lang.String)&amp#27;[0m
  &amp#27;[36mWhen &amp#27;[0m&amp#27;[36muser clicks on &amp#27;[0m&amp#27;[36m&amp#27;[1m"Detachment Reagent"&amp#27;[0m&amp#27;[36m select box&amp#27;[0m                        &amp#27;[90m# stepDefinition.GeneralStep.user_clicks_on_select_box(java.lang.String)&amp#27;[0m
  &amp#27;[36mThen &amp#27;[0m&amp#27;[36mmodal &amp#27;[0m&amp#27;[36m&amp#27;[1m"Select Detachment Selection"&amp#27;[0m&amp#27;[36m confirmation is displayed&amp#27;[0m         &amp#27;[90m# stepDefinition.GeneralStep.modal_confirmation_is_displayed(java.lang.String)&amp#27;[0m
  &amp#27;[36mWhen &amp#27;[0m&amp#27;[36muser choose item &amp#27;[0m&amp#27;[36m&amp#27;[1m"Trypsin"&amp#27;[0m&amp#27;[36m in modal select&amp#27;[0m                            &amp#27;[90m# stepDefinition.GeneralStep.user_choose_item_in_modal_select(java.lang.String)&amp#27;[0m
  &amp#27;[36mThen &amp#27;[0m&amp#27;[36m&amp#27;[0m&amp#27;[36m&amp#27;[1m"Trypsin"&amp#27;[0m&amp#27;[36m item is selected in the modal&amp#27;[0m                               &amp#27;[90m# stepDefinition.GeneralStep.item_is_selected_in_the_modal(java.lang.String)&amp#27;[0m
  &amp#27;[36mWhen &amp#27;[0m&amp#27;[36muser clicks on &amp#27;[0m&amp#27;[36m&amp#27;[1m"OK"&amp#27;[0m&amp#27;[36m button&amp#27;[0m                                            &amp#27;[90m# stepDefinition.GeneralStep.user_clicks_on_button(java.lang.String)&amp#27;[0m
  &amp#27;[36mThen &amp#27;[0m&amp#27;[36mselect box &amp#27;[0m&amp#27;[36m&amp#27;[1m"Detachment Reagent"&amp#27;[0m&amp#27;[36m filled by &amp#27;[0m&amp#27;[36m&amp#27;[1m"Trypsin"&amp#27;[0m                   &amp#27;[90m# stepDefinition.GeneralStep.select_box_filled_by(java.lang.String,java.lang.String)&amp#27;[0m
  &amp#27;[36mWhen &amp#27;[0m&amp#27;[36muser &amp#27;[0m&amp#27;[36m&amp#27;[1m"type"&amp#27;[0m&amp#27;[36m on box &amp#27;[0m&amp#27;[36m&amp#27;[1m"Detachment Reagent Volume"&amp#27;[0m&amp#27;[36m as &amp#27;[0m&amp#27;[36m&amp#27;[1m"600"&amp#27;[0m               &amp#27;[90m# stepDefinition.GeneralStep.user_on_box_as(java.lang.String,java.lang.String,java.lang.String)&amp#27;[0m
  &amp#27;[36mThen &amp#27;[0m&amp#27;[36mbox &amp#27;[0m&amp#27;[36m&amp#27;[1m"Detachment Reagent Volume"&amp#27;[0m&amp#27;[36m filled by &amp#27;[0m&amp#27;[36m&amp#27;[1m"600"&amp#27;[0m                       &amp#27;[90m# stepDefinition.GeneralStep.box_filled_by(java.lang.String,java.lang.String)&amp#27;[0m
  &amp#27;[36mWhen &amp#27;[0m&amp#27;[36muser &amp#27;[0m&amp#27;[36m&amp#27;[1m"type"&amp#27;[0m&amp#27;[36m on box &amp#27;[0m&amp#27;[36m&amp#27;[1m"Detachment Reagent Incubation Time"&amp#27;[0m&amp#27;[36m as &amp#27;[0m&amp#27;[36m&amp#27;[1m"15"&amp#27;[0m       &amp#27;[90m# stepDefinition.GeneralStep.user_on_box_as(java.lang.String,java.lang.String,java.lang.String)&amp#27;[0m
  &amp#27;[36mThen &amp#27;[0m&amp#27;[36mbox &amp#27;[0m&amp#27;[36m&amp#27;[1m"Detachment Reagent Incubation Time"&amp#27;[0m&amp#27;[36m filled by &amp#27;[0m&amp#27;[36m&amp#27;[1m"15"&amp#27;[0m               &amp#27;[90m# stepDefinition.GeneralStep.box_filled_by(java.lang.String,java.lang.String)&amp#27;[0m
  &amp#27;[36mWhen &amp#27;[0m&amp#27;[36muser &amp#27;[0m&amp#27;[36m&amp#27;[1m"type"&amp#27;[0m&amp#27;[36m on box &amp#27;[0m&amp#27;[36m&amp#27;[1m"Passage Ratio"&amp#27;[0m&amp#27;[36m as &amp#27;[0m&amp#27;[36m&amp#27;[1m"3"&amp#27;[0m                             &amp#27;[90m# stepDefinition.GeneralStep.user_on_box_as(java.lang.String,java.lang.String,java.lang.String)&amp#27;[0m
  &amp#27;[36mThen &amp#27;[0m&amp#27;[36mbox &amp#27;[0m&amp#27;[36m&amp#27;[1m"Passage Ratio"&amp#27;[0m&amp#27;[36m filled by &amp#27;[0m&amp#27;[36m&amp#27;[1m"3"&amp#27;[0m                                     &amp#27;[90m# stepDefinition.GeneralStep.box_filled_by(java.lang.String,java.lang.String)&amp#27;[0m
  &amp#27;[36mWhen &amp#27;[0m&amp#27;[36muser &amp#27;[0m&amp#27;[36m&amp#27;[1m"type"&amp#27;[0m&amp#27;[36m on box &amp#27;[0m&amp#27;[36m&amp#27;[1m"Adhering Time"&amp#27;[0m&amp#27;[36m as &amp#27;[0m&amp#27;[36m&amp#27;[1m"6"&amp#27;[0m                             &amp#27;[90m# stepDefinition.GeneralStep.user_on_box_as(java.lang.String,java.lang.String,java.lang.String)&amp#27;[0m
  &amp#27;[36mThen &amp#27;[0m&amp#27;[36mbox &amp#27;[0m&amp#27;[36m&amp#27;[1m"Adhering Time"&amp#27;[0m&amp#27;[36m filled by &amp#27;[0m&amp#27;[36m&amp#27;[1m"6"&amp#27;[0m                                     &amp#27;[90m# stepDefinition.GeneralStep.box_filled_by(java.lang.String,java.lang.String)&amp#27;[0m
  &amp#27;[36mWhen &amp#27;[0m&amp#27;[36muser clicks to check on &amp#27;[0m&amp#27;[36m&amp#27;[1m"Imaging Interval"&amp#27;[0m&amp#27;[36m checkbox&amp#27;[0m                   &amp#27;[90m# stepDefinition.GeneralStep.user_clicks_to_check_on_checkbox(java.lang.String)&amp#27;[0m
  &amp#27;[36mWhen &amp#27;[0m&amp#27;[36muser type on box Imaging Interval as &amp#27;[0m&amp#27;[36m&amp#27;[1m"12"&amp#27;[0m                             &amp#27;[90m# stepDefinition.CellLineStep.user_type_on_box_imaging_interval_as(java.lang.String)&amp#27;[0m
  &amp#27;[36mThen &amp#27;[0m&amp#27;[36mbox Imaging Interval filled by &amp#27;[0m&amp#27;[36m&amp#27;[1m"12"&amp#27;[0m                                   &amp#27;[90m# stepDefinition.CellLineStep.box_Imaging_interval_filled_by(java.lang.String)&amp#27;[0m
  &amp#27;[36mWhen &amp#27;[0m&amp#27;[36muser &amp#27;[0m&amp#27;[36m&amp#27;[1m"type"&amp#27;[0m&amp#27;[36m on box &amp#27;[0m&amp#27;[36m&amp#27;[1m"Estimated Doubling Time"&amp#27;[0m&amp#27;[36m as &amp#27;[0m&amp#27;[36m&amp#27;[1m"48"&amp#27;[0m                  &amp#27;[90m# stepDefinition.GeneralStep.user_on_box_as(java.lang.String,java.lang.String,java.lang.String)&amp#27;[0m
  &amp#27;[36mThen &amp#27;[0m&amp#27;[36mbox &amp#27;[0m&amp#27;[36m&amp#27;[1m"Estimated Doubling Time"&amp#27;[0m&amp#27;[36m filled by &amp#27;[0m&amp#27;[36m&amp#27;[1m"48"&amp#27;[0m                          &amp#27;[90m# stepDefinition.GeneralStep.box_filled_by(java.lang.String,java.lang.String)&amp#27;[0m
  &amp#27;[36mWhen &amp#27;[0m&amp#27;[36muser &amp#27;[0m&amp#27;[36m&amp#27;[1m"type"&amp#27;[0m&amp#27;[36m on box &amp#27;[0m&amp#27;[36m&amp#27;[1m"Cell Density/cm2"&amp#27;[0m&amp#27;[36m as &amp#27;[0m&amp#27;[36m&amp#27;[1m"9"&amp#27;[0m                          &amp#27;[90m# stepDefinition.GeneralStep.user_on_box_as(java.lang.String,java.lang.String,java.lang.String)&amp#27;[0m
  &amp#27;[36mThen &amp#27;[0m&amp#27;[36mbox &amp#27;[0m&amp#27;[36m&amp#27;[1m"Cell Density/cm2"&amp#27;[0m&amp#27;[36m filled by &amp#27;[0m&amp#27;[36m&amp#27;[1m"9"&amp#27;[0m                                  &amp#27;[90m# stepDefinition.GeneralStep.box_filled_by(java.lang.String,java.lang.String)&amp#27;[0m
  &amp#27;[36mWhen &amp#27;[0m&amp#27;[36muser &amp#27;[0m&amp#27;[36m&amp#27;[1m"type"&amp#27;[0m&amp#27;[36m on box Cell Dye Ratio as &amp#27;[0m&amp#27;[36m&amp#27;[1m"1"&amp#27;[0m&amp#27;[36m to &amp#27;[0m&amp#27;[36m&amp#27;[1m"1"&amp#27;[0m                       &amp#27;[90m# stepDefinition.CellLineStep.user_on_box_cell_dye_ratio_as_to(java.lang.String,java.lang.String,java.lang.String)&amp#27;[0m
  &amp#27;[36mThen &amp#27;[0m&amp#27;[36mbox Cell Dye Ratio filled by &amp#27;[0m&amp#27;[36m&amp#27;[1m"1"&amp#27;[0m&amp#27;[36m to &amp#27;[0m&amp#27;[36m&amp#27;[1m"1"&amp#27;[0m                               &amp#27;[90m# stepDefinition.CellLineStep.box_cell_dye_ratio_filled_by_to(java.lang.String,java.lang.String)&amp#27;[0m
  &amp#27;[36mWhen &amp#27;[0m&amp#27;[36muser clicks on &amp#27;[0m&amp#27;[36m&amp#27;[1m"Save"&amp#27;[0m&amp#27;[36m button&amp#27;[0m                                          &amp#27;[90m# stepDefinition.GeneralStep.user_clicks_on_button(java.lang.String)&amp#27;[0m
  &amp#27;[36mThen &amp#27;[0m&amp#27;[36mnotification &amp#27;[0m&amp#27;[36m&amp#27;[1m"Success"&amp#27;[0m&amp#27;[36m and &amp#27;[0m&amp#27;[36m&amp#27;[1m"Cell Lines has been created"&amp#27;[0m&amp#27;[36m is displayed&amp#27;[0m &amp#27;[90m# stepDefinition.GeneralStep.notification_and_is_displayed(java.lang.String,java.lang.String)&amp#27;[0m
  &amp#27;[36mAnd &amp#27;[0m&amp#27;[36muser is navigated to &amp#27;[0m&amp#27;[36m&amp#27;[1m"Cell Line"&amp#27;[0m&amp#27;[36m page&amp#27;[0m                                  &amp#27;[90m# stepDefinition.GeneralStep.user_is_navigated_to_page(java.lang.String)&amp#27;[0m
  &amp#27;[36mWhen &amp#27;[0m&amp#27;[36muser clicks detail button of item &amp#27;[0m&amp#27;[36m&amp#27;[1m"my cell 7"&amp#27;[0m                         &amp#27;[90m# stepDefinition.GeneralStep.user_clicks_detail_button_of_item(java.lang.String)&amp#27;[0m
  &amp#27;[36mThen &amp#27;[0m&amp#27;[36mdata new cell line will show&amp#27;[0m                                          &amp#27;[90m# stepDefinition.GeneralStep.data_new_cell_line_will_show(io.cucumber.datatable.DataTable)&amp#27;[0m
    | Name      | Organism | Tissue | Morphology | Disease           | Notes                        | Passage After | Media Selection | Media Replacement | Detachment Reagent | Detachment Reagent Volume | Detachment Reagent Incubation Time | Passage Ratio | Adhering Time | Using Imaging | Estimated Doubling Time | Cell Density/cm2 | Cell Dilution Ratio | Dye Dilution Ratio |
    | my cell 7 | Mouse    | Embryo | Fibroblast | mimic human liver | sample cell from mouse liver | 24 hour(s)    | DMEM FBS 10     | 100%              | Trypsin            | 600.0 ÂµL                  | 15 minute(s)                       | 1 : 3         | 6 hour(s)     | Yes           | 48 hour(s)              | 90000 x104       | 1                   | 1                  |
  &amp#27;[36mWhen &amp#27;[0m&amp#27;[36muser clicks on &amp#27;[0m&amp#27;[36m&amp#27;[1m"Create"&amp#27;[0m&amp#27;[36m button&amp#27;[0m                                        &amp#27;[90m# stepDefinition.GeneralStep.user_clicks_on_button(java.lang.String)&amp#27;[0m
  &amp#27;[36mThen &amp#27;[0m&amp#27;[36muser is navigated to &amp#27;[0m&amp#27;[36m&amp#27;[1m"Create Cell Lines"&amp#27;[0m&amp#27;[36m page&amp#27;[0m                         &amp#27;[90m# stepDefinition.GeneralStep.user_is_navigated_to_page(java.lang.String)&amp#27;[0m
  &amp#27;[36mWhen &amp#27;[0m&amp#27;[36muser &amp#27;[0m&amp#27;[36m&amp#27;[1m"type"&amp#27;[0m&amp#27;[36m &amp#27;[0m&amp#27;[36m&amp#27;[1m"my cell 8"&amp#27;[0m&amp#27;[36m in &amp#27;[0m&amp#27;[36m&amp#27;[1m"name"&amp#27;[0m&amp#27;[36m textbox&amp#27;[0m                             &amp#27;[90m# stepDefinition.GeneralStep.user_in_textbox(java.lang.String,java.lang.String,java.lang.String)&amp#27;[0m
  &amp#27;[36mThen &amp#27;[0m&amp#27;[36mtextbox &amp#27;[0m&amp#27;[36m&amp#27;[1m"name"&amp#27;[0m&amp#27;[36m will fill by &amp#27;[0m&amp#27;[36m&amp#27;[1m"my cell 8"&amp#27;[0m                               &amp#27;[90m# stepDefinition.GeneralStep.textbox_will_fill_by(java.lang.String,java.lang.String)&amp#27;[0m
  &amp#27;[36mWhen &amp#27;[0m&amp#27;[36muser fill textbox &amp#27;[0m&amp#27;[36m&amp#27;[1m"organism"&amp#27;[0m&amp#27;[36m as &amp#27;[0m&amp#27;[36m&amp#27;[1m"Mouse"&amp#27;[0m                               &amp#27;[90m# stepDefinition.GeneralStep.user_fill_box_as(java.lang.String,java.lang.String)&amp#27;[0m
  &amp#27;[36mThen &amp#27;[0m&amp#27;[36mtextbox &amp#27;[0m&amp#27;[36m&amp#27;[1m"organism"&amp#27;[0m&amp#27;[36m filled by &amp#27;[0m&amp#27;[36m&amp#27;[1m"Mouse"&amp#27;[0m                                  &amp#27;[90m# stepDefinition.GeneralStep.textbox_filled_by(java.lang.String,java.lang.String)&amp#27;[0m
  &amp#27;[36mWhen &amp#27;[0m&amp#27;[36muser fill textbox &amp#27;[0m&amp#27;[36m&amp#27;[1m"tissue"&amp#27;[0m&amp#27;[36m as &amp#27;[0m&amp#27;[36m&amp#27;[1m"Embryo"&amp#27;[0m                                &amp#27;[90m# stepDefinition.GeneralStep.user_fill_box_as(java.lang.String,java.lang.String)&amp#27;[0m
  &amp#27;[36mThen &amp#27;[0m&amp#27;[36mtextbox &amp#27;[0m&amp#27;[36m&amp#27;[1m"tissue"&amp#27;[0m&amp#27;[36m filled by &amp#27;[0m&amp#27;[36m&amp#27;[1m"Embryo"&amp#27;[0m                                   &amp#27;[90m# stepDefinition.GeneralStep.textbox_filled_by(java.lang.String,java.lang.String)&amp#27;[0m
  &amp#27;[36mWhen &amp#27;[0m&amp#27;[36muser fill textbox &amp#27;[0m&amp#27;[36m&amp#27;[1m"morphology"&amp#27;[0m&amp#27;[36m as &amp#27;[0m&amp#27;[36m&amp#27;[1m"Fibroblast"&amp#27;[0m                        &amp#27;[90m# stepDefinition.GeneralStep.user_fill_box_as(java.lang.String,java.lang.String)&amp#27;[0m
  &amp#27;[36mThen &amp#27;[0m&amp#27;[36mtextbox &amp#27;[0m&amp#27;[36m&amp#27;[1m"morphology"&amp#27;[0m&amp#27;[36m filled by &amp#27;[0m&amp#27;[36m&amp#27;[1m"Fibroblast"&amp#27;[0m                           &amp#27;[90m# stepDefinition.GeneralStep.textbox_filled_by(java.lang.String,java.lang.String)&amp#27;[0m
  &amp#27;[36mWhen &amp#27;[0m&amp#27;[36muser &amp#27;[0m&amp#27;[36m&amp#27;[1m"type"&amp#27;[0m&amp#27;[36m &amp#27;[0m&amp#27;[36m&amp#27;[1m"mimic human liver"&amp#27;[0m&amp#27;[36m in &amp#27;[0m&amp#27;[36m&amp#27;[1m"disease"&amp#27;[0m&amp#27;[36m textbox&amp#27;[0m                  &amp#27;[90m# stepDefinition.GeneralStep.user_in_textbox(java.lang.String,java.lang.String,java.lang.String)&amp#27;[0m
  &amp#27;[36mThen &amp#27;[0m&amp#27;[36mtextbox &amp#27;[0m&amp#27;[36m&amp#27;[1m"disease"&amp#27;[0m&amp#27;[36m will fill by &amp#27;[0m&amp#27;[36m&amp#27;[1m"mimic human liver"&amp#27;[0m                    &amp#27;[90m# stepDefinition.GeneralStep.textbox_will_fill_by(java.lang.String,java.lang.String)&amp#27;[0m
  &amp#27;[36mWhen &amp#27;[0m&amp#27;[36muser &amp#27;[0m&amp#27;[36m&amp#27;[1m"type"&amp#27;[0m&amp#27;[36m &amp#27;[0m&amp#27;[36m&amp#27;[1m"sample cell from mouse liver"&amp#27;[0m&amp#27;[36m in &amp#27;[0m&amp#27;[36m&amp#27;[1m"notes"&amp#27;[0m&amp#27;[36m textbox&amp#27;[0m         &amp#27;[90m# stepDefinition.GeneralStep.user_in_textbox(java.lang.String,java.lang.String,java.lang.String)&amp#27;[0m
  &amp#27;[36mThen &amp#27;[0m&amp#27;[36mtextbox &amp#27;[0m&amp#27;[36m&amp#27;[1m"notes"&amp#27;[0m&amp#27;[36m will fill by &amp#27;[0m&amp#27;[36m&amp#27;[1m"sample cell from mouse liver"&amp#27;[0m           &amp#27;[90m# stepDefinition.GeneralStep.textbox_will_fill_by(java.lang.String,java.lang.String)&amp#27;[0m
  &amp#27;[36mWhen &amp#27;[0m&amp#27;[36muser select &amp#27;[0m&amp#27;[36m&amp#27;[1m"confluency"&amp#27;[0m&amp#27;[36m radio&amp#27;[0m                                        &amp#27;[90m# stepDefinition.GeneralStep.user_select_radio(java.lang.String)&amp#27;[0m
  &amp#27;[36mThen &amp#27;[0m&amp#27;[36mradio &amp#27;[0m&amp#27;[36m&amp#27;[1m"confluency"&amp#27;[0m&amp#27;[36m is selected&amp#27;[0m                                        &amp#27;[90m# stepDefinition.GeneralStep.radio_is_selected(java.lang.String)&amp#27;[0m
  &amp#27;[36mAnd &amp#27;[0m&amp#27;[36mcheckbox &amp#27;[0m&amp#27;[36m&amp#27;[1m"Imaging Interval"&amp#27;[0m&amp#27;[36m is disable&amp#27;[0m                                 &amp#27;[90m# stepDefinition.CellLineStep.checkbox_is_disable(java.lang.String)&amp#27;[0m
  &amp#27;[36mWhen &amp#27;[0m&amp#27;[36muser type cell line confluency as &amp#27;[0m&amp#27;[36m&amp#27;[1m"80"&amp#27;[0m                                &amp#27;[90m# stepDefinition.CellLineStep.user_type_cell_line_confluency_as(java.lang.String)&amp#27;[0m
  &amp#27;[36mThen &amp#27;[0m&amp#27;[36mcell line confluency is filled by &amp#27;[0m&amp#27;[36m&amp#27;[1m"80"&amp#27;[0m                                &amp#27;[90m# stepDefinition.CellLineStep.cell_line_confluency_is_filled_by(java.lang.String)&amp#27;[0m
  &amp#27;[36mWhen &amp#27;[0m&amp#27;[36muser clicks on &amp#27;[0m&amp#27;[36m&amp#27;[1m"Media Selection"&amp#27;[0m&amp#27;[36m select box&amp#27;[0m                           &amp#27;[90m# stepDefinition.GeneralStep.user_clicks_on_select_box(java.lang.String)&amp#27;[0m
  &amp#27;[36mThen &amp#27;[0m&amp#27;[36mmodal &amp#27;[0m&amp#27;[36m&amp#27;[1m"Select Media Selection"&amp#27;[0m&amp#27;[36m confirmation is displayed&amp#27;[0m              &amp#27;[90m# stepDefinition.GeneralStep.modal_confirmation_is_displayed(java.lang.String)&amp#27;[0m
  &amp#27;[36mWhen &amp#27;[0m&amp#27;[36muser choose item &amp#27;[0m&amp#27;[36m&amp#27;[1m"DMEM FBS 10"&amp#27;[0m&amp#27;[36m in modal select&amp#27;[0m                        &amp#27;[90m# stepDefinition.GeneralStep.user_choose_item_in_modal_select(java.lang.String)&amp#27;[0m
  &amp#27;[36mThen &amp#27;[0m&amp#27;[36m&amp#27;[0m&amp#27;[36m&amp#27;[1m"DMEM FBS 10"&amp#27;[0m&amp#27;[36m item is selected in the modal&amp#27;[0m                           &amp#27;[90m# stepDefinitio]]></system-out>
    <system-err><![CDATA[[main] INFO io.github.bonigarcia.wdm.WebDriverManager - Using chromedriver 104.0.5112.79 (resolved driver for Chrome 104)
[main] INFO io.github.bonigarcia.wdm.WebDriverManager - Exporting webdriver.chrome.driver as C:\Users\smith\.cache\selenium\chromedriver\win32\104.0.5112.79\chromedriver.exe
Starting ChromeDriver 104.0.5112.79 (3cf3e8c8a07d104b9e1260c910efb8f383285dc5-refs/branch-heads/5112@{#1307}) on port 49541
Only local connections are allowed.
Please see https://chromedriver.chromium.org/security-considerations for suggestions on keeping ChromeDriver safe.
ChromeDriver was started successfully.
Aug 26, 2022 10:27:16 AM org.openqa.selenium.remote.ProtocolHandshake createSession
INFO: Detected upstream dialect: W3C
Aug 26, 2022 10:27:16 AM org.openqa.selenium.devtools.CdpVersionFinder findNearestMatch
INFO: Found exact CDP implementation for version 104
[AsyncHttpClient-1-4] WARN org.asynchttpclient.netty.handler.WebSocketHandler - onError
java.net.SocketException: Connection reset
	at java.base/sun.nio.ch.SocketChannelImpl.throwConnectionReset(SocketChannelImpl.java:394)
	at java.base/sun.nio.ch.SocketChannelImpl.read(SocketChannelImpl.java:426)
	at io.netty.buffer.PooledByteBuf.setBytes(PooledByteBuf.java:258)
	at io.netty.buffer.AbstractByteBuf.writeBytes(AbstractByteBuf.java:1132)
	at io.netty.channel.socket.nio.NioSocketChannel.doReadBytes(NioSocketChannel.java:357)
	at io.netty.channel.nio.AbstractNioByteChannel$NioByteUnsafe.read(AbstractNioByteChannel.java:151)
	at io.netty.channel.nio.NioEventLoop.processSelectedKey(NioEventLoop.java:722)
	at io.netty.channel.nio.NioEventLoop.processSelectedKeysOptimized(NioEventLoop.java:658)
	at io.netty.channel.nio.NioEventLoop.processSelectedKeys(NioEventLoop.java:584)
	at io.netty.channel.nio.NioEventLoop.run(NioEventLoop.java:496)
	at io.netty.util.concurrent.SingleThreadEventExecutor$4.run(SingleThreadEventExecutor.java:997)
	at io.netty.util.internal.ThreadExecutorMap$2.run(ThreadExecutorMap.java:74)
	at io.netty.util.concurrent.FastThreadLocalRunnable.run(FastThreadLocalRunnable.java:30)
	at java.base/java.lang.Thread.run(Thread.java:833)
Aug 26, 2022 10:27:32 AM org.openqa.selenium.remote.http.WebSocket$Listener onError
WARNING: Connection reset
java.net.SocketException: Connection reset
	at java.base/sun.nio.ch.SocketChannelImpl.throwConnectionReset(SocketChannelImpl.java:394)
	at java.base/sun.nio.ch.SocketChannelImpl.read(SocketChannelImpl.java:426)
	at io.netty.buffer.PooledByteBuf.setBytes(PooledByteBuf.java:258)
	at io.netty.buffer.AbstractByteBuf.writeBytes(AbstractByteBuf.java:1132)
	at io.netty.channel.socket.nio.NioSocketChannel.doReadBytes(NioSocketChannel.java:357)
	at io.netty.channel.nio.AbstractNioByteChannel$NioByteUnsafe.read(AbstractNioByteChannel.java:151)
	at io.netty.channel.nio.NioEventLoop.processSelectedKey(NioEventLoop.java:722)
	at io.netty.channel.nio.NioEventLoop.processSelectedKeysOptimized(NioEventLoop.java:658)
	at io.netty.channel.nio.NioEventLoop.processSelectedKeys(NioEventLoop.java:584)
	at io.netty.channel.nio.NioEventLoop.run(NioEventLoop.java:496)
	at io.netty.util.concurrent.SingleThreadEventExecutor$4.run(SingleThreadEventExecutor.java:997)
	at io.netty.util.internal.ThreadExecutorMap$2.run(ThreadExecutorMap.java:74)
	at io.netty.util.concurrent.FastThreadLocalRunnable.run(FastThreadLocalRunnable.java:30)
	at java.base/java.lang.Thread.run(Thread.java:833)

]]></system-err>
  </testcase>
  <testcase name="Create New Cell Line" classname="CC-1043:Create new Cell Line by filling all fields" time="14.81">
    <system-out><![CDATA[n.GeneralStep.item_is_selected_in_the_modal(java.lang.String)&amp#27;[0m
  &amp#27;[36mWhen &amp#27;[0m&amp#27;[36muser clicks on &amp#27;[0m&amp#27;[36m&amp#27;[1m"OK"&amp#27;[0m&amp#27;[36m button&amp#27;[0m                                            &amp#27;[90m# stepDefinition.GeneralStep.user_clicks_on_button(java.lang.String)&amp#27;[0m
  &amp#27;[36mThen &amp#27;[0m&amp#27;[36mselect box &amp#27;[0m&amp#27;[36m&amp#27;[1m"Media Selection"&amp#27;[0m&amp#27;[36m filled by &amp#27;[0m&amp#27;[36m&amp#27;[1m"DMEM FBS 10"&amp#27;[0m                  &amp#27;[90m# stepDefinition.GeneralStep.select_box_filled_by(java.lang.String,java.lang.String)&amp#27;[0m
  &amp#27;[36mWhen &amp#27;[0m&amp#27;[36muser select &amp#27;[0m&amp#27;[36m&amp#27;[1m"100%"&amp#27;[0m&amp#27;[36m on Media Replacement persentage&amp#27;[0m                    &amp#27;[90m# stepDefinition.CellLineStep.user_select_on_media_replacement_persentage(java.lang.String)&amp#27;[0m
  &amp#27;[36mThen &amp#27;[0m&amp#27;[36mMedia Replacement persentage filled by &amp#27;[0m&amp#27;[36m&amp#27;[1m"100%"&amp#27;[0m                         &amp#27;[90m# stepDefinition.CellLineStep.media_replacement_persentage_filled_by(java.lang.String)&amp#27;[0m
  &amp#27;[36mWhen &amp#27;[0m&amp#27;[36muser &amp#27;[0m&amp#27;[36m&amp#27;[1m"type"&amp#27;[0m&amp#27;[36m on box &amp#27;[0m&amp#27;[36m&amp#27;[1m"Feeding Interval"&amp#27;[0m&amp#27;[36m as &amp#27;[0m&amp#27;[36m&amp#27;[1m"48"&amp#27;[0m                         &amp#27;[90m# stepDefinition.GeneralStep.user_on_box_as(java.lang.String,java.lang.String,java.lang.String)&amp#27;[0m
  &amp#27;[36mThen &amp#27;[0m&amp#27;[36mbox &amp#27;[0m&amp#27;[36m&amp#27;[1m"Feeding Interval"&amp#27;[0m&amp#27;[36m filled by &amp#27;[0m&amp#27;[36m&amp#27;[1m"48"&amp#27;[0m                                 &amp#27;[90m# stepDefinition.GeneralStep.box_filled_by(java.lang.String,java.lang.String)&amp#27;[0m
  &amp#27;[36mWhen &amp#27;[0m&amp#27;[36muser clicks on &amp#27;[0m&amp#27;[36m&amp#27;[1m"Detachment Reagent"&amp#27;[0m&amp#27;[36m select box&amp#27;[0m                        &amp#27;[90m# stepDefinition.GeneralStep.user_clicks_on_select_box(java.lang.String)&amp#27;[0m
  &amp#27;[36mThen &amp#27;[0m&amp#27;[36mmodal &amp#27;[0m&amp#27;[36m&amp#27;[1m"Select Detachment Selection"&amp#27;[0m&amp#27;[36m confirmation is displayed&amp#27;[0m         &amp#27;[90m# stepDefinition.GeneralStep.modal_confirmation_is_displayed(java.lang.String)&amp#27;[0m
  &amp#27;[36mWhen &amp#27;[0m&amp#27;[36muser choose item &amp#27;[0m&amp#27;[36m&amp#27;[1m"Trypsin"&amp#27;[0m&amp#27;[36m in modal select&amp#27;[0m                            &amp#27;[90m# stepDefinition.GeneralStep.user_choose_item_in_modal_select(java.lang.String)&amp#27;[0m
  &amp#27;[36mThen &amp#27;[0m&amp#27;[36m&amp#27;[0m&amp#27;[36m&amp#27;[1m"Trypsin"&amp#27;[0m&amp#27;[36m item is selected in the modal&amp#27;[0m                               &amp#27;[90m# stepDefinition.GeneralStep.item_is_selected_in_the_modal(java.lang.String)&amp#27;[0m
  &amp#27;[36mWhen &amp#27;[0m&amp#27;[36muser clicks on &amp#27;[0m&amp#27;[36m&amp#27;[1m"OK"&amp#27;[0m&amp#27;[36m button&amp#27;[0m                                            &amp#27;[90m# stepDefinition.GeneralStep.user_clicks_on_button(java.lang.String)&amp#27;[0m
  &amp#27;[36mThen &amp#27;[0m&amp#27;[36mselect box &amp#27;[0m&amp#27;[36m&amp#27;[1m"Detachment Reagent"&amp#27;[0m&amp#27;[36m filled by &amp#27;[0m&amp#27;[36m&amp#27;[1m"Trypsin"&amp#27;[0m                   &amp#27;[90m# stepDefinition.GeneralStep.select_box_filled_by(java.lang.String,java.lang.String)&amp#27;[0m
  &amp#27;[36mWhen &amp#27;[0m&amp#27;[36muser &amp#27;[0m&amp#27;[36m&amp#27;[1m"type"&amp#27;[0m&amp#27;[36m on box &amp#27;[0m&amp#27;[36m&amp#27;[1m"Detachment Reagent Volume"&amp#27;[0m&amp#27;[36m as &amp#27;[0m&amp#27;[36m&amp#27;[1m"600"&amp#27;[0m               &amp#27;[90m# stepDefinition.GeneralStep.user_on_box_as(java.lang.String,java.lang.String,java.lang.String)&amp#27;[0m
  &amp#27;[36mThen &amp#27;[0m&amp#27;[36mbox &amp#27;[0m&amp#27;[36m&amp#27;[1m"Detachment Reagent Volume"&amp#27;[0m&amp#27;[36m filled by &amp#27;[0m&amp#27;[36m&amp#27;[1m"600"&amp#27;[0m                       &amp#27;[90m# stepDefinition.GeneralStep.box_filled_by(java.lang.String,java.lang.String)&amp#27;[0m
  &amp#27;[36mWhen &amp#27;[0m&amp#27;[36muser &amp#27;[0m&amp#27;[36m&amp#27;[1m"type"&amp#27;[0m&amp#27;[36m on box &amp#27;[0m&amp#27;[36m&amp#27;[1m"Detachment Reagent Incubation Time"&amp#27;[0m&amp#27;[36m as &amp#27;[0m&amp#27;[36m&amp#27;[1m"15"&amp#27;[0m       &amp#27;[90m# stepDefinition.GeneralStep.user_on_box_as(java.lang.String,java.lang.String,java.lang.String)&amp#27;[0m
  &amp#27;[36mThen &amp#27;[0m&amp#27;[36mbox &amp#27;[0m&amp#27;[36m&amp#27;[1m"Detachment Reagent Incubation Time"&amp#27;[0m&amp#27;[36m filled by &amp#27;[0m&amp#27;[36m&amp#27;[1m"15"&amp#27;[0m               &amp#27;[90m# stepDefinition.GeneralStep.box_filled_by(java.lang.String,java.lang.String)&amp#27;[0m
  &amp#27;[36mWhen &amp#27;[0m&amp#27;[36muser &amp#27;[0m&amp#27;[36m&amp#27;[1m"type"&amp#27;[0m&amp#27;[36m on box &amp#27;[0m&amp#27;[36m&amp#27;[1m"Passage Ratio"&amp#27;[0m&amp#27;[36m as &amp#27;[0m&amp#27;[36m&amp#27;[1m"3"&amp#27;[0m                             &amp#27;[90m# stepDefinition.GeneralStep.user_on_box_as(java.lang.String,java.lang.String,java.lang.String)&amp#27;[0m
  &amp#27;[36mThen &amp#27;[0m&amp#27;[36mbox &amp#27;[0m&amp#27;[36m&amp#27;[1m"Passage Ratio"&amp#27;[0m&amp#27;[36m filled by &amp#27;[0m&amp#27;[36m&amp#27;[1m"3"&amp#27;[0m                                     &amp#27;[90m# stepDefinition.GeneralStep.box_filled_by(java.lang.String,java.lang.String)&amp#27;[0m
  &amp#27;[36mWhen &amp#27;[0m&amp#27;[36muser &amp#27;[0m&amp#27;[36m&amp#27;[1m"type"&amp#27;[0m&amp#27;[36m on box &amp#27;[0m&amp#27;[36m&amp#27;[1m"Adhering Time"&amp#27;[0m&amp#27;[36m as &amp#27;[0m&amp#27;[36m&amp#27;[1m"6"&amp#27;[0m                             &amp#27;[90m# stepDefinition.GeneralStep.user_on_box_as(java.lang.String,java.lang.String,java.lang.String)&amp#27;[0m
  &amp#27;[36mThen &amp#27;[0m&amp#27;[36mbox &amp#27;[0m&amp#27;[36m&amp#27;[1m"Adhering Time"&amp#27;[0m&amp#27;[36m filled by &amp#27;[0m&amp#27;[36m&amp#27;[1m"6"&amp#27;[0m                                     &amp#27;[90m# stepDefinition.GeneralStep.box_filled_by(java.lang.String,java.lang.String)&amp#27;[0m
  &amp#27;[36mWhen &amp#27;[0m&amp#27;[36muser type on box Imaging Interval as &amp#27;[0m&amp#27;[36m&amp#27;[1m"48"&amp#27;[0m                             &amp#27;[90m# stepDefinition.CellLineStep.user_type_on_box_imaging_interval_as(java.lang.String)&amp#27;[0m
  &amp#27;[36mThen &amp#27;[0m&amp#27;[36mbox Imaging Interval filled by &amp#27;[0m&amp#27;[36m&amp#27;[1m"48"&amp#27;[0m                                   &amp#27;[90m# stepDefinition.CellLineStep.box_Imaging_interval_filled_by(java.lang.String)&amp#27;[0m
  &amp#27;[36mWhen &amp#27;[0m&amp#27;[36muser &amp#27;[0m&amp#27;[36m&amp#27;[1m"type"&amp#27;[0m&amp#27;[36m on box &amp#27;[0m&amp#27;[36m&amp#27;[1m"Estimated Doubling Time"&amp#27;[0m&amp#27;[36m as &amp#27;[0m&amp#27;[36m&amp#27;[1m"48"&amp#27;[0m                  &amp#27;[90m# stepDefinition.GeneralStep.user_on_box_as(java.lang.String,java.lang.String,java.lang.String)&amp#27;[0m
  &amp#27;[36mThen &amp#27;[0m&amp#27;[36mbox &amp#27;[0m&amp#27;[36m&amp#27;[1m"Estimated Doubling Time"&amp#27;[0m&amp#27;[36m filled by &amp#27;[0m&amp#27;[36m&amp#27;[1m"48"&amp#27;[0m                          &amp#27;[90m# stepDefinition.GeneralStep.box_filled_by(java.lang.String,java.lang.String)&amp#27;[0m
  &amp#27;[36mWhen &amp#27;[0m&amp#27;[36muser &amp#27;[0m&amp#27;[36m&amp#27;[1m"type"&amp#27;[0m&amp#27;[36m on box &amp#27;[0m&amp#27;[36m&amp#27;[1m"Cell Density/cm2"&amp#27;[0m&amp#27;[36m as &amp#27;[0m&amp#27;[36m&amp#27;[1m"9"&amp#27;[0m                          &amp#27;[90m# stepDefinition.GeneralStep.user_on_box_as(java.lang.String,java.lang.String,java.lang.String)&amp#27;[0m
  &amp#27;[36mThen &amp#27;[0m&amp#27;[36mbox &amp#27;[0m&amp#27;[36m&amp#27;[1m"Cell Density/cm2"&amp#27;[0m&amp#27;[36m filled by &amp#27;[0m&amp#27;[36m&amp#27;[1m"9"&amp#27;[0m                                  &amp#27;[90m# stepDefinition.GeneralStep.box_filled_by(java.lang.String,java.lang.String)&amp#27;[0m
  &amp#27;[36mWhen &amp#27;[0m&amp#27;[36muser &amp#27;[0m&amp#27;[36m&amp#27;[1m"type"&amp#27;[0m&amp#27;[36m on box Cell Dye Ratio as &amp#27;[0m&amp#27;[36m&amp#27;[1m"1"&amp#27;[0m&amp#27;[36m to &amp#27;[0m&amp#27;[36m&amp#27;[1m"1"&amp#27;[0m                       &amp#27;[90m# stepDefinition.CellLineStep.user_on_box_cell_dye_ratio_as_to(java.lang.String,java.lang.String,java.lang.String)&amp#27;[0m
  &amp#27;[36mThen &amp#27;[0m&amp#27;[36mbox Cell Dye Ratio filled by &amp#27;[0m&amp#27;[36m&amp#27;[1m"1"&amp#27;[0m&amp#27;[36m to &amp#27;[0m&amp#27;[36m&amp#27;[1m"1"&amp#27;[0m                               &amp#27;[90m# stepDefinition.CellLineStep.box_cell_dye_ratio_filled_by_to(java.lang.String,java.lang.String)&amp#27;[0m
  &amp#27;[36mWhen &amp#27;[0m&amp#27;[36muser clicks on &amp#27;[0m&amp#27;[36m&amp#27;[1m"Save"&amp#27;[0m&amp#27;[36m button&amp#27;[0m                                          &amp#27;[90m# stepDefinition.GeneralStep.user_clicks_on_button(java.lang.String)&amp#27;[0m
  &amp#27;[36mThen &amp#27;[0m&amp#27;[36mnotification &amp#27;[0m&amp#27;[36m&amp#27;[1m"Success"&amp#27;[0m&amp#27;[36m and &amp#27;[0m&amp#27;[36m&amp#27;[1m"Cell Lines has been created"&amp#27;[0m&amp#27;[36m is displayed&amp#27;[0m &amp#27;[90m# stepDefinition.GeneralStep.notification_and_is_displayed(java.lang.String,java.lang.String)&amp#27;[0m
  &amp#27;[36mAnd &amp#27;[0m&amp#27;[36muser is navigated to &amp#27;[0m&amp#27;[36m&amp#27;[1m"Cell Line"&amp#27;[0m&amp#27;[36m page&amp#27;[0m                                  &amp#27;[90m# stepDefinition.GeneralStep.user_is_navigated_to_page(java.lang.String)&amp#27;[0m
  &amp#27;[36mWhen &amp#27;[0m&amp#27;[36muser clicks detail button of item &amp#27;[0m&amp#27;[36m&amp#27;[1m"my cell 8"&amp#27;[0m                         &amp#27;[90m# stepDefinition.GeneralStep.user_clicks_detail_button_of_item(java.lang.String)&amp#27;[0m
  &amp#27;[36mThen &amp#27;[0m&amp#27;[36mdata new cell line will show&amp#27;[0m                                          &amp#27;[90m# stepDefinition.GeneralStep.data_new_cell_line_will_show(io.cucumber.datatable.DataTable)&amp#27;[0m
    | Name      | Organism | Tissue | Morphology | Disease           | Notes                        | Passage After  | Media Selection | Media Replacement | Detachment Reagent | Detachment Reagent Volume | Detachment Reagent Incubation Time | Passage Ratio | Adhering Time | Using Imaging | Estimated Doubling Time | Cell Density/cm2 | Cell Dilution Ratio | Dye Dilution Ratio |
    | my cell 8 | Mouse    | Embryo | Fibroblast | mimic human liver | sample cell from mouse liver | 80% Confluency | DMEM FBS 10     | 100%              | Trypsin            | 600.0 ÂµL                  | 15 minute(s)                       | 1 : 3         | 6 hour(s)     | Yes           | 48 hour(s)              | 90000 x104       | 1                   | 1                  |

@cellline @CC-1043_Create_new_Cell_Lbrowser value is: chromeheadless
ine_by_filling_all_fields
Scenario: Create New Cell Line                                               &amp#27;[90m# src/test/resources/features/Cell Line Manager/Create Cell Lines/CC-1043_Create new Cell Line by filling all fields.feature:17&amp#27;[0m
  &amp#27;[32mGiven &amp#27;[0m&amp#27;[32muser has already logged in to application with this credentials&amp#27;[0m      &amp#27;[90m# stepDefinition.LoginPageStep.user_has_already_logged_in_to_application_with_this_credentials(io.cucumber.datatable.DataTable)&amp#27;[0m
    | username | password |
    | admin    | admin    |
  &amp#27;[32mAnd &amp#27;[0m&amp#27;[32muser is navigated to &amp#27;[0m&amp#27;[32m&amp#27;[1m"Dashboard"&amp#27;[0m&amp#27;[32m page&amp#27;[0m                                  &amp#27;[90m# stepDefinition.GeneralStep.user_is_navigated_to_page(java.lang.String)&amp#27;[0m
  &amp#27;[32mWhen &amp#27;[0m&amp#27;[32muser clicks on menu &amp#27;[0m&amp#27;[32m&amp#27;[1m"Cell Line"&amp#27;[0m                                       &amp#27;[90m# stepDefinition.GeneralStep.user_clicks_on_menu(java.lang.String)&amp#27;[0m
  &amp#27;[32mThen &amp#27;[0m&amp#27;[32muser is navigated to &amp#27;[0m&amp#27;[32m&amp#27;[1m"Cell Line"&amp#27;[0m&amp#27;[32m page&amp#27;[0m                                 &amp#27;[90m# stepDefinition.GeneralStep.user_is_navigated_to_page(java.lang.String)&amp#27;[0m
  &amp#27;[32mWhen &amp#27;[0m&amp#27;[32muser clicks on &amp#27;[0m&amp#27;[32m&amp#27;[1m"Create"&amp#27;[0m&amp#27;[32m button&amp#27;[0m                                        &amp#27;[90m# stepDefinition.GeneralStep.user_clicks_on_button(java.lang.String)&amp#27;[0m
  &amp#27;[32mThen &amp#27;[0m&amp#27;[32muser is navigated to &amp#27;[0m&amp#27;[32m&amp#27;[1m"Create Cell Lines"&amp#27;[0m&amp#27;[32m page&amp#27;[0m                         &amp#27;[90m# stepDefinition.GeneralStep.user_is_navigated_to_page(java.lang.String)&amp#27;[0m
  &amp#27;[32mWhen &amp#27;[0m&amp#27;[32muser &amp#27;[0m&amp#27;[32m&amp#27;[1m"type"&amp#27;[0m&amp#27;[32m &amp#27;[0m&amp#27;[32m&amp#27;[1m"my cell 1"&amp#27;[0m&amp#27;[32m in &amp#27;[0m&amp#27;[32m&amp#27;[1m"name"&amp#27;[0m&amp#27;[32m textbox&amp#27;[0m                             &amp#27;[90m# stepDefinition.GeneralStep.user_in_textbox(java.lang.String,java.lang.String,java.lang.String)&amp#27;[0m
  &amp#27;[32mThen &amp#27;[0m&amp#27;[32mtextbox &amp#27;[0m&amp#27;[32m&amp#27;[1m"name"&amp#27;[0m&amp#27;[32m will fill by &amp#27;[0m&amp#27;[32m&amp#27;[1m"my cell 1"&amp#27;[0m                               &amp#27;[90m# stepDefinition.GeneralStep.textbox_will_fill_by(java.lang.String,java.lang.String)&amp#27;[0m
  &amp#27;[32mWhen &amp#27;[0m&amp#27;[32muser fill textbox &amp#27;[0m&amp#27;[32m&amp#27;[1m"organism"&amp#27;[0m&amp#27;[32m as &amp#27;[0m&amp#27;[32m&amp#27;[1m"Mouse"&amp#27;[0m                               &amp#27;[90m# stepDefinition.GeneralStep.user_fill_box_as(java.lang.String,java.lang.String)&amp#27;[0m
  &amp#27;[32mThen &amp#27;[0m&amp#27;[32mtextbox &amp#27;[0m&amp#27;[32m&amp#27;[1m"organism"&amp#27;[0m&amp#27;[32m filled by &amp#27;[0m&amp#27;[32m&amp#27;[1m"Mouse"&amp#27;[0m                                  &amp#27;[90m# stepDefinition.GeneralStep.textbox_filled_by(java.lang.String,java.lang.String)&amp#27;[0m
  &amp#27;[32mWhen &amp#27;[0m&amp#27;[32muser fill textbox &amp#27;[0m&amp#27;[32m&amp#27;[1m"tissue"&amp#27;[0m&amp#27;[32m as &amp#27;[0m&amp#27;[32m&amp#27;[1m"Embryo"&amp#27;[0m                                &amp#27;[90m# stepDefinition.GeneralStep.user_fill_box_as(java.lang.String,java.lang.String)&amp#27;[0m
  &amp#27;[32mThen &amp#27;[0m&amp#27;[32mtextbox &amp#27;[0m&amp#27;[32m&amp#27;[1m"tissue"&amp#27;[0m&amp#27;[32m filled by &amp#27;[0m&amp#27;[32m&amp#27;[1m"Embryo"&amp#27;[0m                                   &amp#27;[90m# stepDefinition.GeneralStep.textbox_filled_by(java.lang.String,java.lang.String)&amp#27;[0m
  &amp#27;[32mWhen &amp#27;[0m&amp#27;[32muser fill textbox &amp#27;[0m&amp#27;[32m&amp#27;[1m"morphology"&amp#27;[0m&amp#27;[32m as &amp#27;[0m&amp#27;[32m&amp#27;[1m"Fibroblast"&amp#27;[0m                        &amp#27;[90m# stepDefinition.GeneralStep.user_fill_box_as(java.lang.String,java.lang.String)&amp#27;[0m
  &amp#27;[32mThen &amp#27;[0m&amp#27;[32mtextbox &amp#27;[0m&amp#27;[32m&amp#27;[1m"morphology"&amp#27;[0m&amp#27;[32m filled by &amp#27;[0m&amp#27;[32m&amp#27;[1m"Fibroblast"&amp#27;[0m                           &amp#27;[90m# stepDefinition.GeneralStep.textbox_filled_by(java.lang.String,java.lang.String)&amp#27;[0m
  &amp#27;[32mWhen &amp#27;[0m&amp#27;[32muser &amp#27;[0m&amp#27;[32m&amp#27;[1m"type"&amp#27;[0m&amp#27;[32m &amp#27;[0m&amp#27;[32m&amp#27;[1m"mimic human liver"&amp#27;[0m&amp#27;[32m in &amp#27;[0m&amp#27;[32m&amp#27;[1m"disease"&amp#27;[0m&amp#27;[32m textbox&amp#27;[0m                  &amp#27;[90m# stepDefinition.GeneralStep.user_in_textbox(java.lang.String,java.lang.String,java.lang.String)&amp#27;[0m
  &amp#27;[32mThen &amp#27;[0m&amp#27;[32mtextbox &amp#27;[0m&amp#27;[32m&amp#27;[1m"disease"&amp#27;[0m&amp#27;[32m will fill by &amp#27;[0m&amp#27;[32m&amp#27;[1m"mimic human liver"&amp#27;[0m                    &amp#27;[90m# stepDefinition.GeneralStep.textbox_will_fill_by(java.lang.String,java.lang.String)&amp#27;[0m
  &amp#27;[32mWhen &amp#27;[0m&amp#27;[32muser &amp#27;[0m&amp#27;[32m&amp#27;[1m"type"&amp#27;[0m&amp#27;[32m &amp#27;[0m&amp#27;[32m&amp#27;[1m"sample cell from mouse liver"&amp#27;[0m&amp#27;[32m in &amp#27;[0m&amp#27;[32m&amp#27;[1m"notes"&amp#27;[0m&amp#27;[32m textbox&amp#27;[0m         &amp#27;[90m# stepDefinition.GeneralStep.user_in_textbox(java.lang.String,java.lang.String,java.lang.String)&amp#27;[0m
  &amp#27;[32mThen &amp#27;[0m&amp#27;[32mtextbox &amp#27;[0m&amp#27;[32m&amp#27;[1m"notes"&amp#27;[0m&amp#27;[32m will fill by &amp#27;[0m&amp#27;[32m&amp#27;[1m"sample cell from mouse liver"&amp#27;[0m           &amp#27;[90m# stepDefinition.GeneralStep.textbox_will_fill_by(java.lang.String,java.lang.String)&amp#27;[0m
  &amp#27;[32mWhen &amp#27;[0m&amp#27;[32muser select &amp#27;[0m&amp#27;[32m&amp#27;[1m"confluency"&amp#27;[0m&amp#27;[32m radio&amp#27;[0m                                        &amp#27;[90m# stepDefinition.GeneralStep.user_select_radio(java.lang.String)&amp#27;[0m
  &amp#27;[32mThen &amp#27;[0m&amp#27;[32mradio &amp#27;[0m&amp#27;[32m&amp#27;[1m"confluency"&amp#27;[0m&amp#27;[32m is selected&amp#27;[0m                                        &amp#27;[90m# stepDefinition.GeneralStep.radio_is_selected(java.lang.String)&amp#27;[0m
  &amp#27;[32mAnd &amp#27;[0m&amp#27;[32mcheckbox &amp#27;[0m&amp#27;[32m&amp#27;[1m"Imaging Interval"&amp#27;[0m&amp#27;[32m is disable&amp#27;[0m                                 &amp#27;[90m# stepDefinition.CellLineStep.checkbox_is_disable(java.lang.String)&amp#27;[0m
  &amp#27;[32mWhen &amp#27;[0m&amp#27;[32muser type cell line confluency as &amp#27;[0m&amp#27;[32m&amp#27;[1m"80"&amp#27;[0m                                &amp#27;[90m# stepDefinition.CellLineStep.user_type_cell_line_confluency_as(java.lang.String)&amp#27;[0m
  &amp#27;[32mThen &amp#27;[0m&amp#27;[32mcell line confluency is filled by &amp#27;[0m&amp#27;[32m&amp#27;[1m"80"&amp#27;[0m                                &amp#27;[90m# stepDefinition.CellLineStep.cell_line_confluency_is_filled_by(java.lang.String)&amp#27;[0m
  &amp#27;[32mWhen &amp#27;[0m&amp#27;[32muser clicks on &amp#27;[0m&amp#27;[32m&amp#27;[1m"Media Selection"&amp#27;[0m&amp#27;[32m select box&amp#27;[0m                           &amp#27;[90m# stepDefinition.GeneralStep.user_clicks_on_select_box(java.lang.String)&amp#27;[0m
  &amp#27;[32mThen &amp#27;[0m&amp#27;[32mmodal &amp#27;[0m&amp#27;[32m&amp#27;[1m"Select Media Selection"&amp#27;[0m&amp#27;[32m confirmation is displayed&amp#27;[0m              &amp#27;[90m# stepDefinition.GeneralStep.modal_confirmation_is_displayed(java.lang.String)&amp#27;[0m
  &amp#27;[32mWhen &amp#27;[0m&amp#27;[32muser choose item &amp#27;[0m&amp#27;[32m&amp#27;[1m"DMEM FBS 10"&amp#27;[0m&amp#27;[32m in modal select&amp#27;[0m                        &amp#27;[90m# stepDefinition.GeneralStep.user_choose_item_in_modal_select(java.lang.String)&amp#27;[0m
  &amp#27;[32mThen &amp#27;[0m&amp#27;[32m&amp#27;[0m&amp#27;[32m&amp#27;[1m"DMEM FBS 10"&amp#27;[0m&amp#27;[32m item is selected in the modal&amp#27;[0m                           &amp#27;[90m# stepDefinition.GeneralStep.item_is_selected_in_the_modal(java.lang.String)&amp#27;[0m
  &amp#27;[32mWhen &amp#27;[0m&amp#27;[32muser clicks on &amp#27;[0m&amp#27;[32m&amp#27;[1m"OK"&amp#27;[0m&amp#27;[32m button&amp#27;[0m                                            &amp#27;[90m# stepDefinition.GeneralStep.user_clicks_on_button(java.lang.String)&amp#27;[0m
  &amp#27;[32mThen &amp#27;[0m&amp#27;[32mselect box &amp#27;[0m&amp#27;[32m&amp#27;[1m"Media Selection"&amp#27;[0m&amp#27;[32m filled by &amp#27;[0m&amp#27;[32m&amp#27;[1m"DMEM FBS 10"&amp#27;[0m                  &amp#27;[90m# stepDefinition.GeneralStep.select_box_filled_by(java.lang.String,java.lang.String)&amp#27;[0m
  &amp#27;[32mWhen &amp#27;[0m&amp#27;[32muser select &amp#27;[0m&amp#27;[32m&amp#27;[1m"100%"&amp#27;[0m&amp#27;[32m on Media Replacement persentage&amp#27;[0m                    &amp#27;[90m# stepDefinition.CellLineStep.user_select_on_media_replacement_persentage(java.lang.String)&amp#27;[0m
  &amp#27;[32mThen &amp#27;[0m&amp#27;[32mMedia Replacement persentage filled by &amp#27;[0m&amp#27;[32m&amp#27;[1m"100%"&amp#27;[0m                         &amp#27;[90m# stepDefinition.CellLineStep.media_replacement_persentage_filled_by(java.lang.String)&amp#27;[0m
  &amp#27;[32mWhen &amp#27;[0m&amp#27;[32muser &amp#27;[0m&amp#27;[32m&amp#27;[1m"type"&amp#27;[0m&amp#27;[32m on box &amp#27;[0m&amp#27;[32m&amp#27;[1m"Feeding Interval"&amp#27;[0m&amp#27;[32m as &amp#27;[0m&amp#27;[32m&amp#27;[1m"48"&amp#27;[0m                         &amp#27;[90m# stepDefinition.GeneralStep.user_on_box_as(java.lang.String,java.lang.String,java.lang.String)&amp#27;[0m
  &amp#27;[32mThen &amp#27;[0m&amp#27;[32mbox &amp#27;[0m&amp#27;[32m&amp#27;[1m"Feeding Interval"&amp#27;[0m&amp#27;[32m filled by &amp#27;[0m&amp#27;[32m&amp#27;[1m"48"&amp#27;[0m                                 &amp#27;[90m# stepDefinition.GeneralStep.box_filled_by(java.lang.String,java.lang.String)&amp#27;[0m
  &amp#27;[32mWhen &amp#27;[0m&amp#27;[32muser clicks on &amp#27;[0m&amp#27;[32m&amp#27;[1m"Detachment Reagent"&amp#27;[0m&amp#27;[32m select box&amp#27;[0m                        &amp#27;[90m# stepDefinition.GeneralStep.user_clicks_on_select_box(java.lang.String)&amp#27;[0m
  &amp#27;[32mThen &amp#27;[0m&amp#27;[32mmodal &amp#27;[0m&amp#27;[32m&amp#27;[1m"Select Detachment Selection"&amp#27;[0m&amp#27;[32m confirmation is displayed&amp#27;[0m         &amp#27;[90m# stepDefinition.GeneralStep.modal_confirmation_is_displayed(java.lang.String)&amp#27;[0m
  &amp#27;[32mWhen &amp#27;[0m&amp#27;[32muser choose item &amp#27;[0m&amp#27;[32m&amp#27;[1m"Trypsin"&amp#27;[0m&amp#27;[32m in modal select&amp#27;[0m                            &amp#27;[90m# stepDefinition.GeneralStep.user_choose_item_in_modal_select(java.lang.String)&amp#27;[0m
  &amp#27;[32mThen &amp#27;[0m&amp#27;[32m&amp#27;[0m&amp#27;[32m&amp#27;[1m"Trypsin"&amp#27;[0m&amp#27;[32m item is selected in the modal&amp#27;[0m                               &amp#27;[90m# stepDefinition.GeneralStep.item_is_selected_in_the_modal]]></system-out>
    <system-err><![CDATA[[main] INFO io.github.bonigarcia.wdm.WebDriverManager - Using chromedriver 104.0.5112.79 (resolved driver for Chrome 104)
[main] INFO io.github.bonigarcia.wdm.WebDriverManager - Exporting webdriver.chrome.driver as C:\Users\smith\.cache\selenium\chromedriver\win32\104.0.5112.79\chromedriver.exe
Starting ChromeDriver 104.0.5112.79 (3cf3e8c8a07d104b9e1260c910efb8f383285dc5-refs/branch-heads/5112@{#1307}) on port 56106
Only local connections are allowed.
Please see https://chromedriver.chromium.org/security-considerations for suggestions on keeping ChromeDriver safe.
ChromeDriver was started successfully.
Aug 26, 2022 10:27:33 AM org.openqa.selenium.remote.ProtocolHandshake createSession
INFO: Detected upstream dialect: W3C
Aug 26, 2022 10:27:33 AM org.openqa.selenium.devtools.CdpVersionFinder findNearestMatch
INFO: Found exact CDP implementation for version 104
[AsyncHttpClient-1-7] WARN org.asynchttpclient.netty.handler.WebSocketHandler - onError
java.net.SocketException: Connection reset
	at java.base/sun.nio.ch.SocketChannelImpl.throwConnectionReset(SocketChannelImpl.java:394)
	at java.base/sun.nio.ch.SocketChannelImpl.read(SocketChannelImpl.java:426)
	at io.netty.buffer.PooledByteBuf.setBytes(PooledByteBuf.java:258)
	at io.netty.buffer.AbstractByteBuf.writeBytes(AbstractByteBuf.java:1132)
	at io.netty.channel.socket.nio.NioSocketChannel.doReadBytes(NioSocketChannel.java:357)
	at io.netty.channel.nio.AbstractNioByteChannel$NioByteUnsafe.read(AbstractNioByteChannel.java:151)
	at io.netty.channel.nio.NioEventLoop.processSelectedKey(NioEventLoop.java:722)
	at io.netty.channel.nio.NioEventLoop.processSelectedKeysOptimized(NioEventLoop.java:658)
	at io.netty.channel.nio.NioEventLoop.processSelectedKeys(NioEventLoop.java:584)
	at io.netty.channel.nio.NioEventLoop.run(NioEventLoop.java:496)
	at io.netty.util.concurrent.SingleThreadEventExecutor$4.run(SingleThreadEventExecutor.java:997)
	at io.netty.util.internal.ThreadExecutorMap$2.run(ThreadExecutorMap.java:74)
	at io.netty.util.concurrent.FastThreadLocalRunnable.run(FastThreadLocalRunnable.java:30)
	at java.base/java.lang.Thread.run(Thread.java:833)
Aug 26, 2022 10:27:46 AM org.openqa.selenium.remote.http.WebSocket$Listener onError
WARNING: Connection reset
java.net.SocketException: Connection reset
	at java.base/sun.nio.ch.SocketChannelImpl.throwConnectionReset(SocketChannelImpl.java:394)
	at java.base/sun.nio.ch.SocketChannelImpl.read(SocketChannelImpl.java:426)
	at io.netty.buffer.PooledByteBuf.setBytes(PooledByteBuf.java:258)
	at io.netty.buffer.AbstractByteBuf.writeBytes(AbstractByteBuf.java:1132)
	at io.netty.channel.socket.nio.NioSocketChannel.doReadBytes(NioSocketChannel.java:357)
	at io.netty.channel.nio.AbstractNioByteChannel$NioByteUnsafe.read(AbstractNioByteChannel.java:151)
	at io.netty.channel.nio.NioEventLoop.processSelectedKey(NioEventLoop.java:722)
	at io.netty.channel.nio.NioEventLoop.processSelectedKeysOptimized(NioEventLoop.java:658)
	at io.netty.channel.nio.NioEventLoop.processSelectedKeys(NioEventLoop.java:584)
	at io.netty.channel.nio.NioEventLoop.run(NioEventLoop.java:496)
	at io.netty.util.concurrent.SingleThreadEventExecutor$4.run(SingleThreadEventExecutor.java:997)
	at io.netty.util.internal.ThreadExecutorMap$2.run(ThreadExecutorMap.java:74)
	at io.netty.util.concurrent.FastThreadLocalRunnable.run(FastThreadLocalRunnable.java:30)
	at java.base/java.lang.Thread.run(Thread.java:833)

]]></system-err>
  </testcase>
  <testcase name="Create New Cell Line" classname="CC-1044:Create new Cell Line by filling required fields only" time="13.618">
    <system-out><![CDATA[browser value is: chromeheadless
(java.lang.String)&amp#27;[0m
  &amp#27;[32mWhen &amp#27;[0m&amp#27;[32muser clicks on &amp#27;[0m&amp#27;[32m&amp#27;[1m"OK"&amp#27;[0m&amp#27;[32m button&amp#27;[0m                                            &amp#27;[90m# stepDefinition.GeneralStep.user_clicks_on_button(java.lang.String)&amp#27;[0m
  &amp#27;[32mThen &amp#27;[0m&amp#27;[32mselect box &amp#27;[0m&amp#27;[32m&amp#27;[1m"Detachment Reagent"&amp#27;[0m&amp#27;[32m filled by &amp#27;[0m&amp#27;[32m&amp#27;[1m"Trypsin"&amp#27;[0m                   &amp#27;[90m# stepDefinition.GeneralStep.select_box_filled_by(java.lang.String,java.lang.String)&amp#27;[0m
  &amp#27;[32mWhen &amp#27;[0m&amp#27;[32muser &amp#27;[0m&amp#27;[32m&amp#27;[1m"type"&amp#27;[0m&amp#27;[32m on box &amp#27;[0m&amp#27;[32m&amp#27;[1m"Detachment Reagent Volume"&amp#27;[0m&amp#27;[32m as &amp#27;[0m&amp#27;[32m&amp#27;[1m"600"&amp#27;[0m               &amp#27;[90m# stepDefinition.GeneralStep.user_on_box_as(java.lang.String,java.lang.String,java.lang.String)&amp#27;[0m
  &amp#27;[32mThen &amp#27;[0m&amp#27;[32mbox &amp#27;[0m&amp#27;[32m&amp#27;[1m"Detachment Reagent Volume"&amp#27;[0m&amp#27;[32m filled by &amp#27;[0m&amp#27;[32m&amp#27;[1m"600"&amp#27;[0m                       &amp#27;[90m# stepDefinition.GeneralStep.box_filled_by(java.lang.String,java.lang.String)&amp#27;[0m
  &amp#27;[32mWhen &amp#27;[0m&amp#27;[32muser &amp#27;[0m&amp#27;[32m&amp#27;[1m"type"&amp#27;[0m&amp#27;[32m on box &amp#27;[0m&amp#27;[32m&amp#27;[1m"Detachment Reagent Incubation Time"&amp#27;[0m&amp#27;[32m as &amp#27;[0m&amp#27;[32m&amp#27;[1m"15"&amp#27;[0m       &amp#27;[90m# stepDefinition.GeneralStep.user_on_box_as(java.lang.String,java.lang.String,java.lang.String)&amp#27;[0m
  &amp#27;[32mThen &amp#27;[0m&amp#27;[32mbox &amp#27;[0m&amp#27;[32m&amp#27;[1m"Detachment Reagent Incubation Time"&amp#27;[0m&amp#27;[32m filled by &amp#27;[0m&amp#27;[32m&amp#27;[1m"15"&amp#27;[0m               &amp#27;[90m# stepDefinition.GeneralStep.box_filled_by(java.lang.String,java.lang.String)&amp#27;[0m
  &amp#27;[32mWhen &amp#27;[0m&amp#27;[32muser &amp#27;[0m&amp#27;[32m&amp#27;[1m"type"&amp#27;[0m&amp#27;[32m on box &amp#27;[0m&amp#27;[32m&amp#27;[1m"Passage Ratio"&amp#27;[0m&amp#27;[32m as &amp#27;[0m&amp#27;[32m&amp#27;[1m"3"&amp#27;[0m                             &amp#27;[90m# stepDefinition.GeneralStep.user_on_box_as(java.lang.String,java.lang.String,java.lang.String)&amp#27;[0m
  &amp#27;[32mThen &amp#27;[0m&amp#27;[32mbox &amp#27;[0m&amp#27;[32m&amp#27;[1m"Passage Ratio"&amp#27;[0m&amp#27;[32m filled by &amp#27;[0m&amp#27;[32m&amp#27;[1m"3"&amp#27;[0m                                     &amp#27;[90m# stepDefinition.GeneralStep.box_filled_by(java.lang.String,java.lang.String)&amp#27;[0m
  &amp#27;[32mWhen &amp#27;[0m&amp#27;[32muser &amp#27;[0m&amp#27;[32m&amp#27;[1m"type"&amp#27;[0m&amp#27;[32m on box &amp#27;[0m&amp#27;[32m&amp#27;[1m"Adhering Time"&amp#27;[0m&amp#27;[32m as &amp#27;[0m&amp#27;[32m&amp#27;[1m"6"&amp#27;[0m                             &amp#27;[90m# stepDefinition.GeneralStep.user_on_box_as(java.lang.String,java.lang.String,java.lang.String)&amp#27;[0m
  &amp#27;[32mThen &amp#27;[0m&amp#27;[32mbox &amp#27;[0m&amp#27;[32m&amp#27;[1m"Adhering Time"&amp#27;[0m&amp#27;[32m filled by &amp#27;[0m&amp#27;[32m&amp#27;[1m"6"&amp#27;[0m                                     &amp#27;[90m# stepDefinition.GeneralStep.box_filled_by(java.lang.String,java.lang.String)&amp#27;[0m
  &amp#27;[32mWhen &amp#27;[0m&amp#27;[32muser type on box Imaging Interval as &amp#27;[0m&amp#27;[32m&amp#27;[1m"48"&amp#27;[0m                             &amp#27;[90m# stepDefinition.CellLineStep.user_type_on_box_imaging_interval_as(java.lang.String)&amp#27;[0m
  &amp#27;[32mThen &amp#27;[0m&amp#27;[32mbox Imaging Interval filled by &amp#27;[0m&amp#27;[32m&amp#27;[1m"48"&amp#27;[0m                                   &amp#27;[90m# stepDefinition.CellLineStep.box_Imaging_interval_filled_by(java.lang.String)&amp#27;[0m
  &amp#27;[32mWhen &amp#27;[0m&amp#27;[32muser &amp#27;[0m&amp#27;[32m&amp#27;[1m"type"&amp#27;[0m&amp#27;[32m on box &amp#27;[0m&amp#27;[32m&amp#27;[1m"Estimated Doubling Time"&amp#27;[0m&amp#27;[32m as &amp#27;[0m&amp#27;[32m&amp#27;[1m"48"&amp#27;[0m                  &amp#27;[90m# stepDefinition.GeneralStep.user_on_box_as(java.lang.String,java.lang.String,java.lang.String)&amp#27;[0m
  &amp#27;[32mThen &amp#27;[0m&amp#27;[32mbox &amp#27;[0m&amp#27;[32m&amp#27;[1m"Estimated Doubling Time"&amp#27;[0m&amp#27;[32m filled by &amp#27;[0m&amp#27;[32m&amp#27;[1m"48"&amp#27;[0m                          &amp#27;[90m# stepDefinition.GeneralStep.box_filled_by(java.lang.String,java.lang.String)&amp#27;[0m
  &amp#27;[32mWhen &amp#27;[0m&amp#27;[32muser &amp#27;[0m&amp#27;[32m&amp#27;[1m"type"&amp#27;[0m&amp#27;[32m on box &amp#27;[0m&amp#27;[32m&amp#27;[1m"Cell Density/cm2"&amp#27;[0m&amp#27;[32m as &amp#27;[0m&amp#27;[32m&amp#27;[1m"9"&amp#27;[0m                          &amp#27;[90m# stepDefinition.GeneralStep.user_on_box_as(java.lang.String,java.lang.String,java.lang.String)&amp#27;[0m
  &amp#27;[32mThen &amp#27;[0m&amp#27;[32mbox &amp#27;[0m&amp#27;[32m&amp#27;[1m"Cell Density/cm2"&amp#27;[0m&amp#27;[32m filled by &amp#27;[0m&amp#27;[32m&amp#27;[1m"9"&amp#27;[0m                                  &amp#27;[90m# stepDefinition.GeneralStep.box_filled_by(java.lang.String,java.lang.String)&amp#27;[0m
  &amp#27;[32mWhen &amp#27;[0m&amp#27;[32muser &amp#27;[0m&amp#27;[32m&amp#27;[1m"type"&amp#27;[0m&amp#27;[32m on box Cell Dye Ratio as &amp#27;[0m&amp#27;[32m&amp#27;[1m"1"&amp#27;[0m&amp#27;[32m to &amp#27;[0m&amp#27;[32m&amp#27;[1m"1"&amp#27;[0m                       &amp#27;[90m# stepDefinition.CellLineStep.user_on_box_cell_dye_ratio_as_to(java.lang.String,java.lang.String,java.lang.String)&amp#27;[0m
  &amp#27;[32mThen &amp#27;[0m&amp#27;[32mbox Cell Dye Ratio filled by &amp#27;[0m&amp#27;[32m&amp#27;[1m"1"&amp#27;[0m&amp#27;[32m to &amp#27;[0m&amp#27;[32m&amp#27;[1m"1"&amp#27;[0m                               &amp#27;[90m# stepDefinition.CellLineStep.box_cell_dye_ratio_filled_by_to(java.lang.String,java.lang.String)&amp#27;[0m
  &amp#27;[32mWhen &amp#27;[0m&amp#27;[32muser clicks on &amp#27;[0m&amp#27;[32m&amp#27;[1m"Save"&amp#27;[0m&amp#27;[32m button&amp#27;[0m                                          &amp#27;[90m# stepDefinition.GeneralStep.user_clicks_on_button(java.lang.String)&amp#27;[0m
  &amp#27;[32mThen &amp#27;[0m&amp#27;[32mnotification &amp#27;[0m&amp#27;[32m&amp#27;[1m"Success"&amp#27;[0m&amp#27;[32m and &amp#27;[0m&amp#27;[32m&amp#27;[1m"Cell Lines has been created"&amp#27;[0m&amp#27;[32m is displayed&amp#27;[0m &amp#27;[90m# stepDefinition.GeneralStep.notification_and_is_displayed(java.lang.String,java.lang.String)&amp#27;[0m
  &amp#27;[32mAnd &amp#27;[0m&amp#27;[32muser is navigated to &amp#27;[0m&amp#27;[32m&amp#27;[1m"Cell Line"&amp#27;[0m&amp#27;[32m page&amp#27;[0m                                  &amp#27;[90m# stepDefinition.GeneralStep.user_is_navigated_to_page(java.lang.String)&amp#27;[0m
  &amp#27;[32mWhen &amp#27;[0m&amp#27;[32muser clicks detail button of item &amp#27;[0m&amp#27;[32m&amp#27;[1m"my cell 1"&amp#27;[0m                         &amp#27;[90m# stepDefinition.GeneralStep.user_clicks_detail_button_of_item(java.lang.String)&amp#27;[0m
  &amp#27;[32mThen &amp#27;[0m&amp#27;[32mdata new cell line will show&amp#27;[0m                                          &amp#27;[90m# stepDefinition.GeneralStep.data_new_cell_line_will_show(io.cucumber.datatable.DataTable)&amp#27;[0m
    | Name      | Organism | Tissue | Morphology | Disease           | Notes                        | Passage After  | Media Selection | Media Replacement | Detachment Reagent | Detachment Reagent Volume | Detachment Reagent Incubation Time | Passage Ratio | Adhering Time | Using Imaging | Estimated Doubling Time | Cell Density/cm2 | Cell Dilution Ratio | Dye Dilution Ratio |
    | my cell 1 | Mouse    | Embryo | Fibroblast | mimic human liver | sample cell from mouse liver | 80% Confluency | DMEM FBS 10     | 100%              | Trypsin            | 600.0 ÂµL                  | 15 minute(s)                       | 1 : 3         | 6 hour(s)     | Yes           | 48 hour(s)              | 90000 x104       | 1                   | 1                  |

@cellline @CC-1044_Create_new_Cell_Line_by_filling_required_fields_only
Scenario: Create New Cell Line                                               &amp#27;[90m# src/test/resources/features/Cell Line Manager/Create Cell Lines/CC-1044_Create new Cell Line by filling required fields only.feature:17&amp#27;[0m
  &amp#27;[32mGiven &amp#27;[0m&amp#27;[32muser has already logged in to application with this credentials&amp#27;[0m      &amp#27;[90m# stepDefinition.LoginPageStep.user_has_already_logged_in_to_application_with_this_credentials(io.cucumber.datatable.DataTable)&amp#27;[0m
    | username | password |
    | admin    | admin    |
  &amp#27;[32mAnd &amp#27;[0m&amp#27;[32muser is navigated to &amp#27;[0m&amp#27;[32m&amp#27;[1m"Dashboard"&amp#27;[0m&amp#27;[32m page&amp#27;[0m                                  &amp#27;[90m# stepDefinition.GeneralStep.user_is_navigated_to_page(java.lang.String)&amp#27;[0m
  &amp#27;[32mWhen &amp#27;[0m&amp#27;[32muser clicks on menu &amp#27;[0m&amp#27;[32m&amp#27;[1m"Cell Line"&amp#27;[0m                                       &amp#27;[90m# stepDefinition.GeneralStep.user_clicks_on_menu(java.lang.String)&amp#27;[0m
  &amp#27;[32mThen &amp#27;[0m&amp#27;[32muser is navigated to &amp#27;[0m&amp#27;[32m&amp#27;[1m"Cell Line"&amp#27;[0m&amp#27;[32m page&amp#27;[0m                                 &amp#27;[90m# stepDefinition.GeneralStep.user_is_navigated_to_page(java.lang.String)&amp#27;[0m
  &amp#27;[32mWhen &amp#27;[0m&amp#27;[32muser clicks on &amp#27;[0m&amp#27;[32m&amp#27;[1m"Create"&amp#27;[0m&amp#27;[32m button&amp#27;[0m                                        &amp#27;[90m# stepDefinition.GeneralStep.user_clicks_on_button(java.lang.String)&amp#27;[0m
  &amp#27;[32mThen &amp#27;[0m&amp#27;[32muser is navigated to &amp#27;[0m&amp#27;[32m&amp#27;[1m"Create Cell Lines"&amp#27;[0m&amp#27;[32m page&amp#27;[0m                         &amp#27;[90m# stepDefinition.GeneralStep.user_is_navigated_to_page(java.lang.String)&amp#27;[0m
  &amp#27;[32mWhen &amp#27;[0m&amp#27;[32muser &amp#27;[0m&amp#27;[32m&amp#27;[1m"type"&amp#27;[0m&amp#27;[32m &amp#27;[0m&amp#27;[32m&amp#27;[1m"my cell 2"&amp#27;[0m&amp#27;[32m in &amp#27;[0m&amp#27;[32m&amp#27;[1m"name"&amp#27;[0m&amp#27;[32m textbox&amp#27;[0m                             &amp#27;[90m# stepDefinition.GeneralStep.user_in_textbox(java.lang.String,java.lang.String,java.lang.String)&amp#27;[0m
  &amp#27;[32mThen &amp#27;[0m&amp#27;[32mtextbox &amp#27;[0m&amp#27;[32m&amp#27;[1m"name"&amp#27;[0m&amp#27;[32m will fill by &amp#27;[0m&amp#27;[32m&amp#27;[1m"my cell 2"&amp#27;[0m                               &amp#27;[90m# stepDefinition.GeneralStep.textbox_will_fill_by(java.lang.String,java.lang.String)&amp#27;[0m
  &amp#27;[32mWhen &amp#27;[0m&amp#27;[32muser select &amp#27;[0m&amp#27;[32m&amp#27;[1m"confluency"&amp#27;[0m&amp#27;[32m radio&amp#27;[0m                                        &amp#27;[90m# stepDefinition.GeneralStep.user_select_radio(java.lang.String)&amp#27;[0m
  &amp#27;[32mThen &amp#27;[0m&amp#27;[32mradio &amp#27;[0m&amp#27;[32m&amp#27;[1m"confluency"&amp#27;[0m&amp#27;[32m is selected&amp#27;[0m                                        &amp#27;[90m# stepDefinition.GeneralStep.radio_is_selected(java.lang.String)&amp#27;[0m
  &amp#27;[32mAnd &amp#27;[0m&amp#27;[32mcheckbox &amp#27;[0m&amp#27;[32m&amp#27;[1m"Imaging Interval"&amp#27;[0m&amp#27;[32m is disable&amp#27;[0m                                 &amp#27;[90m# stepDefinition.CellLineStep.checkbox_is_disable(java.lang.String)&amp#27;[0m
  &amp#27;[32mWhen &amp#27;[0m&amp#27;[32muser type cell line confluency as &amp#27;[0m&amp#27;[32m&amp#27;[1m"80"&amp#27;[0m                                &amp#27;[90m# stepDefinition.CellLineStep.user_type_cell_line_confluency_as(java.lang.String)&amp#27;[0m
  &amp#27;[32mThen &amp#27;[0m&amp#27;[32mcell line confluency is filled by &amp#27;[0m&amp#27;[32m&amp#27;[1m"80"&amp#27;[0m                                &amp#27;[90m# stepDefinition.CellLineStep.cell_line_confluency_is_filled_by(java.lang.String)&amp#27;[0m
  &amp#27;[32mWhen &amp#27;[0m&amp#27;[32muser clicks on &amp#27;[0m&amp#27;[32m&amp#27;[1m"Media Selection"&amp#27;[0m&amp#27;[32m select box&amp#27;[0m                           &amp#27;[90m# stepDefinition.GeneralStep.user_clicks_on_select_box(java.lang.String)&amp#27;[0m
  &amp#27;[32mThen &amp#27;[0m&amp#27;[32mmodal &amp#27;[0m&amp#27;[32m&amp#27;[1m"Select Media Selection"&amp#27;[0m&amp#27;[32m confirmation is displayed&amp#27;[0m              &amp#27;[90m# stepDefinition.GeneralStep.modal_confirmation_is_displayed(java.lang.String)&amp#27;[0m
  &amp#27;[32mWhen &amp#27;[0m&amp#27;[32muser choose item &amp#27;[0m&amp#27;[32m&amp#27;[1m"DMEM FBS 10"&amp#27;[0m&amp#27;[32m in modal select&amp#27;[0m                        &amp#27;[90m# stepDefinition.GeneralStep.user_choose_item_in_modal_select(java.lang.String)&amp#27;[0m
  &amp#27;[32mThen &amp#27;[0m&amp#27;[32m&amp#27;[0m&amp#27;[32m&amp#27;[1m"DMEM FBS 10"&amp#27;[0m&amp#27;[32m item is selected in the modal&amp#27;[0m                           &amp#27;[90m# stepDefinition.GeneralStep.item_is_selected_in_the_modal(java.lang.String)&amp#27;[0m
  &amp#27;[32mWhen &amp#27;[0m&amp#27;[32muser clicks on &amp#27;[0m&amp#27;[32m&amp#27;[1m"OK"&amp#27;[0m&amp#27;[32m button&amp#27;[0m                                            &amp#27;[90m# stepDefinition.GeneralStep.user_clicks_on_button(java.lang.String)&amp#27;[0m
  &amp#27;[32mThen &amp#27;[0m&amp#27;[32mselect box &amp#27;[0m&amp#27;[32m&amp#27;[1m"Media Selection"&amp#27;[0m&amp#27;[32m filled by &amp#27;[0m&amp#27;[32m&amp#27;[1m"DMEM FBS 10"&amp#27;[0m                  &amp#27;[90m# stepDefinition.GeneralStep.select_box_filled_by(java.lang.String,java.lang.String)&amp#27;[0m
  &amp#27;[32mWhen &amp#27;[0m&amp#27;[32muser select &amp#27;[0m&amp#27;[32m&amp#27;[1m"100%"&amp#27;[0m&amp#27;[32m on Media Replacement persentage&amp#27;[0m                    &amp#27;[90m# stepDefinition.CellLineStep.user_select_on_media_replacement_persentage(java.lang.String)&amp#27;[0m
  &amp#27;[32mThen &amp#27;[0m&amp#27;[32mMedia Replacement persentage filled by &amp#27;[0m&amp#27;[32m&amp#27;[1m"100%"&amp#27;[0m                         &amp#27;[90m# stepDefinition.CellLineStep.media_replacement_persentage_filled_by(java.lang.String)&amp#27;[0m
  &amp#27;[32mWhen &amp#27;[0m&amp#27;[32muser &amp#27;[0m&amp#27;[32m&amp#27;[1m"type"&amp#27;[0m&amp#27;[32m on box &amp#27;[0m&amp#27;[32m&amp#27;[1m"Feeding Interval"&amp#27;[0m&amp#27;[32m as &amp#27;[0m&amp#27;[32m&amp#27;[1m"48"&amp#27;[0m                         &amp#27;[90m# stepDefinition.GeneralStep.user_on_box_as(java.lang.String,java.lang.String,java.lang.String)&amp#27;[0m
  &amp#27;[32mThen &amp#27;[0m&amp#27;[32mbox &amp#27;[0m&amp#27;[32m&amp#27;[1m"Feeding Interval"&amp#27;[0m&amp#27;[32m filled by &amp#27;[0m&amp#27;[32m&amp#27;[1m"48"&amp#27;[0m                                 &amp#27;[90m# stepDefinition.GeneralStep.box_filled_by(java.lang.String,java.lang.String)&amp#27;[0m
  &amp#27;[32mWhen &amp#27;[0m&amp#27;[32muser clicks on &amp#27;[0m&amp#27;[32m&amp#27;[1m"Detachment Reagent"&amp#27;[0m&amp#27;[32m select box&amp#27;[0m                        &amp#27;[90m# stepDefinition.GeneralStep.user_clicks_on_select_box(java.lang.String)&amp#27;[0m
  &amp#27;[32mThen &amp#27;[0m&amp#27;[32mmodal &amp#27;[0m&amp#27;[32m&amp#27;[1m"Select Detachment Selection"&amp#27;[0m&amp#27;[32m confirmation is displayed&amp#27;[0m         &amp#27;[90m# stepDefinition.GeneralStep.modal_confirmation_is_displayed(java.lang.String)&amp#27;[0m
  &amp#27;[32mWhen &amp#27;[0m&amp#27;[32muser choose item &amp#27;[0m&amp#27;[32m&amp#27;[1m"Trypsin"&amp#27;[0m&amp#27;[32m in modal select&amp#27;[0m                            &amp#27;[90m# stepDefinition.GeneralStep.user_choose_item_in_modal_select(java.lang.String)&amp#27;[0m
  &amp#27;[32mThen &amp#27;[0m&amp#27;[32m&amp#27;[0m&amp#27;[32m&amp#27;[1m"Trypsin"&amp#27;[0m&amp#27;[32m item is selected in the modal&amp#27;[0m                               &amp#27;[90m# stepDefinition.GeneralStep.item_is_selected_in_the_modal(java.lang.String)&amp#27;[0m
  &amp#27;[32mWhen &amp#27;[0m&amp#27;[32muser clicks on &amp#27;[0m&amp#27;[32m&amp#27;[1m"OK"&amp#27;[0m&amp#27;[32m button&amp#27;[0m                                            &amp#27;[90m# stepDefinition.GeneralStep.user_clicks_on_button(java.lang.String)&amp#27;[0m
  &amp#27;[32mThen &amp#27;[0m&amp#27;[32mselect box &amp#27;[0m&amp#27;[32m&amp#27;[1m"Detachment Reagent"&amp#27;[0m&amp#27;[32m filled by &amp#27;[0m&amp#27;[32m&amp#27;[1m"Trypsin"&amp#27;[0m                   &amp#27;[90m# stepDefinition.GeneralStep.select_box_filled_by(java.lang.String,java.lang.String)&amp#27;[0m
  &amp#27;[32mWhen &amp#27;[0m&amp#27;[32muser &amp#27;[0m&amp#27;[32m&amp#27;[1m"type"&amp#27;[0m&amp#27;[32m on box &amp#27;[0m&amp#27;[32m&amp#27;[1m"Detachment Reagent Volume"&amp#27;[0m&amp#27;[32m as &amp#27;[0m&amp#27;[32m&amp#27;[1m"600"&amp#27;[0m               &amp#27;[90m# stepDefinition.GeneralStep.user_on_box_as(java.lang.String,java.lang.String,java.lang.String)&amp#27;[0m
  &amp#27;[32mThen &amp#27;[0m&amp#27;[32mbox &amp#27;[0m&amp#27;[32m&amp#27;[1m"Detachment Reagent Volume"&amp#27;[0m&amp#27;[32m filled by &amp#27;[0m&amp#27;[32m&amp#27;[1m"600"&amp#27;[0m                       &amp#27;[90m# stepDefinition.GeneralStep.box_filled_by(java.lang.String,java.lang.String)&amp#27;[0m
  &amp#27;[32mWhen &amp#27;[0m&amp#27;[32muser &amp#27;[0m&amp#27;[32m&amp#27;[1m"type"&amp#27;[0m&amp#27;[32m on box &amp#27;[0m&amp#27;[32m&amp#27;[1m"Detachment Reagent Incubation Time"&amp#27;[0m&amp#27;[32m as &amp#27;[0m&amp#27;[32m&amp#27;[1m"15"&amp#27;[0m       &amp#27;[90m# stepDefinition.GeneralStep.user_on_box_as(java.lang.String,java.lang.String,java.lang.String)&amp#27;[0m
  &amp#27;[32mThen &amp#27;[0m&amp#27;[32mbox &amp#27;[0m&amp#27;[32m&amp#27;[1m"Detachment Reagent Incubation Time"&amp#27;[0m&amp#27;[32m filled by &amp#27;[0m&amp#27;[32m&amp#27;[1m"15"&amp#27;[0m               &amp#27;[90m# stepDefinition.GeneralStep.box_filled_by(java.lang.String,java.lang.String)&amp#27;[0m
  &amp#27;[32mWhen &amp#27;[0m&amp#27;[32muser &amp#27;[0m&amp#27;[32m&amp#27;[1m"type"&amp#27;[0m&amp#27;[32m on box &amp#27;[0m&amp#27;[32m&amp#27;[1m"Passage Ratio"&amp#27;[0m&amp#27;[32m as &amp#27;[0m&amp#27;[32m&amp#27;[1m"3"&amp#27;[0m                             &amp#27;[90m# stepDefinition.GeneralStep.user_on_box_as(java.lang.String,java.lang.String,java.lang.String)&amp#27;[0m
  &amp#27;[32mThen &amp#27;[0m&amp#27;[32mbox &amp#27;[0m&amp#27;[32m&amp#27;[1m"Passage Ratio"&amp#27;[0m&amp#27;[32m filled by &amp#27;[0m&amp#27;[32m&amp#27;[1m"3"&amp#27;[0m                                     &amp#27;[90m# stepDefinition.GeneralStep.box_filled_by(java.lang.String,java.lang.String)&amp#27;[0m
  &amp#27;[32mWhen &amp#27;[0m&amp#27;[32muser &amp#27;[0m&amp#27;[32m&amp#27;[1m"type"&amp#27;[0m&amp#27;[32m on box &amp#27;[0m&amp#27;[32m&amp#27;[1m"Adhering Time"&amp#27;[0m&amp#27;[32m as &amp#27;[0m&amp#27;[32m&amp#27;[1m"6"&amp#27;[0m                             &amp#27;[90m# stepDefinition.GeneralStep.user_on_box_as(java.lang.String,java.lang.String,java.lang.String)&amp#27;[0m
  &amp#27;[32mThen &amp#27;[0m&amp#27;[32mbox &amp#27;[0m&amp#27;[32m&amp#27;[1m"Adhering Time"&amp#27;[0m&amp#27;[32m filled by &amp#27;[0m&amp#27;[32m&amp#27;[1m"6"&amp#27;[0m                                     &amp#27;[90m# stepDefinition.GeneralStep.box_filled_by(java.lang.String,java.lang.String)&amp#27;[0m
  &amp#27;[32mWhen &amp#27;[0m&amp#27;[32muser type on box Imaging Interval as &amp#27;[0m&amp#27;[32m&amp#27;[1m"48"&amp#27;[0m                             &amp#27;[90m# stepDefinition.CellLineStep.user_type_on_box_imaging_interval_as(java.lang.String)&amp#27;[0m
  &amp#27;[32mThen &amp#27;[0m&amp#27;[32mbox Imaging Interval filled by &amp#27;[0m&amp#27;[32m&amp#27;[1m"48"&amp#27;[0m                                   &amp#27;[90m# stepDefinition.CellLineStep.box_Imaging_interval_filled_by(java.lang.String)&amp#27;[0m
  &amp#27;[32mWhen &amp#27;[0m&amp#27;[32muser &amp#27;[0m&amp#27;[32m&amp#27;[1m"type"&amp#27;[0m&amp#27;[32m on box &amp#27;[0m&amp#27;[32m&amp#27;[1m"Estimated Doubling Time"&amp#27;[0m&amp#27;[32m as &amp#27;[0m&amp#27;[32m&amp#27;[1m"48"&amp#27;[0m                  &amp#27;[90m# stepDefinition.GeneralStep.user_on_box_as(java.lang.String,java.lang.String,java.lang.String)&amp#27;[0m
  &amp#27;[32mThen &amp#27;[0m&amp#27;[32mbox &amp#27;[0m&amp#27;[32m&amp#27;[1m"Estimated Doubling Time"&amp#27;[0m&amp#27;[32m filled by &amp#27;[0m&amp#27;[32m&amp#27;[1m"48"&amp#27;[0m                          &amp#27;[90m# stepDefinition.GeneralStep.box_filled_by(java.lang.String,java.lang.String)&amp#27;[0m
  &amp#27;[32mWhen &amp#27;[0m&amp#27;[32muser &amp#27;[0m&amp#27;[32m&amp#27;[1m"type"&amp#27;[0m&amp#27;[32m on box Cell Dye Ratio as &amp#27;[0m&amp#27;[32m&amp#27;[1m"1"&amp#27;[0m&amp#27;[32m to &amp#27;[0m&amp#27;[32m&amp#27;[1m"1"&amp#27;[0m                       &amp#27;[90m# stepDefinition.CellLineStep.user_on_box_cell_dye_ratio_as_to(java.lang.String,java.lang.String,java.lang.String)&amp#27;[0m
  &amp#27;[32mThen &amp#27;[0m&amp#27;[32mbox Cell Dye Ratio filled by &amp#27;[0m&amp#27;[32m&amp#27;[1m"1"&amp#27;[0m&amp#27;[32m to &amp#27;[0m&amp#27;[32m&amp#27;[1m"1"&amp#27;[0m                               &amp#27;[90m# stepDefinition.CellLineStep.box_cell_dye_ratio_filled_by_to(java.lang.String,java.lang.String)&amp#27;[0m
  &amp#27;[32mWhen &amp#27;[0m&amp#27;[32muser clicks on &amp#27;[0m&amp#27;[32m&amp#27;[1m"Save"&amp#27;[0m&amp#27;[32m button&amp#27;[0m                                          &amp#27;[90m# stepDefinition.GeneralStep.user_clicks_on_button(java.lang.String)&amp#27;[0m
  &amp#27;[32mThen &amp#27;[0m&amp#27;[32mnotification &amp#27;[0m&amp#27;[32m&amp#27;[1m"Success"&amp#27;[0m&amp#27;[32m and &amp#27;[0m&amp#27;[32m&amp#27;[1m"Cell Lines has been created"&amp#27;[0m&amp#27;[32m is displayed&amp#27;[0m &amp#27;[90m# stepDefinition.GeneralStep.notification_and_is_displayed(java.lang.String,java.lang.String)&amp#27;[0m
  &amp#27;[32mAnd &amp#27;[0m&amp#27;[32muser is navigated to &amp#27;[0m&amp#27;[32m&amp#27;[1m"Cell Line"&amp#27;[0m&amp#27;[32m page&amp#27;[0m                                  &amp#27;[90m# stepDefinition.GeneralStep.user_is_navigated_to_page(java.lang.String)&amp#27;[0m
  &amp#27;[32mWhen &amp#27;[0m&amp#27;[32muser clicks detail button of item &amp#27;[0m&amp#27;[32m&amp#27;[1m"my cell 2"&amp#27;[0m               ]]></system-out>
    <system-err><![CDATA[[main] INFO io.github.bonigarcia.wdm.WebDriverManager - Using chromedriver 104.0.5112.79 (resolved driver for Chrome 104)
[main] INFO io.github.bonigarcia.wdm.WebDriverManager - Exporting webdriver.chrome.driver as C:\Users\smith\.cache\selenium\chromedriver\win32\104.0.5112.79\chromedriver.exe
Starting ChromeDriver 104.0.5112.79 (3cf3e8c8a07d104b9e1260c910efb8f383285dc5-refs/branch-heads/5112@{#1307}) on port 51180
Only local connections are allowed.
Please see https://chromedriver.chromium.org/security-considerations for suggestions on keeping ChromeDriver safe.
ChromeDriver was started successfully.
Aug 26, 2022 10:27:48 AM org.openqa.selenium.remote.ProtocolHandshake createSession
INFO: Detected upstream dialect: W3C
Aug 26, 2022 10:27:48 AM org.openqa.selenium.devtools.CdpVersionFinder findNearestMatch
INFO: Found exact CDP implementation for version 104
[AsyncHttpClient-1-2] WARN org.asynchttpclient.netty.handler.WebSocketHandler - onError
java.net.SocketException: Connection reset
	at java.base/sun.nio.ch.SocketChannelImpl.throwConnectionReset(SocketChannelImpl.java:394)
	at java.base/sun.nio.ch.SocketChannelImpl.read(SocketChannelImpl.java:426)
	at io.netty.buffer.PooledByteBuf.setBytes(PooledByteBuf.java:258)
	at io.netty.buffer.AbstractByteBuf.writeBytes(AbstractByteBuf.java:1132)
	at io.netty.channel.socket.nio.NioSocketChannel.doReadBytes(NioSocketChannel.java:357)
	at io.netty.channel.nio.AbstractNioByteChannel$NioByteUnsafe.read(AbstractNioByteChannel.java:151)
	at io.netty.channel.nio.NioEventLoop.processSelectedKey(NioEventLoop.java:722)
	at io.netty.channel.nio.NioEventLoop.processSelectedKeysOptimized(NioEventLoop.java:658)
	at io.netty.channel.nio.NioEventLoop.processSelectedKeys(NioEventLoop.java:584)
	at io.netty.channel.nio.NioEventLoop.run(NioEventLoop.java:496)
	at io.netty.util.concurrent.SingleThreadEventExecutor$4.run(SingleThreadEventExecutor.java:997)
	at io.netty.util.internal.ThreadExecutorMap$2.run(ThreadExecutorMap.java:74)
	at io.netty.util.concurrent.FastThreadLocalRunnable.run(FastThreadLocalRunnable.java:30)
	at java.base/java.lang.Thread.run(Thread.java:833)
Aug 26, 2022 10:28:00 AM org.openqa.selenium.remote.http.WebSocket$Listener onError
WARNING: Connection reset
java.net.SocketException: Connection reset
	at java.base/sun.nio.ch.SocketChannelImpl.throwConnectionReset(SocketChannelImpl.java:394)
	at java.base/sun.nio.ch.SocketChannelImpl.read(SocketChannelImpl.java:426)
	at io.netty.buffer.PooledByteBuf.setBytes(PooledByteBuf.java:258)
	at io.netty.buffer.AbstractByteBuf.writeBytes(AbstractByteBuf.java:1132)
	at io.netty.channel.socket.nio.NioSocketChannel.doReadBytes(NioSocketChannel.java:357)
	at io.netty.channel.nio.AbstractNioByteChannel$NioByteUnsafe.read(AbstractNioByteChannel.java:151)
	at io.netty.channel.nio.NioEventLoop.processSelectedKey(NioEventLoop.java:722)
	at io.netty.channel.nio.NioEventLoop.processSelectedKeysOptimized(NioEventLoop.java:658)
	at io.netty.channel.nio.NioEventLoop.processSelectedKeys(NioEventLoop.java:584)
	at io.netty.channel.nio.NioEventLoop.run(NioEventLoop.java:496)
	at io.netty.util.concurrent.SingleThreadEventExecutor$4.run(SingleThreadEventExecutor.java:997)
	at io.netty.util.internal.ThreadExecutorMap$2.run(ThreadExecutorMap.java:74)
	at io.netty.util.concurrent.FastThreadLocalRunnable.run(FastThreadLocalRunnable.java:30)
	at java.base/java.lang.Thread.run(Thread.java:833)

]]></system-err>
  </testcase>
  <testcase name="Create New Cell Line" classname="CC-1045:Create new Cell Line by filling not required fields only" time="8.031">
    <system-out><![CDATA[browser value is: chromeheadless
]]></system-out>
    <system-err><![CDATA[[main] INFO io.github.bonigarcia.wdm.WebDriverManager - Using chromedriver 104.0.5112.79 (resolved driver for Chrome 104)
[main] INFO io.github.bonigarcia.wdm.WebDriverManager - Exporting webdriver.chrome.driver as C:\Users\smith\.cache\selenium\chromedriver\win32\104.0.5112.79\chromedriver.exe
Starting ChromeDriver 104.0.5112.79 (3cf3e8c8a07d104b9e1260c910efb8f383285dc5-refs/branch-heads/5112@{#1307}) on port 61267
Only local connections are allowed.
Please see https://chromedriver.chromium.org/security-considerations for suggestions on keeping ChromeDriver safe.
ChromeDriver was started successfully.
Aug 26, 2022 10:28:01 AM org.openqa.selenium.remote.ProtocolHandshake createSession
INFO: Detected upstream dialect: W3C
Aug 26, 2022 10:28:01 AM org.openqa.selenium.devtools.CdpVersionFinder findNearestMatch
INFO: Found exact CDP implementation for version 104
[AsyncHttpClient-1-5] WARN org.asynchttpclient.netty.handler.WebSocketHandler - onError
java.net.SocketException: Connection reset
	at java.base/sun.nio.ch.SocketChannelImpl.throwConnectionReset(SocketChannelImpl.java:394)
	at java.base/sun.nio.ch.SocketChannelImpl.read(SocketChannelImpl.java:426)
	at io.netty.buffer.PooledByteBuf.setBytes(PooledByteBuf.java:258)
	at io.netty.buffer.AbstractByteBuf.writeBytes(AbstractByteBuf.java:1132)
	at io.netty.channel.socket.nio.NioSocketChannel.doReadBytes(NioSocketChannel.java:357)
	at io.netty.channel.nio.AbstractNioByteChannel$NioByteUnsafe.read(AbstractNioByteChannel.java:151)
	at io.netty.channel.nio.NioEventLoop.processSelectedKey(NioEventLoop.java:722)
	at io.netty.channel.nio.NioEventLoop.processSelectedKeysOptimized(NioEventLoop.java:658)
	at io.netty.channel.nio.NioEventLoop.processSelectedKeys(NioEventLoop.java:584)
	at io.netty.channel.nio.NioEventLoop.run(NioEventLoop.java:496)
	at io.netty.util.concurrent.SingleThreadEventExecutor$4.run(SingleThreadEventExecutor.java:997)
	at io.netty.util.internal.ThreadExecutorMap$2.run(ThreadExecutorMap.java:74)
	at io.netty.util.concurrent.FastThreadLocalRunnable.run(FastThreadLocalRunnable.java:30)
	at java.base/java.lang.Thread.run(Thread.java:833)
Aug 26, 2022 10:28:08 AM org.openqa.selenium.remote.http.WebSocket$Listener onError
WARNING: Connection reset
java.net.SocketException: Connection reset
	at java.base/sun.nio.ch.SocketChannelImpl.throwConnectionReset(SocketChannelImpl.java:394)
	at java.base/sun.nio.ch.SocketChannelImpl.read(SocketChannelImpl.java:426)
	at io.netty.buffer.PooledByteBuf.setBytes(PooledByteBuf.java:258)
	at io.netty.buffer.AbstractByteBuf.writeBytes(AbstractByteBuf.java:1132)
	at io.netty.channel.socket.nio.NioSocketChannel.doReadBytes(NioSocketChannel.java:357)
	at io.netty.channel.nio.AbstractNioByteChannel$NioByteUnsafe.read(AbstractNioByteChannel.java:151)
	at io.netty.channel.nio.NioEventLoop.processSelectedKey(NioEventLoop.java:722)
	at io.netty.channel.nio.NioEventLoop.processSelectedKeysOptimized(NioEventLoop.java:658)
	at io.netty.channel.nio.NioEventLoop.processSelectedKeys(NioEventLoop.java:584)
	at io.netty.channel.nio.NioEventLoop.run(NioEventLoop.java:496)
	at io.netty.util.concurrent.SingleThreadEventExecutor$4.run(SingleThreadEventExecutor.java:997)
	at io.netty.util.internal.ThreadExecutorMap$2.run(ThreadExecutorMap.java:74)
	at io.netty.util.concurrent.FastThreadLocalRunnable.run(FastThreadLocalRunnable.java:30)
	at java.base/java.lang.Thread.run(Thread.java:833)

]]></system-err>
  </testcase>
  <testcase name="Create New Cell Line" classname="CC-1056:Create Cell Line which already exist" time="16.965">
    <system-out><![CDATA[browser value is: chromeheadless

my cell 2
my cell 1
          &amp#27;[90m# stepDefinition.GeneralStep.user_clicks_detail_button_of_item(java.lang.String)&amp#27;[0m
  &amp#27;[32mThen &amp#27;[0m&amp#27;[32mdata new cell line will show&amp#27;[0m                                          &amp#27;[90m# stepDefinition.GeneralStep.data_new_cell_line_will_show(io.cucumber.datatable.DataTable)&amp#27;[0m
    | Name      | Organism | Tissue | Morphology | Disease | Notes | Passage After  | Media Selection | Media Replacement | Detachment Reagent | Detachment Reagent Volume | Detachment Reagent Incubation Time | Passage Ratio | Adhering Time | Using Imaging | Estimated Doubling Time | Cell Density/cm2 | Cell Dilution Ratio | Dye Dilution Ratio |
    | my cell 2 | -        | -      | -          | -       | -     | 80% Confluency | DMEM FBS 10     | 100%              | Trypsin            | 600.0 ÂµL                  | 15 minute(s)                       | 1 : 3         | 6 hour(s)     | Yes           | 48 hour(s)              | x104             | 1                   | 1                  |

@cellline @CC-1045_Create_new_Cell_Line_by_filling_not_required_fields_only
Scenario: Create New Cell Line                                          &amp#27;[90m# src/test/resources/features/Cell Line Manager/Create Cell Lines/CC-1045_Create new Cell Line by filling not required fields only.feature:17&amp#27;[0m
  &amp#27;[32mGiven &amp#27;[0m&amp#27;[32muser has already logged in to application with this credentials&amp#27;[0m &amp#27;[90m# stepDefinition.LoginPageStep.user_has_already_logged_in_to_application_with_this_credentials(io.cucumber.datatable.DataTable)&amp#27;[0m
    | username | password |
    | admin    | admin    |
  &amp#27;[32mAnd &amp#27;[0m&amp#27;[32muser is navigated to &amp#27;[0m&amp#27;[32m&amp#27;[1m"Dashboard"&amp#27;[0m&amp#27;[32m page&amp#27;[0m                             &amp#27;[90m# stepDefinition.GeneralStep.user_is_navigated_to_page(java.lang.String)&amp#27;[0m
  &amp#27;[32mWhen &amp#27;[0m&amp#27;[32muser clicks on menu &amp#27;[0m&amp#27;[32m&amp#27;[1m"Cell Line"&amp#27;[0m                                  &amp#27;[90m# stepDefinition.GeneralStep.user_clicks_on_menu(java.lang.String)&amp#27;[0m
  &amp#27;[32mThen &amp#27;[0m&amp#27;[32muser is navigated to &amp#27;[0m&amp#27;[32m&amp#27;[1m"Cell Line"&amp#27;[0m&amp#27;[32m page&amp#27;[0m                            &amp#27;[90m# stepDefinition.GeneralStep.user_is_navigated_to_page(java.lang.String)&amp#27;[0m
  &amp#27;[32mWhen &amp#27;[0m&amp#27;[32muser clicks on &amp#27;[0m&amp#27;[32m&amp#27;[1m"Create"&amp#27;[0m&amp#27;[32m button&amp#27;[0m                                   &amp#27;[90m# stepDefinition.GeneralStep.user_clicks_on_button(java.lang.String)&amp#27;[0m
  &amp#27;[32mThen &amp#27;[0m&amp#27;[32muser is navigated to &amp#27;[0m&amp#27;[32m&amp#27;[1m"Create Cell Lines"&amp#27;[0m&amp#27;[32m page&amp#27;[0m                    &amp#27;[90m# stepDefinition.GeneralStep.user_is_navigated_to_page(java.lang.String)&amp#27;[0m
  &amp#27;[32mWhen &amp#27;[0m&amp#27;[32muser fill textbox &amp#27;[0m&amp#27;[32m&amp#27;[1m"organism"&amp#27;[0m&amp#27;[32m as &amp#27;[0m&amp#27;[32m&amp#27;[1m"Mouse"&amp#27;[0m                          &amp#27;[90m# stepDefinition.GeneralStep.user_fill_box_as(java.lang.String,java.lang.String)&amp#27;[0m
  &amp#27;[32mThen &amp#27;[0m&amp#27;[32mtextbox &amp#27;[0m&amp#27;[32m&amp#27;[1m"organism"&amp#27;[0m&amp#27;[32m filled by &amp#27;[0m&amp#27;[32m&amp#27;[1m"Mouse"&amp#27;[0m                             &amp#27;[90m# stepDefinition.GeneralStep.textbox_filled_by(java.lang.String,java.lang.String)&amp#27;[0m
  &amp#27;[32mWhen &amp#27;[0m&amp#27;[32muser fill textbox &amp#27;[0m&amp#27;[32m&amp#27;[1m"tissue"&amp#27;[0m&amp#27;[32m as &amp#27;[0m&amp#27;[32m&amp#27;[1m"Embryo"&amp#27;[0m                           &amp#27;[90m# stepDefinition.GeneralStep.user_fill_box_as(java.lang.String,java.lang.String)&amp#27;[0m
  &amp#27;[32mThen &amp#27;[0m&amp#27;[32mtextbox &amp#27;[0m&amp#27;[32m&amp#27;[1m"tissue"&amp#27;[0m&amp#27;[32m filled by &amp#27;[0m&amp#27;[32m&amp#27;[1m"Embryo"&amp#27;[0m                              &amp#27;[90m# stepDefinition.GeneralStep.textbox_filled_by(java.lang.String,java.lang.String)&amp#27;[0m
  &amp#27;[32mWhen &amp#27;[0m&amp#27;[32muser fill textbox &amp#27;[0m&amp#27;[32m&amp#27;[1m"morphology"&amp#27;[0m&amp#27;[32m as &amp#27;[0m&amp#27;[32m&amp#27;[1m"Fibroblast"&amp#27;[0m                   &amp#27;[90m# stepDefinition.GeneralStep.user_fill_box_as(java.lang.String,java.lang.String)&amp#27;[0m
  &amp#27;[32mThen &amp#27;[0m&amp#27;[32mtextbox &amp#27;[0m&amp#27;[32m&amp#27;[1m"morphology"&amp#27;[0m&amp#27;[32m filled by &amp#27;[0m&amp#27;[32m&amp#27;[1m"Fibroblast"&amp#27;[0m                      &amp#27;[90m# stepDefinition.GeneralStep.textbox_filled_by(java.lang.String,java.lang.String)&amp#27;[0m
  &amp#27;[32mWhen &amp#27;[0m&amp#27;[32muser &amp#27;[0m&amp#27;[32m&amp#27;[1m"type"&amp#27;[0m&amp#27;[32m &amp#27;[0m&amp#27;[32m&amp#27;[1m"mimic human liver"&amp#27;[0m&amp#27;[32m in &amp#27;[0m&amp#27;[32m&amp#27;[1m"disease"&amp#27;[0m&amp#27;[32m textbox&amp#27;[0m             &amp#27;[90m# stepDefinition.GeneralStep.user_in_textbox(java.lang.String,java.lang.String,java.lang.String)&amp#27;[0m
  &amp#27;[32mThen &amp#27;[0m&amp#27;[32mtextbox &amp#27;[0m&amp#27;[32m&amp#27;[1m"disease"&amp#27;[0m&amp#27;[32m will fill by &amp#27;[0m&amp#27;[32m&amp#27;[1m"mimic human liver"&amp#27;[0m               &amp#27;[90m# stepDefinition.GeneralStep.textbox_will_fill_by(java.lang.String,java.lang.String)&amp#27;[0m
  &amp#27;[32mWhen &amp#27;[0m&amp#27;[32muser &amp#27;[0m&amp#27;[32m&amp#27;[1m"type"&amp#27;[0m&amp#27;[32m &amp#27;[0m&amp#27;[32m&amp#27;[1m"sample cell from mouse liver"&amp#27;[0m&amp#27;[32m in &amp#27;[0m&amp#27;[32m&amp#27;[1m"notes"&amp#27;[0m&amp#27;[32m textbox&amp#27;[0m    &amp#27;[90m# stepDefinition.GeneralStep.user_in_textbox(java.lang.String,java.lang.String,java.lang.String)&amp#27;[0m
  &amp#27;[32mThen &amp#27;[0m&amp#27;[32mtextbox &amp#27;[0m&amp#27;[32m&amp#27;[1m"notes"&amp#27;[0m&amp#27;[32m will fill by &amp#27;[0m&amp#27;[32m&amp#27;[1m"sample cell from mouse liver"&amp#27;[0m      &amp#27;[90m# stepDefinition.GeneralStep.textbox_will_fill_by(java.lang.String,java.lang.String)&amp#27;[0m
  &amp#27;[32mWhen &amp#27;[0m&amp#27;[32muser &amp#27;[0m&amp#27;[32m&amp#27;[1m"type"&amp#27;[0m&amp#27;[32m on box &amp#27;[0m&amp#27;[32m&amp#27;[1m"Cell Density/cm2"&amp#27;[0m&amp#27;[32m as &amp#27;[0m&amp#27;[32m&amp#27;[1m"9"&amp#27;[0m                     &amp#27;[90m# stepDefinition.GeneralStep.user_on_box_as(java.lang.String,java.lang.String,java.lang.String)&amp#27;[0m
  &amp#27;[32mThen &amp#27;[0m&amp#27;[32mbox &amp#27;[0m&amp#27;[32m&amp#27;[1m"Cell Density/cm2"&amp#27;[0m&amp#27;[32m filled by &amp#27;[0m&amp#27;[32m&amp#27;[1m"9"&amp#27;[0m                             &amp#27;[90m# stepDefinition.GeneralStep.box_filled_by(java.lang.String,java.lang.String)&amp#27;[0m
  &amp#27;[32mWhen &amp#27;[0m&amp#27;[32muser clicks on &amp#27;[0m&amp#27;[32m&amp#27;[1m"Save"&amp#27;[0m&amp#27;[32m button&amp#27;[0m                                     &amp#27;[90m# stepDefinition.GeneralStep.user_clicks_on_button(java.lang.String)&amp#27;[0m
  &amp#27;[32mThen &amp#27;[0m&amp#27;[32malert Required is displayed on bottom of box&amp#27;[0m                     &amp#27;[90m# stepDefinition.GeneralStep.alert_required_is_displayed_on_bottom_of_box(io.cucumber.datatable.DataTable)&amp#27;[0m
    | Name | Media Selection | Media Replacement | Feeding Interval | Detachment Reagent | Detachment Reagent Volume | Detachment Reagent Incubation Time | Passage Ratio | Adhering Time | Estimated Doubling Time |
  &amp#27;[32mAnd &amp#27;[0m&amp#27;[32malert Required is displayed on bottom of &amp#27;[0m&amp#27;[32m&amp#27;[1m"Passage After"&amp#27;[0m          &amp#27;[90m# stepDefinition.CellLineStep.alert_required_is_displayed_on_bottom_of_box(java.lang.String)&amp#27;[0m
  &amp#27;[32mAnd &amp#27;[0m&amp#27;[32malert Required is displayed on bottom of &amp#27;[0m&amp#27;[32m&amp#27;[1m"Imaging Interval"&amp#27;[0m       &amp#27;[90m# stepDefinition.CellLineStep.alert_required_is_displayed_on_bottom_of_box(java.lang.String)&amp#27;[0m

@cellline @CC-1056_Create_Cell_Line_which_already_exist
Scenario: Create New Cell Line                                                                                          &amp#27;[90m# src/test/resources/features/Cell Line Manager/Create Cell Lines/CC-1056_Create Cell Line which already exist.feature:18&amp#27;[0m
  &amp#27;[32mGiven &amp#27;[0m&amp#27;[32muser has already logged in to application with this credentials&amp#27;[0m                                                 &amp#27;[90m# stepDefinition.LoginPageStep.user_has_already_logged_in_to_application_with_this_credentials(io.cucumber.datatable.DataTable)&amp#27;[0m
    | username | password |
    | admin    | admin    |
  &amp#27;[32mAnd &amp#27;[0m&amp#27;[32muser is navigated to &amp#27;[0m&amp#27;[32m&amp#27;[1m"Dashboard"&amp#27;[0m&amp#27;[32m page&amp#27;[0m                                                                             &amp#27;[90m# stepDefinition.GeneralStep.user_is_navigated_to_page(java.lang.String)&amp#27;[0m
  &amp#27;[32mWhen &amp#27;[0m&amp#27;[32muser clicks on menu &amp#27;[0m&amp#27;[32m&amp#27;[1m"Cell Line"&amp#27;[0m                                                                                  &amp#27;[90m# stepDefinition.GeneralStep.user_clicks_on_menu(java.lang.String)&amp#27;[0m
  &amp#27;[32mThen &amp#27;[0m&amp#27;[32muser is navigated to &amp#27;[0m&amp#27;[32m&amp#27;[1m"Cell Line"&amp#27;[0m&amp#27;[32m page&amp#27;[0m                                                                            &amp#27;[90m# stepDefinition.GeneralStep.user_is_navigated_to_page(java.lang.String)&amp#27;[0m
  &amp#27;[32mAnd &amp#27;[0m&amp#27;[32m&amp#27;[0m&amp#27;[32m&amp#27;[1m"my cell 1"&amp#27;[0m&amp#27;[32m items is &amp#27;[0m&amp#27;[32m&amp#27;[1m"already"&amp#27;[0m&amp#27;[32m exist&amp#27;[0m                                                                              &amp#27;[90m# stepDefinition.GeneralStep.items_is_exist(java.lang.String,java.lang.String)&amp#27;[0m
  &amp#27;[32mWhen &amp#27;[0m&amp#27;[32muser clicks on &amp#27;[0m&amp#27;[32m&amp#27;[1m"Create"&amp#27;[0m&amp#27;[32m button&amp#27;[0m                                                                                   &amp#27;[90m# stepDefinition.GeneralStep.user_clicks_on_button(java.lang.String)&amp#27;[0m
  &amp#27;[32mThen &amp#27;[0m&amp#27;[32muser is navigated to &amp#27;[0m&amp#27;[32m&amp#27;[1m"Create Cell Lines"&amp#27;[0m&amp#27;[32m page&amp#27;[0m                                                                    &amp#27;[90m# stepDefinition.GeneralStep.user_is_navigated_to_page(java.lang.String)&amp#27;[0m
  &amp#27;[32mWhen &amp#27;[0m&amp#27;[32muser &amp#27;[0m&amp#27;[32m&amp#27;[1m"type"&amp#27;[0m&amp#27;[32m &amp#27;[0m&amp#27;[32m&amp#27;[1m"my cell 1"&amp#27;[0m&amp#27;[32m in &amp#27;[0m&amp#27;[32m&amp#27;[1m"name"&amp#27;[0m&amp#27;[32m textbox&amp#27;[0m                                                                        &amp#27;[90m# stepDefinition.GeneralStep.user_in_textbox(java.lang.String,java.lang.String,java.lang.String)&amp#27;[0m
  &amp#27;[32mThen &amp#27;[0m&amp#27;[32mtextbox &amp#27;[0m&amp#27;[32m&amp#27;[1m"name"&amp#27;[0m&amp#27;[32m will fill by &amp#27;[0m&amp#27;[32m&amp#27;[1m"my cell 1"&amp#27;[0m                                                                          &amp#27;[90m# stepDefinition.GeneralStep.textbox_will_fill_by(java.lang.String,java.lang.String)&amp#27;[0m
  &amp#27;[32mWhen &amp#27;[0m&amp#27;[32muser fill textbox &amp#27;[0m&amp#27;[32m&amp#27;[1m"organism"&amp#27;[0m&amp#27;[32m as &amp#27;[0m&amp#27;[32m&amp#27;[1m"Mouse"&amp#27;[0m                                                                          &amp#27;[90m# stepDefinition.GeneralStep.user_fill_box_as(java.lang.String,java.lang.String)&amp#27;[0m
  &amp#27;[32mThen &amp#27;[0m&amp#27;[32mtextbox &amp#27;[0m&amp#27;[32m&amp#27;[1m"organism"&amp#27;[0m&amp#27;[32m filled by &amp#27;[0m&amp#27;[32m&amp#27;[1m"Mouse"&amp#27;[0m                                                                             &amp#27;[90m# stepDefinition.GeneralStep.textbox_filled_by(java.lang.String,java.lang.String)&amp#27;[0m
  &amp#27;[32mWhen &amp#27;[0m&amp#27;[32muser fill textbox &amp#27;[0m&amp#27;[32m&amp#27;[1m"tissue"&amp#27;[0m&amp#27;[32m as &amp#27;[0m&amp#27;[32m&amp#27;[1m"Embryo"&amp#27;[0m                                                                           &amp#27;[90m# stepDefinition.GeneralStep.user_fill_box_as(java.lang.String,java.lang.String)&amp#27;[0m
  &amp#27;[32mThen &amp#27;[0m&amp#27;[32mtextbox &amp#27;[0m&amp#27;[32m&amp#27;[1m"tissue"&amp#27;[0m&amp#27;[32m filled by &amp#27;[0m&amp#27;[32m&amp#27;[1m"Embryo"&amp#27;[0m                                                                              &amp#27;[90m# stepDefinition.GeneralStep.textbox_filled_by(java.lang.String,java.lang.String)&amp#27;[0m
  &amp#27;[32mWhen &amp#27;[0m&amp#27;[32muser fill textbox &amp#27;[0m&amp#27;[32m&amp#27;[1m"morphology"&amp#27;[0m&amp#27;[32m as &amp#27;[0m&amp#27;[32m&amp#27;[1m"Fibroblast"&amp#27;[0m                                                                   &amp#27;[90m# stepDefinition.GeneralStep.user_fill_box_as(java.lang.String,java.lang.String)&amp#27;[0m
  &amp#27;[32mThen &amp#27;[0m&amp#27;[32mtextbox &amp#27;[0m&amp#27;[32m&amp#27;[1m"morphology"&amp#27;[0m&amp#27;[32m filled by &amp#27;[0m&amp#27;[32m&amp#27;[1m"Fibroblast"&amp#27;[0m                                                                      &amp#27;[90m# stepDefinition.GeneralStep.textbox_filled_by(java.lang.String,java.lang.String)&amp#27;[0m
  &amp#27;[32mWhen &amp#27;[0m&amp#27;[32muser &amp#27;[0m&amp#27;[32m&amp#27;[1m"type"&amp#27;[0m&amp#27;[32m &amp#27;[0m&amp#27;[32m&amp#27;[1m"mimic human liver"&amp#27;[0m&amp#27;[32m in &amp#27;[0m&amp#27;[32m&amp#27;[1m"disease"&amp#27;[0m&amp#27;[32m textbox&amp#27;[0m                                                             &amp#27;[90m# stepDefinition.GeneralStep.user_in_textbox(java.lang.String,java.lang.String,java.lang.String)&amp#27;[0m
  &amp#27;[32mThen &amp#27;[0m&amp#27;[32mtextbox &amp#27;[0m&amp#27;[32m&amp#27;[1m"disease"&amp#27;[0m&amp#27;[32m will fill by &amp#27;[0m&amp#27;[32m&amp#27;[1m"mimic human liver"&amp#27;[0m                                                               &amp#27;[90m# stepDefinition.GeneralStep.textbox_will_fill_by(java.lang.String,java.lang.String)&amp#27;[0m
  &amp#27;[32mWhen &amp#27;[0m&amp#27;[32muser &amp#27;[0m&amp#27;[32m&amp#27;[1m"type"&amp#27;[0m&amp#27;[32m &amp#27;[0m&amp#27;[32m&amp#27;[1m"sample cell from mouse liver"&amp#27;[0m&amp#27;[32m in &amp#27;[0m&amp#27;[32m&amp#27;[1m"notes"&amp#27;[0m&amp#27;[32m textbox&amp#27;[0m                                                    &amp#27;[90m# stepDefinition.GeneralStep.user_in_textbox(java.lang.String,java.lang.String,java.lang.String)&amp#27;[0m
  &amp#27;[32mThen &amp#27;[0m&amp#27;[32mtextbox &amp#27;[0m&amp#27;[32m&amp#27;[1m"notes"&amp#27;[0m&amp#27;[32m will fill by &amp#27;[0m&amp#27;[32m&amp#27;[1m"sample cell from mouse liver"&amp#27;[0m                                                      &amp#27;[90m# stepDefinition.GeneralStep.textbox_will_fill_by(java.lang.String,java.lang.String)&amp#27;[0m
  &amp#27;[32mWhen &amp#27;[0m&amp#27;[32muser select &amp#27;[0m&amp#27;[32m&amp#27;[1m"confluency"&amp#27;[0m&amp#27;[32m radio&amp#27;[0m                                                                                   &amp#27;[90m# stepDefinition.GeneralStep.user_select_radio(java.lang.String)&amp#27;[0m
  &amp#27;[32mThen &amp#27;[0m&amp#27;[32mradio &amp#27;[0m&amp#27;[32m&amp#27;[1m"confluency"&amp#27;[0m&amp#27;[32m is selected&amp#27;[0m                                                                                   &amp#27;[90m# stepDefinition.GeneralStep.radio_is_selected(java.lang.String)&amp#27;[0m
  &amp#27;[32mAnd &amp#27;[0m&amp#27;[32mcheckbox &amp#27;[0m&amp#27;[32m&amp#27;[1m"Imaging Interval"&amp#27;[0m&amp#27;[32m is disable&amp#27;[0m                                                                            &amp#27;[90m# stepDefinition.CellLineStep.checkbox_is_disable(java.lang.String)&amp#27;[0m
  &amp#27;[32mWhen &amp#27;[0m&amp#27;[32muser type cell line confluency as &amp#27;[0m&amp#27;[32m&amp#27;[1m"80"&amp#27;[0m                                                                           &amp#27;[90m# stepDefinition.CellLineStep.user_type_cell_line_confluency_as(java.lang.String)&amp#27;[0m
  &amp#27;[32mThen &amp#27;[0m&amp#27;[32mcell line confluency is filled by &amp#27;[0m&amp#27;[32m&amp#27;[1m"80"&amp#27;[0m                                                                           &amp#27;[90m# stepDefinition.CellLineStep.cell_line_confluency_is_filled_by(java.lang.String)&amp#27;[0m
  &amp#27;[32mWhen &amp#27;[0m&amp#27;[32muser clicks on &amp#27;[0m&amp#27;[32m&amp#27;[1m"Media Selection"&amp#27;[0m&amp#27;[32m select box&amp#27;[0m                                                                      &amp#27;[90m# stepDefinition.GeneralStep.user_clicks_on_select_box(java.lang.String)&amp#27;[0m
  &amp#27;[32mThen &amp#27;[0m&amp#27;[32mmodal &amp#27;[0m&amp#27;[32m&amp#27;[1m"Select Media Selection"&amp#27;[0m&amp#27;[32m confirmation is displayed&amp#27;[0m                                                         &amp#27;[90m# stepDefinition.GeneralStep.modal_confirmation_is_displayed(java.lang.String)&amp#27;[0m
  &amp#27;[32mWhen &amp#27;[0m&amp#27;[32muser choose item &amp#27;[0m&amp#27;[32m&amp#27;[1m"DMEM FBS 10"&amp#27;[0m&amp#27;[32m in modal select&amp#27;[0m                                                                   &amp#27;[90m# stepDefinition.GeneralStep.user_choose_item_in_modal_select(java.lang.String)&amp#27;[0m
  &amp#27;[32mThen &amp#27;[0m&amp#27;[32m&amp#27;[0m&amp#27;[32m&amp#27;[1m"DMEM FBS 10"&amp#27;[0m&amp#27;[32m item is selected in the modal&amp#27;[0m                                                                      &amp#27;[90m# stepDefinition.GeneralStep.item_is_selected_in_the_modal(java.lang.String)&amp#27;[0m
  &amp#27;[32mWhen &amp#27;[0m&amp#27;[32muser clicks on &amp#27;[0m&amp#27;[32m&amp#27;[1m"OK"&amp#27;[0m&amp#27;[32m button&amp#27;[0m                                                                                       &amp#27;[90m# stepDefinition.GeneralStep.user_clicks_on_button(java.lang.String)&amp#27;[0m
  &amp#27;[32mThen &amp#27;[0m&amp#27;[32mselect box &amp#27;[0m&amp#27;[32m&amp#27;[1m"Media Selection"&amp#27;[0m&amp#27;[32m filled by &amp#27;[0m&amp#27;[32m&amp#27;[1m"DMEM FBS 10"&amp#27;[0m                                                             &amp#27;[90m# stepDefinition.GeneralStep.select_box_filled_by(java.lang.String,java.lang.String)&amp#27;[0m
  &amp#27;[32mWhen &amp#27;[0m&amp#27;[32muser select &amp#27;[0m&amp#27;[32m&amp#27;[1m"100%"&amp#27;[0m&amp#27;[32m on Media Replacement persentage&amp#27;[0m                                                               &amp#27;[90m# stepDefinition.CellLineStep.user_select_on_media_replacement_persentage(java.lang.String)&amp#27;[0m
  &amp#27;[32mThen &amp#27;[0m&amp#27;[32mMedia Replacement persentage filled by &amp#27;[0m&amp#27;[32m&amp#27;[1m"100%"&amp#27;[0m                                                                    &amp#27;[90m# stepDefinition.CellLineStep.media_replacement_persentage_filled_by(java.lang.String)&amp#27;[0m
  &amp#27;[32mWhen &amp#27;[0m&amp#27;[32muser &amp#27;[0m&amp#27;[32m&amp#27;[1m"type"&amp#27;[0m&amp#27;[32m on box &amp#27;[0m&amp#27;[32m&amp#27;[1m"Feeding Interval"&amp#27;[0m&amp#27;[32m as &amp#27;[0m&amp#27;[32m&amp#27;[1m"48"&amp#27;[0m                                                                    &amp#27;[90m# stepDefinition.GeneralStep.user_on_box_as(java.lang.String,java.lang.String,java.lang.String)&amp#27;[0m
  &amp#27;[32mThen &amp#27;[0m&amp#27;[32mbox &amp#27;[0m&amp#27;[32m&amp#27;[1m"Feeding Interval"&amp#27;[0m&amp#27;[32m filled by &amp#27;[0m&amp#27;[32m&amp#27;[1m"48"&amp#27;[0m                                                                            &amp#27;[90m# stepDefinition.GeneralStep.box_filled_by(java.lang.String,java.lang.String)&amp#27;[0m
  &amp#27;[32mWhen &amp#27;[0m&amp#27;[32muser clicks on &amp#27;[0m&amp#27;[32m&amp#27;[1m"Detachment Reagent"&amp#27;[0m&amp#27;[32m select box&amp#27;[0m                                                                   &amp#27;[90m# stepDefinition.GeneralStep.user_clicks_on_select_box(java.lang.String)&amp#27;[0m
  &amp#27;[32mThen &amp#27;[0m&amp#27;[32mmodal &amp#27;[0m&amp#27;[32m&amp#27;[1m"Select Detachment Selection"&amp#27;[0m&amp#27;[32m confirmation is displayed&amp#27;[0m                                                    &amp#27;[90m# stepDefinition.GeneralStep.modal_confirmation_is_displayed(java.lang.String)&amp#27;[0m
  &amp#27;[32mWhen &amp#27;[0m&amp#27;[32muser choose item &amp#27;[0m&amp#27;[32m&amp#27;[1m"Trypsin"&amp#27;[0m&amp#27;[32m in modal select&amp#27;[0m                                                                       &amp#27;[90m# stepDefinition.GeneralStep.user_choose_item_in_modal_select(java.lang.String)&amp#27;[0m
  &amp#27;[32mThen &amp#27;[0m&amp#27;[32m&amp#27;[0m&amp#27;[32m&amp#27;[1m"Trypsin"&amp#27;[0m&amp#27;[32m item is selected in the modal&amp#27;[0m                                                                          &amp#27;[90m# stepDefinition.GeneralStep.item_is_selected_in_the_modal(j]]></system-out>
    <system-err><![CDATA[[main] INFO io.github.bonigarcia.wdm.WebDriverManager - Using chromedriver 104.0.5112.79 (resolved driver for Chrome 104)
[main] INFO io.github.bonigarcia.wdm.WebDriverManager - Exporting webdriver.chrome.driver as C:\Users\smith\.cache\selenium\chromedriver\win32\104.0.5112.79\chromedriver.exe
Starting ChromeDriver 104.0.5112.79 (3cf3e8c8a07d104b9e1260c910efb8f383285dc5-refs/branch-heads/5112@{#1307}) on port 59039
Only local connections are allowed.
Please see https://chromedriver.chromium.org/security-considerations for suggestions on keeping ChromeDriver safe.
ChromeDriver was started successfully.
Aug 26, 2022 10:28:09 AM org.openqa.selenium.remote.ProtocolHandshake createSession
INFO: Detected upstream dialect: W3C
Aug 26, 2022 10:28:09 AM org.openqa.selenium.devtools.CdpVersionFinder findNearestMatch
INFO: Found exact CDP implementation for version 104
[AsyncHttpClient-1-8] WARN org.asynchttpclient.netty.handler.WebSocketHandler - onError
java.net.SocketException: Connection reset
	at java.base/sun.nio.ch.SocketChannelImpl.throwConnectionReset(SocketChannelImpl.java:394)
	at java.base/sun.nio.ch.SocketChannelImpl.read(SocketChannelImpl.java:426)
	at io.netty.buffer.PooledByteBuf.setBytes(PooledByteBuf.java:258)
	at io.netty.buffer.AbstractByteBuf.writeBytes(AbstractByteBuf.java:1132)
	at io.netty.channel.socket.nio.NioSocketChannel.doReadBytes(NioSocketChannel.java:357)
	at io.netty.channel.nio.AbstractNioByteChannel$NioByteUnsafe.read(AbstractNioByteChannel.java:151)
	at io.netty.channel.nio.NioEventLoop.processSelectedKey(NioEventLoop.java:722)
	at io.netty.channel.nio.NioEventLoop.processSelectedKeysOptimized(NioEventLoop.java:658)
	at io.netty.channel.nio.NioEventLoop.processSelectedKeys(NioEventLoop.java:584)
	at io.netty.channel.nio.NioEventLoop.run(NioEventLoop.java:496)
	at io.netty.util.concurrent.SingleThreadEventExecutor$4.run(SingleThreadEventExecutor.java:997)
	at io.netty.util.internal.ThreadExecutorMap$2.run(ThreadExecutorMap.java:74)
	at io.netty.util.concurrent.FastThreadLocalRunnable.run(FastThreadLocalRunnable.java:30)
	at java.base/java.lang.Thread.run(Thread.java:833)
Aug 26, 2022 10:28:25 AM org.openqa.selenium.remote.http.WebSocket$Listener onError
WARNING: Connection reset
java.net.SocketException: Connection reset
	at java.base/sun.nio.ch.SocketChannelImpl.throwConnectionReset(SocketChannelImpl.java:394)
	at java.base/sun.nio.ch.SocketChannelImpl.read(SocketChannelImpl.java:426)
	at io.netty.buffer.PooledByteBuf.setBytes(PooledByteBuf.java:258)
	at io.netty.buffer.AbstractByteBuf.writeBytes(AbstractByteBuf.java:1132)
	at io.netty.channel.socket.nio.NioSocketChannel.doReadBytes(NioSocketChannel.java:357)
	at io.netty.channel.nio.AbstractNioByteChannel$NioByteUnsafe.read(AbstractNioByteChannel.java:151)
	at io.netty.channel.nio.NioEventLoop.processSelectedKey(NioEventLoop.java:722)
	at io.netty.channel.nio.NioEventLoop.processSelectedKeysOptimized(NioEventLoop.java:658)
	at io.netty.channel.nio.NioEventLoop.processSelectedKeys(NioEventLoop.java:584)
	at io.netty.channel.nio.NioEventLoop.run(NioEventLoop.java:496)
	at io.netty.util.concurrent.SingleThreadEventExecutor$4.run(SingleThreadEventExecutor.java:997)
	at io.netty.util.internal.ThreadExecutorMap$2.run(ThreadExecutorMap.java:74)
	at io.netty.util.concurrent.FastThreadLocalRunnable.run(FastThreadLocalRunnable.java:30)
	at java.base/java.lang.Thread.run(Thread.java:833)

]]></system-err>
  </testcase>
  <testcase name="Create New Cell Line" classname="CC-1115:Create Cell Line with Passage After Confluency" time="16.776">
    <system-out><![CDATA[browser value is: chromeheadless
ava.lang.String)&amp#27;[0m
  &amp#27;[32mWhen &amp#27;[0m&amp#27;[32muser clicks on &amp#27;[0m&amp#27;[32m&amp#27;[1m"OK"&amp#27;[0m&amp#27;[32m button&amp#27;[0m                                                                                       &amp#27;[90m# stepDefinition.GeneralStep.user_clicks_on_button(java.lang.String)&amp#27;[0m
  &amp#27;[32mThen &amp#27;[0m&amp#27;[32mselect box &amp#27;[0m&amp#27;[32m&amp#27;[1m"Detachment Reagent"&amp#27;[0m&amp#27;[32m filled by &amp#27;[0m&amp#27;[32m&amp#27;[1m"Trypsin"&amp#27;[0m                                                              &amp#27;[90m# stepDefinition.GeneralStep.select_box_filled_by(java.lang.String,java.lang.String)&amp#27;[0m
  &amp#27;[32mWhen &amp#27;[0m&amp#27;[32muser &amp#27;[0m&amp#27;[32m&amp#27;[1m"type"&amp#27;[0m&amp#27;[32m on box &amp#27;[0m&amp#27;[32m&amp#27;[1m"Detachment Reagent Volume"&amp#27;[0m&amp#27;[32m as &amp#27;[0m&amp#27;[32m&amp#27;[1m"600"&amp#27;[0m                                                          &amp#27;[90m# stepDefinition.GeneralStep.user_on_box_as(java.lang.String,java.lang.String,java.lang.String)&amp#27;[0m
  &amp#27;[32mThen &amp#27;[0m&amp#27;[32mbox &amp#27;[0m&amp#27;[32m&amp#27;[1m"Detachment Reagent Volume"&amp#27;[0m&amp#27;[32m filled by &amp#27;[0m&amp#27;[32m&amp#27;[1m"600"&amp#27;[0m                                                                  &amp#27;[90m# stepDefinition.GeneralStep.box_filled_by(java.lang.String,java.lang.String)&amp#27;[0m
  &amp#27;[32mWhen &amp#27;[0m&amp#27;[32muser &amp#27;[0m&amp#27;[32m&amp#27;[1m"type"&amp#27;[0m&amp#27;[32m on box &amp#27;[0m&amp#27;[32m&amp#27;[1m"Detachment Reagent Incubation Time"&amp#27;[0m&amp#27;[32m as &amp#27;[0m&amp#27;[32m&amp#27;[1m"15"&amp#27;[0m                                                  &amp#27;[90m# stepDefinition.GeneralStep.user_on_box_as(java.lang.String,java.lang.String,java.lang.String)&amp#27;[0m
  &amp#27;[32mThen &amp#27;[0m&amp#27;[32mbox &amp#27;[0m&amp#27;[32m&amp#27;[1m"Detachment Reagent Incubation Time"&amp#27;[0m&amp#27;[32m filled by &amp#27;[0m&amp#27;[32m&amp#27;[1m"15"&amp#27;[0m                                                          &amp#27;[90m# stepDefinition.GeneralStep.box_filled_by(java.lang.String,java.lang.String)&amp#27;[0m
  &amp#27;[32mWhen &amp#27;[0m&amp#27;[32muser &amp#27;[0m&amp#27;[32m&amp#27;[1m"type"&amp#27;[0m&amp#27;[32m on box &amp#27;[0m&amp#27;[32m&amp#27;[1m"Passage Ratio"&amp#27;[0m&amp#27;[32m as &amp#27;[0m&amp#27;[32m&amp#27;[1m"3"&amp#27;[0m                                                                        &amp#27;[90m# stepDefinition.GeneralStep.user_on_box_as(java.lang.String,java.lang.String,java.lang.String)&amp#27;[0m
  &amp#27;[32mThen &amp#27;[0m&amp#27;[32mbox &amp#27;[0m&amp#27;[32m&amp#27;[1m"Passage Ratio"&amp#27;[0m&amp#27;[32m filled by &amp#27;[0m&amp#27;[32m&amp#27;[1m"3"&amp#27;[0m                                                                                &amp#27;[90m# stepDefinition.GeneralStep.box_filled_by(java.lang.String,java.lang.String)&amp#27;[0m
  &amp#27;[32mWhen &amp#27;[0m&amp#27;[32muser &amp#27;[0m&amp#27;[32m&amp#27;[1m"type"&amp#27;[0m&amp#27;[32m on box &amp#27;[0m&amp#27;[32m&amp#27;[1m"Adhering Time"&amp#27;[0m&amp#27;[32m as &amp#27;[0m&amp#27;[32m&amp#27;[1m"6"&amp#27;[0m                                                                        &amp#27;[90m# stepDefinition.GeneralStep.user_on_box_as(java.lang.String,java.lang.String,java.lang.String)&amp#27;[0m
  &amp#27;[32mThen &amp#27;[0m&amp#27;[32mbox &amp#27;[0m&amp#27;[32m&amp#27;[1m"Adhering Time"&amp#27;[0m&amp#27;[32m filled by &amp#27;[0m&amp#27;[32m&amp#27;[1m"6"&amp#27;[0m                                                                                &amp#27;[90m# stepDefinition.GeneralStep.box_filled_by(java.lang.String,java.lang.String)&amp#27;[0m
  &amp#27;[32mWhen &amp#27;[0m&amp#27;[32muser type on box Imaging Interval as &amp#27;[0m&amp#27;[32m&amp#27;[1m"48"&amp#27;[0m                                                                        &amp#27;[90m# stepDefinition.CellLineStep.user_type_on_box_imaging_interval_as(java.lang.String)&amp#27;[0m
  &amp#27;[32mThen &amp#27;[0m&amp#27;[32mbox Imaging Interval filled by &amp#27;[0m&amp#27;[32m&amp#27;[1m"48"&amp#27;[0m                                                                              &amp#27;[90m# stepDefinition.CellLineStep.box_Imaging_interval_filled_by(java.lang.String)&amp#27;[0m
  &amp#27;[32mWhen &amp#27;[0m&amp#27;[32muser &amp#27;[0m&amp#27;[32m&amp#27;[1m"type"&amp#27;[0m&amp#27;[32m on box &amp#27;[0m&amp#27;[32m&amp#27;[1m"Estimated Doubling Time"&amp#27;[0m&amp#27;[32m as &amp#27;[0m&amp#27;[32m&amp#27;[1m"48"&amp#27;[0m                                                             &amp#27;[90m# stepDefinition.GeneralStep.user_on_box_as(java.lang.String,java.lang.String,java.lang.String)&amp#27;[0m
  &amp#27;[32mThen &amp#27;[0m&amp#27;[32mbox &amp#27;[0m&amp#27;[32m&amp#27;[1m"Estimated Doubling Time"&amp#27;[0m&amp#27;[32m filled by &amp#27;[0m&amp#27;[32m&amp#27;[1m"48"&amp#27;[0m                                                                     &amp#27;[90m# stepDefinition.GeneralStep.box_filled_by(java.lang.String,java.lang.String)&amp#27;[0m
  &amp#27;[32mWhen &amp#27;[0m&amp#27;[32muser &amp#27;[0m&amp#27;[32m&amp#27;[1m"type"&amp#27;[0m&amp#27;[32m on box &amp#27;[0m&amp#27;[32m&amp#27;[1m"Cell Density/cm2"&amp#27;[0m&amp#27;[32m as &amp#27;[0m&amp#27;[32m&amp#27;[1m"9"&amp#27;[0m                                                                     &amp#27;[90m# stepDefinition.GeneralStep.user_on_box_as(java.lang.String,java.lang.String,java.lang.String)&amp#27;[0m
  &amp#27;[32mThen &amp#27;[0m&amp#27;[32mbox &amp#27;[0m&amp#27;[32m&amp#27;[1m"Cell Density/cm2"&amp#27;[0m&amp#27;[32m filled by &amp#27;[0m&amp#27;[32m&amp#27;[1m"9"&amp#27;[0m                                                                             &amp#27;[90m# stepDefinition.GeneralStep.box_filled_by(java.lang.String,java.lang.String)&amp#27;[0m
  &amp#27;[32mWhen &amp#27;[0m&amp#27;[32muser &amp#27;[0m&amp#27;[32m&amp#27;[1m"type"&amp#27;[0m&amp#27;[32m on box Cell Dye Ratio as &amp#27;[0m&amp#27;[32m&amp#27;[1m"1"&amp#27;[0m&amp#27;[32m to &amp#27;[0m&amp#27;[32m&amp#27;[1m"1"&amp#27;[0m                                                                  &amp#27;[90m# stepDefinition.CellLineStep.user_on_box_cell_dye_ratio_as_to(java.lang.String,java.lang.String,java.lang.String)&amp#27;[0m
  &amp#27;[32mThen &amp#27;[0m&amp#27;[32mbox Cell Dye Ratio filled by &amp#27;[0m&amp#27;[32m&amp#27;[1m"1"&amp#27;[0m&amp#27;[32m to &amp#27;[0m&amp#27;[32m&amp#27;[1m"1"&amp#27;[0m                                                                          &amp#27;[90m# stepDefinition.CellLineStep.box_cell_dye_ratio_filled_by_to(java.lang.String,java.lang.String)&amp#27;[0m
  &amp#27;[32mWhen &amp#27;[0m&amp#27;[32muser clicks on &amp#27;[0m&amp#27;[32m&amp#27;[1m"Save"&amp#27;[0m&amp#27;[32m button&amp#27;[0m                                                                                     &amp#27;[90m# stepDefinition.GeneralStep.user_clicks_on_button(java.lang.String)&amp#27;[0m
  &amp#27;[32mThen &amp#27;[0m&amp#27;[32mnotification &amp#27;[0m&amp#27;[32m&amp#27;[1m"One or more validation errors occurred."&amp#27;[0m&amp#27;[32m and &amp#27;[0m&amp#27;[32m&amp#27;[1m"Name already exists. Use another Name."&amp#27;[0m&amp#27;[32m is displayed&amp#27;[0m &amp#27;[90m# stepDefinition.GeneralStep.notification_and_is_displayed(java.lang.String,java.lang.String)&amp#27;[0m

@cellline @CC-1115_Create_Cell_Line_with_Passage_After_Confluency
Scenario: Create New Cell Line                                               &amp#27;[90m# src/test/resources/features/Cell Line Manager/Create Cell Lines/CC-1115_Create Cell Line with Passage After Confluency.feature:17&amp#27;[0m
  &amp#27;[32mGiven &amp#27;[0m&amp#27;[32muser has already logged in to application with this credentials&amp#27;[0m      &amp#27;[90m# stepDefinition.LoginPageStep.user_has_already_logged_in_to_application_with_this_credentials(io.cucumber.datatable.DataTable)&amp#27;[0m
    | username | password |
    | admin    | admin    |
  &amp#27;[32mAnd &amp#27;[0m&amp#27;[32muser is navigated to &amp#27;[0m&amp#27;[32m&amp#27;[1m"Dashboard"&amp#27;[0m&amp#27;[32m page&amp#27;[0m                                  &amp#27;[90m# stepDefinition.GeneralStep.user_is_navigated_to_page(java.lang.String)&amp#27;[0m
  &amp#27;[32mWhen &amp#27;[0m&amp#27;[32muser clicks on menu &amp#27;[0m&amp#27;[32m&amp#27;[1m"Cell Line"&amp#27;[0m                                       &amp#27;[90m# stepDefinition.GeneralStep.user_clicks_on_menu(java.lang.String)&amp#27;[0m
  &amp#27;[32mThen &amp#27;[0m&amp#27;[32muser is navigated to &amp#27;[0m&amp#27;[32m&amp#27;[1m"Cell Line"&amp#27;[0m&amp#27;[32m page&amp#27;[0m                                 &amp#27;[90m# stepDefinition.GeneralStep.user_is_navigated_to_page(java.lang.String)&amp#27;[0m
  &amp#27;[32mWhen &amp#27;[0m&amp#27;[32muser clicks on &amp#27;[0m&amp#27;[32m&amp#27;[1m"Create"&amp#27;[0m&amp#27;[32m button&amp#27;[0m                                        &amp#27;[90m# stepDefinition.GeneralStep.user_clicks_on_button(java.lang.String)&amp#27;[0m
  &amp#27;[32mThen &amp#27;[0m&amp#27;[32muser is navigated to &amp#27;[0m&amp#27;[32m&amp#27;[1m"Create Cell Lines"&amp#27;[0m&amp#27;[32m page&amp#27;[0m                         &amp#27;[90m# stepDefinition.GeneralStep.user_is_navigated_to_page(java.lang.String)&amp#27;[0m
  &amp#27;[32mWhen &amp#27;[0m&amp#27;[32muser &amp#27;[0m&amp#27;[32m&amp#27;[1m"type"&amp#27;[0m&amp#27;[32m &amp#27;[0m&amp#27;[32m&amp#27;[1m"my cell 3"&amp#27;[0m&amp#27;[32m in &amp#27;[0m&amp#27;[32m&amp#27;[1m"name"&amp#27;[0m&amp#27;[32m textbox&amp#27;[0m                             &amp#27;[90m# stepDefinition.GeneralStep.user_in_textbox(java.lang.String,java.lang.String,java.lang.String)&amp#27;[0m
  &amp#27;[32mThen &amp#27;[0m&amp#27;[32mtextbox &amp#27;[0m&amp#27;[32m&amp#27;[1m"name"&amp#27;[0m&amp#27;[32m will fill by &amp#27;[0m&amp#27;[32m&amp#27;[1m"my cell 3"&amp#27;[0m                               &amp#27;[90m# stepDefinition.GeneralStep.textbox_will_fill_by(java.lang.String,java.lang.String)&amp#27;[0m
  &amp#27;[32mWhen &amp#27;[0m&amp#27;[32muser fill textbox &amp#27;[0m&amp#27;[32m&amp#27;[1m"organism"&amp#27;[0m&amp#27;[32m as &amp#27;[0m&amp#27;[32m&amp#27;[1m"Mouse"&amp#27;[0m                               &amp#27;[90m# stepDefinition.GeneralStep.user_fill_box_as(java.lang.String,java.lang.String)&amp#27;[0m
  &amp#27;[32mThen &amp#27;[0m&amp#27;[32mtextbox &amp#27;[0m&amp#27;[32m&amp#27;[1m"organism"&amp#27;[0m&amp#27;[32m filled by &amp#27;[0m&amp#27;[32m&amp#27;[1m"Mouse"&amp#27;[0m                                  &amp#27;[90m# stepDefinition.GeneralStep.textbox_filled_by(java.lang.String,java.lang.String)&amp#27;[0m
  &amp#27;[32mWhen &amp#27;[0m&amp#27;[32muser fill textbox &amp#27;[0m&amp#27;[32m&amp#27;[1m"tissue"&amp#27;[0m&amp#27;[32m as &amp#27;[0m&amp#27;[32m&amp#27;[1m"Embryo"&amp#27;[0m                                &amp#27;[90m# stepDefinition.GeneralStep.user_fill_box_as(java.lang.String,java.lang.String)&amp#27;[0m
  &amp#27;[32mThen &amp#27;[0m&amp#27;[32mtextbox &amp#27;[0m&amp#27;[32m&amp#27;[1m"tissue"&amp#27;[0m&amp#27;[32m filled by &amp#27;[0m&amp#27;[32m&amp#27;[1m"Embryo"&amp#27;[0m                                   &amp#27;[90m# stepDefinition.GeneralStep.textbox_filled_by(java.lang.String,java.lang.String)&amp#27;[0m
  &amp#27;[32mWhen &amp#27;[0m&amp#27;[32muser fill textbox &amp#27;[0m&amp#27;[32m&amp#27;[1m"morphology"&amp#27;[0m&amp#27;[32m as &amp#27;[0m&amp#27;[32m&amp#27;[1m"Fibroblast"&amp#27;[0m                        &amp#27;[90m# stepDefinition.GeneralStep.user_fill_box_as(java.lang.String,java.lang.String)&amp#27;[0m
  &amp#27;[32mThen &amp#27;[0m&amp#27;[32mtextbox &amp#27;[0m&amp#27;[32m&amp#27;[1m"morphology"&amp#27;[0m&amp#27;[32m filled by &amp#27;[0m&amp#27;[32m&amp#27;[1m"Fibroblast"&amp#27;[0m                           &amp#27;[90m# stepDefinition.GeneralStep.textbox_filled_by(java.lang.String,java.lang.String)&amp#27;[0m
  &amp#27;[32mWhen &amp#27;[0m&amp#27;[32muser &amp#27;[0m&amp#27;[32m&amp#27;[1m"type"&amp#27;[0m&amp#27;[32m &amp#27;[0m&amp#27;[32m&amp#27;[1m"mimic human liver"&amp#27;[0m&amp#27;[32m in &amp#27;[0m&amp#27;[32m&amp#27;[1m"disease"&amp#27;[0m&amp#27;[32m textbox&amp#27;[0m                  &amp#27;[90m# stepDefinition.GeneralStep.user_in_textbox(java.lang.String,java.lang.String,java.lang.String)&amp#27;[0m
  &amp#27;[32mThen &amp#27;[0m&amp#27;[32mtextbox &amp#27;[0m&amp#27;[32m&amp#27;[1m"disease"&amp#27;[0m&amp#27;[32m will fill by &amp#27;[0m&amp#27;[32m&amp#27;[1m"mimic human liver"&amp#27;[0m                    &amp#27;[90m# stepDefinition.GeneralStep.textbox_will_fill_by(java.lang.String,java.lang.String)&amp#27;[0m
  &amp#27;[32mWhen &amp#27;[0m&amp#27;[32muser &amp#27;[0m&amp#27;[32m&amp#27;[1m"type"&amp#27;[0m&amp#27;[32m &amp#27;[0m&amp#27;[32m&amp#27;[1m"sample cell from mouse liver"&amp#27;[0m&amp#27;[32m in &amp#27;[0m&amp#27;[32m&amp#27;[1m"notes"&amp#27;[0m&amp#27;[32m textbox&amp#27;[0m         &amp#27;[90m# stepDefinition.GeneralStep.user_in_textbox(java.lang.String,java.lang.String,java.lang.String)&amp#27;[0m
  &amp#27;[32mThen &amp#27;[0m&amp#27;[32mtextbox &amp#27;[0m&amp#27;[32m&amp#27;[1m"notes"&amp#27;[0m&amp#27;[32m will fill by &amp#27;[0m&amp#27;[32m&amp#27;[1m"sample cell from mouse liver"&amp#27;[0m           &amp#27;[90m# stepDefinition.GeneralStep.textbox_will_fill_by(java.lang.String,java.lang.String)&amp#27;[0m
  &amp#27;[32mWhen &amp#27;[0m&amp#27;[32muser select &amp#27;[0m&amp#27;[32m&amp#27;[1m"confluency"&amp#27;[0m&amp#27;[32m radio&amp#27;[0m                                        &amp#27;[90m# stepDefinition.GeneralStep.user_select_radio(java.lang.String)&amp#27;[0m
  &amp#27;[32mThen &amp#27;[0m&amp#27;[32mradio &amp#27;[0m&amp#27;[32m&amp#27;[1m"confluency"&amp#27;[0m&amp#27;[32m is selected&amp#27;[0m                                        &amp#27;[90m# stepDefinition.GeneralStep.radio_is_selected(java.lang.String)&amp#27;[0m
  &amp#27;[32mAnd &amp#27;[0m&amp#27;[32mcheckbox &amp#27;[0m&amp#27;[32m&amp#27;[1m"Imaging Interval"&amp#27;[0m&amp#27;[32m is disable&amp#27;[0m                                 &amp#27;[90m# stepDefinition.CellLineStep.checkbox_is_disable(java.lang.String)&amp#27;[0m
  &amp#27;[32mWhen &amp#27;[0m&amp#27;[32muser type cell line confluency as &amp#27;[0m&amp#27;[32m&amp#27;[1m"80"&amp#27;[0m                                &amp#27;[90m# stepDefinition.CellLineStep.user_type_cell_line_confluency_as(java.lang.String)&amp#27;[0m
  &amp#27;[32mThen &amp#27;[0m&amp#27;[32mcell line confluency is filled by &amp#27;[0m&amp#27;[32m&amp#27;[1m"80"&amp#27;[0m                                &amp#27;[90m# stepDefinition.CellLineStep.cell_line_confluency_is_filled_by(java.lang.String)&amp#27;[0m
  &amp#27;[32mWhen &amp#27;[0m&amp#27;[32muser clicks on &amp#27;[0m&amp#27;[32m&amp#27;[1m"Media Selection"&amp#27;[0m&amp#27;[32m select box&amp#27;[0m                           &amp#27;[90m# stepDefinition.GeneralStep.user_clicks_on_select_box(java.lang.String)&amp#27;[0m
  &amp#27;[32mThen &amp#27;[0m&amp#27;[32mmodal &amp#27;[0m&amp#27;[32m&amp#27;[1m"Select Media Selection"&amp#27;[0m&amp#27;[32m confirmation is displayed&amp#27;[0m              &amp#27;[90m# stepDefinition.GeneralStep.modal_confirmation_is_displayed(java.lang.String)&amp#27;[0m
  &amp#27;[32mWhen &amp#27;[0m&amp#27;[32muser choose item &amp#27;[0m&amp#27;[32m&amp#27;[1m"DMEM FBS 10"&amp#27;[0m&amp#27;[32m in modal select&amp#27;[0m                        &amp#27;[90m# stepDefinition.GeneralStep.user_choose_item_in_modal_select(java.lang.String)&amp#27;[0m
  &amp#27;[32mThen &amp#27;[0m&amp#27;[32m&amp#27;[0m&amp#27;[32m&amp#27;[1m"DMEM FBS 10"&amp#27;[0m&amp#27;[32m item is selected in the modal&amp#27;[0m                           &amp#27;[90m# stepDefinition.GeneralStep.item_is_selected_in_the_modal(java.lang.String)&amp#27;[0m
  &amp#27;[32mWhen &amp#27;[0m&amp#27;[32muser clicks on &amp#27;[0m&amp#27;[32m&amp#27;[1m"OK"&amp#27;[0m&amp#27;[32m button&amp#27;[0m                                            &amp#27;[90m# stepDefinition.GeneralStep.user_clicks_on_button(java.lang.String)&amp#27;[0m
  &amp#27;[32mThen &amp#27;[0m&amp#27;[32mselect box &amp#27;[0m&amp#27;[32m&amp#27;[1m"Media Selection"&amp#27;[0m&amp#27;[32m filled by &amp#27;[0m&amp#27;[32m&amp#27;[1m"DMEM FBS 10"&amp#27;[0m                  &amp#27;[90m# stepDefinition.GeneralStep.select_box_filled_by(java.lang.String,java.lang.String)&amp#27;[0m
  &amp#27;[32mWhen &amp#27;[0m&amp#27;[32muser select &amp#27;[0m&amp#27;[32m&amp#27;[1m"100%"&amp#27;[0m&amp#27;[32m on Media Replacement persentage&amp#27;[0m                    &amp#27;[90m# stepDefinition.CellLineStep.user_select_on_media_replacement_persentage(java.lang.String)&amp#27;[0m
  &amp#27;[32mThen &amp#27;[0m&amp#27;[32mMedia Replacement persentage filled by &amp#27;[0m&amp#27;[32m&amp#27;[1m"100%"&amp#27;[0m                         &amp#27;[90m# stepDefinition.CellLineStep.media_replacement_persentage_filled_by(java.lang.String)&amp#27;[0m
  &amp#27;[32mWhen &amp#27;[0m&amp#27;[32muser &amp#27;[0m&amp#27;[32m&amp#27;[1m"type"&amp#27;[0m&amp#27;[32m on box &amp#27;[0m&amp#27;[32m&amp#27;[1m"Feeding Interval"&amp#27;[0m&amp#27;[32m as &amp#27;[0m&amp#27;[32m&amp#27;[1m"48"&amp#27;[0m                         &amp#27;[90m# stepDefinition.GeneralStep.user_on_box_as(java.lang.String,java.lang.String,java.lang.String)&amp#27;[0m
  &amp#27;[32mThen &amp#27;[0m&amp#27;[32mbox &amp#27;[0m&amp#27;[32m&amp#27;[1m"Feeding Interval"&amp#27;[0m&amp#27;[32m filled by &amp#27;[0m&amp#27;[32m&amp#27;[1m"48"&amp#27;[0m                                 &amp#27;[90m# stepDefinition.GeneralStep.box_filled_by(java.lang.String,java.lang.String)&amp#27;[0m
  &amp#27;[32mWhen &amp#27;[0m&amp#27;[32muser clicks on &amp#27;[0m&amp#27;[32m&amp#27;[1m"Detachment Reagent"&amp#27;[0m&amp#27;[32m select box&amp#27;[0m                        &amp#27;[90m# stepDefinition.GeneralStep.user_clicks_on_select_box(java.lang.String)&amp#27;[0m
  &amp#27;[32mThen &amp#27;[0m&amp#27;[32mmodal &amp#27;[0m&amp#27;[32m&amp#27;[1m"Select Detachment Selection"&amp#27;[0m&amp#27;[32m confirmation is displayed&amp#27;[0m         &amp#27;[90m# stepDefinition.GeneralStep.modal_confirmation_is_displayed(java.lang.String)&amp#27;[0m
  &amp#27;[32mWhen &amp#27;[0m&amp#27;[32muser choose item &amp#27;[0m&amp#27;[32m&amp#27;[1m"Trypsin"&amp#27;[0m&amp#27;[32m in modal select&amp#27;[0m                            &amp#27;[90m# stepDefinition.GeneralStep.user_choose_item_in_modal_select(java.lang.String)&amp#27;[0m
  &amp#27;[32mThen &amp#27;[0m&amp#27;[32m&amp#27;[0m&amp#27;[32m&amp#27;[1m"Trypsin"&amp#27;[0m&amp#27;[32m item is selected in the modal&amp#27;[0m                               &amp#27;[90m# stepDefinition.GeneralStep.item_is_selected_in_the_modal(java.lang.String)&amp#27;[0m
  &amp#27;[32mWhen &amp#27;[0m&amp#27;[32muser clicks on &amp#27;[0m&amp#27;[32m&amp#27;[1m"OK"&amp#27;[0m&amp#27;[32m button&amp#27;[0m                                            &amp#27;[90m# stepDefinition.GeneralStep.user_clicks_on_button(java.lang.String)&amp#27;[0m
  &amp#27;[32mThen &amp#27;[0m&amp#27;[32mselect box &amp#27;[0m&amp#27;[32m&amp#27;[1m"Detachment Reagent"&amp#27;[0m&amp#27;[32m filled by &amp#27;[0m&amp#27;[32m&amp#27;[1m"Trypsin"&amp#27;[0m                   &amp#27;[90m# stepDefinition.GeneralStep.select_box_filled_by(java.lang.String,java.lang.String)&amp#27;[0m
  &amp#27;[32mWhen &amp#27;[0m&amp#27;[32muser &amp#27;[0m&amp#27;[32m&amp#27;[1m"type"&amp#27;[0m&amp#27;[32m on box &amp#27;[0m&amp#27;[32m&amp#27;[1m"Detachment Reagent Volume"&amp#27;[0m&amp#27;[32m as &amp#27;[0m&amp#27;[32m&amp#27;[1m"600"&amp#27;[0m               &amp#27;[90m# stepDefinition.GeneralStep.user_on_box_as(java.lang.String,java.lang.String,java.lang.String)&amp#27;[0m
  &amp#27;[32mThen &amp#27;[0m&amp#27;[32mbox &amp#27;[0m&amp#27;[32m&amp#27;[1m"Detachment Reagent Volume"&amp#27;[0m&amp#27;[32m filled by &amp#27;[0m&amp#27;[32m&amp#27;[1m"600"&amp#27;[0m                       &amp#27;[90m# stepDefinition.GeneralStep.box_filled_by(java.lang.String,java.lang.String)&amp#27;[0m
  &amp#27;[32mWhen &amp#27;[0m&amp#27;[32muser &amp#27;[0m&amp#27;[32m&amp#27;[1m"type"&amp#27;[0m&amp#27;[32m on box &amp#27;[0m&amp#27;[32m&amp#27;[1m"Detachment Reagent Incubation Time"&amp#27;[0m&amp#27;[32m as &amp#27;[0m&amp#27;[32m&amp#27;[1m"15"&amp#27;[0m       &amp#27;[90m# stepDefinition.GeneralStep.user_on_box_as(java.lang.String,java.lang.String,java.lang.String)&amp#27;[0m
  &amp#27;[32mThen &amp#27;[0m&amp#27;[32mbox &amp#27;[0m&amp#27;[32m&amp#27;[1m"Detachment Reagent Incubation Time"&amp#27;[0m&amp#27;[32m filled by &amp#27;[0m&amp#27;[32m&amp#27;[1m"15"&amp#27;[0m               &amp#27;[90m# stepDefinition.GeneralStep.box_filled_by(java.lang.String,java.lang.String)&amp#27;[0m
  &amp#27;[32mWhen &amp#27;[0m&amp#27;[32muser &amp#27;[0m&amp#27;[32m&amp#27;[1m"type"&amp#27;[0m&amp#27;[32m on box &amp#27;[0m&amp#27;[32m&amp#27;[1m"Passage Ratio"&amp#27;[0m&amp#27;[32m as &amp#27;[0m&amp#27;[32m&amp#27;[1m"3"&amp#27;[0m                             &amp#27;[90m# stepDefinition.GeneralStep.user_on_box_as(java.lang.String,java.lang.String,java.lang.String)&amp#27;[0m
  &amp#27;[32mThen &amp#27;[0m&amp#27;[32mbox &amp#27;[0m&amp#27;[32m&amp#27;[1m"Passage Ratio"&amp#27;[0m&amp#27;[32m filled by &amp#27;[0m&amp#27;[32m&amp#27;[1m"3"&amp#27;[0m                                     &amp#27;[90m# stepDefinition.GeneralStep.box_filled_by(java.lang.String,java.lang.String)&amp#27;[0m
  &amp#27;[32mWhen &amp#27;[0m&amp#27;[32muser &amp#27;[0m&amp#27;[32m&amp#27;[1m"type"&amp#27;[0m&amp#27;[32m on box &amp#27;[0m&amp#27;[32m&amp#27;[1m"Adhering Time"&amp#27;[0m&amp#27;[32m as &amp#27;[0m&amp#27;[32m&amp#27;[1m"6"&amp#27;[0m                             &amp#27;[90m# stepDefinition.GeneralStep.user_on_box_as(java.lang.String,java.lang.String,java.lang.String)&amp#27;[0m
  &amp#27;[32mThen &amp#27;[0m&amp#27;[32mbox &amp#27;[0m&amp#27;[32m&amp#27;[1m"Adhering Time"&amp#27;[0m&amp#27;[32m filled by &amp#27;[0m&amp#27;[32m&amp#27;[1m"6"&amp#27;[0m                                     &amp#27;[90m# stepDefinition.GeneralStep.box_filled_by(java.lang.String,java.lang.String)&amp#27;[0m
  &amp#27;[32mWhen &amp#27;[0m&amp#27;[32muser type on box Imaging Interval as &amp#27;[0m&amp#27;[32m&amp#27;[1m"48"&amp#27;[0m                             &amp#27;[90m# stepDefinition.CellLineStep.user_type_on_box_imaging_interval_as(java.lang.String)&amp#27;[0m
  &amp#27;[32mThen &amp#27;[0m&amp#27;[32mbox Imaging Interval filled by &amp#27;[0m&amp#27;[32m&amp#27;[1m"48"&amp#27;[0m                                   &amp#27;[90m# s]]></system-out>
    <system-err><![CDATA[[main] INFO io.github.bonigarcia.wdm.WebDriverManager - Using chromedriver 104.0.5112.79 (resolved driver for Chrome 104)
[main] INFO io.github.bonigarcia.wdm.WebDriverManager - Exporting webdriver.chrome.driver as C:\Users\smith\.cache\selenium\chromedriver\win32\104.0.5112.79\chromedriver.exe
Starting ChromeDriver 104.0.5112.79 (3cf3e8c8a07d104b9e1260c910efb8f383285dc5-refs/branch-heads/5112@{#1307}) on port 61438
Only local connections are allowed.
Please see https://chromedriver.chromium.org/security-considerations for suggestions on keeping ChromeDriver safe.
ChromeDriver was started successfully.
Aug 26, 2022 10:28:26 AM org.openqa.selenium.remote.ProtocolHandshake createSession
INFO: Detected upstream dialect: W3C
Aug 26, 2022 10:28:26 AM org.openqa.selenium.devtools.CdpVersionFinder findNearestMatch
INFO: Found exact CDP implementation for version 104
[AsyncHttpClient-1-3] WARN org.asynchttpclient.netty.handler.WebSocketHandler - onError
java.net.SocketException: Connection reset
	at java.base/sun.nio.ch.SocketChannelImpl.throwConnectionReset(SocketChannelImpl.java:394)
	at java.base/sun.nio.ch.SocketChannelImpl.read(SocketChannelImpl.java:426)
	at io.netty.buffer.PooledByteBuf.setBytes(PooledByteBuf.java:258)
	at io.netty.buffer.AbstractByteBuf.writeBytes(AbstractByteBuf.java:1132)
	at io.netty.channel.socket.nio.NioSocketChannel.doReadBytes(NioSocketChannel.java:357)
	at io.netty.channel.nio.AbstractNioByteChannel$NioByteUnsafe.read(AbstractNioByteChannel.java:151)
	at io.netty.channel.nio.NioEventLoop.processSelectedKey(NioEventLoop.java:722)
	at io.netty.channel.nio.NioEventLoop.processSelectedKeysOptimized(NioEventLoop.java:658)
	at io.netty.channel.nio.NioEventLoop.processSelectedKeys(NioEventLoop.java:584)
	at io.netty.channel.nio.NioEventLoop.run(NioEventLoop.java:496)
	at io.netty.util.concurrent.SingleThreadEventExecutor$4.run(SingleThreadEventExecutor.java:997)
	at io.netty.util.internal.ThreadExecutorMap$2.run(ThreadExecutorMap.java:74)
	at io.netty.util.concurrent.FastThreadLocalRunnable.run(FastThreadLocalRunnable.java:30)
	at java.base/java.lang.Thread.run(Thread.java:833)
Aug 26, 2022 10:28:42 AM org.openqa.selenium.remote.http.WebSocket$Listener onError
WARNING: Connection reset
java.net.SocketException: Connection reset
	at java.base/sun.nio.ch.SocketChannelImpl.throwConnectionReset(SocketChannelImpl.java:394)
	at java.base/sun.nio.ch.SocketChannelImpl.read(SocketChannelImpl.java:426)
	at io.netty.buffer.PooledByteBuf.setBytes(PooledByteBuf.java:258)
	at io.netty.buffer.AbstractByteBuf.writeBytes(AbstractByteBuf.java:1132)
	at io.netty.channel.socket.nio.NioSocketChannel.doReadBytes(NioSocketChannel.java:357)
	at io.netty.channel.nio.AbstractNioByteChannel$NioByteUnsafe.read(AbstractNioByteChannel.java:151)
	at io.netty.channel.nio.NioEventLoop.processSelectedKey(NioEventLoop.java:722)
	at io.netty.channel.nio.NioEventLoop.processSelectedKeysOptimized(NioEventLoop.java:658)
	at io.netty.channel.nio.NioEventLoop.processSelectedKeys(NioEventLoop.java:584)
	at io.netty.channel.nio.NioEventLoop.run(NioEventLoop.java:496)
	at io.netty.util.concurrent.SingleThreadEventExecutor$4.run(SingleThreadEventExecutor.java:997)
	at io.netty.util.internal.ThreadExecutorMap$2.run(ThreadExecutorMap.java:74)
	at io.netty.util.concurrent.FastThreadLocalRunnable.run(FastThreadLocalRunnable.java:30)
	at java.base/java.lang.Thread.run(Thread.java:833)

]]></system-err>
  </testcase>
  <testcase name="Create New Cell Line" classname="CC-1116:Create new Cell Line with Passage After Time Interval and Imaging Interval" time="17.152">
    <system-out><![CDATA[browser value is: chromeheadless
tepDefinition.CellLineStep.box_Imaging_interval_filled_by(java.lang.String)&amp#27;[0m
  &amp#27;[32mWhen &amp#27;[0m&amp#27;[32muser &amp#27;[0m&amp#27;[32m&amp#27;[1m"type"&amp#27;[0m&amp#27;[32m on box &amp#27;[0m&amp#27;[32m&amp#27;[1m"Estimated Doubling Time"&amp#27;[0m&amp#27;[32m as &amp#27;[0m&amp#27;[32m&amp#27;[1m"48"&amp#27;[0m                  &amp#27;[90m# stepDefinition.GeneralStep.user_on_box_as(java.lang.String,java.lang.String,java.lang.String)&amp#27;[0m
  &amp#27;[32mThen &amp#27;[0m&amp#27;[32mbox &amp#27;[0m&amp#27;[32m&amp#27;[1m"Estimated Doubling Time"&amp#27;[0m&amp#27;[32m filled by &amp#27;[0m&amp#27;[32m&amp#27;[1m"48"&amp#27;[0m                          &amp#27;[90m# stepDefinition.GeneralStep.box_filled_by(java.lang.String,java.lang.String)&amp#27;[0m
  &amp#27;[32mWhen &amp#27;[0m&amp#27;[32muser &amp#27;[0m&amp#27;[32m&amp#27;[1m"type"&amp#27;[0m&amp#27;[32m on box &amp#27;[0m&amp#27;[32m&amp#27;[1m"Cell Density/cm2"&amp#27;[0m&amp#27;[32m as &amp#27;[0m&amp#27;[32m&amp#27;[1m"9"&amp#27;[0m                          &amp#27;[90m# stepDefinition.GeneralStep.user_on_box_as(java.lang.String,java.lang.String,java.lang.String)&amp#27;[0m
  &amp#27;[32mThen &amp#27;[0m&amp#27;[32mbox &amp#27;[0m&amp#27;[32m&amp#27;[1m"Cell Density/cm2"&amp#27;[0m&amp#27;[32m filled by &amp#27;[0m&amp#27;[32m&amp#27;[1m"9"&amp#27;[0m                                  &amp#27;[90m# stepDefinition.GeneralStep.box_filled_by(java.lang.String,java.lang.String)&amp#27;[0m
  &amp#27;[32mWhen &amp#27;[0m&amp#27;[32muser &amp#27;[0m&amp#27;[32m&amp#27;[1m"type"&amp#27;[0m&amp#27;[32m on box Cell Dye Ratio as &amp#27;[0m&amp#27;[32m&amp#27;[1m"1"&amp#27;[0m&amp#27;[32m to &amp#27;[0m&amp#27;[32m&amp#27;[1m"1"&amp#27;[0m                       &amp#27;[90m# stepDefinition.CellLineStep.user_on_box_cell_dye_ratio_as_to(java.lang.String,java.lang.String,java.lang.String)&amp#27;[0m
  &amp#27;[32mThen &amp#27;[0m&amp#27;[32mbox Cell Dye Ratio filled by &amp#27;[0m&amp#27;[32m&amp#27;[1m"1"&amp#27;[0m&amp#27;[32m to &amp#27;[0m&amp#27;[32m&amp#27;[1m"1"&amp#27;[0m                               &amp#27;[90m# stepDefinition.CellLineStep.box_cell_dye_ratio_filled_by_to(java.lang.String,java.lang.String)&amp#27;[0m
  &amp#27;[32mWhen &amp#27;[0m&amp#27;[32muser clicks on &amp#27;[0m&amp#27;[32m&amp#27;[1m"Save"&amp#27;[0m&amp#27;[32m button&amp#27;[0m                                          &amp#27;[90m# stepDefinition.GeneralStep.user_clicks_on_button(java.lang.String)&amp#27;[0m
  &amp#27;[32mThen &amp#27;[0m&amp#27;[32mnotification &amp#27;[0m&amp#27;[32m&amp#27;[1m"Success"&amp#27;[0m&amp#27;[32m and &amp#27;[0m&amp#27;[32m&amp#27;[1m"Cell Lines has been created"&amp#27;[0m&amp#27;[32m is displayed&amp#27;[0m &amp#27;[90m# stepDefinition.GeneralStep.notification_and_is_displayed(java.lang.String,java.lang.String)&amp#27;[0m
  &amp#27;[32mAnd &amp#27;[0m&amp#27;[32muser is navigated to &amp#27;[0m&amp#27;[32m&amp#27;[1m"Cell Line"&amp#27;[0m&amp#27;[32m page&amp#27;[0m                                  &amp#27;[90m# stepDefinition.GeneralStep.user_is_navigated_to_page(java.lang.String)&amp#27;[0m
  &amp#27;[32mWhen &amp#27;[0m&amp#27;[32muser clicks detail button of item &amp#27;[0m&amp#27;[32m&amp#27;[1m"my cell 3"&amp#27;[0m                         &amp#27;[90m# stepDefinition.GeneralStep.user_clicks_detail_button_of_item(java.lang.String)&amp#27;[0m
  &amp#27;[32mThen &amp#27;[0m&amp#27;[32mdata new cell line will show&amp#27;[0m                                          &amp#27;[90m# stepDefinition.GeneralStep.data_new_cell_line_will_show(io.cucumber.datatable.DataTable)&amp#27;[0m
    | Name      | Organism | Tissue | Morphology | Disease           | Notes                        | Passage After  | Media Selection | Media Replacement | Detachment Reagent | Detachment Reagent Volume | Detachment Reagent Incubation Time | Passage Ratio | Adhering Time | Using Imaging | Estimated Doubling Time | Cell Density/cm2 | Cell Dilution Ratio | Dye Dilution Ratio |
    | my cell 3 | Mouse    | Embryo | Fibroblast | mimic human liver | sample cell from mouse liver | 80% Confluency | DMEM FBS 10     | 100%              | Trypsin            | 600.0 ÂµL                  | 15 minute(s)                       | 1 : 3         | 6 hour(s)     | Yes           | 48 hour(s)              | 90000 x104       | 1                   | 1                  |

@cellline @CC-1116_Create_new_Cell_Line_with_Passage_After_Time_Interval_and_Imaging_Interval
Scenario: Create New Cell Line                                               &amp#27;[90m# src/test/resources/features/Cell Line Manager/Create Cell Lines/CC-1116_Create new Cell Line with Passage After Time Interval and Imaging Interval.feature:17&amp#27;[0m
  &amp#27;[32mGiven &amp#27;[0m&amp#27;[32muser has already logged in to application with this credentials&amp#27;[0m      &amp#27;[90m# stepDefinition.LoginPageStep.user_has_already_logged_in_to_application_with_this_credentials(io.cucumber.datatable.DataTable)&amp#27;[0m
    | username | password |
    | admin    | admin    |
  &amp#27;[32mAnd &amp#27;[0m&amp#27;[32muser is navigated to &amp#27;[0m&amp#27;[32m&amp#27;[1m"Dashboard"&amp#27;[0m&amp#27;[32m page&amp#27;[0m                                  &amp#27;[90m# stepDefinition.GeneralStep.user_is_navigated_to_page(java.lang.String)&amp#27;[0m
  &amp#27;[32mWhen &amp#27;[0m&amp#27;[32muser clicks on menu &amp#27;[0m&amp#27;[32m&amp#27;[1m"Cell Line"&amp#27;[0m                                       &amp#27;[90m# stepDefinition.GeneralStep.user_clicks_on_menu(java.lang.String)&amp#27;[0m
  &amp#27;[32mThen &amp#27;[0m&amp#27;[32muser is navigated to &amp#27;[0m&amp#27;[32m&amp#27;[1m"Cell Line"&amp#27;[0m&amp#27;[32m page&amp#27;[0m                                 &amp#27;[90m# stepDefinition.GeneralStep.user_is_navigated_to_page(java.lang.String)&amp#27;[0m
  &amp#27;[32mWhen &amp#27;[0m&amp#27;[32muser clicks on &amp#27;[0m&amp#27;[32m&amp#27;[1m"Create"&amp#27;[0m&amp#27;[32m button&amp#27;[0m                                        &amp#27;[90m# stepDefinition.GeneralStep.user_clicks_on_button(java.lang.String)&amp#27;[0m
  &amp#27;[32mThen &amp#27;[0m&amp#27;[32muser is navigated to &amp#27;[0m&amp#27;[32m&amp#27;[1m"Create Cell Lines"&amp#27;[0m&amp#27;[32m page&amp#27;[0m                         &amp#27;[90m# stepDefinition.GeneralStep.user_is_navigated_to_page(java.lang.String)&amp#27;[0m
  &amp#27;[32mWhen &amp#27;[0m&amp#27;[32muser &amp#27;[0m&amp#27;[32m&amp#27;[1m"type"&amp#27;[0m&amp#27;[32m &amp#27;[0m&amp#27;[32m&amp#27;[1m"my cell 4"&amp#27;[0m&amp#27;[32m in &amp#27;[0m&amp#27;[32m&amp#27;[1m"name"&amp#27;[0m&amp#27;[32m textbox&amp#27;[0m                             &amp#27;[90m# stepDefinition.GeneralStep.user_in_textbox(java.lang.String,java.lang.String,java.lang.String)&amp#27;[0m
  &amp#27;[32mThen &amp#27;[0m&amp#27;[32mtextbox &amp#27;[0m&amp#27;[32m&amp#27;[1m"name"&amp#27;[0m&amp#27;[32m will fill by &amp#27;[0m&amp#27;[32m&amp#27;[1m"my cell 4"&amp#27;[0m                               &amp#27;[90m# stepDefinition.GeneralStep.textbox_will_fill_by(java.lang.String,java.lang.String)&amp#27;[0m
  &amp#27;[32mWhen &amp#27;[0m&amp#27;[32muser fill textbox &amp#27;[0m&amp#27;[32m&amp#27;[1m"organism"&amp#27;[0m&amp#27;[32m as &amp#27;[0m&amp#27;[32m&amp#27;[1m"Mouse"&amp#27;[0m                               &amp#27;[90m# stepDefinition.GeneralStep.user_fill_box_as(java.lang.String,java.lang.String)&amp#27;[0m
  &amp#27;[32mThen &amp#27;[0m&amp#27;[32mtextbox &amp#27;[0m&amp#27;[32m&amp#27;[1m"organism"&amp#27;[0m&amp#27;[32m filled by &amp#27;[0m&amp#27;[32m&amp#27;[1m"Mouse"&amp#27;[0m                                  &amp#27;[90m# stepDefinition.GeneralStep.textbox_filled_by(java.lang.String,java.lang.String)&amp#27;[0m
  &amp#27;[32mWhen &amp#27;[0m&amp#27;[32muser fill textbox &amp#27;[0m&amp#27;[32m&amp#27;[1m"tissue"&amp#27;[0m&amp#27;[32m as &amp#27;[0m&amp#27;[32m&amp#27;[1m"Embryo"&amp#27;[0m                                &amp#27;[90m# stepDefinition.GeneralStep.user_fill_box_as(java.lang.String,java.lang.String)&amp#27;[0m
  &amp#27;[32mThen &amp#27;[0m&amp#27;[32mtextbox &amp#27;[0m&amp#27;[32m&amp#27;[1m"tissue"&amp#27;[0m&amp#27;[32m filled by &amp#27;[0m&amp#27;[32m&amp#27;[1m"Embryo"&amp#27;[0m                                   &amp#27;[90m# stepDefinition.GeneralStep.textbox_filled_by(java.lang.String,java.lang.String)&amp#27;[0m
  &amp#27;[32mWhen &amp#27;[0m&amp#27;[32muser fill textbox &amp#27;[0m&amp#27;[32m&amp#27;[1m"morphology"&amp#27;[0m&amp#27;[32m as &amp#27;[0m&amp#27;[32m&amp#27;[1m"Fibroblast"&amp#27;[0m                        &amp#27;[90m# stepDefinition.GeneralStep.user_fill_box_as(java.lang.String,java.lang.String)&amp#27;[0m
  &amp#27;[32mThen &amp#27;[0m&amp#27;[32mtextbox &amp#27;[0m&amp#27;[32m&amp#27;[1m"morphology"&amp#27;[0m&amp#27;[32m filled by &amp#27;[0m&amp#27;[32m&amp#27;[1m"Fibroblast"&amp#27;[0m                           &amp#27;[90m# stepDefinition.GeneralStep.textbox_filled_by(java.lang.String,java.lang.String)&amp#27;[0m
  &amp#27;[32mWhen &amp#27;[0m&amp#27;[32muser &amp#27;[0m&amp#27;[32m&amp#27;[1m"type"&amp#27;[0m&amp#27;[32m &amp#27;[0m&amp#27;[32m&amp#27;[1m"mimic human liver"&amp#27;[0m&amp#27;[32m in &amp#27;[0m&amp#27;[32m&amp#27;[1m"disease"&amp#27;[0m&amp#27;[32m textbox&amp#27;[0m                  &amp#27;[90m# stepDefinition.GeneralStep.user_in_textbox(java.lang.String,java.lang.String,java.lang.String)&amp#27;[0m
  &amp#27;[32mThen &amp#27;[0m&amp#27;[32mtextbox &amp#27;[0m&amp#27;[32m&amp#27;[1m"disease"&amp#27;[0m&amp#27;[32m will fill by &amp#27;[0m&amp#27;[32m&amp#27;[1m"mimic human liver"&amp#27;[0m                    &amp#27;[90m# stepDefinition.GeneralStep.textbox_will_fill_by(java.lang.String,java.lang.String)&amp#27;[0m
  &amp#27;[32mWhen &amp#27;[0m&amp#27;[32muser &amp#27;[0m&amp#27;[32m&amp#27;[1m"type"&amp#27;[0m&amp#27;[32m &amp#27;[0m&amp#27;[32m&amp#27;[1m"sample cell from mouse liver"&amp#27;[0m&amp#27;[32m in &amp#27;[0m&amp#27;[32m&amp#27;[1m"notes"&amp#27;[0m&amp#27;[32m textbox&amp#27;[0m         &amp#27;[90m# stepDefinition.GeneralStep.user_in_textbox(java.lang.String,java.lang.String,java.lang.String)&amp#27;[0m
  &amp#27;[32mThen &amp#27;[0m&amp#27;[32mtextbox &amp#27;[0m&amp#27;[32m&amp#27;[1m"notes"&amp#27;[0m&amp#27;[32m will fill by &amp#27;[0m&amp#27;[32m&amp#27;[1m"sample cell from mouse liver"&amp#27;[0m           &amp#27;[90m# stepDefinition.GeneralStep.textbox_will_fill_by(java.lang.String,java.lang.String)&amp#27;[0m
  &amp#27;[32mWhen &amp#27;[0m&amp#27;[32muser select &amp#27;[0m&amp#27;[32m&amp#27;[1m"Time Interval"&amp#27;[0m&amp#27;[32m radio&amp#27;[0m                                     &amp#27;[90m# stepDefinition.GeneralStep.user_select_radio(java.lang.String)&amp#27;[0m
  &amp#27;[32mThen &amp#27;[0m&amp#27;[32mradio &amp#27;[0m&amp#27;[32m&amp#27;[1m"Time Interval"&amp#27;[0m&amp#27;[32m is selected&amp#27;[0m                                     &amp#27;[90m# stepDefinition.GeneralStep.radio_is_selected(java.lang.String)&amp#27;[0m
  &amp#27;[32mAnd &amp#27;[0m&amp#27;[32mcheckbox &amp#27;[0m&amp#27;[32m&amp#27;[1m"Imaging Interval"&amp#27;[0m&amp#27;[32m is enable&amp#27;[0m                                  &amp#27;[90m# stepDefinition.CellLineStep.checkbox_is_enable(java.lang.String)&amp#27;[0m
  &amp#27;[32mWhen &amp#27;[0m&amp#27;[32muser type cell line time interval as &amp#27;[0m&amp#27;[32m&amp#27;[1m"24"&amp#27;[0m                             &amp#27;[90m# stepDefinition.CellLineStep.user_type_cell_line_time_interval_as(java.lang.String)&amp#27;[0m
  &amp#27;[32mThen &amp#27;[0m&amp#27;[32mcell line time interval is filled by &amp#27;[0m&amp#27;[32m&amp#27;[1m"24"&amp#27;[0m                             &amp#27;[90m# stepDefinition.CellLineStep.cell_line_time_interval_is_filled_by(java.lang.String)&amp#27;[0m
  &amp#27;[32mWhen &amp#27;[0m&amp#27;[32muser clicks on &amp#27;[0m&amp#27;[32m&amp#27;[1m"Media Selection"&amp#27;[0m&amp#27;[32m select box&amp#27;[0m                           &amp#27;[90m# stepDefinition.GeneralStep.user_clicks_on_select_box(java.lang.String)&amp#27;[0m
  &amp#27;[32mThen &amp#27;[0m&amp#27;[32mmodal &amp#27;[0m&amp#27;[32m&amp#27;[1m"Select Media Selection"&amp#27;[0m&amp#27;[32m confirmation is displayed&amp#27;[0m              &amp#27;[90m# stepDefinition.GeneralStep.modal_confirmation_is_displayed(java.lang.String)&amp#27;[0m
  &amp#27;[32mWhen &amp#27;[0m&amp#27;[32muser choose item &amp#27;[0m&amp#27;[32m&amp#27;[1m"DMEM FBS 10"&amp#27;[0m&amp#27;[32m in modal select&amp#27;[0m                        &amp#27;[90m# stepDefinition.GeneralStep.user_choose_item_in_modal_select(java.lang.String)&amp#27;[0m
  &amp#27;[32mThen &amp#27;[0m&amp#27;[32m&amp#27;[0m&amp#27;[32m&amp#27;[1m"DMEM FBS 10"&amp#27;[0m&amp#27;[32m item is selected in the modal&amp#27;[0m                           &amp#27;[90m# stepDefinition.GeneralStep.item_is_selected_in_the_modal(java.lang.String)&amp#27;[0m
  &amp#27;[32mWhen &amp#27;[0m&amp#27;[32muser clicks on &amp#27;[0m&amp#27;[32m&amp#27;[1m"OK"&amp#27;[0m&amp#27;[32m button&amp#27;[0m                                            &amp#27;[90m# stepDefinition.GeneralStep.user_clicks_on_button(java.lang.String)&amp#27;[0m
  &amp#27;[32mThen &amp#27;[0m&amp#27;[32mselect box &amp#27;[0m&amp#27;[32m&amp#27;[1m"Media Selection"&amp#27;[0m&amp#27;[32m filled by &amp#27;[0m&amp#27;[32m&amp#27;[1m"DMEM FBS 10"&amp#27;[0m                  &amp#27;[90m# stepDefinition.GeneralStep.select_box_filled_by(java.lang.String,java.lang.String)&amp#27;[0m
  &amp#27;[32mWhen &amp#27;[0m&amp#27;[32muser select &amp#27;[0m&amp#27;[32m&amp#27;[1m"100%"&amp#27;[0m&amp#27;[32m on Media Replacement persentage&amp#27;[0m                    &amp#27;[90m# stepDefinition.CellLineStep.user_select_on_media_replacement_persentage(java.lang.String)&amp#27;[0m
  &amp#27;[32mThen &amp#27;[0m&amp#27;[32mMedia Replacement persentage filled by &amp#27;[0m&amp#27;[32m&amp#27;[1m"100%"&amp#27;[0m                         &amp#27;[90m# stepDefinition.CellLineStep.media_replacement_persentage_filled_by(java.lang.String)&amp#27;[0m
  &amp#27;[32mWhen &amp#27;[0m&amp#27;[32muser &amp#27;[0m&amp#27;[32m&amp#27;[1m"type"&amp#27;[0m&amp#27;[32m on box &amp#27;[0m&amp#27;[32m&amp#27;[1m"Feeding Interval"&amp#27;[0m&amp#27;[32m as &amp#27;[0m&amp#27;[32m&amp#27;[1m"48"&amp#27;[0m                         &amp#27;[90m# stepDefinition.GeneralStep.user_on_box_as(java.lang.String,java.lang.String,java.lang.String)&amp#27;[0m
  &amp#27;[32mThen &amp#27;[0m&amp#27;[32mbox &amp#27;[0m&amp#27;[32m&amp#27;[1m"Feeding Interval"&amp#27;[0m&amp#27;[32m filled by &amp#27;[0m&amp#27;[32m&amp#27;[1m"48"&amp#27;[0m                                 &amp#27;[90m# stepDefinition.GeneralStep.box_filled_by(java.lang.String,java.lang.String)&amp#27;[0m
  &amp#27;[32mWhen &amp#27;[0m&amp#27;[32muser clicks on &amp#27;[0m&amp#27;[32m&amp#27;[1m"Detachment Reagent"&amp#27;[0m&amp#27;[32m select box&amp#27;[0m                        &amp#27;[90m# stepDefinition.GeneralStep.user_clicks_on_select_box(java.lang.String)&amp#27;[0m
  &amp#27;[32mThen &amp#27;[0m&amp#27;[32mmodal &amp#27;[0m&amp#27;[32m&amp#27;[1m"Select Detachment Selection"&amp#27;[0m&amp#27;[32m confirmation is displayed&amp#27;[0m         &amp#27;[90m# stepDefinition.GeneralStep.modal_confirmation_is_displayed(java.lang.String)&amp#27;[0m
  &amp#27;[32mWhen &amp#27;[0m&amp#27;[32muser choose item &amp#27;[0m&amp#27;[32m&amp#27;[1m"Trypsin"&amp#27;[0m&amp#27;[32m in modal select&amp#27;[0m                            &amp#27;[90m# stepDefinition.GeneralStep.user_choose_item_in_modal_select(java.lang.String)&amp#27;[0m
  &amp#27;[32mThen &amp#27;[0m&amp#27;[32m&amp#27;[0m&amp#27;[32m&amp#27;[1m"Trypsin"&amp#27;[0m&amp#27;[32m item is selected in the modal&amp#27;[0m                               &amp#27;[90m# stepDefinition.GeneralStep.item_is_selected_in_the_modal(java.lang.String)&amp#27;[0m
  &amp#27;[32mWhen &amp#27;[0m&amp#27;[32muser clicks on &amp#27;[0m&amp#27;[32m&amp#27;[1m"OK"&amp#27;[0m&amp#27;[32m button&amp#27;[0m                                            &amp#27;[90m# stepDefinition.GeneralStep.user_clicks_on_button(java.lang.String)&amp#27;[0m
  &amp#27;[32mThen &amp#27;[0m&amp#27;[32mselect box &amp#27;[0m&amp#27;[32m&amp#27;[1m"Detachment Reagent"&amp#27;[0m&amp#27;[32m filled by &amp#27;[0m&amp#27;[32m&amp#27;[1m"Trypsin"&amp#27;[0m                   &amp#27;[90m# stepDefinition.GeneralStep.select_box_filled_by(java.lang.String,java.lang.String)&amp#27;[0m
  &amp#27;[32mWhen &amp#27;[0m&amp#27;[32muser &amp#27;[0m&amp#27;[32m&amp#27;[1m"type"&amp#27;[0m&amp#27;[32m on box &amp#27;[0m&amp#27;[32m&amp#27;[1m"Detachment Reagent Volume"&amp#27;[0m&amp#27;[32m as &amp#27;[0m&amp#27;[32m&amp#27;[1m"600"&amp#27;[0m               &amp#27;[90m# stepDefinition.GeneralStep.user_on_box_as(java.lang.String,java.lang.String,java.lang.String)&amp#27;[0m
  &amp#27;[32mThen &amp#27;[0m&amp#27;[32mbox &amp#27;[0m&amp#27;[32m&amp#27;[1m"Detachment Reagent Volume"&amp#27;[0m&amp#27;[32m filled by &amp#27;[0m&amp#27;[32m&amp#27;[1m"600"&amp#27;[0m                       &amp#27;[90m# stepDefinition.GeneralStep.box_filled_by(java.lang.String,java.lang.String)&amp#27;[0m
  &amp#27;[32mWhen &amp#27;[0m&amp#27;[32muser &amp#27;[0m&amp#27;[32m&amp#27;[1m"type"&amp#27;[0m&amp#27;[32m on box &amp#27;[0m&amp#27;[32m&amp#27;[1m"Detachment Reagent Incubation Time"&amp#27;[0m&amp#27;[32m as &amp#27;[0m&amp#27;[32m&amp#27;[1m"15"&amp#27;[0m       &amp#27;[90m# stepDefinition.GeneralStep.user_on_box_as(java.lang.String,java.lang.String,java.lang.String)&amp#27;[0m
  &amp#27;[32mThen &amp#27;[0m&amp#27;[32mbox &amp#27;[0m&amp#27;[32m&amp#27;[1m"Detachment Reagent Incubation Time"&amp#27;[0m&amp#27;[32m filled by &amp#27;[0m&amp#27;[32m&amp#27;[1m"15"&amp#27;[0m               &amp#27;[90m# stepDefinition.GeneralStep.box_filled_by(java.lang.String,java.lang.String)&amp#27;[0m
  &amp#27;[32mWhen &amp#27;[0m&amp#27;[32muser &amp#27;[0m&amp#27;[32m&amp#27;[1m"type"&amp#27;[0m&amp#27;[32m on box &amp#27;[0m&amp#27;[32m&amp#27;[1m"Passage Ratio"&amp#27;[0m&amp#27;[32m as &amp#27;[0m&amp#27;[32m&amp#27;[1m"3"&amp#27;[0m                             &amp#27;[90m# stepDefinition.GeneralStep.user_on_box_as(java.lang.String,java.lang.String,java.lang.String)&amp#27;[0m
  &amp#27;[32mThen &amp#27;[0m&amp#27;[32mbox &amp#27;[0m&amp#27;[32m&amp#27;[1m"Passage Ratio"&amp#27;[0m&amp#27;[32m filled by &amp#27;[0m&amp#27;[32m&amp#27;[1m"3"&amp#27;[0m                                     &amp#27;[90m# stepDefinition.GeneralStep.box_filled_by(java.lang.String,java.lang.String)&amp#27;[0m
  &amp#27;[32mWhen &amp#27;[0m&amp#27;[32muser &amp#27;[0m&amp#27;[32m&amp#27;[1m"type"&amp#27;[0m&amp#27;[32m on box &amp#27;[0m&amp#27;[32m&amp#27;[1m"Adhering Time"&amp#27;[0m&amp#27;[32m as &amp#27;[0m&amp#27;[32m&amp#27;[1m"6"&amp#27;[0m                             &amp#27;[90m# stepDefinition.GeneralStep.user_on_box_as(java.lang.String,java.lang.String,java.lang.String)&amp#27;[0m
  &amp#27;[32mThen &amp#27;[0m&amp#27;[32mbox &amp#27;[0m&amp#27;[32m&amp#27;[1m"Adhering Time"&amp#27;[0m&amp#27;[32m filled by &amp#27;[0m&amp#27;[32m&amp#27;[1m"6"&amp#27;[0m                                     &amp#27;[90m# stepDefinition.GeneralStep.box_filled_by(java.lang.String,java.lang.String)&amp#27;[0m
  &amp#27;[32mWhen &amp#27;[0m&amp#27;[32muser clicks to check on &amp#27;[0m&amp#27;[32m&amp#27;[1m"Imaging Interval"&amp#27;[0m&amp#27;[32m checkbox&amp#27;[0m                   &amp#27;[90m# stepDefinition.GeneralStep.user_clicks_to_check_on_checkbox(java.lang.String)&amp#27;[0m
  &amp#27;[32mWhen &amp#27;[0m&amp#27;[32muser type on box Imaging Interval as &amp#27;[0m&amp#27;[32m&amp#27;[1m"12"&amp#27;[0m                             &amp#27;[90m# stepDefinition.CellLineStep.user_type_on_box_imaging_interval_as(java.lang.String)&amp#27;[0m
  &amp#27;[32mThen &amp#27;[0m&amp#27;[32mbox Imaging Interval filled by &amp#27;[0m&amp#27;[32m&amp#27;[1m"12"&amp#27;[0m                                   &amp#27;[90m# stepDefinition.CellLineStep.box_Imaging_interval_filled_by(java.lang.String)&amp#27;[0m
  &amp#27;[32mWhen &amp#27;[0m&amp#27;[32muser &amp#27;[0m&amp#27;[32m&amp#27;[1m"type"&amp#27;[0m&amp#27;[32m on box &amp#27;[0m&amp#27;[32m&amp#27;[1m"Estimated Doubling Time"&amp#27;[0m&amp#27;[32m as &amp#27;[0m&amp#27;[32m&amp#27;[1m"48"&amp#27;[0m                  &amp#27;[90m# stepDefinition.GeneralStep.user_on_box_as(java.lang.String,java.lang.String,java.lang.String)&amp#27;[0m
  &amp#27;[32mThen &amp#27;[0m&amp#27;[32mbox &amp#27;[0m&amp#27;[32m&amp#27;[1m"Estimated Doubling Time"&amp#27;[0m&amp#27;[32m filled by &amp#27;[0m&amp#27;[32m&amp#27;[1m"48"&amp#27;[0m                          &amp#27;[90m# stepDefinition.GeneralStep.box_filled_by(java.lang.String,java.lang.String)&amp#27;[0m
  &amp#27;[32mWhen &amp#27;[0m&amp#27;[32muser &amp#27;[0m&amp#27;[32m&amp#27;[1m"type"&amp#27;[0m&amp#27;[32m on box &amp#27;[0m&amp#27;[32m&amp#27;[1m"Cell Density/cm2"&amp#27;[0m&amp#27;[32m as &amp#27;[0m&amp#27;[32m&amp#27;[1m"9"&amp#27;[0m                          &amp#27;[90m# stepDefinition.GeneralStep.user_on_box_as(java.lang.String,java.lang.String,java.lang.String)&amp#27;[0m
  &amp#27;[32mThen &amp#27;[0m&amp#27;[32mbox &amp#27;[0m&amp#27;[32m&amp#27;[1m"Cell Density/cm2"&amp#27;[0m&amp#27;[32m filled by &amp#27;[0m&amp#27;[32m&amp#27;[1m"9"&amp#27;[0m                                  &amp#27;[90m# stepDefinition.GeneralStep.box_filled_by(java.lang.String,java.lang.String)&amp#27;[0m
  &amp#27;[32mWhen &amp#27;[0m&amp#27;[32muser &amp#27;[0m&amp#27;[32m&amp#27;[1m"type"&amp#27;[0m&amp#27;[32m on box Cell Dye Ratio as &amp#27;[0m&amp#27;[32m&amp#27;[1m"1"&amp#27;[0m&amp#27;[32m to &amp#27;[0m&amp#27;[32m&amp#27;[1m"1"&amp#27;[0m                       &amp#27;[90m# stepDefinition.CellLineStep.user_on_box_cell_dye_ratio_as_to(java.lang.String,java.lang.String,java.lang.String)&amp#27;[0m
  &amp#27;[32mThen &amp#27;[0m&amp#27;[32mbox Cell Dye Ratio filled by &amp#27;[0m&amp#27;[32m&amp#27;[1m"1"&amp#27;[0m&amp#27;[32m to &amp#27;[0m&amp#27;[32m&amp#27;[1m"1"&amp#27;[0m                               &amp#27;[90m# stepDefinition.CellLineStep.box_cell_dye_ratio_filled_by_to(java.lang.String,java.lang.String)&amp#27;[0m
  &amp#27;[32mWhen &amp#27;[0m&amp#27;[32muser clicks on &amp#27;[0m&amp#27;[32m&amp#27;[1m"Save"&amp#27;[0m&amp#27;[32m button&amp#27;[0m                                          &amp#27;[90m# stepDefinition.GeneralStep.user_clicks_on_button(java.lang.String)&amp#27;[0m
  &amp#27;[32mThen &amp#27;[0m&amp#27;[32mnotification &amp#27;[0m&amp#27;[32m&amp#27;[1m"Success"&amp#27;[0m&amp#27;[32m and &amp#27;[0m&amp#27;[32m&amp#27;[1m"Cell Lines has been created"&amp#27;[0m&amp#27;[32m is displayed&amp#27;[0m &amp#27;[90m# stepDefinition.]]></system-out>
    <system-err><![CDATA[[main] INFO io.github.bonigarcia.wdm.WebDriverManager - Using chromedriver 104.0.5112.79 (resolved driver for Chrome 104)
[main] INFO io.github.bonigarcia.wdm.WebDriverManager - Exporting webdriver.chrome.driver as C:\Users\smith\.cache\selenium\chromedriver\win32\104.0.5112.79\chromedriver.exe
Starting ChromeDriver 104.0.5112.79 (3cf3e8c8a07d104b9e1260c910efb8f383285dc5-refs/branch-heads/5112@{#1307}) on port 63458
Only local connections are allowed.
Please see https://chromedriver.chromium.org/security-considerations for suggestions on keeping ChromeDriver safe.
ChromeDriver was started successfully.
Aug 26, 2022 10:28:43 AM org.openqa.selenium.remote.ProtocolHandshake createSession
INFO: Detected upstream dialect: W3C
Aug 26, 2022 10:28:43 AM org.openqa.selenium.devtools.CdpVersionFinder findNearestMatch
INFO: Found exact CDP implementation for version 104
[AsyncHttpClient-1-6] WARN org.asynchttpclient.netty.handler.WebSocketHandler - onError
java.net.SocketException: Connection reset
	at java.base/sun.nio.ch.SocketChannelImpl.throwConnectionReset(SocketChannelImpl.java:394)
	at java.base/sun.nio.ch.SocketChannelImpl.read(SocketChannelImpl.java:426)
	at io.netty.buffer.PooledByteBuf.setBytes(PooledByteBuf.java:258)
	at io.netty.buffer.AbstractByteBuf.writeBytes(AbstractByteBuf.java:1132)
	at io.netty.channel.socket.nio.NioSocketChannel.doReadBytes(NioSocketChannel.java:357)
	at io.netty.channel.nio.AbstractNioByteChannel$NioByteUnsafe.read(AbstractNioByteChannel.java:151)
	at io.netty.channel.nio.NioEventLoop.processSelectedKey(NioEventLoop.java:722)
	at io.netty.channel.nio.NioEventLoop.processSelectedKeysOptimized(NioEventLoop.java:658)
	at io.netty.channel.nio.NioEventLoop.processSelectedKeys(NioEventLoop.java:584)
	at io.netty.channel.nio.NioEventLoop.run(NioEventLoop.java:496)
	at io.netty.util.concurrent.SingleThreadEventExecutor$4.run(SingleThreadEventExecutor.java:997)
	at io.netty.util.internal.ThreadExecutorMap$2.run(ThreadExecutorMap.java:74)
	at io.netty.util.concurrent.FastThreadLocalRunnable.run(FastThreadLocalRunnable.java:30)
	at java.base/java.lang.Thread.run(Thread.java:833)
Aug 26, 2022 10:28:59 AM org.openqa.selenium.remote.http.WebSocket$Listener onError
WARNING: Connection reset
java.net.SocketException: Connection reset
	at java.base/sun.nio.ch.SocketChannelImpl.throwConnectionReset(SocketChannelImpl.java:394)
	at java.base/sun.nio.ch.SocketChannelImpl.read(SocketChannelImpl.java:426)
	at io.netty.buffer.PooledByteBuf.setBytes(PooledByteBuf.java:258)
	at io.netty.buffer.AbstractByteBuf.writeBytes(AbstractByteBuf.java:1132)
	at io.netty.channel.socket.nio.NioSocketChannel.doReadBytes(NioSocketChannel.java:357)
	at io.netty.channel.nio.AbstractNioByteChannel$NioByteUnsafe.read(AbstractNioByteChannel.java:151)
	at io.netty.channel.nio.NioEventLoop.processSelectedKey(NioEventLoop.java:722)
	at io.netty.channel.nio.NioEventLoop.processSelectedKeysOptimized(NioEventLoop.java:658)
	at io.netty.channel.nio.NioEventLoop.processSelectedKeys(NioEventLoop.java:584)
	at io.netty.channel.nio.NioEventLoop.run(NioEventLoop.java:496)
	at io.netty.util.concurrent.SingleThreadEventExecutor$4.run(SingleThreadEventExecutor.java:997)
	at io.netty.util.internal.ThreadExecutorMap$2.run(ThreadExecutorMap.java:74)
	at io.netty.util.concurrent.FastThreadLocalRunnable.run(FastThreadLocalRunnable.java:30)
	at java.base/java.lang.Thread.run(Thread.java:833)

]]></system-err>
  </testcase>
  <testcase name="Create New Cell Line" classname="CC-1117:Create new Cell Line with Passage After Time Interval and without Imaging Interval" time="16.668">
    <system-out><![CDATA[browser value is: chromeheadless
GeneralStep.notification_and_is_displayed(java.lang.String,java.lang.String)&amp#27;[0m
  &amp#27;[32mAnd &amp#27;[0m&amp#27;[32muser is navigated to &amp#27;[0m&amp#27;[32m&amp#27;[1m"Cell Line"&amp#27;[0m&amp#27;[32m page&amp#27;[0m                                  &amp#27;[90m# stepDefinition.GeneralStep.user_is_navigated_to_page(java.lang.String)&amp#27;[0m
  &amp#27;[32mWhen &amp#27;[0m&amp#27;[32muser clicks detail button of item &amp#27;[0m&amp#27;[32m&amp#27;[1m"my cell 4"&amp#27;[0m                         &amp#27;[90m# stepDefinition.GeneralStep.user_clicks_detail_button_of_item(java.lang.String)&amp#27;[0m
  &amp#27;[32mThen &amp#27;[0m&amp#27;[32mdata new cell line will show&amp#27;[0m                                          &amp#27;[90m# stepDefinition.GeneralStep.data_new_cell_line_will_show(io.cucumber.datatable.DataTable)&amp#27;[0m
    | Name      | Organism | Tissue | Morphology | Disease           | Notes                        | Passage After | Media Selection | Media Replacement | Detachment Reagent | Detachment Reagent Volume | Detachment Reagent Incubation Time | Passage Ratio | Adhering Time | Using Imaging | Estimated Doubling Time | Cell Density/cm2 | Cell Dilution Ratio | Dye Dilution Ratio |
    | my cell 4 | Mouse    | Embryo | Fibroblast | mimic human liver | sample cell from mouse liver | 24 hour(s)    | DMEM FBS 10     | 100%              | Trypsin            | 600.0 ÂµL                  | 15 minute(s)                       | 1 : 3         | 6 hour(s)     | Yes           | 48 hour(s)              | 90000 x104       | 1                   | 1                  |

@cellline @CC-1117_Create_new_Cell_Line_with_Passage_After_Time_Interval_and_without_Imaging_Interval
Scenario: Create New Cell Line                                               &amp#27;[90m# src/test/resources/features/Cell Line Manager/Create Cell Lines/CC-1117_Create new Cell Line with Passage After Time Interval and without Imaging Interval.feature:17&amp#27;[0m
  &amp#27;[32mGiven &amp#27;[0m&amp#27;[32muser has already logged in to application with this credentials&amp#27;[0m      &amp#27;[90m# stepDefinition.LoginPageStep.user_has_already_logged_in_to_application_with_this_credentials(io.cucumber.datatable.DataTable)&amp#27;[0m
    | username | password |
    | admin    | admin    |
  &amp#27;[32mAnd &amp#27;[0m&amp#27;[32muser is navigated to &amp#27;[0m&amp#27;[32m&amp#27;[1m"Dashboard"&amp#27;[0m&amp#27;[32m page&amp#27;[0m                                  &amp#27;[90m# stepDefinition.GeneralStep.user_is_navigated_to_page(java.lang.String)&amp#27;[0m
  &amp#27;[32mWhen &amp#27;[0m&amp#27;[32muser clicks on menu &amp#27;[0m&amp#27;[32m&amp#27;[1m"Cell Line"&amp#27;[0m                                       &amp#27;[90m# stepDefinition.GeneralStep.user_clicks_on_menu(java.lang.String)&amp#27;[0m
  &amp#27;[32mThen &amp#27;[0m&amp#27;[32muser is navigated to &amp#27;[0m&amp#27;[32m&amp#27;[1m"Cell Line"&amp#27;[0m&amp#27;[32m page&amp#27;[0m                                 &amp#27;[90m# stepDefinition.GeneralStep.user_is_navigated_to_page(java.lang.String)&amp#27;[0m
  &amp#27;[32mWhen &amp#27;[0m&amp#27;[32muser clicks on &amp#27;[0m&amp#27;[32m&amp#27;[1m"Create"&amp#27;[0m&amp#27;[32m button&amp#27;[0m                                        &amp#27;[90m# stepDefinition.GeneralStep.user_clicks_on_button(java.lang.String)&amp#27;[0m
  &amp#27;[32mThen &amp#27;[0m&amp#27;[32muser is navigated to &amp#27;[0m&amp#27;[32m&amp#27;[1m"Create Cell Lines"&amp#27;[0m&amp#27;[32m page&amp#27;[0m                         &amp#27;[90m# stepDefinition.GeneralStep.user_is_navigated_to_page(java.lang.String)&amp#27;[0m
  &amp#27;[32mWhen &amp#27;[0m&amp#27;[32muser &amp#27;[0m&amp#27;[32m&amp#27;[1m"type"&amp#27;[0m&amp#27;[32m &amp#27;[0m&amp#27;[32m&amp#27;[1m"my cell 5"&amp#27;[0m&amp#27;[32m in &amp#27;[0m&amp#27;[32m&amp#27;[1m"name"&amp#27;[0m&amp#27;[32m textbox&amp#27;[0m                             &amp#27;[90m# stepDefinition.GeneralStep.user_in_textbox(java.lang.String,java.lang.String,java.lang.String)&amp#27;[0m
  &amp#27;[32mThen &amp#27;[0m&amp#27;[32mtextbox &amp#27;[0m&amp#27;[32m&amp#27;[1m"name"&amp#27;[0m&amp#27;[32m will fill by &amp#27;[0m&amp#27;[32m&amp#27;[1m"my cell 5"&amp#27;[0m                               &amp#27;[90m# stepDefinition.GeneralStep.textbox_will_fill_by(java.lang.String,java.lang.String)&amp#27;[0m
  &amp#27;[32mWhen &amp#27;[0m&amp#27;[32muser fill textbox &amp#27;[0m&amp#27;[32m&amp#27;[1m"organism"&amp#27;[0m&amp#27;[32m as &amp#27;[0m&amp#27;[32m&amp#27;[1m"Mouse"&amp#27;[0m                               &amp#27;[90m# stepDefinition.GeneralStep.user_fill_box_as(java.lang.String,java.lang.String)&amp#27;[0m
  &amp#27;[32mThen &amp#27;[0m&amp#27;[32mtextbox &amp#27;[0m&amp#27;[32m&amp#27;[1m"organism"&amp#27;[0m&amp#27;[32m filled by &amp#27;[0m&amp#27;[32m&amp#27;[1m"Mouse"&amp#27;[0m                                  &amp#27;[90m# stepDefinition.GeneralStep.textbox_filled_by(java.lang.String,java.lang.String)&amp#27;[0m
  &amp#27;[32mWhen &amp#27;[0m&amp#27;[32muser fill textbox &amp#27;[0m&amp#27;[32m&amp#27;[1m"tissue"&amp#27;[0m&amp#27;[32m as &amp#27;[0m&amp#27;[32m&amp#27;[1m"Embryo"&amp#27;[0m                                &amp#27;[90m# stepDefinition.GeneralStep.user_fill_box_as(java.lang.String,java.lang.String)&amp#27;[0m
  &amp#27;[32mThen &amp#27;[0m&amp#27;[32mtextbox &amp#27;[0m&amp#27;[32m&amp#27;[1m"tissue"&amp#27;[0m&amp#27;[32m filled by &amp#27;[0m&amp#27;[32m&amp#27;[1m"Embryo"&amp#27;[0m                                   &amp#27;[90m# stepDefinition.GeneralStep.textbox_filled_by(java.lang.String,java.lang.String)&amp#27;[0m
  &amp#27;[32mWhen &amp#27;[0m&amp#27;[32muser fill textbox &amp#27;[0m&amp#27;[32m&amp#27;[1m"morphology"&amp#27;[0m&amp#27;[32m as &amp#27;[0m&amp#27;[32m&amp#27;[1m"Fibroblast"&amp#27;[0m                        &amp#27;[90m# stepDefinition.GeneralStep.user_fill_box_as(java.lang.String,java.lang.String)&amp#27;[0m
  &amp#27;[32mThen &amp#27;[0m&amp#27;[32mtextbox &amp#27;[0m&amp#27;[32m&amp#27;[1m"morphology"&amp#27;[0m&amp#27;[32m filled by &amp#27;[0m&amp#27;[32m&amp#27;[1m"Fibroblast"&amp#27;[0m                           &amp#27;[90m# stepDefinition.GeneralStep.textbox_filled_by(java.lang.String,java.lang.String)&amp#27;[0m
  &amp#27;[32mWhen &amp#27;[0m&amp#27;[32muser &amp#27;[0m&amp#27;[32m&amp#27;[1m"type"&amp#27;[0m&amp#27;[32m &amp#27;[0m&amp#27;[32m&amp#27;[1m"mimic human liver"&amp#27;[0m&amp#27;[32m in &amp#27;[0m&amp#27;[32m&amp#27;[1m"disease"&amp#27;[0m&amp#27;[32m textbox&amp#27;[0m                  &amp#27;[90m# stepDefinition.GeneralStep.user_in_textbox(java.lang.String,java.lang.String,java.lang.String)&amp#27;[0m
  &amp#27;[32mThen &amp#27;[0m&amp#27;[32mtextbox &amp#27;[0m&amp#27;[32m&amp#27;[1m"disease"&amp#27;[0m&amp#27;[32m will fill by &amp#27;[0m&amp#27;[32m&amp#27;[1m"mimic human liver"&amp#27;[0m                    &amp#27;[90m# stepDefinition.GeneralStep.textbox_will_fill_by(java.lang.String,java.lang.String)&amp#27;[0m
  &amp#27;[32mWhen &amp#27;[0m&amp#27;[32muser &amp#27;[0m&amp#27;[32m&amp#27;[1m"type"&amp#27;[0m&amp#27;[32m &amp#27;[0m&amp#27;[32m&amp#27;[1m"sample cell from mouse liver"&amp#27;[0m&amp#27;[32m in &amp#27;[0m&amp#27;[32m&amp#27;[1m"notes"&amp#27;[0m&amp#27;[32m textbox&amp#27;[0m         &amp#27;[90m# stepDefinition.GeneralStep.user_in_textbox(java.lang.String,java.lang.String,java.lang.String)&amp#27;[0m
  &amp#27;[32mThen &amp#27;[0m&amp#27;[32mtextbox &amp#27;[0m&amp#27;[32m&amp#27;[1m"notes"&amp#27;[0m&amp#27;[32m will fill by &amp#27;[0m&amp#27;[32m&amp#27;[1m"sample cell from mouse liver"&amp#27;[0m           &amp#27;[90m# stepDefinition.GeneralStep.textbox_will_fill_by(java.lang.String,java.lang.String)&amp#27;[0m
  &amp#27;[32mWhen &amp#27;[0m&amp#27;[32muser select &amp#27;[0m&amp#27;[32m&amp#27;[1m"Time Interval"&amp#27;[0m&amp#27;[32m radio&amp#27;[0m                                     &amp#27;[90m# stepDefinition.GeneralStep.user_select_radio(java.lang.String)&amp#27;[0m
  &amp#27;[32mThen &amp#27;[0m&amp#27;[32mradio &amp#27;[0m&amp#27;[32m&amp#27;[1m"Time Interval"&amp#27;[0m&amp#27;[32m is selected&amp#27;[0m                                     &amp#27;[90m# stepDefinition.GeneralStep.radio_is_selected(java.lang.String)&amp#27;[0m
  &amp#27;[32mAnd &amp#27;[0m&amp#27;[32mcheckbox &amp#27;[0m&amp#27;[32m&amp#27;[1m"Imaging Interval"&amp#27;[0m&amp#27;[32m is enable&amp#27;[0m                                  &amp#27;[90m# stepDefinition.CellLineStep.checkbox_is_enable(java.lang.String)&amp#27;[0m
  &amp#27;[32mWhen &amp#27;[0m&amp#27;[32muser type cell line time interval as &amp#27;[0m&amp#27;[32m&amp#27;[1m"72"&amp#27;[0m                             &amp#27;[90m# stepDefinition.CellLineStep.user_type_cell_line_time_interval_as(java.lang.String)&amp#27;[0m
  &amp#27;[32mThen &amp#27;[0m&amp#27;[32mcell line time interval is filled by &amp#27;[0m&amp#27;[32m&amp#27;[1m"72"&amp#27;[0m                             &amp#27;[90m# stepDefinition.CellLineStep.cell_line_time_interval_is_filled_by(java.lang.String)&amp#27;[0m
  &amp#27;[32mWhen &amp#27;[0m&amp#27;[32muser clicks on &amp#27;[0m&amp#27;[32m&amp#27;[1m"Media Selection"&amp#27;[0m&amp#27;[32m select box&amp#27;[0m                           &amp#27;[90m# stepDefinition.GeneralStep.user_clicks_on_select_box(java.lang.String)&amp#27;[0m
  &amp#27;[32mThen &amp#27;[0m&amp#27;[32mmodal &amp#27;[0m&amp#27;[32m&amp#27;[1m"Select Media Selection"&amp#27;[0m&amp#27;[32m confirmation is displayed&amp#27;[0m              &amp#27;[90m# stepDefinition.GeneralStep.modal_confirmation_is_displayed(java.lang.String)&amp#27;[0m
  &amp#27;[32mWhen &amp#27;[0m&amp#27;[32muser choose item &amp#27;[0m&amp#27;[32m&amp#27;[1m"DMEM FBS 10"&amp#27;[0m&amp#27;[32m in modal select&amp#27;[0m                        &amp#27;[90m# stepDefinition.GeneralStep.user_choose_item_in_modal_select(java.lang.String)&amp#27;[0m
  &amp#27;[32mThen &amp#27;[0m&amp#27;[32m&amp#27;[0m&amp#27;[32m&amp#27;[1m"DMEM FBS 10"&amp#27;[0m&amp#27;[32m item is selected in the modal&amp#27;[0m                           &amp#27;[90m# stepDefinition.GeneralStep.item_is_selected_in_the_modal(java.lang.String)&amp#27;[0m
  &amp#27;[32mWhen &amp#27;[0m&amp#27;[32muser clicks on &amp#27;[0m&amp#27;[32m&amp#27;[1m"OK"&amp#27;[0m&amp#27;[32m button&amp#27;[0m                                            &amp#27;[90m# stepDefinition.GeneralStep.user_clicks_on_button(java.lang.String)&amp#27;[0m
  &amp#27;[32mThen &amp#27;[0m&amp#27;[32mselect box &amp#27;[0m&amp#27;[32m&amp#27;[1m"Media Selection"&amp#27;[0m&amp#27;[32m filled by &amp#27;[0m&amp#27;[32m&amp#27;[1m"DMEM FBS 10"&amp#27;[0m                  &amp#27;[90m# stepDefinition.GeneralStep.select_box_filled_by(java.lang.String,java.lang.String)&amp#27;[0m
  &amp#27;[32mWhen &amp#27;[0m&amp#27;[32muser select &amp#27;[0m&amp#27;[32m&amp#27;[1m"100%"&amp#27;[0m&amp#27;[32m on Media Replacement persentage&amp#27;[0m                    &amp#27;[90m# stepDefini]]></system-out>
    <system-err><![CDATA[[main] INFO io.github.bonigarcia.wdm.WebDriverManager - Using chromedriver 104.0.5112.79 (resolved driver for Chrome 104)
[main] INFO io.github.bonigarcia.wdm.WebDriverManager - Exporting webdriver.chrome.driver as C:\Users\smith\.cache\selenium\chromedriver\win32\104.0.5112.79\chromedriver.exe
Starting ChromeDriver 104.0.5112.79 (3cf3e8c8a07d104b9e1260c910efb8f383285dc5-refs/branch-heads/5112@{#1307}) on port 55009
Only local connections are allowed.
Please see https://chromedriver.chromium.org/security-considerations for suggestions on keeping ChromeDriver safe.
ChromeDriver was started successfully.
Aug 26, 2022 10:29:00 AM org.openqa.selenium.remote.ProtocolHandshake createSession
INFO: Detected upstream dialect: W3C
Aug 26, 2022 10:29:00 AM org.openqa.selenium.devtools.CdpVersionFinder findNearestMatch
INFO: Found exact CDP implementation for version 104
[AsyncHttpClient-1-9] WARN org.asynchttpclient.netty.handler.WebSocketHandler - onError
java.net.SocketException: Connection reset
	at java.base/sun.nio.ch.SocketChannelImpl.throwConnectionReset(SocketChannelImpl.java:394)
	at java.base/sun.nio.ch.SocketChannelImpl.read(SocketChannelImpl.java:426)
	at io.netty.buffer.PooledByteBuf.setBytes(PooledByteBuf.java:258)
	at io.netty.buffer.AbstractByteBuf.writeBytes(AbstractByteBuf.java:1132)
	at io.netty.channel.socket.nio.NioSocketChannel.doReadBytes(NioSocketChannel.java:357)
	at io.netty.channel.nio.AbstractNioByteChannel$NioByteUnsafe.read(AbstractNioByteChannel.java:151)
	at io.netty.channel.nio.NioEventLoop.processSelectedKey(NioEventLoop.java:722)
	at io.netty.channel.nio.NioEventLoop.processSelectedKeysOptimized(NioEventLoop.java:658)
	at io.netty.channel.nio.NioEventLoop.processSelectedKeys(NioEventLoop.java:584)
	at io.netty.channel.nio.NioEventLoop.run(NioEventLoop.java:496)
	at io.netty.util.concurrent.SingleThreadEventExecutor$4.run(SingleThreadEventExecutor.java:997)
	at io.netty.util.internal.ThreadExecutorMap$2.run(ThreadExecutorMap.java:74)
	at io.netty.util.concurrent.FastThreadLocalRunnable.run(FastThreadLocalRunnable.java:30)
	at java.base/java.lang.Thread.run(Thread.java:833)
Aug 26, 2022 10:29:16 AM org.openqa.selenium.remote.http.WebSocket$Listener onError
WARNING: Connection reset
java.net.SocketException: Connection reset
	at java.base/sun.nio.ch.SocketChannelImpl.throwConnectionReset(SocketChannelImpl.java:394)
	at java.base/sun.nio.ch.SocketChannelImpl.read(SocketChannelImpl.java:426)
	at io.netty.buffer.PooledByteBuf.setBytes(PooledByteBuf.java:258)
	at io.netty.buffer.AbstractByteBuf.writeBytes(AbstractByteBuf.java:1132)
	at io.netty.channel.socket.nio.NioSocketChannel.doReadBytes(NioSocketChannel.java:357)
	at io.netty.channel.nio.AbstractNioByteChannel$NioByteUnsafe.read(AbstractNioByteChannel.java:151)
	at io.netty.channel.nio.NioEventLoop.processSelectedKey(NioEventLoop.java:722)
	at io.netty.channel.nio.NioEventLoop.processSelectedKeysOptimized(NioEventLoop.java:658)
	at io.netty.channel.nio.NioEventLoop.processSelectedKeys(NioEventLoop.java:584)
	at io.netty.channel.nio.NioEventLoop.run(NioEventLoop.java:496)
	at io.netty.util.concurrent.SingleThreadEventExecutor$4.run(SingleThreadEventExecutor.java:997)
	at io.netty.util.internal.ThreadExecutorMap$2.run(ThreadExecutorMap.java:74)
	at io.netty.util.concurrent.FastThreadLocalRunnable.run(FastThreadLocalRunnable.java:30)
	at java.base/java.lang.Thread.run(Thread.java:833)

]]></system-err>
  </testcase>
  <testcase name="Delete Cell Line" classname="CC-1049:Delete one Cell Line" time="8.137">
    <system-out><![CDATA[browser value is: chromeheadless
tion.CellLineStep.user_select_on_media_replacement_persentage(java.lang.String)&amp#27;[0m
  &amp#27;[32mThen &amp#27;[0m&amp#27;[32mMedia Replacement persentage filled by &amp#27;[0m&amp#27;[32m&amp#27;[1m"100%"&amp#27;[0m                         &amp#27;[90m# stepDefinition.CellLineStep.media_replacement_persentage_filled_by(java.lang.String)&amp#27;[0m
  &amp#27;[32mWhen &amp#27;[0m&amp#27;[32muser &amp#27;[0m&amp#27;[32m&amp#27;[1m"type"&amp#27;[0m&amp#27;[32m on box &amp#27;[0m&amp#27;[32m&amp#27;[1m"Feeding Interval"&amp#27;[0m&amp#27;[32m as &amp#27;[0m&amp#27;[32m&amp#27;[1m"48"&amp#27;[0m                         &amp#27;[90m# stepDefinition.GeneralStep.user_on_box_as(java.lang.String,java.lang.String,java.lang.String)&amp#27;[0m
  &amp#27;[32mThen &amp#27;[0m&amp#27;[32mbox &amp#27;[0m&amp#27;[32m&amp#27;[1m"Feeding Interval"&amp#27;[0m&amp#27;[32m filled by &amp#27;[0m&amp#27;[32m&amp#27;[1m"48"&amp#27;[0m                                 &amp#27;[90m# stepDefinition.GeneralStep.box_filled_by(java.lang.String,java.lang.String)&amp#27;[0m
  &amp#27;[32mWhen &amp#27;[0m&amp#27;[32muser clicks on &amp#27;[0m&amp#27;[32m&amp#27;[1m"Detachment Reagent"&amp#27;[0m&amp#27;[32m select box&amp#27;[0m                        &amp#27;[90m# stepDefinition.GeneralStep.user_clicks_on_select_box(java.lang.String)&amp#27;[0m
  &amp#27;[32mThen &amp#27;[0m&amp#27;[32mmodal &amp#27;[0m&amp#27;[32m&amp#27;[1m"Select Detachment Selection"&amp#27;[0m&amp#27;[32m confirmation is displayed&amp#27;[0m         &amp#27;[90m# stepDefinition.GeneralStep.modal_confirmation_is_displayed(java.lang.String)&amp#27;[0m
  &amp#27;[32mWhen &amp#27;[0m&amp#27;[32muser choose item &amp#27;[0m&amp#27;[32m&amp#27;[1m"Trypsin"&amp#27;[0m&amp#27;[32m in modal select&amp#27;[0m                            &amp#27;[90m# stepDefinition.GeneralStep.user_choose_item_in_modal_select(java.lang.String)&amp#27;[0m
  &amp#27;[32mThen &amp#27;[0m&amp#27;[32m&amp#27;[0m&amp#27;[32m&amp#27;[1m"Trypsin"&amp#27;[0m&amp#27;[32m item is selected in the modal&amp#27;[0m                               &amp#27;[90m# stepDefinition.GeneralStep.item_is_selected_in_the_modal(java.lang.String)&amp#27;[0m
  &amp#27;[32mWhen &amp#27;[0m&amp#27;[32muser clicks on &amp#27;[0m&amp#27;[32m&amp#27;[1m"OK"&amp#27;[0m&amp#27;[32m button&amp#27;[0m                                            &amp#27;[90m# stepDefinition.GeneralStep.user_clicks_on_button(java.lang.String)&amp#27;[0m
  &amp#27;[32mThen &amp#27;[0m&amp#27;[32mselect box &amp#27;[0m&amp#27;[32m&amp#27;[1m"Detachment Reagent"&amp#27;[0m&amp#27;[32m filled by &amp#27;[0m&amp#27;[32m&amp#27;[1m"Trypsin"&amp#27;[0m                   &amp#27;[90m# stepDefinition.GeneralStep.select_box_filled_by(java.lang.String,java.lang.String)&amp#27;[0m
  &amp#27;[32mWhen &amp#27;[0m&amp#27;[32muser &amp#27;[0m&amp#27;[32m&amp#27;[1m"type"&amp#27;[0m&amp#27;[32m on box &amp#27;[0m&amp#27;[32m&amp#27;[1m"Detachment Reagent Volume"&amp#27;[0m&amp#27;[32m as &amp#27;[0m&amp#27;[32m&amp#27;[1m"600"&amp#27;[0m               &amp#27;[90m# stepDefinition.GeneralStep.user_on_box_as(java.lang.String,java.lang.String,java.lang.String)&amp#27;[0m
  &amp#27;[32mThen &amp#27;[0m&amp#27;[32mbox &amp#27;[0m&amp#27;[32m&amp#27;[1m"Detachment Reagent Volume"&amp#27;[0m&amp#27;[32m filled by &amp#27;[0m&amp#27;[32m&amp#27;[1m"600"&amp#27;[0m                       &amp#27;[90m# stepDefinition.GeneralStep.box_filled_by(java.lang.String,java.lang.String)&amp#27;[0m
  &amp#27;[32mWhen &amp#27;[0m&amp#27;[32muser &amp#27;[0m&amp#27;[32m&amp#27;[1m"type"&amp#27;[0m&amp#27;[32m on box &amp#27;[0m&amp#27;[32m&amp#27;[1m"Detachment Reagent Incubation Time"&amp#27;[0m&amp#27;[32m as &amp#27;[0m&amp#27;[32m&amp#27;[1m"15"&amp#27;[0m       &amp#27;[90m# stepDefinition.GeneralStep.user_on_box_as(java.lang.String,java.lang.String,java.lang.String)&amp#27;[0m
  &amp#27;[32mThen &amp#27;[0m&amp#27;[32mbox &amp#27;[0m&amp#27;[32m&amp#27;[1m"Detachment Reagent Incubation Time"&amp#27;[0m&amp#27;[32m filled by &amp#27;[0m&amp#27;[32m&amp#27;[1m"15"&amp#27;[0m               &amp#27;[90m# stepDefinition.GeneralStep.box_filled_by(java.lang.String,java.lang.String)&amp#27;[0m
  &amp#27;[32mWhen &amp#27;[0m&amp#27;[32muser &amp#27;[0m&amp#27;[32m&amp#27;[1m"type"&amp#27;[0m&amp#27;[32m on box &amp#27;[0m&amp#27;[32m&amp#27;[1m"Passage Ratio"&amp#27;[0m&amp#27;[32m as &amp#27;[0m&amp#27;[32m&amp#27;[1m"3"&amp#27;[0m                             &amp#27;[90m# stepDefinition.GeneralStep.user_on_box_as(java.lang.String,java.lang.String,java.lang.String)&amp#27;[0m
  &amp#27;[32mThen &amp#27;[0m&amp#27;[32mbox &amp#27;[0m&amp#27;[32m&amp#27;[1m"Passage Ratio"&amp#27;[0m&amp#27;[32m filled by &amp#27;[0m&amp#27;[32m&amp#27;[1m"3"&amp#27;[0m                                     &amp#27;[90m# stepDefinition.GeneralStep.box_filled_by(java.lang.String,java.lang.String)&amp#27;[0m
  &amp#27;[32mWhen &amp#27;[0m&amp#27;[32muser &amp#27;[0m&amp#27;[32m&amp#27;[1m"type"&amp#27;[0m&amp#27;[32m on box &amp#27;[0m&amp#27;[32m&amp#27;[1m"Adhering Time"&amp#27;[0m&amp#27;[32m as &amp#27;[0m&amp#27;[32m&amp#27;[1m"6"&amp#27;[0m                             &amp#27;[90m# stepDefinition.GeneralStep.user_on_box_as(java.lang.String,java.lang.String,java.lang.String)&amp#27;[0m
  &amp#27;[32mThen &amp#27;[0m&amp#27;[32mbox &amp#27;[0m&amp#27;[32m&amp#27;[1m"Adhering Time"&amp#27;[0m&amp#27;[32m filled by &amp#27;[0m&amp#27;[32m&amp#27;[1m"6"&amp#27;[0m                                     &amp#27;[90m# stepDefinition.GeneralStep.box_filled_by(java.lang.String,java.lang.String)&amp#27;[0m
  &amp#27;[32mWhen &amp#27;[0m&amp#27;[32muser clicks to uncheck on &amp#27;[0m&amp#27;[32m&amp#27;[1m"Imaging Interval"&amp#27;[0m&amp#27;[32m checkbox&amp#27;[0m                 &amp#27;[90m# stepDefinition.GeneralStep.user_clicks_to_uncheck_on_checkbox(java.lang.String)&amp#27;[0m
  &amp#27;[32mThen &amp#27;[0m&amp#27;[32mbox Imaging Interval is disabled&amp#27;[0m                                      &amp#27;[90m# stepDefinition.CellLineStep.box_imaging_interval_is_disabled()&amp#27;[0m
  &amp#27;[32mWhen &amp#27;[0m&amp#27;[32muser &amp#27;[0m&amp#27;[32m&amp#27;[1m"type"&amp#27;[0m&amp#27;[32m on box &amp#27;[0m&amp#27;[32m&amp#27;[1m"Estimated Doubling Time"&amp#27;[0m&amp#27;[32m as &amp#27;[0m&amp#27;[32m&amp#27;[1m"48"&amp#27;[0m                  &amp#27;[90m# stepDefinition.GeneralStep.user_on_box_as(java.lang.String,java.lang.String,java.lang.String)&amp#27;[0m
  &amp#27;[32mThen &amp#27;[0m&amp#27;[32mbox &amp#27;[0m&amp#27;[32m&amp#27;[1m"Estimated Doubling Time"&amp#27;[0m&amp#27;[32m filled by &amp#27;[0m&amp#27;[32m&amp#27;[1m"48"&amp#27;[0m                          &amp#27;[90m# stepDefinition.GeneralStep.box_filled_by(java.lang.String,java.lang.String)&amp#27;[0m
  &amp#27;[32mWhen &amp#27;[0m&amp#27;[32muser &amp#27;[0m&amp#27;[32m&amp#27;[1m"type"&amp#27;[0m&amp#27;[32m on box &amp#27;[0m&amp#27;[32m&amp#27;[1m"Cell Density/cm2"&amp#27;[0m&amp#27;[32m as &amp#27;[0m&amp#27;[32m&amp#27;[1m"9"&amp#27;[0m                          &amp#27;[90m# stepDefinition.GeneralStep.user_on_box_as(java.lang.String,java.lang.String,java.lang.String)&amp#27;[0m
  &amp#27;[32mThen &amp#27;[0m&amp#27;[32mbox &amp#27;[0m&amp#27;[32m&amp#27;[1m"Cell Density/cm2"&amp#27;[0m&amp#27;[32m filled by &amp#27;[0m&amp#27;[32m&amp#27;[1m"9"&amp#27;[0m                                  &amp#27;[90m# stepDefinition.GeneralStep.box_filled_by(java.lang.String,java.lang.String)&amp#27;[0m
  &amp#27;[32mWhen &amp#27;[0m&amp#27;[32muser &amp#27;[0m&amp#27;[32m&amp#27;[1m"type"&amp#27;[0m&amp#27;[32m on box Cell Dye Ratio as &amp#27;[0m&amp#27;[32m&amp#27;[1m"1"&amp#27;[0m&amp#27;[32m to &amp#27;[0m&amp#27;[32m&amp#27;[1m"1"&amp#27;[0m                       &amp#27;[90m# stepDefinition.CellLineStep.user_on_box_cell_dye_ratio_as_to(java.lang.String,java.lang.String,java.lang.String)&amp#27;[0m
  &amp#27;[32mThen &amp#27;[0m&amp#27;[32mbox Cell Dye Ratio filled by &amp#27;[0m&amp#27;[32m&amp#27;[1m"1"&amp#27;[0m&amp#27;[32m to &amp#27;[0m&amp#27;[32m&amp#27;[1m"1"&amp#27;[0m                               &amp#27;[90m# stepDefinition.CellLineStep.box_cell_dye_ratio_filled_by_to(java.lang.String,java.lang.String)&amp#27;[0m
  &amp#27;[32mWhen &amp#27;[0m&amp#27;[32muser clicks on &amp#27;[0m&amp#27;[32m&amp#27;[1m"Save"&amp#27;[0m&amp#27;[32m button&amp#27;[0m                                          &amp#27;[90m# stepDefinition.GeneralStep.user_clicks_on_button(java.lang.String)&amp#27;[0m
  &amp#27;[32mThen &amp#27;[0m&amp#27;[32mnotification &amp#27;[0m&amp#27;[32m&amp#27;[1m"Success"&amp#27;[0m&amp#27;[32m and &amp#27;[0m&amp#27;[32m&amp#27;[1m"Cell Lines has been created"&amp#27;[0m&amp#27;[32m is displayed&amp#27;[0m &amp#27;[90m# stepDefinition.GeneralStep.notification_and_is_displayed(java.lang.String,java.lang.String)&amp#27;[0m
  &amp#27;[32mAnd &amp#27;[0m&amp#27;[32muser is navigated to &amp#27;[0m&amp#27;[32m&amp#27;[1m"Cell Line"&amp#27;[0m&amp#27;[32m page&amp#27;[0m                                  &amp#27;[90m# stepDefinition.GeneralStep.user_is_navigated_to_page(java.lang.String)&amp#27;[0m
  &amp#27;[32mWhen &amp#27;[0m&amp#27;[32muser clicks detail button of item &amp#27;[0m&amp#27;[32m&amp#27;[1m"my cell 5"&amp#27;[0m                         &amp#27;[90m# stepDefinition.GeneralStep.user_clicks_detail_button_of_item(java.lang.String)&amp#27;[0m
  &amp#27;[32mThen &amp#27;[0m&amp#27;[32mdata new cell line will show&amp#27;[0m                                          &amp#27;[90m# stepDefinition.GeneralStep.data_new_cell_line_will_show(io.cucumber.datatable.DataTable)&amp#27;[0m
    | Name      | Organism | Tissue | Morphology | Disease           | Notes                        | Passage After | Media Selection | Media Replacement | Detachment Reagent | Detachment Reagent Volume | Detachment Reagent Incubation Time | Passage Ratio | Adhering Time | Using Imaging | Estimated Doubling Time | Cell Density/cm2 | Cell Dilution Ratio | Dye Dilution Ratio |
    | my cell 5 | Mouse    | Embryo | Fibroblast | mimic human liver | sample cell from mouse liver | 72 hour(s)    | DMEM FBS 10     | 100%              | Trypsin            | 600.0 ÂµL                  | 15 minute(s)                       | 1 : 3         | 6 hour(s)     | Yes           | 48 hour(s)              | 90000 x104       | 1                   | 1                  |

@cellline @CC-1049_Delete_one_Cell_Line
Scenario: Delete Cell Line                                                   &amp#27;[90m# src/test/resources/features/Cell Line Manager/Delete Cell Lines/CC-1049_Delete one Cell Line.feature:16&amp#27;[0m
  &amp#27;[32mGiven &amp#27;[0m&amp#27;[32muser has already logged in to application with this credentials&amp#27;[0m      &amp#27;[90m# stepDefinition.LoginPageStep.user_has_already_logged_in_to_application_with_this_credentials(io.cucumber.datatable.DataTable)&amp#27;[0m
    | username | password |
    | admin    | admin    |
  &amp#27;[32mAnd &amp#27;[0m&amp#27;[32muser is navigated to &amp#27;[0m&amp#27;[32m&amp#27;[1m"Dashboard"&amp#27;[0m&amp#27;[32m page&amp#27;[0m                                  &amp#27;[90m# stepDefinition.GeneralStep.user_is
my cell 5

my cell 4
my cell 3
my cell 2
my cell 1
my cell 6
HeLa
NIH-3T3
HepG2

my cell 4
my cell 3
my cell 2
my cell 1
my cell 6
HeLa
NIH-3T3
HepG2
]]></system-out>
    <system-err><![CDATA[[main] INFO io.github.bonigarcia.wdm.WebDriverManager - Using chromedriver 104.0.5112.79 (resolved driver for Chrome 104)
[main] INFO io.github.bonigarcia.wdm.WebDriverManager - Exporting webdriver.chrome.driver as C:\Users\smith\.cache\selenium\chromedriver\win32\104.0.5112.79\chromedriver.exe
Starting ChromeDriver 104.0.5112.79 (3cf3e8c8a07d104b9e1260c910efb8f383285dc5-refs/branch-heads/5112@{#1307}) on port 51637
Only local connections are allowed.
Please see https://chromedriver.chromium.org/security-considerations for suggestions on keeping ChromeDriver safe.
ChromeDriver was started successfully.
Aug 26, 2022 10:29:17 AM org.openqa.selenium.remote.ProtocolHandshake createSession
INFO: Detected upstream dialect: W3C
Aug 26, 2022 10:29:17 AM org.openqa.selenium.devtools.CdpVersionFinder findNearestMatch
INFO: Found exact CDP implementation for version 104
[AsyncHttpClient-1-4] WARN org.asynchttpclient.netty.handler.WebSocketHandler - onError
java.net.SocketException: Connection reset
	at java.base/sun.nio.ch.SocketChannelImpl.throwConnectionReset(SocketChannelImpl.java:394)
	at java.base/sun.nio.ch.SocketChannelImpl.read(SocketChannelImpl.java:426)
	at io.netty.buffer.PooledByteBuf.setBytes(PooledByteBuf.java:258)
	at io.netty.buffer.AbstractByteBuf.writeBytes(AbstractByteBuf.java:1132)
	at io.netty.channel.socket.nio.NioSocketChannel.doReadBytes(NioSocketChannel.java:357)
	at io.netty.channel.nio.AbstractNioByteChannel$NioByteUnsafe.read(AbstractNioByteChannel.java:151)
	at io.netty.channel.nio.NioEventLoop.processSelectedKey(NioEventLoop.java:722)
	at io.netty.channel.nio.NioEventLoop.processSelectedKeysOptimized(NioEventLoop.java:658)
	at io.netty.channel.nio.NioEventLoop.processSelectedKeys(NioEventLoop.java:584)
	at io.netty.channel.nio.NioEventLoop.run(NioEventLoop.java:496)
	at io.netty.util.concurrent.SingleThreadEventExecutor$4.run(SingleThreadEventExecutor.java:997)
	at io.netty.util.internal.ThreadExecutorMap$2.run(ThreadExecutorMap.java:74)
	at io.netty.util.concurrent.FastThreadLocalRunnable.run(FastThreadLocalRunnable.java:30)
	at java.base/java.lang.Thread.run(Thread.java:833)
Aug 26, 2022 10:29:24 AM org.openqa.selenium.remote.http.WebSocket$Listener onError
WARNING: Connection reset
java.net.SocketException: Connection reset
	at java.base/sun.nio.ch.SocketChannelImpl.throwConnectionReset(SocketChannelImpl.java:394)
	at java.base/sun.nio.ch.SocketChannelImpl.read(SocketChannelImpl.java:426)
	at io.netty.buffer.PooledByteBuf.setBytes(PooledByteBuf.java:258)
	at io.netty.buffer.AbstractByteBuf.writeBytes(AbstractByteBuf.java:1132)
	at io.netty.channel.socket.nio.NioSocketChannel.doReadBytes(NioSocketChannel.java:357)
	at io.netty.channel.nio.AbstractNioByteChannel$NioByteUnsafe.read(AbstractNioByteChannel.java:151)
	at io.netty.channel.nio.NioEventLoop.processSelectedKey(NioEventLoop.java:722)
	at io.netty.channel.nio.NioEventLoop.processSelectedKeysOptimized(NioEventLoop.java:658)
	at io.netty.channel.nio.NioEventLoop.processSelectedKeys(NioEventLoop.java:584)
	at io.netty.channel.nio.NioEventLoop.run(NioEventLoop.java:496)
	at io.netty.util.concurrent.SingleThreadEventExecutor$4.run(SingleThreadEventExecutor.java:997)
	at io.netty.util.internal.ThreadExecutorMap$2.run(ThreadExecutorMap.java:74)
	at io.netty.util.concurrent.FastThreadLocalRunnable.run(FastThreadLocalRunnable.java:30)
	at java.base/java.lang.Thread.run(Thread.java:833)

]]></system-err>
  </testcase>
  <testcase name="Delete Cell Line" classname="CC-1050_Delete multiple Cell Line" time="11.887">
    <system-out><![CDATA[browser value is: chromeheadless

my cell 4

my cell 4
my cell 3

my cell 2
my cell 1
my cell 6
HeLa
NIH-3T3
HepG2

my cell 2
my cell 1
my cell 6
HeLa
NIH-3T3
HepG2

my cell 2
my cell 1
my cell 6
HeLa
NIH-3T3
HepG2

my cell 2
my cell 1
my cell 6
HeLa
NIH-3T3
HepG2
_navigated_to_page(java.lang.String)&amp#27;[0m
  &amp#27;[32mWhen &amp#27;[0m&amp#27;[32muser clicks on menu &amp#27;[0m&amp#27;[32m&amp#27;[1m"Cell Line"&amp#27;[0m                                       &amp#27;[90m# stepDefinition.GeneralStep.user_clicks_on_menu(java.lang.String)&amp#27;[0m
  &amp#27;[32mThen &amp#27;[0m&amp#27;[32muser is navigated to &amp#27;[0m&amp#27;[32m&amp#27;[1m"Cell Line"&amp#27;[0m&amp#27;[32m page&amp#27;[0m                                 &amp#27;[90m# stepDefinition.GeneralStep.user_is_navigated_to_page(java.lang.String)&amp#27;[0m
  &amp#27;[32mAnd &amp#27;[0m&amp#27;[32m&amp#27;[0m&amp#27;[32m&amp#27;[1m"my cell 5"&amp#27;[0m&amp#27;[32m items is &amp#27;[0m&amp#27;[32m&amp#27;[1m"already"&amp#27;[0m&amp#27;[32m exist&amp#27;[0m                                   &amp#27;[90m# stepDefinition.GeneralStep.items_is_exist(java.lang.String,java.lang.String)&amp#27;[0m
  &amp#27;[32mWhen &amp#27;[0m&amp#27;[32muser select an item &amp#27;[0m&amp#27;[32m&amp#27;[1m"my cell 5"&amp#27;[0m&amp#27;[32m by check the checkbox&amp#27;[0m                 &amp#27;[90m# stepDefinition.GeneralStep.user_select_an_item_by_check_the_checkbox(java.lang.String)&amp#27;[0m
  &amp#27;[32mThen &amp#27;[0m&amp#27;[32mitem &amp#27;[0m&amp#27;[32m&amp#27;[1m"my cell 5"&amp#27;[0m&amp#27;[32m is checked&amp#27;[0m                                           &amp#27;[90m# stepDefinition.GeneralStep.item_is_checked(java.lang.String)&amp#27;[0m
  &amp#27;[32mAnd &amp#27;[0m&amp#27;[32micon &amp#27;[0m&amp#27;[32m&amp#27;[1m"delete"&amp#27;[0m&amp#27;[32m is enabled in page&amp#27;[0m                                       &amp#27;[90m# stepDefinition.GeneralStep.icon_is_enabled_in_page(java.lang.String)&amp#27;[0m
  &amp#27;[32mWhen &amp#27;[0m&amp#27;[32muser clicks on &amp#27;[0m&amp#27;[32m&amp#27;[1m"delete"&amp#27;[0m&amp#27;[32m icon&amp#27;[0m                                          &amp#27;[90m# stepDefinition.GeneralStep.user_clicks_on_icon(java.lang.String)&amp#27;[0m
  &amp#27;[32mThen &amp#27;[0m&amp#27;[32mmodal &amp#27;[0m&amp#27;[32m&amp#27;[1m"Delete Cell Lines"&amp#27;[0m&amp#27;[32m confirmation is displayed&amp#27;[0m                   &amp#27;[90m# stepDefinition.GeneralStep.modal_confirmation_is_displayed(java.lang.String)&amp#27;[0m
  &amp#27;[32mWhen &amp#27;[0m&amp#27;[32muser clicks on &amp#27;[0m&amp#27;[32m&amp#27;[1m"OK"&amp#27;[0m&amp#27;[32m button&amp#27;[0m                                            &amp#27;[90m# stepDefinition.GeneralStep.user_clicks_on_button(java.lang.String)&amp#27;[0m
  &amp#27;[32mThen &amp#27;[0m&amp#27;[32mnotification &amp#27;[0m&amp#27;[32m&amp#27;[1m"Success"&amp#27;[0m&amp#27;[32m and &amp#27;[0m&amp#27;[32m&amp#27;[1m"Cell Lines has been deleted"&amp#27;[0m&amp#27;[32m is displayed&amp#27;[0m &amp#27;[90m# stepDefinition.GeneralStep.notification_and_is_displayed(java.lang.String,java.lang.String)&amp#27;[0m
  &amp#27;[32mAnd &amp#27;[0m&amp#27;[32m&amp#27;[0m&amp#27;[32m&amp#27;[1m"my cell 5"&amp#27;[0m&amp#27;[32m items is &amp#27;[0m&amp#27;[32m&amp#27;[1m"not"&amp#27;[0m&amp#27;[32m exist&amp#27;[0m                                       &amp#27;[90m# stepDefinition.GeneralStep.items_is_exist(java.lang.String,java.lang.String)&amp#27;[0m
  &amp#27;[32mWhen &amp#27;[0m&amp#27;[32muser refresh the browser page&amp#27;[0m                                         &amp#27;[90m# stepDefinition.GeneralStep.user_refresh_the_browser_page()&amp#27;[0m
  &amp#27;[32mAnd &amp#27;[0m&amp#27;[32muser is navigated to &amp#27;[0m&amp#27;[32m&amp#27;[1m"Dashboard"&amp#27;[0m&amp#27;[32m page&amp#27;[0m                                  &amp#27;[90m# stepDefinition.GeneralStep.user_is_navigated_to_page(java.lang.String)&amp#27;[0m
  &amp#27;[32mWhen &amp#27;[0m&amp#27;[32muser clicks on menu &amp#27;[0m&amp#27;[32m&amp#27;[1m"Cell Line"&amp#27;[0m                                       &amp#27;[90m# stepDefinition.GeneralStep.user_clicks_on_menu(java.lang.String)&amp#27;[0m
  &amp#27;[32mThen &amp#27;[0m&amp#27;[32muser is navigated to &amp#27;[0m&amp#27;[32m&amp#27;[1m"Cell Line"&amp#27;[0m&amp#27;[32m page&amp#27;[0m                                 &amp#27;[90m# stepDefinition.GeneralStep.user_is_navigated_to_page(java.lang.String)&amp#27;[0m
  &amp#27;[32mAnd &amp#27;[0m&amp#27;[32m&amp#27;[0m&amp#27;[32m&amp#27;[1m"my cell 5"&amp#27;[0m&amp#27;[32m items is &amp#27;[0m&amp#27;[32m&amp#27;[1m"not"&amp#27;[0m&amp#27;[32m exist&amp#27;[0m                                       &amp#27;[90m# stepDefinition.GeneralStep.items_is_exist(java.lang.String,java.lang.String)&amp#27;[0m

@cellline @CC-1050_Delete_multiple_Cell_Line
Scenario: Delete Cell Line                                                   &amp#27;[90m# src/test/resources/features/Cell Line Manager/Delete Cell Lines/CC-1050_Delete multiple Cell Line.feature:17&amp#27;[0m
  &amp#27;[32mGiven &amp#27;[0m&amp#27;[32muser has already logged in to application with this credentials&amp#27;[0m      &amp#27;[90m# stepDefinition.LoginPageStep.user_has_already_logged_in_to_application_with_this_credentials(io.cucumber.datatable.DataTable)&amp#27;[0m
    | username | password |
    | admin    | admin    |
  &amp#27;[32mAnd &amp#27;[0m&amp#27;[32muser is navigated to &amp#27;[0m&amp#27;[32m&amp#27;[1m"Dashboard"&amp#27;[0m&amp#27;[32m page&amp#27;[0m                                  &amp#27;[90m# stepDefinition.GeneralStep.user_is_navigated_to_page(java.lang.String)&amp#27;[0m
  &amp#27;[32mWhen &amp#27;[0m&amp#27;[32muser clicks on menu &amp#27;[0m&amp#27;[32m&amp#27;[1m"Cell Line"&amp#27;[0m                                       &amp#27;[90m# stepDefinition.GeneralStep.user_clicks_on_menu(java.lang.String)&amp#27;[0m
  &amp#27;[32mThen &amp#27;[0m&amp#27;[32muser is navigated to &amp#27;[0m&amp#27;[32m&amp#27;[1m"Cell Line"&amp#27;[0m&amp#27;[32m page&amp#27;[0m                                 &amp#27;[90m# stepDefinition.GeneralStep.user_is_navigated_to_page(java.lang.String)&amp#27;[0m
  &amp#27;[32mAnd &amp#27;[0m&amp#27;[32m&amp#27;[0m&amp#27;[32m&amp#27;[1m"my cell 4"&amp#27;[0m&amp#27;[32m items is &amp#27;[0m&amp#27;[32m&amp#27;[1m"already"&amp#27;[0m&amp#27;[32m exist&amp#27;[0m                                   &amp#27;[90m# stepDefinition.GeneralStep.items_is_exist(java.lang.String,java.lang.String)&amp#27;[0m
  &amp#27;[32mAnd &amp#27;[0m&amp#27;[32m&amp#27;[0m&amp#27;[32m&amp#27;[1m"my cell 3"&amp#27;[0m&amp#27;[32m items is &amp#27;[0m&amp#27;[32m&amp#27;[1m"already"&amp#27;[0m&amp#27;[32m exist&amp#27;[0m                                   &amp#27;[90m# stepDefinition.GeneralStep.items_is_exist(java.lang.String,java.lang.String)&amp#27;[0m
  &amp#27;[32mWhen &amp#27;[0m&amp#27;[32muser select an item &amp#27;[0m&amp#27;[32m&amp#27;[1m"my cell 4"&amp#27;[0m&amp#27;[32m by check the checkbox&amp#27;[0m                 &amp#27;[90m# stepDefinition.GeneralStep.user_select_an_item_by_check_the_checkbox(java.lang.String)&amp#27;[0m
  &amp#27;[32mThen &amp#27;[0m&amp#27;[32mitem &amp#27;[0m&amp#27;[32m&amp#27;[1m"my cell 4"&amp#27;[0m&amp#27;[32m is checked&amp#27;[0m                                           &amp#27;[90m# stepDefinition.GeneralStep.item_is_checked(java.lang.String)&amp#27;[0m
  &amp#27;[32mAnd &amp#27;[0m&amp#27;[32micon &amp#27;[0m&amp#27;[32m&amp#27;[1m"delete"&amp#27;[0m&amp#27;[32m is enabled in page&amp#27;[0m                                       &amp#27;[90m# stepDefinition.GeneralStep.icon_is_enabled_in_page(java.lang.String)&amp#27;[0m
  &amp#27;[32mWhen &amp#27;[0m&amp#27;[32muser select an item &amp#27;[0m&amp#27;[32m&amp#27;[1m"my cell 3"&amp#27;[0m&amp#27;[32m by check the checkbox&amp#27;[0m                 &amp#27;[90m# stepDefinition.GeneralStep.user_select_an_item_by_check_the_checkbox(java.lang.String)&amp#27;[0m
  &amp#27;[32mThen &amp#27;[0m&amp#27;[32mitem &amp#27;[0m&amp#27;[32m&amp#27;[1m"my cell 3"&amp#27;[0m&amp#27;[32m is checked&amp#27;[0m                                           &amp#27;[90m# stepDefinition.GeneralStep.item_is_checked(java.lang.String)&amp#27;[0m
  &amp#27;[32mWhen &amp#27;[0m&amp#27;[32muser clicks on &amp#27;[0m&amp#27;[32m&amp#27;[1m"delete"&amp#27;[0m&amp#27;[32m icon&amp#27;[0m                                          &amp#27;[90m# stepDefinition.GeneralStep.user_clicks_on_icon(java.lang.String)&amp#27;[0m
  &amp#27;[32mThen &amp#27;[0m&amp#27;[32mmodal &amp#27;[0m&amp#27;[32m&amp#27;[1m"Delete Cell Lines"&amp#27;[0m&amp#27;[32m confirmation is displayed&amp#27;[0m                   &amp#27;[90m# stepDefinition.GeneralStep.modal_confirmation_is_displayed(java.lang.String)&amp#27;[0m
  &amp#27;[32mWhen &amp#27;[0m&amp#27;[32muser clicks on &amp#27;[0m&amp#27;[32m&amp#27;[1m"OK"&amp#27;[0m&amp#27;[32m button&amp#27;[0m                                            &amp#27;[90m# stepDefinition.GeneralStep.user_clicks_on_button(java.lang.String)&amp#27;[0m
  &amp#27;[32mThen &amp#27;[0m&amp#27;[32mnotification &amp#27;[0m&amp#27;[32m&amp#27;[1m"Success"&amp#27;[0m&amp#27;[32m and &amp#27;[0m&amp#27;[32m&amp#27;[1m"Cell Lines has been deleted"&amp#27;[0m&amp#27;[32m is displayed&amp#27;[0m &amp#27;[90m# stepDefinition.GeneralStep.notification_and_is_displayed(java.lang.String,java.lang.String)&amp#27;[0m
  &amp#27;[32mAnd &amp#27;[0m&amp#27;[32m&amp#27;[0m&amp#27;[32m&amp#27;[1m"my cell 4"&amp#27;[0m&amp#27;[32m items is &amp#27;[0m&amp#27;[32m&amp#27;[1m"not"&amp#27;[0m&amp#27;[32m exist&amp#27;[0m                                       &amp#27;[90m# stepDefinition.GeneralStep.items_is_exist(java.lang.String,java.lang.String)&amp#27;[0m
  &amp#27;[32mAnd &amp#27;[0m&amp#27;[32m&amp#27;[0m&amp#27;[32m&amp#27;[1m"my cell 3"&amp#27;[0m&amp#27;[32m items is &amp#27;[0m&amp#27;[32m&amp#27;[1m"not"&amp#27;[0m&amp#27;[32m exist&amp#27;[0m                                       &amp#27;[90m# stepDefinition.GeneralStep.items_is_exist(java.lang.String,java.lang.String)&amp#27;[0m
  &amp#27;[32mWhen &amp#27;[0m&amp#27;[32muser refresh the browser page&amp#27;[0m                                         &amp#27;[90m# stepDefinition.GeneralStep.user_refresh_the_browser_page()&amp#27;[0m
  &amp#27;[32mAnd &amp#27;[0m&amp#27;[32muser is navigated to &amp#27;[0m&amp#27;[32m&amp#27;[1m"Dashboard"&amp#27;[0m&amp#27;[32m page&amp#27;[0m                                  &amp#27;[90m# stepDefinition.GeneralStep.user_is_navigated_to_page(java.lang.String)&amp#27;[0m
  &amp#27;[32mWhen &amp#27;[0m&amp#27;[32muser clicks on menu &amp#27;[0m&amp#27;[32m&amp#27;[1m"Cell Line"&amp#27;[0m                                       &amp#27;[90m# stepDefinition.GeneralStep.user_clicks_on_menu(java.lang.String)&amp#27;[0m
  &amp#27;[32mThen &amp#27;[0m&amp#27;[32muser is navigated to &amp#27;[0m&amp#27;[32m&amp#27;[1m"Cell Line"&amp#27;[0m&amp#27;[32m page&amp#27;[0m                                 &amp#27;[90m# stepDefinition.GeneralStep.user_is_navigated_to_page(java.lang.String)&amp#27;[0m
  &amp#27;[32mAnd &amp#27;[0m&amp#27;[32m&amp#27;[0m&amp#27;[32m&amp#27;[1m"my cell 4"&amp#27;[0m&amp#27;[32m items is &amp#27;[0m&amp#27;[32m&amp#27;[1m"not"&amp#27;[0m&amp#27;[32m exist&amp#27;[0m                                       &amp#27;[90m# stepDefinition.GeneralStep.items_is_exist(java.lang.String,java.lang.String)&amp#27;[0m
  &amp#27;[32mAnd &amp#27;[0m&amp#27;[32m&amp#27;[0m&amp#27;[32m&amp#27;[1m"my cell 3"&amp#27;[0m&amp#27;[32m items is &amp#27;[0m&amp#27;[]]></system-out>
    <system-err><![CDATA[[main] INFO io.github.bonigarcia.wdm.WebDriverManager - Using chromedriver 104.0.5112.79 (resolved driver for Chrome 104)
[main] INFO io.github.bonigarcia.wdm.WebDriverManager - Exporting webdriver.chrome.driver as C:\Users\smith\.cache\selenium\chromedriver\win32\104.0.5112.79\chromedriver.exe
Starting ChromeDriver 104.0.5112.79 (3cf3e8c8a07d104b9e1260c910efb8f383285dc5-refs/branch-heads/5112@{#1307}) on port 59785
Only local connections are allowed.
Please see https://chromedriver.chromium.org/security-considerations for suggestions on keeping ChromeDriver safe.
ChromeDriver was started successfully.
Aug 26, 2022 10:29:25 AM org.openqa.selenium.remote.ProtocolHandshake createSession
INFO: Detected upstream dialect: W3C
Aug 26, 2022 10:29:25 AM org.openqa.selenium.devtools.CdpVersionFinder findNearestMatch
INFO: Found exact CDP implementation for version 104
[AsyncHttpClient-1-7] WARN org.asynchttpclient.netty.handler.WebSocketHandler - onError
java.net.SocketException: Connection reset
	at java.base/sun.nio.ch.SocketChannelImpl.throwConnectionReset(SocketChannelImpl.java:394)
	at java.base/sun.nio.ch.SocketChannelImpl.read(SocketChannelImpl.java:426)
	at io.netty.buffer.PooledByteBuf.setBytes(PooledByteBuf.java:258)
	at io.netty.buffer.AbstractByteBuf.writeBytes(AbstractByteBuf.java:1132)
	at io.netty.channel.socket.nio.NioSocketChannel.doReadBytes(NioSocketChannel.java:357)
	at io.netty.channel.nio.AbstractNioByteChannel$NioByteUnsafe.read(AbstractNioByteChannel.java:151)
	at io.netty.channel.nio.NioEventLoop.processSelectedKey(NioEventLoop.java:722)
	at io.netty.channel.nio.NioEventLoop.processSelectedKeysOptimized(NioEventLoop.java:658)
	at io.netty.channel.nio.NioEventLoop.processSelectedKeys(NioEventLoop.java:584)
	at io.netty.channel.nio.NioEventLoop.run(NioEventLoop.java:496)
	at io.netty.util.concurrent.SingleThreadEventExecutor$4.run(SingleThreadEventExecutor.java:997)
	at io.netty.util.internal.ThreadExecutorMap$2.run(ThreadExecutorMap.java:74)
	at io.netty.util.concurrent.FastThreadLocalRunnable.run(FastThreadLocalRunnable.java:30)
	at java.base/java.lang.Thread.run(Thread.java:833)
Aug 26, 2022 10:29:36 AM org.openqa.selenium.remote.http.WebSocket$Listener onError
WARNING: Connection reset
java.net.SocketException: Connection reset
	at java.base/sun.nio.ch.SocketChannelImpl.throwConnectionReset(SocketChannelImpl.java:394)
	at java.base/sun.nio.ch.SocketChannelImpl.read(SocketChannelImpl.java:426)
	at io.netty.buffer.PooledByteBuf.setBytes(PooledByteBuf.java:258)
	at io.netty.buffer.AbstractByteBuf.writeBytes(AbstractByteBuf.java:1132)
	at io.netty.channel.socket.nio.NioSocketChannel.doReadBytes(NioSocketChannel.java:357)
	at io.netty.channel.nio.AbstractNioByteChannel$NioByteUnsafe.read(AbstractNioByteChannel.java:151)
	at io.netty.channel.nio.NioEventLoop.processSelectedKey(NioEventLoop.java:722)
	at io.netty.channel.nio.NioEventLoop.processSelectedKeysOptimized(NioEventLoop.java:658)
	at io.netty.channel.nio.NioEventLoop.processSelectedKeys(NioEventLoop.java:584)
	at io.netty.channel.nio.NioEventLoop.run(NioEventLoop.java:496)
	at io.netty.util.concurrent.SingleThreadEventExecutor$4.run(SingleThreadEventExecutor.java:997)
	at io.netty.util.internal.ThreadExecutorMap$2.run(ThreadExecutorMap.java:74)
	at io.netty.util.concurrent.FastThreadLocalRunnable.run(FastThreadLocalRunnable.java:30)
	at java.base/java.lang.Thread.run(Thread.java:833)

]]></system-err>
  </testcase>
  <testcase name="Delete Cell Line" classname="CC-1051:Cancel delete Cell Line" time="5.558">
    <system-out><![CDATA[browser value is: chromeheadless

my cell 2

my cell 2
]]></system-out>
    <system-err><![CDATA[[main] INFO io.github.bonigarcia.wdm.WebDriverManager - Using chromedriver 104.0.5112.79 (resolved driver for Chrome 104)
[main] INFO io.github.bonigarcia.wdm.WebDriverManager - Exporting webdriver.chrome.driver as C:\Users\smith\.cache\selenium\chromedriver\win32\104.0.5112.79\chromedriver.exe
Starting ChromeDriver 104.0.5112.79 (3cf3e8c8a07d104b9e1260c910efb8f383285dc5-refs/branch-heads/5112@{#1307}) on port 57104
Only local connections are allowed.
Please see https://chromedriver.chromium.org/security-considerations for suggestions on keeping ChromeDriver safe.
ChromeDriver was started successfully.
Aug 26, 2022 10:29:37 AM org.openqa.selenium.remote.ProtocolHandshake createSession
INFO: Detected upstream dialect: W3C
Aug 26, 2022 10:29:37 AM org.openqa.selenium.devtools.CdpVersionFinder findNearestMatch
INFO: Found exact CDP implementation for version 104
[AsyncHttpClient-1-2] WARN org.asynchttpclient.netty.handler.WebSocketHandler - onError
java.net.SocketException: Connection reset
	at java.base/sun.nio.ch.SocketChannelImpl.throwConnectionReset(SocketChannelImpl.java:394)
	at java.base/sun.nio.ch.SocketChannelImpl.read(SocketChannelImpl.java:426)
	at io.netty.buffer.PooledByteBuf.setBytes(PooledByteBuf.java:258)
	at io.netty.buffer.AbstractByteBuf.writeBytes(AbstractByteBuf.java:1132)
	at io.netty.channel.socket.nio.NioSocketChannel.doReadBytes(NioSocketChannel.java:357)
	at io.netty.channel.nio.AbstractNioByteChannel$NioByteUnsafe.read(AbstractNioByteChannel.java:151)
	at io.netty.channel.nio.NioEventLoop.processSelectedKey(NioEventLoop.java:722)
	at io.netty.channel.nio.NioEventLoop.processSelectedKeysOptimized(NioEventLoop.java:658)
	at io.netty.channel.nio.NioEventLoop.processSelectedKeys(NioEventLoop.java:584)
	at io.netty.channel.nio.NioEventLoop.run(NioEventLoop.java:496)
	at io.netty.util.concurrent.SingleThreadEventExecutor$4.run(SingleThreadEventExecutor.java:997)
	at io.netty.util.internal.ThreadExecutorMap$2.run(ThreadExecutorMap.java:74)
	at io.netty.util.concurrent.FastThreadLocalRunnable.run(FastThreadLocalRunnable.java:30)
	at java.base/java.lang.Thread.run(Thread.java:833)
Aug 26, 2022 10:29:41 AM org.openqa.selenium.remote.http.WebSocket$Listener onError
WARNING: Connection reset
java.net.SocketException: Connection reset
	at java.base/sun.nio.ch.SocketChannelImpl.throwConnectionReset(SocketChannelImpl.java:394)
	at java.base/sun.nio.ch.SocketChannelImpl.read(SocketChannelImpl.java:426)
	at io.netty.buffer.PooledByteBuf.setBytes(PooledByteBuf.java:258)
	at io.netty.buffer.AbstractByteBuf.writeBytes(AbstractByteBuf.java:1132)
	at io.netty.channel.socket.nio.NioSocketChannel.doReadBytes(NioSocketChannel.java:357)
	at io.netty.channel.nio.AbstractNioByteChannel$NioByteUnsafe.read(AbstractNioByteChannel.java:151)
	at io.netty.channel.nio.NioEventLoop.processSelectedKey(NioEventLoop.java:722)
	at io.netty.channel.nio.NioEventLoop.processSelectedKeysOptimized(NioEventLoop.java:658)
	at io.netty.channel.nio.NioEventLoop.processSelectedKeys(NioEventLoop.java:584)
	at io.netty.channel.nio.NioEventLoop.run(NioEventLoop.java:496)
	at io.netty.util.concurrent.SingleThreadEventExecutor$4.run(SingleThreadEventExecutor.java:997)
	at io.netty.util.internal.ThreadExecutorMap$2.run(ThreadExecutorMap.java:74)
	at io.netty.util.concurrent.FastThreadLocalRunnable.run(FastThreadLocalRunnable.java:30)
	at java.base/java.lang.Thread.run(Thread.java:833)

]]></system-err>
  </testcase>
  <testcase name="Delete Cell Line" classname="CC-1052:Delete Cell Line which already used in inventory" time="5.914">
    <system-out><![CDATA[browser value is: chromeheadless
]]></system-out>
    <system-err><![CDATA[[main] INFO io.github.bonigarcia.wdm.WebDriverManager - Using chromedriver 104.0.5112.79 (resolved driver for Chrome 104)
[main] INFO io.github.bonigarcia.wdm.WebDriverManager - Exporting webdriver.chrome.driver as C:\Users\smith\.cache\selenium\chromedriver\win32\104.0.5112.79\chromedriver.exe
Starting ChromeDriver 104.0.5112.79 (3cf3e8c8a07d104b9e1260c910efb8f383285dc5-refs/branch-heads/5112@{#1307}) on port 51735
Only local connections are allowed.
Please see https://chromedriver.chromium.org/security-considerations for suggestions on keeping ChromeDriver safe.
ChromeDriver was started successfully.
Aug 26, 2022 10:29:42 AM org.openqa.selenium.remote.ProtocolHandshake createSession
INFO: Detected upstream dialect: W3C
Aug 26, 2022 10:29:43 AM org.openqa.selenium.devtools.CdpVersionFinder findNearestMatch
INFO: Found exact CDP implementation for version 104
[AsyncHttpClient-1-5] WARN org.asynchttpclient.netty.handler.WebSocketHandler - onError
java.net.SocketException: Connection reset
	at java.base/sun.nio.ch.SocketChannelImpl.throwConnectionReset(SocketChannelImpl.java:394)
	at java.base/sun.nio.ch.SocketChannelImpl.read(SocketChannelImpl.java:426)
	at io.netty.buffer.PooledByteBuf.setBytes(PooledByteBuf.java:258)
	at io.netty.buffer.AbstractByteBuf.writeBytes(AbstractByteBuf.java:1132)
	at io.netty.channel.socket.nio.NioSocketChannel.doReadBytes(NioSocketChannel.java:357)
	at io.netty.channel.nio.AbstractNioByteChannel$NioByteUnsafe.read(AbstractNioByteChannel.java:151)
	at io.netty.channel.nio.NioEventLoop.processSelectedKey(NioEventLoop.java:722)
	at io.netty.channel.nio.NioEventLoop.processSelectedKeysOptimized(NioEventLoop.java:658)
	at io.netty.channel.nio.NioEventLoop.processSelectedKeys(NioEventLoop.java:584)
	at io.netty.channel.nio.NioEventLoop.run(NioEventLoop.java:496)
	at io.netty.util.concurrent.SingleThreadEventExecutor$4.run(SingleThreadEventExecutor.java:997)
	at io.netty.util.internal.ThreadExecutorMap$2.run(ThreadExecutorMap.java:74)
	at io.netty.util.concurrent.FastThreadLocalRunnable.run(FastThreadLocalRunnable.java:30)
	at java.base/java.lang.Thread.run(Thread.java:833)
Aug 26, 2022 10:29:47 AM org.openqa.selenium.remote.http.WebSocket$Listener onError
WARNING: Connection reset
java.net.SocketException: Connection reset
	at java.base/sun.nio.ch.SocketChannelImpl.throwConnectionReset(SocketChannelImpl.java:394)
	at java.base/sun.nio.ch.SocketChannelImpl.read(SocketChannelImpl.java:426)
	at io.netty.buffer.PooledByteBuf.setBytes(PooledByteBuf.java:258)
	at io.netty.buffer.AbstractByteBuf.writeBytes(AbstractByteBuf.java:1132)
	at io.netty.channel.socket.nio.NioSocketChannel.doReadBytes(NioSocketChannel.java:357)
	at io.netty.channel.nio.AbstractNioByteChannel$NioByteUnsafe.read(AbstractNioByteChannel.java:151)
	at io.netty.channel.nio.NioEventLoop.processSelectedKey(NioEventLoop.java:722)
	at io.netty.channel.nio.NioEventLoop.processSelectedKeysOptimized(NioEventLoop.java:658)
	at io.netty.channel.nio.NioEventLoop.processSelectedKeys(NioEventLoop.java:584)
	at io.netty.channel.nio.NioEventLoop.run(NioEventLoop.java:496)
	at io.netty.util.concurrent.SingleThreadEventExecutor$4.run(SingleThreadEventExecutor.java:997)
	at io.netty.util.internal.ThreadExecutorMap$2.run(ThreadExecutorMap.java:74)
	at io.netty.util.concurrent.FastThreadLocalRunnable.run(FastThreadLocalRunnable.java:30)
	at java.base/java.lang.Thread.run(Thread.java:833)

]]></system-err>
  </testcase>
  <testcase name="Edit" classname="CC-1046:Edit one Cell Line" time="8.727">
    <system-out><![CDATA[browser value is: chromeheadless

my cell 2
my cell 1
32m&amp#27;[1m"not"&amp#27;[0m&amp#27;[32m exist&amp#27;[0m                                       &amp#27;[90m# stepDefinition.GeneralStep.items_is_exist(java.lang.String,java.lang.String)&amp#27;[0m

@cellline @CC-1051_Cancel_delete_Cell_Line
Scenario: Delete Cell Line                                              &amp#27;[90m# src/test/resources/features/Cell Line Manager/Delete Cell Lines/CC-1051_Cancel delete Cell Line.feature:16&amp#27;[0m
  &amp#27;[32mGiven &amp#27;[0m&amp#27;[32muser has already logged in to application with this credentials&amp#27;[0m &amp#27;[90m# stepDefinition.LoginPageStep.user_has_already_logged_in_to_application_with_this_credentials(io.cucumber.datatable.DataTable)&amp#27;[0m
    | username | password |
    | admin    | admin    |
  &amp#27;[32mAnd &amp#27;[0m&amp#27;[32muser is navigated to &amp#27;[0m&amp#27;[32m&amp#27;[1m"Dashboard"&amp#27;[0m&amp#27;[32m page&amp#27;[0m                             &amp#27;[90m# stepDefinition.GeneralStep.user_is_navigated_to_page(java.lang.String)&amp#27;[0m
  &amp#27;[32mWhen &amp#27;[0m&amp#27;[32muser clicks on menu &amp#27;[0m&amp#27;[32m&amp#27;[1m"Cell Line"&amp#27;[0m                                  &amp#27;[90m# stepDefinition.GeneralStep.user_clicks_on_menu(java.lang.String)&amp#27;[0m
  &amp#27;[32mThen &amp#27;[0m&amp#27;[32muser is navigated to &amp#27;[0m&amp#27;[32m&amp#27;[1m"Cell Line"&amp#27;[0m&amp#27;[32m page&amp#27;[0m                            &amp#27;[90m# stepDefinition.GeneralStep.user_is_navigated_to_page(java.lang.String)&amp#27;[0m
  &amp#27;[32mAnd &amp#27;[0m&amp#27;[32m&amp#27;[0m&amp#27;[32m&amp#27;[1m"my cell 2"&amp#27;[0m&amp#27;[32m items is &amp#27;[0m&amp#27;[32m&amp#27;[1m"already"&amp#27;[0m&amp#27;[32m exist&amp#27;[0m                              &amp#27;[90m# stepDefinition.GeneralStep.items_is_exist(java.lang.String,java.lang.String)&amp#27;[0m
  &amp#27;[32mWhen &amp#27;[0m&amp#27;[32muser select an item &amp#27;[0m&amp#27;[32m&amp#27;[1m"my cell 2"&amp#27;[0m&amp#27;[32m by check the checkbox&amp#27;[0m            &amp#27;[90m# stepDefinition.GeneralStep.user_select_an_item_by_check_the_checkbox(java.lang.String)&amp#27;[0m
  &amp#27;[32mThen &amp#27;[0m&amp#27;[32mitem &amp#27;[0m&amp#27;[32m&amp#27;[1m"my cell 2"&amp#27;[0m&amp#27;[32m is checked&amp#27;[0m                                      &amp#27;[90m# stepDefinition.GeneralStep.item_is_checked(java.lang.String)&amp#27;[0m
  &amp#27;[32mAnd &amp#27;[0m&amp#27;[32micon &amp#27;[0m&amp#27;[32m&amp#27;[1m"delete"&amp#27;[0m&amp#27;[32m is enabled in page&amp#27;[0m                                  &amp#27;[90m# stepDefinition.GeneralStep.icon_is_enabled_in_page(java.lang.String)&amp#27;[0m
  &amp#27;[32mWhen &amp#27;[0m&amp#27;[32muser clicks on &amp#27;[0m&amp#27;[32m&amp#27;[1m"delete"&amp#27;[0m&amp#27;[32m icon&amp#27;[0m                                     &amp#27;[90m# stepDefinition.GeneralStep.user_clicks_on_icon(java.lang.String)&amp#27;[0m
  &amp#27;[32mThen &amp#27;[0m&amp#27;[32mmodal &amp#27;[0m&amp#27;[32m&amp#27;[1m"Delete Cell Lines"&amp#27;[0m&amp#27;[32m confirmation is displayed&amp#27;[0m              &amp#27;[90m# stepDefinition.GeneralStep.modal_confirmation_is_displayed(java.lang.String)&amp#27;[0m
  &amp#27;[32mWhen &amp#27;[0m&amp#27;[32muser clicks on &amp#27;[0m&amp#27;[32m&amp#27;[1m"Cancel"&amp#27;[0m&amp#27;[32m button&amp#27;[0m                                   &amp#27;[90m# stepDefinition.GeneralStep.user_clicks_on_button(java.lang.String)&amp#27;[0m
  &amp#27;[32mThen &amp#27;[0m&amp#27;[32m&amp#27;[0m&amp#27;[32m&amp#27;[1m"my cell 2"&amp#27;[0m&amp#27;[32m items is &amp#27;[0m&amp#27;[32m&amp#27;[1m"still"&amp#27;[0m&amp#27;[32m exist&amp#27;[0m                               &amp#27;[90m# stepDefinition.GeneralStep.items_is_exist(java.lang.String,java.lang.String)&amp#27;[0m
  &amp#27;[32mThen &amp#27;[0m&amp#27;[32mitem &amp#27;[0m&amp#27;[32m&amp#27;[1m"my cell 2"&amp#27;[0m&amp#27;[32m is checked&amp#27;[0m                                      &amp#27;[90m# stepDefinition.GeneralStep.item_is_checked(java.lang.String)&amp#27;[0m
  &amp#27;[32mAnd &amp#27;[0m&amp#27;[32micon &amp#27;[0m&amp#27;[32m&amp#27;[1m"delete"&amp#27;[0m&amp#27;[32m is enabled in page&amp#27;[0m                                  &amp#27;[90m# stepDefinition.GeneralStep.icon_is_enabled_in_page(java.lang.String)&amp#27;[0m

@cellline @CC-1052_Delete_Cell_Line_which_already_used_in_inventory
Scenario: Delete Cell Line                                                                                                             &amp#27;[90m# src/test/resources/features/Cell Line Manager/Delete Cell Lines/CC-1052_Delete Cell Line which already used in inventory.feature:15&amp#27;[0m
  &amp#27;[32mGiven &amp#27;[0m&amp#27;[32muser has already logged in to application with this credentials&amp#27;[0m                                                                &amp#27;[90m# stepDefinition.LoginPageStep.user_has_already_logged_in_to_application_with_this_credentials(io.cucumber.datatable.DataTable)&amp#27;[0m
    | username | password |
    | admin    | admin    |
  &amp#27;[32mAnd &amp#27;[0m&amp#27;[32muser is navigated to &amp#27;[0m&amp#27;[32m&amp#27;[1m"Dashboard"&amp#27;[0m&amp#27;[32m page&amp#27;[0m                                                                                            &amp#27;[90m# stepDefinition.GeneralStep.user_is_navigated_to_page(java.lang.String)&amp#27;[0m
  &amp#27;[32mWhen &amp#27;[0m&amp#27;[32muser clicks on menu &amp#27;[0m&amp#27;[32m&amp#27;[1m"Cell Line"&amp#27;[0m                                                                                                 &amp#27;[90m# stepDefinition.GeneralStep.user_clicks_on_menu(java.lang.String)&amp#27;[0m
  &amp#27;[32mThen &amp#27;[0m&amp#27;[32muser is navigated to &amp#27;[0m&amp#27;[32m&amp#27;[1m"Cell Line"&amp#27;[0m&amp#27;[32m page&amp#27;[0m                                                                                           &amp#27;[90m# stepDefinition.GeneralStep.user_is_navigated_to_page(java.lang.String)&amp#27;[0m
  &amp#27;[32mWhen &amp#27;[0m&amp#27;[32muser select all item&amp#27;[0m                                                                                                            &amp#27;[90m# stepDefinition.GeneralStep.user_select_all_item()&amp#27;[0m
  &amp#27;[32mThen &amp#27;[0m&amp#27;[32micon &amp#27;[0m&amp#27;[32m&amp#27;[1m"delete"&amp#27;[0m&amp#27;[32m is enabled in page&amp#27;[0m                                                                                                &amp#27;[90m# stepDefinition.GeneralStep.icon_is_enabled_in_page(java.lang.String)&amp#27;[0m
  &amp#27;[32mWhen &amp#27;[0m&amp#27;[32muser clicks on &amp#27;[0m&amp#27;[32m&amp#27;[1m"delete"&amp#27;[0m&amp#27;[32m icon&amp#27;[0m                                                                                                    &amp#27;[90m# stepDefinition.GeneralStep.user_clicks_on_icon(java.lang.String)&amp#27;[0m
  &amp#27;[32mThen &amp#27;[0m&amp#27;[32mmodal &amp#27;[0m&amp#27;[32m&amp#27;[1m"Delete Cell Lines"&amp#27;[0m&amp#27;[32m confirmation is displayed&amp#27;[0m                                                                             &amp#27;[90m# stepDefinition.GeneralStep.modal_confirmation_is_displayed(java.lang.String)&amp#27;[0m
  &amp#27;[32mWhen &amp#27;[0m&amp#27;[32muser clicks on &amp#27;[0m&amp#27;[32m&amp#27;[1m"OK"&amp#27;[0m&amp#27;[32m button&amp#27;[0m                                                                                                      &amp#27;[90m# stepDefinition.GeneralStep.user_clicks_on_button(java.lang.String)&amp#27;[0m
  &amp#27;[32mThen &amp#27;[0m&amp#27;[32mnotification &amp#27;[0m&amp#27;[32m&amp#27;[1m"One or more validation errors occurred."&amp#27;[0m&amp#27;[32m and &amp#27;[0m&amp#27;[32m&amp#27;[1m"Can't delete, data is still used in InventoryContent."&amp#27;[0m&amp#27;[32m is displayed&amp#27;[0m &amp#27;[90m# stepDefinition.GeneralStep.notification_and_is_displayed(java.lang.String,java.lang.String)&amp#27;[0m

@cellline @CC-1046_Edit_one_Cell_Line
Scenario: Edit                                                               &amp#27;[90m# src/test/resources/features/Cell Line Manager/Edit Cell Line/CC-1046_Edit one Cell Line.feature:16&amp#27;[0m
  &amp#27;[32mGiven &amp#27;[0m&amp#27;[32muser has already logged in to application with this credentials&amp#27;[0m      &amp#27;[90m# stepDefinition.LoginPageStep.user_has_already_logged_in_to_application_with_this_credentials(io.cucumber.datatable.DataTable)&amp#27;[0m
    | username | password |
    | admin    | admin    |
  &amp#27;[32mAnd &amp#27;[0m&amp#27;[32muser is navigated to &amp#27;[0m&amp#27;[32m&amp#27;[1m"Dashboard"&amp#27;[0m&amp#27;[32m page&amp#27;[0m                                  &amp#27;[90m# stepDefinition.GeneralStep.user_is_navigated_to_page(java.lang.String)&amp#27;[0m
  &amp#27;[32mWhen &amp#27;[0m&amp#27;[32muser clicks on menu &amp#27;[0m&amp#27;[32m&amp#27;[1m"Cell Line"&amp#27;[0m                                       &amp#27;[90m# stepDefinition.GeneralStep.user_clicks_on_menu(java.lang.String)&amp#27;[0m
  &amp#27;[32mThen &amp#27;[0m&amp#27;[32muser is navigated to &amp#27;[0m&amp#27;[32m&amp#27;[1m"Cell Line"&amp#27;[0m&amp#27;[32m page&amp#27;[0m                                 &amp#27;[90m# stepDefinition.GeneralStep.user_is_navigated_to_page(java.lang.String)&amp#27;[0m
  &amp#27;[32mAnd &amp#27;[0m&amp#27;[32m&amp#27;[0m&amp#27;[32m&amp#27;[1m"my cell 1"&amp#27;[0m&amp#27;[32m items is &amp#27;[0m&amp#27;[32m&amp#27;[1m"already"&amp#27;[0m&amp#27;[32m exist&amp#27;[0m                                   &amp#27;[90m# stepDefinition.GeneralStep.items_is_exist(java.lang.String,java.lang.String)&amp#27;[0m
  &amp#27;[32mWhen &amp#27;[0m&amp#27;[32muser select an item &amp#27;[0m&amp#27;[32m&amp#27;[1m"my cell 1"&amp#27;[0m&amp#27;[32m by check the checkbox&amp#27;[0m                 &amp#27;[90m# stepDefinition.GeneralStep.user_select_an_item_by_check_the_checkbox(java.lang.String)&amp#27;[0m
  &amp#27;[32mThen &amp#27;[0m&amp#27;[32mitem &amp#27;[0m&amp#27;[32m&amp#27;[1m"my cell 1"&amp#27;[0m&amp#27;[32m is checked&amp#27;[0m                                           &amp#27;[90m# stepDefinition.GeneralStep.item_is_checked(java.lang.String)&amp#27;[0m
  &amp#27;[32mAnd &amp#27;[0m&amp#27;[32micon &amp#27;[0m&amp#27;[32m&amp#27;[1m"edit"&amp#27;[0m&amp#27;[32m is enabled in page&amp#27;[0m                                         &amp#27;[90m# stepDefinition.GeneralStep.icon_is_enabled_in_page(java.lang.String)&amp#27;[0m
  &amp#27;[32mWhen &amp#27;[0m&amp#27;[32muser clicks on &amp#27;[0m&amp#27;[32m&amp#27;[1m"edit"&amp#27;[]]></system-out>
    <system-err><![CDATA[[main] INFO io.github.bonigarcia.wdm.WebDriverManager - Using chromedriver 104.0.5112.79 (resolved driver for Chrome 104)
[main] INFO io.github.bonigarcia.wdm.WebDriverManager - Exporting webdriver.chrome.driver as C:\Users\smith\.cache\selenium\chromedriver\win32\104.0.5112.79\chromedriver.exe
Starting ChromeDriver 104.0.5112.79 (3cf3e8c8a07d104b9e1260c910efb8f383285dc5-refs/branch-heads/5112@{#1307}) on port 55436
Only local connections are allowed.
Please see https://chromedriver.chromium.org/security-considerations for suggestions on keeping ChromeDriver safe.
ChromeDriver was started successfully.
Aug 26, 2022 10:29:48 AM org.openqa.selenium.remote.ProtocolHandshake createSession
INFO: Detected upstream dialect: W3C
Aug 26, 2022 10:29:48 AM org.openqa.selenium.devtools.CdpVersionFinder findNearestMatch
INFO: Found exact CDP implementation for version 104
[AsyncHttpClient-1-8] WARN org.asynchttpclient.netty.handler.WebSocketHandler - onError
java.net.SocketException: Connection reset
	at java.base/sun.nio.ch.SocketChannelImpl.throwConnectionReset(SocketChannelImpl.java:394)
	at java.base/sun.nio.ch.SocketChannelImpl.read(SocketChannelImpl.java:426)
	at io.netty.buffer.PooledByteBuf.setBytes(PooledByteBuf.java:258)
	at io.netty.buffer.AbstractByteBuf.writeBytes(AbstractByteBuf.java:1132)
	at io.netty.channel.socket.nio.NioSocketChannel.doReadBytes(NioSocketChannel.java:357)
	at io.netty.channel.nio.AbstractNioByteChannel$NioByteUnsafe.read(AbstractNioByteChannel.java:151)
	at io.netty.channel.nio.NioEventLoop.processSelectedKey(NioEventLoop.java:722)
	at io.netty.channel.nio.NioEventLoop.processSelectedKeysOptimized(NioEventLoop.java:658)
	at io.netty.channel.nio.NioEventLoop.processSelectedKeys(NioEventLoop.java:584)
	at io.netty.channel.nio.NioEventLoop.run(NioEventLoop.java:496)
	at io.netty.util.concurrent.SingleThreadEventExecutor$4.run(SingleThreadEventExecutor.java:997)
	at io.netty.util.internal.ThreadExecutorMap$2.run(ThreadExecutorMap.java:74)
	at io.netty.util.concurrent.FastThreadLocalRunnable.run(FastThreadLocalRunnable.java:30)
	at java.base/java.lang.Thread.run(Thread.java:833)
Aug 26, 2022 10:29:56 AM org.openqa.selenium.remote.http.WebSocket$Listener onError
WARNING: Connection reset
java.net.SocketException: Connection reset
	at java.base/sun.nio.ch.SocketChannelImpl.throwConnectionReset(SocketChannelImpl.java:394)
	at java.base/sun.nio.ch.SocketChannelImpl.read(SocketChannelImpl.java:426)
	at io.netty.buffer.PooledByteBuf.setBytes(PooledByteBuf.java:258)
	at io.netty.buffer.AbstractByteBuf.writeBytes(AbstractByteBuf.java:1132)
	at io.netty.channel.socket.nio.NioSocketChannel.doReadBytes(NioSocketChannel.java:357)
	at io.netty.channel.nio.AbstractNioByteChannel$NioByteUnsafe.read(AbstractNioByteChannel.java:151)
	at io.netty.channel.nio.NioEventLoop.processSelectedKey(NioEventLoop.java:722)
	at io.netty.channel.nio.NioEventLoop.processSelectedKeysOptimized(NioEventLoop.java:658)
	at io.netty.channel.nio.NioEventLoop.processSelectedKeys(NioEventLoop.java:584)
	at io.netty.channel.nio.NioEventLoop.run(NioEventLoop.java:496)
	at io.netty.util.concurrent.SingleThreadEventExecutor$4.run(SingleThreadEventExecutor.java:997)
	at io.netty.util.internal.ThreadExecutorMap$2.run(ThreadExecutorMap.java:74)
	at io.netty.util.concurrent.FastThreadLocalRunnable.run(FastThreadLocalRunnable.java:30)
	at java.base/java.lang.Thread.run(Thread.java:833)

]]></system-err>
  </testcase>
  <testcase name="Edit" classname="CC-1048:Edit Cell Line name with an exist name" time="8.008">
    <system-out><![CDATA[browser value is: chromeheadless

my cell 2
my cell 1.0 edit
my cell 6
]]></system-out>
    <system-err><![CDATA[[main] INFO io.github.bonigarcia.wdm.WebDriverManager - Using chromedriver 104.0.5112.79 (resolved driver for Chrome 104)
[main] INFO io.github.bonigarcia.wdm.WebDriverManager - Exporting webdriver.chrome.driver as C:\Users\smith\.cache\selenium\chromedriver\win32\104.0.5112.79\chromedriver.exe
Starting ChromeDriver 104.0.5112.79 (3cf3e8c8a07d104b9e1260c910efb8f383285dc5-refs/branch-heads/5112@{#1307}) on port 55942
Only local connections are allowed.
Please see https://chromedriver.chromium.org/security-considerations for suggestions on keeping ChromeDriver safe.
ChromeDriver was started successfully.
Aug 26, 2022 10:29:57 AM org.openqa.selenium.remote.ProtocolHandshake createSession
INFO: Detected upstream dialect: W3C
Aug 26, 2022 10:29:57 AM org.openqa.selenium.devtools.CdpVersionFinder findNearestMatch
INFO: Found exact CDP implementation for version 104
[AsyncHttpClient-1-3] WARN org.asynchttpclient.netty.handler.WebSocketHandler - onError
java.net.SocketException: Connection reset
	at java.base/sun.nio.ch.SocketChannelImpl.throwConnectionReset(SocketChannelImpl.java:394)
	at java.base/sun.nio.ch.SocketChannelImpl.read(SocketChannelImpl.java:426)
	at io.netty.buffer.PooledByteBuf.setBytes(PooledByteBuf.java:258)
	at io.netty.buffer.AbstractByteBuf.writeBytes(AbstractByteBuf.java:1132)
	at io.netty.channel.socket.nio.NioSocketChannel.doReadBytes(NioSocketChannel.java:357)
	at io.netty.channel.nio.AbstractNioByteChannel$NioByteUnsafe.read(AbstractNioByteChannel.java:151)
	at io.netty.channel.nio.NioEventLoop.processSelectedKey(NioEventLoop.java:722)
	at io.netty.channel.nio.NioEventLoop.processSelectedKeysOptimized(NioEventLoop.java:658)
	at io.netty.channel.nio.NioEventLoop.processSelectedKeys(NioEventLoop.java:584)
	at io.netty.channel.nio.NioEventLoop.run(NioEventLoop.java:496)
	at io.netty.util.concurrent.SingleThreadEventExecutor$4.run(SingleThreadEventExecutor.java:997)
	at io.netty.util.internal.ThreadExecutorMap$2.run(ThreadExecutorMap.java:74)
	at io.netty.util.concurrent.FastThreadLocalRunnable.run(FastThreadLocalRunnable.java:30)
	at java.base/java.lang.Thread.run(Thread.java:833)
Aug 26, 2022 10:30:04 AM org.openqa.selenium.remote.http.WebSocket$Listener onError
WARNING: Connection reset
java.net.SocketException: Connection reset
	at java.base/sun.nio.ch.SocketChannelImpl.throwConnectionReset(SocketChannelImpl.java:394)
	at java.base/sun.nio.ch.SocketChannelImpl.read(SocketChannelImpl.java:426)
	at io.netty.buffer.PooledByteBuf.setBytes(PooledByteBuf.java:258)
	at io.netty.buffer.AbstractByteBuf.writeBytes(AbstractByteBuf.java:1132)
	at io.netty.channel.socket.nio.NioSocketChannel.doReadBytes(NioSocketChannel.java:357)
	at io.netty.channel.nio.AbstractNioByteChannel$NioByteUnsafe.read(AbstractNioByteChannel.java:151)
	at io.netty.channel.nio.NioEventLoop.processSelectedKey(NioEventLoop.java:722)
	at io.netty.channel.nio.NioEventLoop.processSelectedKeysOptimized(NioEventLoop.java:658)
	at io.netty.channel.nio.NioEventLoop.processSelectedKeys(NioEventLoop.java:584)
	at io.netty.channel.nio.NioEventLoop.run(NioEventLoop.java:496)
	at io.netty.util.concurrent.SingleThreadEventExecutor$4.run(SingleThreadEventExecutor.java:997)
	at io.netty.util.internal.ThreadExecutorMap$2.run(ThreadExecutorMap.java:74)
	at io.netty.util.concurrent.FastThreadLocalRunnable.run(FastThreadLocalRunnable.java:30)
	at java.base/java.lang.Thread.run(Thread.java:833)

]]></system-err>
  </testcase>
  <testcase name="Edit(CC-1119:Change from Time Interval " classname="with Imaging Interval) to Confluency" time="4.615">
    <failure type="java.lang.AssertionError"><![CDATA[java.lang.AssertionError
]]></failure>
    <system-out><![CDATA[browser value is: chromeheadless
0m&amp#27;[32m icon&amp#27;[0m                                            &amp#27;[90m# stepDefinition.GeneralStep.user_clicks_on_icon(java.lang.String)&amp#27;[0m
  &amp#27;[32mThen &amp#27;[0m&amp#27;[32muser is navigated to &amp#27;[0m&amp#27;[32m&amp#27;[1m"Edit Cell Lines"&amp#27;[0m&amp#27;[32m page&amp#27;[0m                           &amp#27;[90m# stepDefinition.GeneralStep.user_is_navigated_to_page(java.lang.String)&amp#27;[0m
  &amp#27;[32mWhen &amp#27;[0m&amp#27;[32muser &amp#27;[0m&amp#27;[32m&amp#27;[1m"change"&amp#27;[0m&amp#27;[32m &amp#27;[0m&amp#27;[32m&amp#27;[1m"my cell 1.0 edit"&amp#27;[0m&amp#27;[32m in &amp#27;[0m&amp#27;[32m&amp#27;[1m"name"&amp#27;[0m&amp#27;[32m textbox&amp#27;[0m                    &amp#27;[90m# stepDefinition.GeneralStep.user_in_textbox(java.lang.String,java.lang.String,java.lang.String)&amp#27;[0m
  &amp#27;[32mAnd &amp#27;[0m&amp#27;[32muser clicks on &amp#27;[0m&amp#27;[32m&amp#27;[1m"Save"&amp#27;[0m&amp#27;[32m button&amp#27;[0m                                           &amp#27;[90m# stepDefinition.GeneralStep.user_clicks_on_button(java.lang.String)&amp#27;[0m
  &amp#27;[32mThen &amp#27;[0m&amp#27;[32mmodal &amp#27;[0m&amp#27;[32m&amp#27;[1m"Save Confirm"&amp#27;[0m&amp#27;[32m confirmation is displayed&amp#27;[0m                        &amp#27;[90m# stepDefinition.GeneralStep.modal_confirmation_is_displayed(java.lang.String)&amp#27;[0m
  &amp#27;[32mWhen &amp#27;[0m&amp#27;[32muser clicks on &amp#27;[0m&amp#27;[32m&amp#27;[1m"OK"&amp#27;[0m&amp#27;[32m button&amp#27;[0m                                            &amp#27;[90m# stepDefinition.GeneralStep.user_clicks_on_button(java.lang.String)&amp#27;[0m
  &amp#27;[32mThen &amp#27;[0m&amp#27;[32mnotification &amp#27;[0m&amp#27;[32m&amp#27;[1m"Success"&amp#27;[0m&amp#27;[32m and &amp#27;[0m&amp#27;[32m&amp#27;[1m"Cell Lines has been updated"&amp#27;[0m&amp#27;[32m is displayed&amp#27;[0m &amp#27;[90m# stepDefinition.GeneralStep.notification_and_is_displayed(java.lang.String,java.lang.String)&amp#27;[0m
  &amp#27;[32mAnd &amp#27;[0m&amp#27;[32muser is navigated to &amp#27;[0m&amp#27;[32m&amp#27;[1m"Cell Line"&amp#27;[0m&amp#27;[32m page&amp#27;[0m                                  &amp#27;[90m# stepDefinition.GeneralStep.user_is_navigated_to_page(java.lang.String)&amp#27;[0m
  &amp#27;[32mAnd &amp#27;[0m&amp#27;[32muser is navigated to &amp#27;[0m&amp#27;[32m&amp#27;[1m"Cell Line"&amp#27;[0m&amp#27;[32m page&amp#27;[0m                                  &amp#27;[90m# stepDefinition.GeneralStep.user_is_navigated_to_page(java.lang.String)&amp#27;[0m
  &amp#27;[32mWhen &amp#27;[0m&amp#27;[32muser clicks detail button of item &amp#27;[0m&amp#27;[32m&amp#27;[1m"my cell 1.0 edit"&amp#27;[0m                  &amp#27;[90m# stepDefinition.GeneralStep.user_clicks_detail_button_of_item(java.lang.String)&amp#27;[0m
  &amp#27;[32mThen &amp#27;[0m&amp#27;[32mdata new cell line will show&amp#27;[0m                                          &amp#27;[90m# stepDefinition.GeneralStep.data_new_cell_line_will_show(io.cucumber.datatable.DataTable)&amp#27;[0m
    | Name             | Organism | Tissue | Morphology | Disease           | Notes                        | Passage After  | Media Selection | Media Replacement | Detachment Reagent | Detachment Reagent Volume | Detachment Reagent Incubation Time | Passage Ratio | Adhering Time | Using Imaging | Estimated Doubling Time | Cell Density/cm2 | Cell Dilution Ratio | Dye Dilution Ratio |
    | my cell 1.0 edit | Mouse    | Embryo | Fibroblast | mimic human liver | sample cell from mouse liver | 80% Confluency | DMEM FBS 10     | 100%              | Trypsin            | 600.0 ÂµL                  | 15 minute(s)                       | 1 : 3         | 6 hour(s)     | Yes           | 48 hour(s)              | 90000 x104       | 1                   | 1                  |

@cellline @CC-1048_Edit_Cell_Line_name_with_an_exist_name
Scenario: Edit                                                                                                          &amp#27;[90m# src/test/resources/features/Cell Line Manager/Edit Cell Line/CC-1048_Edit Cell Line name with an exist name.feature:16&amp#27;[0m
  &amp#27;[32mGiven &amp#27;[0m&amp#27;[32muser has already logged in to application with this credentials&amp#27;[0m                                                 &amp#27;[90m# stepDefinition.LoginPageStep.user_has_already_logged_in_to_application_with_this_credentials(io.cucumber.datatable.DataTable)&amp#27;[0m
    | username | password |
    | admin    | admin    |
  &amp#27;[32mAnd &amp#27;[0m&amp#27;[32muser is navigated to &amp#27;[0m&amp#27;[32m&amp#27;[1m"Dashboard"&amp#27;[0m&amp#27;[32m page&amp#27;[0m                                                                             &amp#27;[90m# stepDefinition.GeneralStep.user_is_navigated_to_page(java.lang.String)&amp#27;[0m
  &amp#27;[32mWhen &amp#27;[0m&amp#27;[32muser clicks on menu &amp#27;[0m&amp#27;[32m&amp#27;[1m"Cell Line"&amp#27;[0m                                                                                  &amp#27;[90m# stepDefinition.GeneralStep.user_clicks_on_menu(java.lang.String)&amp#27;[0m
  &amp#27;[32mThen &amp#27;[0m&amp#27;[32muser is navigated to &amp#27;[0m&amp#27;[32m&amp#27;[1m"Cell Line"&amp#27;[0m&amp#27;[32m page&amp#27;[0m                                                                            &amp#27;[90m# stepDefinition.GeneralStep.user_is_navigated_to_page(java.lang.String)&amp#27;[0m
  &amp#27;[32mAnd &amp#27;[0m&amp#27;[32m&amp#27;[0m&amp#27;[32m&amp#27;[1m"my cell 6"&amp#27;[0m&amp#27;[32m items is &amp#27;[0m&amp#27;[32m&amp#27;[1m"already"&amp#27;[0m&amp#27;[32m exist&amp#27;[0m                                                                              &amp#27;[90m# stepDefinition.GeneralStep.items_is_exist(java.lang.String,java.lang.String)&amp#27;[0m
  &amp#27;[32mWhen &amp#27;[0m&amp#27;[32muser select an item &amp#27;[0m&amp#27;[32m&amp#27;[1m"my cell 6"&amp#27;[0m&amp#27;[32m by check the checkbox&amp#27;[0m                                                            &amp#27;[90m# stepDefinition.GeneralStep.user_select_an_item_by_check_the_checkbox(java.lang.String)&amp#27;[0m
  &amp#27;[32mThen &amp#27;[0m&amp#27;[32mitem &amp#27;[0m&amp#27;[32m&amp#27;[1m"my cell 6"&amp#27;[0m&amp#27;[32m is checked&amp#27;[0m                                                                                      &amp#27;[90m# stepDefinition.GeneralStep.item_is_checked(java.lang.String)&amp#27;[0m
  &amp#27;[32mAnd &amp#27;[0m&amp#27;[32micon &amp#27;[0m&amp#27;[32m&amp#27;[1m"edit"&amp#27;[0m&amp#27;[32m is enabled in page&amp#27;[0m                                                                                    &amp#27;[90m# stepDefinition.GeneralStep.icon_is_enabled_in_page(java.lang.String)&amp#27;[0m
  &amp#27;[32mWhen &amp#27;[0m&amp#27;[32muser clicks on &amp#27;[0m&amp#27;[32m&amp#27;[1m"edit"&amp#27;[0m&amp#27;[32m icon&amp#27;[0m                                                                                       &amp#27;[90m# stepDefinition.GeneralStep.user_clicks_on_icon(java.lang.String)&amp#27;[0m
  &amp#27;[32mThen &amp#27;[0m&amp#27;[32muser is navigated to &amp#27;[0m&amp#27;[32m&amp#27;[1m"Edit Cell Lines"&amp#27;[0m&amp#27;[32m page&amp#27;[0m                                                                      &amp#27;[90m# stepDefinition.GeneralStep.user_is_navigated_to_page(java.lang.String)&amp#27;[0m
  &amp#27;[32mWhen &amp#27;[0m&amp#27;[32muser &amp#27;[0m&amp#27;[32m&amp#27;[1m"change"&amp#27;[0m&amp#27;[32m &amp#27;[0m&amp#27;[32m&amp#27;[1m"my cell 1.0 edit"&amp#27;[0m&amp#27;[32m in &amp#27;[0m&amp#27;[32m&amp#27;[1m"name"&amp#27;[0m&amp#27;[32m textbox&amp#27;[0m                                                               &amp#27;[90m# stepDefinition.GeneralStep.user_in_textbox(java.lang.String,java.lang.String,java.lang.String)&amp#27;[0m
  &amp#27;[32mAnd &amp#27;[0m&amp#27;[32muser clicks on &amp#27;[0m&amp#27;[32m&amp#27;[1m"Save"&amp#27;[0m&amp#27;[32m button&amp#27;[0m                                                                                      &amp#27;[90m# stepDefinition.GeneralStep.user_clicks_on_button(java.lang.String)&amp#27;[0m
  &amp#27;[32mThen &amp#27;[0m&amp#27;[32mmodal &amp#27;[0m&amp#27;[32m&amp#27;[1m"Save Confirm"&amp#27;[0m&amp#27;[32m confirmation is displayed&amp#27;[0m                                                                   &amp#27;[90m# stepDefinition.GeneralStep.modal_confirmation_is_displayed(java.lang.String)&amp#27;[0m
  &amp#27;[32mWhen &amp#27;[0m&amp#27;[32muser clicks on &amp#27;[0m&amp#27;[32m&amp#27;[1m"OK"&amp#27;[0m&amp#27;[32m button&amp#27;[0m                                                                                       &amp#27;[90m# stepDefinition.GeneralStep.user_clicks_on_button(java.lang.String)&amp#27;[0m
  &amp#27;[32mThen &amp#27;[0m&amp#27;[32mnotification &amp#27;[0m&amp#27;[32m&amp#27;[1m"One or more validation errors occurred."&amp#27;[0m&amp#27;[32m and &amp#27;[0m&amp#27;[32m&amp#27;[1m"Name already exists. Use another Name."&amp#27;[0m&amp#27;[32m is displayed&amp#27;[0m &amp#27;[90m# stepDefinition.GeneralStep.notification_and_is_displayed(java.lang.String,java.lang.String)&amp#27;[0m

@cellline @CC-1119_Change_from_Time_Interval_with_Imaging_Interval_to_Confluency
Scenario: Edit                                                               &amp#27;[90m# src/test/resources/features/Cell Line Manager/Edit Cell Line/CC-1119_Change from Time Interval (with Imaging Interval) to Confluency.feature:16&amp#27;[0m
  &amp#27;[32mGiven &amp#27;[0m&amp#27;[32muser has already logged in to application with this credentials&amp#27;[0m      &amp#27;[90m# stepDefinition.LoginPageStep.user_has_already_logged_in_to_application_with_this_credentials(io.cucumber.datatable.DataTable)&amp#27;[0m
    | username | password |
    | admin    | admin    |
  &amp#27;[32mAnd &amp#27;[0m&amp#27;[32muser is navigated to &amp#27;[0m&amp#27;[32m&amp#27;[1m"Dashboard"&amp#27;[0m&amp#27;[32m page&amp#27;[0m                                  &amp#27;[90m# stepDefinition.GeneralStep.user_is_navigated_to_page(java.lang.String)&amp#27;[0m
  &amp#27;[32mWhen &amp#27;[0m&amp#27;[32muser clicks on menu &amp#27;[0m&amp#27;[32m&amp#27;[1m"Cell Line"&amp#27;[0m                                       &amp#27;[90m# stepDefinition.GeneralStep.user_clicks_on_menu(java.lang.String)&amp#27;[0m
  &amp#27;[32mThen &amp#27;[0m&amp#27;[32muser is navigated to &amp#27;[0m&amp#27;[32m&amp#27;[1m"
my cell 2
my cell 1.0 edit
my cell 6
HeLa
NIH-3T3
HepG2
]]></system-out>
    <system-err><![CDATA[[main] INFO io.github.bonigarcia.wdm.WebDriverManager - Using chromedriver 104.0.5112.79 (resolved driver for Chrome 104)
[main] INFO io.github.bonigarcia.wdm.WebDriverManager - Exporting webdriver.chrome.driver as C:\Users\smith\.cache\selenium\chromedriver\win32\104.0.5112.79\chromedriver.exe
Starting ChromeDriver 104.0.5112.79 (3cf3e8c8a07d104b9e1260c910efb8f383285dc5-refs/branch-heads/5112@{#1307}) on port 65045
Only local connections are allowed.
Please see https://chromedriver.chromium.org/security-considerations for suggestions on keeping ChromeDriver safe.
ChromeDriver was started successfully.
Aug 26, 2022 10:30:05 AM org.openqa.selenium.remote.ProtocolHandshake createSession
INFO: Detected upstream dialect: W3C
Aug 26, 2022 10:30:05 AM org.openqa.selenium.devtools.CdpVersionFinder findNearestMatch
INFO: Found exact CDP implementation for version 104
[AsyncHttpClient-1-6] WARN org.asynchttpclient.netty.handler.WebSocketHandler - onError
java.net.SocketException: Connection reset
	at java.base/sun.nio.ch.SocketChannelImpl.throwConnectionReset(SocketChannelImpl.java:394)
	at java.base/sun.nio.ch.SocketChannelImpl.read(SocketChannelImpl.java:426)
	at io.netty.buffer.PooledByteBuf.setBytes(PooledByteBuf.java:258)
	at io.netty.buffer.AbstractByteBuf.writeBytes(AbstractByteBuf.java:1132)
	at io.netty.channel.socket.nio.NioSocketChannel.doReadBytes(NioSocketChannel.java:357)
	at io.netty.channel.nio.AbstractNioByteChannel$NioByteUnsafe.read(AbstractNioByteChannel.java:151)
	at io.netty.channel.nio.NioEventLoop.processSelectedKey(NioEventLoop.java:722)
	at io.netty.channel.nio.NioEventLoop.processSelectedKeysOptimized(NioEventLoop.java:658)
	at io.netty.channel.nio.NioEventLoop.processSelectedKeys(NioEventLoop.java:584)
	at io.netty.channel.nio.NioEventLoop.run(NioEventLoop.java:496)
	at io.netty.util.concurrent.SingleThreadEventExecutor$4.run(SingleThreadEventExecutor.java:997)
	at io.netty.util.internal.ThreadExecutorMap$2.run(ThreadExecutorMap.java:74)
	at io.netty.util.concurrent.FastThreadLocalRunnable.run(FastThreadLocalRunnable.java:30)
	at java.base/java.lang.Thread.run(Thread.java:833)
Aug 26, 2022 10:30:08 AM org.openqa.selenium.remote.http.WebSocket$Listener onError
WARNING: Connection reset
java.net.SocketException: Connection reset
	at java.base/sun.nio.ch.SocketChannelImpl.throwConnectionReset(SocketChannelImpl.java:394)
	at java.base/sun.nio.ch.SocketChannelImpl.read(SocketChannelImpl.java:426)
	at io.netty.buffer.PooledByteBuf.setBytes(PooledByteBuf.java:258)
	at io.netty.buffer.AbstractByteBuf.writeBytes(AbstractByteBuf.java:1132)
	at io.netty.channel.socket.nio.NioSocketChannel.doReadBytes(NioSocketChannel.java:357)
	at io.netty.channel.nio.AbstractNioByteChannel$NioByteUnsafe.read(AbstractNioByteChannel.java:151)
	at io.netty.channel.nio.NioEventLoop.processSelectedKey(NioEventLoop.java:722)
	at io.netty.channel.nio.NioEventLoop.processSelectedKeysOptimized(NioEventLoop.java:658)
	at io.netty.channel.nio.NioEventLoop.processSelectedKeys(NioEventLoop.java:584)
	at io.netty.channel.nio.NioEventLoop.run(NioEventLoop.java:496)
	at io.netty.util.concurrent.SingleThreadEventExecutor$4.run(SingleThreadEventExecutor.java:997)
	at io.netty.util.internal.ThreadExecutorMap$2.run(ThreadExecutorMap.java:74)
	at io.netty.util.concurrent.FastThreadLocalRunnable.run(FastThreadLocalRunnable.java:30)
	at java.base/java.lang.Thread.run(Thread.java:833)

]]></system-err>
  </testcase>
  <testcase name="Edit" classname="CC-1121:Change Passage After Confluency into Time Interval with Imaging Interval" time="8.951">
    <failure type="java.lang.AssertionError"><![CDATA[java.lang.AssertionError
]]></failure>
    <system-out><![CDATA[browser value is: chromeheadless

my cell 2
my cell 1.0 edit
my cell 6
HeLa
NIH-3T3
HepG2
Cell Line"&amp#27;[0m&amp#27;[32m page&amp#27;[0m                                 &amp#27;[90m# stepDefinition.GeneralStep.user_is_navigated_to_page(java.lang.String)&amp#27;[0m
  &amp#27;[31mAnd &amp#27;[0m&amp#27;[31m&amp#27;[0m&amp#27;[31m&amp#27;[1m"my cell 7"&amp#27;[0m&amp#27;[31m items is &amp#27;[0m&amp#27;[31m&amp#27;[1m"already"&amp#27;[0m&amp#27;[31m exist&amp#27;[0m                                   &amp#27;[90m# stepDefinition.GeneralStep.items_is_exist(java.lang.String,java.lang.String)&amp#27;[0m
      &amp#27;[31mjava.lang.AssertionError
	at org.junit.Assert.fail(Assert.java:87)
	at org.junit.Assert.assertTrue(Assert.java:42)
	at org.junit.Assert.assertTrue(Assert.java:53)
	at stepDefinition.GeneralStep.items_is_exist(GeneralStep.java:169)
	at âœ½."my cell 7" items is "already" exist(file:///C:/Users/smith/OneDrive/Documents/INTERN/Cell/cellsuite/cellsuite/src/test/resources/features/Cell%20Line%20Manager/Edit%20Cell%20Line/CC-1119_Change%20from%20Time%20Interval%20(with%20Imaging%20Interval)%20to%20Confluency.feature:13)
&amp#27;[0m
  &amp#27;[36mWhen &amp#27;[0m&amp#27;[36muser select an item &amp#27;[0m&amp#27;[36m&amp#27;[1m"my cell 7"&amp#27;[0m&amp#27;[36m by check the checkbox&amp#27;[0m                 &amp#27;[90m# stepDefinition.GeneralStep.user_select_an_item_by_check_the_checkbox(java.lang.String)&amp#27;[0m
  &amp#27;[36mThen &amp#27;[0m&amp#27;[36mitem &amp#27;[0m&amp#27;[36m&amp#27;[1m"my cell 7"&amp#27;[0m&amp#27;[36m is checked&amp#27;[0m                                           &amp#27;[90m# stepDefinition.GeneralStep.item_is_checked(java.lang.String)&amp#27;[0m
  &amp#27;[36mAnd &amp#27;[0m&amp#27;[36micon &amp#27;[0m&amp#27;[36m&amp#27;[1m"edit"&amp#27;[0m&amp#27;[36m is enabled in page&amp#27;[0m                                         &amp#27;[90m# stepDefinition.GeneralStep.icon_is_enabled_in_page(java.lang.String)&amp#27;[0m
  &amp#27;[36mWhen &amp#27;[0m&amp#27;[36muser clicks on &amp#27;[0m&amp#27;[36m&amp#27;[1m"edit"&amp#27;[0m&amp#27;[36m icon&amp#27;[0m                                            &amp#27;[90m# stepDefinition.GeneralStep.user_clicks_on_icon(java.lang.String)&amp#27;[0m
  &amp#27;[36mThen &amp#27;[0m&amp#27;[36muser is navigated to &amp#27;[0m&amp#27;[36m&amp#27;[1m"Edit Cell Lines"&amp#27;[0m&amp#27;[36m page&amp#27;[0m                           &amp#27;[90m# stepDefinition.GeneralStep.user_is_navigated_to_page(java.lang.String)&amp#27;[0m
  &amp#27;[36mWhen &amp#27;[0m&amp#27;[36muser &amp#27;[0m&amp#27;[36m&amp#27;[1m"change"&amp#27;[0m&amp#27;[36m &amp#27;[0m&amp#27;[36m&amp#27;[1m"my cell 7.0 edit"&amp#27;[0m&amp#27;[36m in &amp#27;[0m&amp#27;[36m&amp#27;[1m"name"&amp#27;[0m&amp#27;[36m textbox&amp#27;[0m                    &amp#27;[90m# stepDefinition.GeneralStep.user_in_textbox(java.lang.String,java.lang.String,java.lang.String)&amp#27;[0m
  &amp#27;[36mWhen &amp#27;[0m&amp#27;[36muser select &amp#27;[0m&amp#27;[36m&amp#27;[1m"confluency"&amp#27;[0m&amp#27;[36m radio&amp#27;[0m                                        &amp#27;[90m# stepDefinition.GeneralStep.user_select_radio(java.lang.String)&amp#27;[0m
  &amp#27;[36mThen &amp#27;[0m&amp#27;[36mradio &amp#27;[0m&amp#27;[36m&amp#27;[1m"confluency"&amp#27;[0m&amp#27;[36m is selected&amp#27;[0m                                        &amp#27;[90m# stepDefinition.GeneralStep.radio_is_selected(java.lang.String)&amp#27;[0m
  &amp#27;[36mAnd &amp#27;[0m&amp#27;[36mcheckbox &amp#27;[0m&amp#27;[36m&amp#27;[1m"Imaging Interval"&amp#27;[0m&amp#27;[36m is disable&amp#27;[0m                                 &amp#27;[90m# stepDefinition.CellLineStep.checkbox_is_disable(java.lang.String)&amp#27;[0m
  &amp#27;[36mWhen &amp#27;[0m&amp#27;[36muser type cell line confluency as &amp#27;[0m&amp#27;[36m&amp#27;[1m"80"&amp#27;[0m                                &amp#27;[90m# stepDefinition.CellLineStep.user_type_cell_line_confluency_as(java.lang.String)&amp#27;[0m
  &amp#27;[36mThen &amp#27;[0m&amp#27;[36mcell line confluency is filled by &amp#27;[0m&amp#27;[36m&amp#27;[1m"80"&amp#27;[0m                                &amp#27;[90m# stepDefinition.CellLineStep.cell_line_confluency_is_filled_by(java.lang.String)&amp#27;[0m
  &amp#27;[36mWhen &amp#27;[0m&amp#27;[36muser type on box Imaging Interval as &amp#27;[0m&amp#27;[36m&amp#27;[1m"48"&amp#27;[0m                             &amp#27;[90m# stepDefinition.CellLineStep.user_type_on_box_imaging_interval_as(java.lang.String)&amp#27;[0m
  &amp#27;[36mThen &amp#27;[0m&amp#27;[36mbox Imaging Interval filled by &amp#27;[0m&amp#27;[36m&amp#27;[1m"48"&amp#27;[0m                                   &amp#27;[90m# stepDefinition.CellLineStep.box_Imaging_interval_filled_by(java.lang.String)&amp#27;[0m
  &amp#27;[36mAnd &amp#27;[0m&amp#27;[36muser clicks on &amp#27;[0m&amp#27;[36m&amp#27;[1m"Save"&amp#27;[0m&amp#27;[36m button&amp#27;[0m                                           &amp#27;[90m# stepDefinition.GeneralStep.user_clicks_on_button(java.lang.String)&amp#27;[0m
  &amp#27;[36mThen &amp#27;[0m&amp#27;[36mmodal &amp#27;[0m&amp#27;[36m&amp#27;[1m"Save Confirm"&amp#27;[0m&amp#27;[36m confirmation is displayed&amp#27;[0m                        &amp#27;[90m# stepDefinition.GeneralStep.modal_confirmation_is_displayed(java.lang.String)&amp#27;[0m
  &amp#27;[36mWhen &amp#27;[0m&amp#27;[36muser clicks on &amp#27;[0m&amp#27;[36m&amp#27;[1m"OK"&amp#27;[0m&amp#27;[36m button&amp#27;[0m                                            &amp#27;[90m# stepDefinition.GeneralStep.user_clicks_on_button(java.lang.String)&amp#27;[0m
  &amp#27;[36mThen &amp#27;[0m&amp#27;[36mnotification &amp#27;[0m&amp#27;[36m&amp#27;[1m"Success"&amp#27;[0m&amp#27;[36m and &amp#27;[0m&amp#27;[36m&amp#27;[1m"Cell Lines has been updated"&amp#27;[0m&amp#27;[36m is displayed&amp#27;[0m &amp#27;[90m# stepDefinition.GeneralStep.notification_and_is_displayed(java.lang.String,java.lang.String)&amp#27;[0m
  &amp#27;[36mAnd &amp#27;[0m&amp#27;[36muser is navigated to &amp#27;[0m&amp#27;[36m&amp#27;[1m"Cell Line"&amp#27;[0m&amp#27;[36m page&amp#27;[0m                                  &amp#27;[90m# stepDefinition.GeneralStep.user_is_navigated_to_page(java.lang.String)&amp#27;[0m
  &amp#27;[36mWhen &amp#27;[0m&amp#27;[36muser clicks detail button of item &amp#27;[0m&amp#27;[36m&amp#27;[1m"my cell 7.0 edit"&amp#27;[0m                  &amp#27;[90m# stepDefinition.GeneralStep.user_clicks_detail_button_of_item(java.lang.String)&amp#27;[0m
  &amp#27;[36mThen &amp#27;[0m&amp#27;[36mdata new cell line will show&amp#27;[0m                                          &amp#27;[90m# stepDefinition.GeneralStep.data_new_cell_line_will_show(io.cucumber.datatable.DataTable)&amp#27;[0m
    | Name             | Organism | Tissue | Morphology | Disease           | Notes                        | Passage After  | Media Selection | Media Replacement | Detachment Reagent | Detachment Reagent Volume | Detachment Reagent Incubation Time | Passage Ratio | Adhering Time | Using Imaging | Estimated Doubling Time | Cell Density/cm2 | Cell Dilution Ratio | Dye Dilution Ratio |
    | my cell 7.0 edit | Mouse    | Embryo | Fibroblast | mimic human liver | sample cell from mouse liver | 80% Confluency | DMEM FBS 10     | 100%              | Trypsin            | 600.0 ÂµL                  | 15 minute(s)                       | 1 : 3         | 6 hour(s)     | Yes           | 48 hour(s)              | 90000 x104       | 1                   | 1                  |

@cellline @CC-1121_Change_Passage_After_Confluency_into_Time_Interval_with_Imaging_Interval
Scenario: Edit                                                               &amp#27;[90m# src/test/resources/features/Cell Line Manager/Edit Cell Line/CC-1121_Change Passage After Confluency into Time Interval with Imaging Interval.feature:15&amp#27;[0m
  &amp#27;[32mGiven &amp#27;[0m&amp#27;[32muser has already logged in to application with this credentials&amp#27;[0m      &amp#27;[90m# stepDefinition.LoginPageStep.user_has_already_logged_in_to_application_with_this_credentials(io.cucumber.datatable.DataTable)&amp#27;[0m
    | username | password |
    | admin    | admin    |
  &amp#27;[32mAnd &amp#27;[0m&amp#27;[32muser is navigated to &amp#27;[0m&amp#27;[32m&amp#27;[1m"Dashboard"&amp#27;[0m&amp#27;[32m page&amp#27;[0m                                  &amp#27;[90m# stepDefinition.GeneralStep.user_is_navigated_to_page(java.lang.String)&amp#27;[0m
  &amp#27;[32mWhen &amp#27;[0m&amp#27;[32muser clicks on menu &amp#27;[0m&amp#27;[32m&amp#27;[1m"Cell Line"&amp#27;[0m                                       &amp#27;[90m# stepDefinition.GeneralStep.user_clicks_on_menu(java.lang.String)&amp#27;[0m
  &amp#27;[32mThen &amp#27;[0m&amp#27;[32muser is navigated to &amp#27;[0m&amp#27;[32m&amp#27;[1m"Cell Line"&amp#27;[0m&amp#27;[32m page&amp#27;[0m                                 &amp#27;[90m# stepDefinition.GeneralStep.user_is_navigated_to_page(java.lang.String)&amp#27;[0m
  &amp#27;[31mAnd &amp#27;[0m&amp#27;[31m&amp#27;[0m&amp#27;[31m&amp#27;[1m"my cell 8"&amp#27;[0m&amp#27;[31m items is &amp#27;[0m&amp#27;[31m&amp#27;[1m"already"&amp#27;[0m&amp#27;[31m exist&amp#27;[0m                                   &amp#27;[90m# stepDefinition.GeneralStep.items_is_exist(java.lang.String,java.lang.String)&amp#27;[0m
      &amp#27;[31mjava.lang.AssertionError
	at org.junit.Assert.fail(Assert.java:87)
	at org.junit.Assert.assertTrue(Assert.java:42)
	at org.junit.Assert.assertTrue(Assert.java:53)
	at stepDefinition.GeneralStep.items_is_exist(GeneralStep.java:169)
	at âœ½."my cell 8" items is "already" exist(file:///C:/Users/smith/OneDrive/Documents/INTERN/Cell/cellsuite/cellsuite/src/test/resources/features/Cell%20Line%20Manager/Edit%20Cell%20Line/CC-1121_Change%20Passage%20After%20Confluency%20into%20Time%20Interval%20with%20Imaging%20Interval.feature:13)
&amp#27;[0m
  &amp#27;[36mWhen &amp#27;[0m&amp#27;[36muser select an item &amp#27;[0m&amp#27;[36m&amp#27;[1m"my cell 8"&amp#27;[0m&amp#27;[36m by check the checkbox&amp#27;[0m                 &amp#27;[90m# stepDefinition.GeneralStep.user_select_an_item_by_check_the_checkbox(java.lang.String)&amp#27;[0m
  &amp#27;[36mThen &amp#27;[0m&amp#27;[36mitem &amp#27;[0m&amp#27;[36m&amp#27;[1m"my cell 8"&amp#27;[0m&amp#27;[36m is checked&amp#27;[0m                                           &amp#27;[90m# stepDefinition.GeneralStep.item_is_checked(java.lang.String)&amp#27;[0m
  &amp#27;[36mAnd &amp#27;[0m&amp#27;[36micon &amp#27;[0m&amp#27;[36m&amp#27;[1m"edit"&amp#27;[0m&amp#27;[36m is ena]]></system-out>
    <system-err><![CDATA[[main] INFO io.github.bonigarcia.wdm.WebDriverManager - Using chromedriver 104.0.5112.79 (resolved driver for Chrome 104)
[main] INFO io.github.bonigarcia.wdm.WebDriverManager - Exporting webdriver.chrome.driver as C:\Users\smith\.cache\selenium\chromedriver\win32\104.0.5112.79\chromedriver.exe
Starting ChromeDriver 104.0.5112.79 (3cf3e8c8a07d104b9e1260c910efb8f383285dc5-refs/branch-heads/5112@{#1307}) on port 56403
Only local connections are allowed.
Please see https://chromedriver.chromium.org/security-considerations for suggestions on keeping ChromeDriver safe.
ChromeDriver was started successfully.
Aug 26, 2022 10:30:10 AM org.openqa.selenium.remote.ProtocolHandshake createSession
INFO: Detected upstream dialect: W3C
Aug 26, 2022 10:30:10 AM org.openqa.selenium.devtools.CdpVersionFinder findNearestMatch
INFO: Found exact CDP implementation for version 104
[AsyncHttpClient-1-9] WARN org.asynchttpclient.netty.handler.WebSocketHandler - onError
java.net.SocketException: Connection reset
	at java.base/sun.nio.ch.SocketChannelImpl.throwConnectionReset(SocketChannelImpl.java:394)
	at java.base/sun.nio.ch.SocketChannelImpl.read(SocketChannelImpl.java:426)
	at io.netty.buffer.PooledByteBuf.setBytes(PooledByteBuf.java:258)
	at io.netty.buffer.AbstractByteBuf.writeBytes(AbstractByteBuf.java:1132)
	at io.netty.channel.socket.nio.NioSocketChannel.doReadBytes(NioSocketChannel.java:357)
	at io.netty.channel.nio.AbstractNioByteChannel$NioByteUnsafe.read(AbstractNioByteChannel.java:151)
	at io.netty.channel.nio.NioEventLoop.processSelectedKey(NioEventLoop.java:722)
	at io.netty.channel.nio.NioEventLoop.processSelectedKeysOptimized(NioEventLoop.java:658)
	at io.netty.channel.nio.NioEventLoop.processSelectedKeys(NioEventLoop.java:584)
	at io.netty.channel.nio.NioEventLoop.run(NioEventLoop.java:496)
	at io.netty.util.concurrent.SingleThreadEventExecutor$4.run(SingleThreadEventExecutor.java:997)
	at io.netty.util.internal.ThreadExecutorMap$2.run(ThreadExecutorMap.java:74)
	at io.netty.util.concurrent.FastThreadLocalRunnable.run(FastThreadLocalRunnable.java:30)
	at java.base/java.lang.Thread.run(Thread.java:833)
Aug 26, 2022 10:30:17 AM org.openqa.selenium.remote.http.WebSocket$Listener onError
WARNING: Connection reset
java.net.SocketException: Connection reset
	at java.base/sun.nio.ch.SocketChannelImpl.throwConnectionReset(SocketChannelImpl.java:394)
	at java.base/sun.nio.ch.SocketChannelImpl.read(SocketChannelImpl.java:426)
	at io.netty.buffer.PooledByteBuf.setBytes(PooledByteBuf.java:258)
	at io.netty.buffer.AbstractByteBuf.writeBytes(AbstractByteBuf.java:1132)
	at io.netty.channel.socket.nio.NioSocketChannel.doReadBytes(NioSocketChannel.java:357)
	at io.netty.channel.nio.AbstractNioByteChannel$NioByteUnsafe.read(AbstractNioByteChannel.java:151)
	at io.netty.channel.nio.NioEventLoop.processSelectedKey(NioEventLoop.java:722)
	at io.netty.channel.nio.NioEventLoop.processSelectedKeysOptimized(NioEventLoop.java:658)
	at io.netty.channel.nio.NioEventLoop.processSelectedKeys(NioEventLoop.java:584)
	at io.netty.channel.nio.NioEventLoop.run(NioEventLoop.java:496)
	at io.netty.util.concurrent.SingleThreadEventExecutor$4.run(SingleThreadEventExecutor.java:997)
	at io.netty.util.internal.ThreadExecutorMap$2.run(ThreadExecutorMap.java:74)
	at io.netty.util.concurrent.FastThreadLocalRunnable.run(FastThreadLocalRunnable.java:30)
	at java.base/java.lang.Thread.run(Thread.java:833)

]]></system-err>
  </testcase>
  <testcase name="Edit" classname="CC-1125_Change Passage After Confluency into Time Interval without Imaging Interval" time="8.372">
    <failure type="java.lang.AssertionError"><![CDATA[java.lang.AssertionError
]]></failure>
    <system-out><![CDATA[browser value is: chromeheadless

my cell 2
my cell 1.0 edit
my cell 6
HeLa
NIH-3T3
HepG2
bled in page&amp#27;[0m                                         &amp#27;[90m# stepDefinition.GeneralStep.icon_is_enabled_in_page(java.lang.String)&amp#27;[0m
  &amp#27;[36mWhen &amp#27;[0m&amp#27;[36muser clicks on &amp#27;[0m&amp#27;[36m&amp#27;[1m"edit"&amp#27;[0m&amp#27;[36m icon&amp#27;[0m                                            &amp#27;[90m# stepDefinition.GeneralStep.user_clicks_on_icon(java.lang.String)&amp#27;[0m
  &amp#27;[36mThen &amp#27;[0m&amp#27;[36muser is navigated to &amp#27;[0m&amp#27;[36m&amp#27;[1m"Edit Cell Lines"&amp#27;[0m&amp#27;[36m page&amp#27;[0m                           &amp#27;[90m# stepDefinition.GeneralStep.user_is_navigated_to_page(java.lang.String)&amp#27;[0m
  &amp#27;[36mWhen &amp#27;[0m&amp#27;[36muser &amp#27;[0m&amp#27;[36m&amp#27;[1m"change"&amp#27;[0m&amp#27;[36m &amp#27;[0m&amp#27;[36m&amp#27;[1m"my cell 8.0 edit"&amp#27;[0m&amp#27;[36m in &amp#27;[0m&amp#27;[36m&amp#27;[1m"name"&amp#27;[0m&amp#27;[36m textbox&amp#27;[0m                    &amp#27;[90m# stepDefinition.GeneralStep.user_in_textbox(java.lang.String,java.lang.String,java.lang.String)&amp#27;[0m
  &amp#27;[36mWhen &amp#27;[0m&amp#27;[36muser select &amp#27;[0m&amp#27;[36m&amp#27;[1m"Time Interval"&amp#27;[0m&amp#27;[36m radio&amp#27;[0m                                     &amp#27;[90m# stepDefinition.GeneralStep.user_select_radio(java.lang.String)&amp#27;[0m
  &amp#27;[36mThen &amp#27;[0m&amp#27;[36mradio &amp#27;[0m&amp#27;[36m&amp#27;[1m"Time Interval"&amp#27;[0m&amp#27;[36m is selected&amp#27;[0m                                     &amp#27;[90m# stepDefinition.GeneralStep.radio_is_selected(java.lang.String)&amp#27;[0m
  &amp#27;[36mAnd &amp#27;[0m&amp#27;[36mcheckbox &amp#27;[0m&amp#27;[36m&amp#27;[1m"Imaging Interval"&amp#27;[0m&amp#27;[36m is enable&amp#27;[0m                                  &amp#27;[90m# stepDefinition.CellLineStep.checkbox_is_enable(java.lang.String)&amp#27;[0m
  &amp#27;[36mWhen &amp#27;[0m&amp#27;[36muser type cell line time interval as &amp#27;[0m&amp#27;[36m&amp#27;[1m"78"&amp#27;[0m                             &amp#27;[90m# stepDefinition.CellLineStep.user_type_cell_line_time_interval_as(java.lang.String)&amp#27;[0m
  &amp#27;[36mThen &amp#27;[0m&amp#27;[36mcell line time interval is filled by &amp#27;[0m&amp#27;[36m&amp#27;[1m"78"&amp#27;[0m                             &amp#27;[90m# stepDefinition.CellLineStep.cell_line_time_interval_is_filled_by(java.lang.String)&amp#27;[0m
  &amp#27;[36mWhen &amp#27;[0m&amp#27;[36muser clicks to check on &amp#27;[0m&amp#27;[36m&amp#27;[1m"Imaging Interval"&amp#27;[0m&amp#27;[36m checkbox&amp#27;[0m                   &amp#27;[90m# stepDefinition.GeneralStep.user_clicks_to_check_on_checkbox(java.lang.String)&amp#27;[0m
  &amp#27;[36mWhen &amp#27;[0m&amp#27;[36muser type on box Imaging Interval as &amp#27;[0m&amp#27;[36m&amp#27;[1m"12"&amp#27;[0m                             &amp#27;[90m# stepDefinition.CellLineStep.user_type_on_box_imaging_interval_as(java.lang.String)&amp#27;[0m
  &amp#27;[36mThen &amp#27;[0m&amp#27;[36mbox Imaging Interval filled by &amp#27;[0m&amp#27;[36m&amp#27;[1m"12"&amp#27;[0m                                   &amp#27;[90m# stepDefinition.CellLineStep.box_Imaging_interval_filled_by(java.lang.String)&amp#27;[0m
  &amp#27;[36mAnd &amp#27;[0m&amp#27;[36muser clicks on &amp#27;[0m&amp#27;[36m&amp#27;[1m"Save"&amp#27;[0m&amp#27;[36m button&amp#27;[0m                                           &amp#27;[90m# stepDefinition.GeneralStep.user_clicks_on_button(java.lang.String)&amp#27;[0m
  &amp#27;[36mThen &amp#27;[0m&amp#27;[36mmodal &amp#27;[0m&amp#27;[36m&amp#27;[1m"Save Confirm"&amp#27;[0m&amp#27;[36m confirmation is displayed&amp#27;[0m                        &amp#27;[90m# stepDefinition.GeneralStep.modal_confirmation_is_displayed(java.lang.String)&amp#27;[0m
  &amp#27;[36mWhen &amp#27;[0m&amp#27;[36muser clicks on &amp#27;[0m&amp#27;[36m&amp#27;[1m"OK"&amp#27;[0m&amp#27;[36m button&amp#27;[0m                                            &amp#27;[90m# stepDefinition.GeneralStep.user_clicks_on_button(java.lang.String)&amp#27;[0m
  &amp#27;[36mThen &amp#27;[0m&amp#27;[36mnotification &amp#27;[0m&amp#27;[36m&amp#27;[1m"Success"&amp#27;[0m&amp#27;[36m and &amp#27;[0m&amp#27;[36m&amp#27;[1m"Cell Lines has been updated"&amp#27;[0m&amp#27;[36m is displayed&amp#27;[0m &amp#27;[90m# stepDefinition.GeneralStep.notification_and_is_displayed(java.lang.String,java.lang.String)&amp#27;[0m
  &amp#27;[36mAnd &amp#27;[0m&amp#27;[36muser is navigated to &amp#27;[0m&amp#27;[36m&amp#27;[1m"Cell Line"&amp#27;[0m&amp#27;[36m page&amp#27;[0m                                  &amp#27;[90m# stepDefinition.GeneralStep.user_is_navigated_to_page(java.lang.String)&amp#27;[0m
  &amp#27;[36mWhen &amp#27;[0m&amp#27;[36muser clicks detail button of item &amp#27;[0m&amp#27;[36m&amp#27;[1m"my cell 8.0 edit"&amp#27;[0m                  &amp#27;[90m# stepDefinition.GeneralStep.user_clicks_detail_button_of_item(java.lang.String)&amp#27;[0m
  &amp#27;[36mThen &amp#27;[0m&amp#27;[36mdata new cell line will show&amp#27;[0m                                          &amp#27;[90m# stepDefinition.GeneralStep.data_new_cell_line_will_show(io.cucumber.datatable.DataTable)&amp#27;[0m
    | Name             | Organism | Tissue | Morphology | Disease           | Notes                        | Passage After | Media Selection | Media Replacement | Detachment Reagent | Detachment Reagent Volume | Detachment Reagent Incubation Time | Passage Ratio | Adhering Time | Using Imaging | Estimated Doubling Time | Cell Density/cm2 | Cell Dilution Ratio | Dye Dilution Ratio |
    | my cell 8.0 edit | Mouse    | Embryo | Fibroblast | mimic human liver | sample cell from mouse liver | 78 hour(s)    | DMEM FBS 10     | 100%              | Trypsin            | 600.0 ÂµL                  | 15 minute(s)                       | 1 : 3         | 6 hour(s)     | Yes           | 48 hour(s)              | 90000 x104       | 1                   | 1                  |

@cellline @CC-1125_Change_Passage_After_Confluency_into_Time_Interval_without_Imaging_Interval
Scenario: Edit                                                               &amp#27;[90m# src/test/resources/features/Cell Line Manager/Edit Cell Line/CC-1125_Change Passage After Confluency into Time Interval without Imaging Interval.feature:15&amp#27;[0m
  &amp#27;[32mGiven &amp#27;[0m&amp#27;[32muser has already logged in to application with this credentials&amp#27;[0m      &amp#27;[90m# stepDefinition.LoginPageStep.user_has_already_logged_in_to_application_with_this_credentials(io.cucumber.datatable.DataTable)&amp#27;[0m
    | username | password |
    | admin    | admin    |
  &amp#27;[32mAnd &amp#27;[0m&amp#27;[32muser is navigated to &amp#27;[0m&amp#27;[32m&amp#27;[1m"Dashboard"&amp#27;[0m&amp#27;[32m page&amp#27;[0m                                  &amp#27;[90m# stepDefinition.GeneralStep.user_is_navigated_to_page(java.lang.String)&amp#27;[0m
  &amp#27;[32mWhen &amp#27;[0m&amp#27;[32muser clicks on menu &amp#27;[0m&amp#27;[32m&amp#27;[1m"Cell Line"&amp#27;[0m                                       &amp#27;[90m# stepDefinition.GeneralStep.user_clicks_on_menu(java.lang.String)&amp#27;[0m
  &amp#27;[32mThen &amp#27;[0m&amp#27;[32muser is navigated to &amp#27;[0m&amp#27;[32m&amp#27;[1m"Cell Line"&amp#27;[0m&amp#27;[32m page&amp#27;[0m                                 &amp#27;[90m# stepDefinition.GeneralStep.user_is_navigated_to_page(java.lang.String)&amp#27;[0m
  &amp#27;[31mAnd &amp#27;[0m&amp#27;[31m&amp#27;[0m&amp#27;[31m&amp#27;[1m"my cell 8.0 edit"&amp#27;[0m&amp#27;[31m items is &amp#27;[0m&amp#27;[31m&amp#27;[1m"already"&amp#27;[0m&amp#27;[31m exist&amp#27;[0m                            &amp#27;[90m# stepDefinition.GeneralStep.items_is_exist(java.lang.String,java.lang.String)&amp#27;[0m
      &amp#27;[31mjava.lang.AssertionError
	at org.junit.Assert.fail(Assert.java:87)
	at org.junit.Assert.assertTrue(Assert.java:42)
	at org.junit.Assert.assertTrue(Assert.java:53)
	at stepDefinition.GeneralStep.items_is_exist(GeneralStep.java:169)
	at âœ½."my cell 8.0 edit" items is "already" exist(file:///C:/Users/smith/OneDrive/Documents/INTERN/Cell/cellsuite/cellsuite/src/test/resources/features/Cell%20Line%20Manager/Edit%20Cell%20Line/CC-1125_Change%20Passage%20After%20Confluency%20into%20Time%20Interval%20without%20Imaging%20Interval.feature:13)
&amp#27;[0m
  &amp#27;[36mWhen &amp#27;[0m&amp#27;[36muser select an item &amp#27;[0m&amp#27;[36m&amp#27;[1m"my cell 8.0 edit"&amp#27;[0m&amp#27;[36m by check the checkbox&amp#27;[0m          &amp#27;[90m# stepDefinition.GeneralStep.user_select_an_item_by_check_the_checkbox(java.lang.String)&amp#27;[0m
  &amp#27;[36mThen &amp#27;[0m&amp#27;[36mitem &amp#27;[0m&amp#27;[36m&amp#27;[1m"my cell 8.0 edit"&amp#27;[0m&amp#27;[36m is checked&amp#27;[0m                                    &amp#27;[90m# stepDefinition.GeneralStep.item_is_checked(java.lang.String)&amp#27;[0m
  &amp#27;[36mAnd &amp#27;[0m&amp#27;[36micon &amp#27;[0m&amp#27;[36m&amp#27;[1m"edit"&amp#27;[0m&amp#27;[36m is enabled in page&amp#27;[0m                                         &amp#27;[90m# stepDefinition.GeneralStep.icon_is_enabled_in_page(java.lang.String)&amp#27;[0m
  &amp#27;[36mWhen &amp#27;[0m&amp#27;[36muser clicks on &amp#27;[0m&amp#27;[36m&amp#27;[1m"edit"&amp#27;[0m&amp#27;[36m icon&amp#27;[0m                                            &amp#27;[90m# stepDefinition.GeneralStep.user_clicks_on_icon(java.lang.String)&amp#27;[0m
  &amp#27;[36mThen &amp#27;[0m&amp#27;[36muser is navigated to &amp#27;[0m&amp#27;[36m&amp#27;[1m"Edit Cell Lines"&amp#27;[0m&amp#27;[36m page&amp#27;[0m                           &amp#27;[90m# stepDefinition.GeneralStep.user_is_navigated_to_page(java.lang.String)&amp#27;[0m
  &amp#27;[36mWhen &amp#27;[0m&amp#27;[36muser &amp#27;[0m&amp#27;[36m&amp#27;[1m"change"&amp#27;[0m&amp#27;[36m &amp#27;[0m&amp#27;[36m&amp#27;[1m"my cell 8.1 edit"&amp#27;[0m&amp#27;[36m in &amp#27;[0m&amp#27;[36m&amp#27;[1m"name"&amp#27;[0m&amp#27;[36m textbox&amp#27;[0m                    &amp#27;[90m# stepDefinition.GeneralStep.user_in_textbox(java.lang.String,java.lang.String,java.lang.String)&amp#27;[0m
  &amp#27;[36mWhen &amp#27;[0m&amp#27;[36muser select &amp#27;[0m&amp#27;[36m&amp#27;[1m"Time Interval"&amp#27;[0m&amp#27;[36m radio&amp#27;[0m                                     &amp#27;[90m# stepDefinition.GeneralStep.user_select_radio(java.lang.String)&amp#27;[0m
  &amp#27;[36mThen &amp#27;[0m&amp#27;[36mradio &amp#27;[0m&amp#27;[36m&amp#27;[1m"Time Interval"&amp#27;[0m&amp#27;[36m is selected&amp#27;[0m                                     &amp#27;[90m# stepDefinition.GeneralStep.radio_is_sel]]></system-out>
    <system-err><![CDATA[[main] INFO io.github.bonigarcia.wdm.WebDriverManager - Using chromedriver 104.0.5112.79 (resolved driver for Chrome 104)
[main] INFO io.github.bonigarcia.wdm.WebDriverManager - Exporting webdriver.chrome.driver as C:\Users\smith\.cache\selenium\chromedriver\win32\104.0.5112.79\chromedriver.exe
Starting ChromeDriver 104.0.5112.79 (3cf3e8c8a07d104b9e1260c910efb8f383285dc5-refs/branch-heads/5112@{#1307}) on port 51944
Only local connections are allowed.
Please see https://chromedriver.chromium.org/security-considerations for suggestions on keeping ChromeDriver safe.
ChromeDriver was started successfully.
Aug 26, 2022 10:30:19 AM org.openqa.selenium.remote.ProtocolHandshake createSession
INFO: Detected upstream dialect: W3C
Aug 26, 2022 10:30:19 AM org.openqa.selenium.devtools.CdpVersionFinder findNearestMatch
INFO: Found exact CDP implementation for version 104
[AsyncHttpClient-1-4] WARN org.asynchttpclient.netty.handler.WebSocketHandler - onError
java.net.SocketException: Connection reset
	at java.base/sun.nio.ch.SocketChannelImpl.throwConnectionReset(SocketChannelImpl.java:394)
	at java.base/sun.nio.ch.SocketChannelImpl.read(SocketChannelImpl.java:426)
	at io.netty.buffer.PooledByteBuf.setBytes(PooledByteBuf.java:258)
	at io.netty.buffer.AbstractByteBuf.writeBytes(AbstractByteBuf.java:1132)
	at io.netty.channel.socket.nio.NioSocketChannel.doReadBytes(NioSocketChannel.java:357)
	at io.netty.channel.nio.AbstractNioByteChannel$NioByteUnsafe.read(AbstractNioByteChannel.java:151)
	at io.netty.channel.nio.NioEventLoop.processSelectedKey(NioEventLoop.java:722)
	at io.netty.channel.nio.NioEventLoop.processSelectedKeysOptimized(NioEventLoop.java:658)
	at io.netty.channel.nio.NioEventLoop.processSelectedKeys(NioEventLoop.java:584)
	at io.netty.channel.nio.NioEventLoop.run(NioEventLoop.java:496)
	at io.netty.util.concurrent.SingleThreadEventExecutor$4.run(SingleThreadEventExecutor.java:997)
	at io.netty.util.internal.ThreadExecutorMap$2.run(ThreadExecutorMap.java:74)
	at io.netty.util.concurrent.FastThreadLocalRunnable.run(FastThreadLocalRunnable.java:30)
	at java.base/java.lang.Thread.run(Thread.java:833)
Aug 26, 2022 10:30:25 AM org.openqa.selenium.remote.http.WebSocket$Listener onError
WARNING: Connection reset
java.net.SocketException: Connection reset
	at java.base/sun.nio.ch.SocketChannelImpl.throwConnectionReset(SocketChannelImpl.java:394)
	at java.base/sun.nio.ch.SocketChannelImpl.read(SocketChannelImpl.java:426)
	at io.netty.buffer.PooledByteBuf.setBytes(PooledByteBuf.java:258)
	at io.netty.buffer.AbstractByteBuf.writeBytes(AbstractByteBuf.java:1132)
	at io.netty.channel.socket.nio.NioSocketChannel.doReadBytes(NioSocketChannel.java:357)
	at io.netty.channel.nio.AbstractNioByteChannel$NioByteUnsafe.read(AbstractNioByteChannel.java:151)
	at io.netty.channel.nio.NioEventLoop.processSelectedKey(NioEventLoop.java:722)
	at io.netty.channel.nio.NioEventLoop.processSelectedKeysOptimized(NioEventLoop.java:658)
	at io.netty.channel.nio.NioEventLoop.processSelectedKeys(NioEventLoop.java:584)
	at io.netty.channel.nio.NioEventLoop.run(NioEventLoop.java:496)
	at io.netty.util.concurrent.SingleThreadEventExecutor$4.run(SingleThreadEventExecutor.java:997)
	at io.netty.util.internal.ThreadExecutorMap$2.run(ThreadExecutorMap.java:74)
	at io.netty.util.concurrent.FastThreadLocalRunnable.run(FastThreadLocalRunnable.java:30)
	at java.base/java.lang.Thread.run(Thread.java:833)

]]></system-err>
  </testcase>
  <testcase name="Delete Cell Line" classname="delete items my cell 2,6,1.0 edit,7.0 edit,8.1 edit" time="11.42">
    <error message="Expected condition failed: waiting for Attribute or property &apos;class&apos; to be &apos;anticon anticon-delete&apos;. Current value: &apos;anticon anticon-delete disabled&apos; (tried for 5 second(s) with 500 milliseconds interval)&#10;Build info: version: &apos;4.4.0&apos;, revision: &apos;e5c75ed026a&apos;&#10;System info: host: &apos;DESKTOP-SJM9DM9&apos;, ip: &apos;172.18.112.1&apos;, os.name: &apos;Windows 10&apos;, os.arch: &apos;amd64&apos;, os.version: &apos;10.0&apos;, java.version: &apos;17.0.1&apos;&#10;Driver info: org.openqa.selenium.chrome.ChromeDriver&#10;Capabilities {acceptInsecureCerts: false, browserName: chrome, browserVersion: 104.0.5112.102, chrome: {chromedriverVersion: 104.0.5112.79 (3cf3e8c8a07d..., userDataDir: C:\Users\smith\AppData\Loca...}, goog:chromeOptions: {debuggerAddress: localhost:62992}, networkConnectionEnabled: false, pageLoadStrategy: normal, platformName: WINDOWS, proxy: Proxy(), se:cdp: ws://localhost:62992/devtoo..., se:cdpVersion: 104.0.5112.102, setWindowRect: true, strictFileInteractability: false, timeouts: {implicit: 0, pageLoad: 300000, script: 30000}, unhandledPromptBehavior: dismiss and notify, webauthn:extension:credBlob: true, webauthn:extension:largeBlob: true, webauthn:virtualAuthenticators: true}&#10;Session ID: 4e0ddd814c5b91868ae92f33130ba2e3" type="org.openqa.selenium.TimeoutException"><![CDATA[org.openqa.selenium.TimeoutException: 
Expected condition failed: waiting for Attribute or property 'class' to be 'anticon anticon-delete'. Current value: 'anticon anticon-delete disabled' (tried for 5 second(s) with 500 milliseconds interval)
Build info: version: '4.4.0', revision: 'e5c75ed026a'
System info: host: 'DESKTOP-SJM9DM9', ip: '172.18.112.1', os.name: 'Windows 10', os.arch: 'amd64', os.version: '10.0', java.version: '17.0.1'
Driver info: org.openqa.selenium.chrome.ChromeDriver
Capabilities {acceptInsecureCerts: false, browserName: chrome, browserVersion: 104.0.5112.102, chrome: {chromedriverVersion: 104.0.5112.79 (3cf3e8c8a07d..., userDataDir: C:\Users\smith\AppData\Loca...}, goog:chromeOptions: {debuggerAddress: localhost:62992}, networkConnectionEnabled: false, pageLoadStrategy: normal, platformName: WINDOWS, proxy: Proxy(), se:cdp: ws://localhost:62992/devtoo..., se:cdpVersion: 104.0.5112.102, setWindowRect: true, strictFileInteractability: false, timeouts: {implicit: 0, pageLoad: 300000, script: 30000}, unhandledPromptBehavior: dismiss and notify, webauthn:extension:credBlob: true, webauthn:extension:largeBlob: true, webauthn:virtualAuthenticators: true}
Session ID: 4e0ddd814c5b91868ae92f33130ba2e3
]]></error>
    <system-out><![CDATA[browser value is: chromeheadless
ected(java.lang.String)&amp#27;[0m
  &amp#27;[36mAnd &amp#27;[0m&amp#27;[36mcheckbox &amp#27;[0m&amp#27;[36m&amp#27;[1m"Imaging Interval"&amp#27;[0m&amp#27;[36m is enable&amp#27;[0m                                  &amp#27;[90m# stepDefinition.CellLineStep.checkbox_is_enable(java.lang.String)&amp#27;[0m
  &amp#27;[36mWhen &amp#27;[0m&amp#27;[36muser type cell line time interval as &amp#27;[0m&amp#27;[36m&amp#27;[1m"78"&amp#27;[0m                             &amp#27;[90m# stepDefinition.CellLineStep.user_type_cell_line_time_interval_as(java.lang.String)&amp#27;[0m
  &amp#27;[36mThen &amp#27;[0m&amp#27;[36mcell line time interval is filled by &amp#27;[0m&amp#27;[36m&amp#27;[1m"78"&amp#27;[0m                             &amp#27;[90m# stepDefinition.CellLineStep.cell_line_time_interval_is_filled_by(java.lang.String)&amp#27;[0m
  &amp#27;[36mWhen &amp#27;[0m&amp#27;[36muser clicks to uncheck on &amp#27;[0m&amp#27;[36m&amp#27;[1m"Imaging Interval"&amp#27;[0m&amp#27;[36m checkbox&amp#27;[0m                 &amp#27;[90m# stepDefinition.GeneralStep.user_clicks_to_uncheck_on_checkbox(java.lang.String)&amp#27;[0m
  &amp#27;[36mThen &amp#27;[0m&amp#27;[36mbox Imaging Interval is disabled&amp#27;[0m                                      &amp#27;[90m# stepDefinition.CellLineStep.box_imaging_interval_is_disabled()&amp#27;[0m
  &amp#27;[36mAnd &amp#27;[0m&amp#27;[36muser clicks on &amp#27;[0m&amp#27;[36m&amp#27;[1m"Save"&amp#27;[0m&amp#27;[36m button&amp#27;[0m                                           &amp#27;[90m# stepDefinition.GeneralStep.user_clicks_on_button(java.lang.String)&amp#27;[0m
  &amp#27;[36mThen &amp#27;[0m&amp#27;[36mmodal &amp#27;[0m&amp#27;[36m&amp#27;[1m"Save Confirm"&amp#27;[0m&amp#27;[36m confirmation is displayed&amp#27;[0m                        &amp#27;[90m# stepDefinition.GeneralStep.modal_confirmation_is_displayed(java.lang.String)&amp#27;[0m
  &amp#27;[36mWhen &amp#27;[0m&amp#27;[36muser clicks on &amp#27;[0m&amp#27;[36m&amp#27;[1m"OK"&amp#27;[0m&amp#27;[36m button&amp#27;[0m                                            &amp#27;[90m# stepDefinition.GeneralStep.user_clicks_on_button(java.lang.String)&amp#27;[0m
  &amp#27;[36mThen &amp#27;[0m&amp#27;[36mnotification &amp#27;[0m&amp#27;[36m&amp#27;[1m"Success"&amp#27;[0m&amp#27;[36m and &amp#27;[0m&amp#27;[36m&amp#27;[1m"Cell Lines has been updated"&amp#27;[0m&amp#27;[36m is displayed&amp#27;[0m &amp#27;[90m# stepDefinition.GeneralStep.notification_and_is_displayed(java.lang.String,java.lang.String)&amp#27;[0m
  &amp#27;[36mAnd &amp#27;[0m&amp#27;[36muser is navigated to &amp#27;[0m&amp#27;[36m&amp#27;[1m"Cell Line"&amp#27;[0m&amp#27;[36m page&amp#27;[0m                                  &amp#27;[90m# stepDefinition.GeneralStep.user_is_navigated_to_page(java.lang.String)&amp#27;[0m
  &amp#27;[36mWhen &amp#27;[0m&amp#27;[36muser clicks detail button of item &amp#27;[0m&amp#27;[36m&amp#27;[1m"my cell 8.1 edit"&amp#27;[0m                  &amp#27;[90m# stepDefinition.GeneralStep.user_clicks_detail_button_of_item(java.lang.String)&amp#27;[0m
  &amp#27;[36mThen &amp#27;[0m&amp#27;[36mdata new cell line will show&amp#27;[0m                                          &amp#27;[90m# stepDefinition.GeneralStep.data_new_cell_line_will_show(io.cucumber.datatable.DataTable)&amp#27;[0m
    | Name             | Organism | Tissue | Morphology | Disease           | Notes                        | Passage After | Media Selection | Media Replacement | Detachment Reagent | Detachment Reagent Volume | Detachment Reagent Incubation Time | Passage Ratio | Adhering Time | Using Imaging | Estimated Doubling Time | Cell Density/cm2 | Cell Dilution Ratio | Dye Dilution Ratio |
    | my cell 8.1 edit | Mouse    | Embryo | Fibroblast | mimic human liver | sample cell from mouse liver | 78 hour(s)    | DMEM FBS 10     | 100%              | Trypsin            | 600.0 ÂµL                  | 15 minute(s)                       | 1 : 3         | 6 hour(s)     | Yes           | 48 hour(s)              | 90000 x104       | 1                   | 1                  |

@Z @cellline
Scenario: Delete Cell Line                                                   &amp#27;[90m# src/test/resources/features/Cell Line Manager/Edit Cell Line/Z.feature:15&amp#27;[0m
  &amp#27;[32mGiven &amp#27;[0m&amp#27;[32muser has already logged in to application with this credentials&amp#27;[0m      &amp#27;[90m# stepDefinition.LoginPageStep.user_has_already_logged_in_to_application_with_this_credentials(io.cucumber.datatable.DataTable)&amp#27;[0m
    | username | password |
    | admin    | admin    |
  &amp#27;[32mAnd &amp#27;[0m&amp#27;[32muser is navigated to &amp#27;[0m&amp#27;[32m&amp#27;[1m"Dashboard"&amp#27;[0m&amp#27;[32m page&amp#27;[0m                                  &amp#27;[90m# stepDefinition.GeneralStep.user_is_navigated_to_page(java.lang.String)&amp#27;[0m
  &amp#27;[32mWhen &amp#27;[0m&amp#27;[32muser clicks on menu &amp#27;[0m&amp#27;[32m&amp#27;[1m"Cell Line"&amp#27;[0m                                       &amp#27;[90m# stepDefinition.GeneralStep.user_clicks_on_menu(java.lang.String)&amp#27;[0m
  &amp#27;[32mThen &amp#27;[0m&amp#27;[32muser is navigated to &amp#27;[0m&amp#27;[32m&amp#27;[1m"Cell Line"&amp#27;[0m&amp#27;[32m page&amp#27;[0m                                 &amp#27;[90m# stepDefinition.GeneralStep.user_is_navigated_to_page(java.lang.String)&amp#27;[0m
  &amp#27;[32mWhen &amp#27;[0m&amp#27;[32muser select an item &amp#27;[0m&amp#27;[32m&amp#27;[1m"my cell 2"&amp#27;[0m&amp#27;[32m by check the checkbox&amp#27;[0m                 &amp#27;[90m# stepDefinition.GeneralStep.user_select_an_item_by_check_the_checkbox(java.lang.String)&amp#27;[0m
  &amp#27;[32mThen &amp#27;[0m&amp#27;[32mitem &amp#27;[0m&amp#27;[32m&amp#27;[1m"my cell 2"&amp#27;[0m&amp#27;[32m is checked&amp#27;[0m                                           &amp#27;[90m# stepDefinition.GeneralStep.item_is_checked(java.lang.String)&amp#27;[0m
  &amp#27;[31mAnd &amp#27;[0m&amp#27;[31micon &amp#27;[0m&amp#27;[31m&amp#27;[1m"delete"&amp#27;[0m&amp#27;[31m is enabled in page&amp#27;[0m                                       &amp#27;[90m# stepDefinition.GeneralStep.icon_is_enabled_in_page(java.lang.String)&amp#27;[0m
      &amp#27;[31morg.openqa.selenium.TimeoutException: Expected condition failed: waiting for Attribute or property 'class' to be 'anticon anticon-delete'. Current value: 'anticon anticon-delete disabled' (tried for 5 second(s) with 500 milliseconds interval)
Build info: version: '4.4.0', revision: 'e5c75ed026a'
System info: host: 'DESKTOP-SJM9DM9', ip: '172.18.112.1', os.name: 'Windows 10', os.arch: 'amd64', os.version: '10.0', java.version: '17.0.1'
Driver info: org.openqa.selenium.chrome.ChromeDriver
Capabilities {acceptInsecureCerts: false, browserName: chrome, browserVersion: 104.0.5112.102, chrome: {chromedriverVersion: 104.0.5112.79 (3cf3e8c8a07d..., userDataDir: C:\Users\smith\AppData\Loca...}, goog:chromeOptions: {debuggerAddress: localhost:62992}, networkConnectionEnabled: false, pageLoadStrategy: normal, platformName: WINDOWS, proxy: Proxy(), se:cdp: ws://localhost:62992/devtoo..., se:cdpVersion: 104.0.5112.102, setWindowRect: true, strictFileInteractability: false, timeouts: {implicit: 0, pageLoad: 300000, script: 30000}, unhandledPromptBehavior: dismiss and notify, webauthn:extension:credBlob: true, webauthn:extension:largeBlob: true, webauthn:virtualAuthenticators: true}
Session ID: 4e0ddd814c5b91868ae92f33130ba2e3
	at org.openqa.selenium.support.ui.WebDriverWait.timeoutException(WebDriverWait.java:87)
	at org.openqa.selenium.support.ui.FluentWait.until(FluentWait.java:231)
	at stepDefinition.GeneralStep.icon_is_enabled_in_page(GeneralStep.java:90)
	at âœ½.icon "delete" is enabled in page(file:///C:/Users/smith/OneDrive/Documents/INTERN/Cell/cellsuite/cellsuite/src/test/resources/features/Cell%20Line%20Manager/Edit%20Cell%20Line/Z.feature:18)
&amp#27;[0m
  &amp#27;[36mWhen &amp#27;[0m&amp#27;[36muser select an item &amp#27;[0m&amp#27;[36m&amp#27;[1m"my cell 6"&amp#27;[0m&amp#27;[36m by check the checkbox&amp#27;[0m                 &amp#27;[90m# stepDefinition.GeneralStep.user_select_an_item_by_check_the_checkbox(java.lang.String)&amp#27;[0m
  &amp#27;[36mThen &amp#27;[0m&amp#27;[36mitem &amp#27;[0m&amp#27;[36m&amp#27;[1m"my cell 6"&amp#27;[0m&amp#27;[36m is checked&amp#27;[0m                                           &amp#27;[90m# stepDefinition.GeneralStep.item_is_checked(java.lang.String)&amp#27;[0m
  &amp#27;[36mWhen &amp#27;[0m&amp#27;[36muser select an item &amp#27;[0m&amp#27;[36m&amp#27;[1m"my cell 1.0 edit"&amp#27;[0m&amp#27;[36m by check the checkbox&amp#27;[0m          &amp#27;[90m# stepDefinition.GeneralStep.user_select_an_item_by_check_the_checkbox(java.lang.String)&amp#27;[0m
  &amp#27;[36mThen &amp#27;[0m&amp#27;[36mitem &amp#27;[0m&amp#27;[36m&amp#27;[1m"my cell 1.0 edit"&amp#27;[0m&amp#27;[36m is checked&amp#27;[0m                                    &amp#27;[90m# stepDefinition.GeneralStep.item_is_checked(java.lang.String)&amp#27;[0m
  &amp#27;[36mWhen &amp#27;[0m&amp#27;[36muser select an item &amp#27;[0m&amp#27;[36m&amp#27;[1m"my cell 7.0 edit"&amp#27;[0m&amp#27;[36m by check the checkbox&amp#27;[0m          &amp#27;[90m# stepDefinition.GeneralStep.user_select_an_item_by_check_the_checkbox(java.lang.String)&amp#27;[0m
  &amp#27;[36mThen &amp#27;[0m&amp#27;[36mitem &amp#27;[0m&amp#27;[36m&amp#27;[1m"my cell 7.0 edit"&amp#27;[0m&amp#27;[36m is checked&amp#27;[0m                                    &amp#27;[90m# stepDefinition.GeneralStep.item_is_checked(java.lang.String)&amp#27;[0m
  &amp#27;[36mWhen &amp#27;[0m&amp#27;[36muser select an item &amp#27;[0m&amp#27;[36m&amp#27;[1m"my cell 8.1 edit"&amp#27;[0m&amp#27;[36m by check the checkbox&amp#27;[0m          &amp#27;[90m# stepDefinition.GeneralStep.user_select_an_item_by_check_the_checkbox(java.lang.String)&amp#27;[0m
  &amp#27;[36mThen &amp#27;[0m&amp#27;[36mitem &amp#27;[0m&amp#27;[36m&amp#27;[1m"my cell 8.1 edit"&amp#27;[0m&amp#27;[36m is checked&amp#27;[0m                                    &amp#27;[90m# stepDefinition.GeneralStep.item_is_checked(java.lang.String)&amp#27;[0m
  &amp#27;[36mWhen &amp#27;[0m&amp#27;[36muser clicks on &amp#27;[]]></system-out>
    <system-err><![CDATA[[main] INFO io.github.bonigarcia.wdm.WebDriverManager - Using chromedriver 104.0.5112.79 (resolved driver for Chrome 104)
[main] INFO io.github.bonigarcia.wdm.WebDriverManager - Exporting webdriver.chrome.driver as C:\Users\smith\.cache\selenium\chromedriver\win32\104.0.5112.79\chromedriver.exe
Starting ChromeDriver 104.0.5112.79 (3cf3e8c8a07d104b9e1260c910efb8f383285dc5-refs/branch-heads/5112@{#1307}) on port 49224
Only local connections are allowed.
Please see https://chromedriver.chromium.org/security-considerations for suggestions on keeping ChromeDriver safe.
ChromeDriver was started successfully.
Aug 26, 2022 10:30:27 AM org.openqa.selenium.remote.ProtocolHandshake createSession
INFO: Detected upstream dialect: W3C
Aug 26, 2022 10:30:27 AM org.openqa.selenium.devtools.CdpVersionFinder findNearestMatch
INFO: Found exact CDP implementation for version 104
[AsyncHttpClient-1-7] WARN org.asynchttpclient.netty.handler.WebSocketHandler - onError
java.net.SocketException: Connection reset
	at java.base/sun.nio.ch.SocketChannelImpl.throwConnectionReset(SocketChannelImpl.java:394)
	at java.base/sun.nio.ch.SocketChannelImpl.read(SocketChannelImpl.java:426)
	at io.netty.buffer.PooledByteBuf.setBytes(PooledByteBuf.java:258)
	at io.netty.buffer.AbstractByteBuf.writeBytes(AbstractByteBuf.java:1132)
	at io.netty.channel.socket.nio.NioSocketChannel.doReadBytes(NioSocketChannel.java:357)
	at io.netty.channel.nio.AbstractNioByteChannel$NioByteUnsafe.read(AbstractNioByteChannel.java:151)
	at io.netty.channel.nio.NioEventLoop.processSelectedKey(NioEventLoop.java:722)
	at io.netty.channel.nio.NioEventLoop.processSelectedKeysOptimized(NioEventLoop.java:658)
	at io.netty.channel.nio.NioEventLoop.processSelectedKeys(NioEventLoop.java:584)
	at io.netty.channel.nio.NioEventLoop.run(NioEventLoop.java:496)
	at io.netty.util.concurrent.SingleThreadEventExecutor$4.run(SingleThreadEventExecutor.java:997)
	at io.netty.util.internal.ThreadExecutorMap$2.run(ThreadExecutorMap.java:74)
	at io.netty.util.concurrent.FastThreadLocalRunnable.run(FastThreadLocalRunnable.java:30)
	at java.base/java.lang.Thread.run(Thread.java:833)
Aug 26, 2022 10:30:37 AM org.openqa.selenium.remote.http.WebSocket$Listener onError
WARNING: Connection reset
java.net.SocketException: Connection reset
	at java.base/sun.nio.ch.SocketChannelImpl.throwConnectionReset(SocketChannelImpl.java:394)
	at java.base/sun.nio.ch.SocketChannelImpl.read(SocketChannelImpl.java:426)
	at io.netty.buffer.PooledByteBuf.setBytes(PooledByteBuf.java:258)
	at io.netty.buffer.AbstractByteBuf.writeBytes(AbstractByteBuf.java:1132)
	at io.netty.channel.socket.nio.NioSocketChannel.doReadBytes(NioSocketChannel.java:357)
	at io.netty.channel.nio.AbstractNioByteChannel$NioByteUnsafe.read(AbstractNioByteChannel.java:151)
	at io.netty.channel.nio.NioEventLoop.processSelectedKey(NioEventLoop.java:722)
	at io.netty.channel.nio.NioEventLoop.processSelectedKeysOptimized(NioEventLoop.java:658)
	at io.netty.channel.nio.NioEventLoop.processSelectedKeys(NioEventLoop.java:584)
	at io.netty.channel.nio.NioEventLoop.run(NioEventLoop.java:496)
	at io.netty.util.concurrent.SingleThreadEventExecutor$4.run(SingleThreadEventExecutor.java:997)
	at io.netty.util.internal.ThreadExecutorMap$2.run(ThreadExecutorMap.java:74)
	at io.netty.util.concurrent.FastThreadLocalRunnable.run(FastThreadLocalRunnable.java:30)
	at java.base/java.lang.Thread.run(Thread.java:833)

]]></system-err>
  </testcase>
  <testcase name="user create new culture reagent item" classname="create reagent culture 7-9" time="14.389">
    <system-out><![CDATA[browser value is: chromeheadless

Trypan-Blue
Amphotericin B
DMEM Low Glucose
RPMI 1640
Penicillin-Streptomycin
FBS Heat Inactivated
Trypsin
DMEM High Glucose

Trypan-Blue
Amphotericin B
DMEM Low Glucose
RPMI 1640
Penicillin-Streptomycin
FBS Heat Inactivated
Trypsin
DMEM High Glucose
0m&amp#27;[36m&amp#27;[1m"delete"&amp#27;[0m&amp#27;[36m icon&amp#27;[0m                                          &amp#27;[90m# stepDefinition.GeneralStep.user_clicks_on_icon(java.lang.String)&amp#27;[0m
  &amp#27;[36mThen &amp#27;[0m&amp#27;[36mmodal &amp#27;[0m&amp#27;[36m&amp#27;[1m"Delete Cell Lines"&amp#27;[0m&amp#27;[36m confirmation is displayed&amp#27;[0m                   &amp#27;[90m# stepDefinition.GeneralStep.modal_confirmation_is_displayed(java.lang.String)&amp#27;[0m
  &amp#27;[36mWhen &amp#27;[0m&amp#27;[36muser clicks on &amp#27;[0m&amp#27;[36m&amp#27;[1m"OK"&amp#27;[0m&amp#27;[36m button&amp#27;[0m                                            &amp#27;[90m# stepDefinition.GeneralStep.user_clicks_on_button(java.lang.String)&amp#27;[0m
  &amp#27;[36mThen &amp#27;[0m&amp#27;[36mnotification &amp#27;[0m&amp#27;[36m&amp#27;[1m"Success"&amp#27;[0m&amp#27;[36m and &amp#27;[0m&amp#27;[36m&amp#27;[1m"Cell Lines has been deleted"&amp#27;[0m&amp#27;[36m is displayed&amp#27;[0m &amp#27;[90m# stepDefinition.GeneralStep.notification_and_is_displayed(java.lang.String,java.lang.String)&amp#27;[0m

@reagentculture @A
Scenario: user create new culture reagent item                                          &amp#27;[90m# src/test/resources/features/Culture Reagent/Create Culture Reagent/A.feature:14&amp#27;[0m
  &amp#27;[32mGiven &amp#27;[0m&amp#27;[32muser has already logged in to application with this credentials&amp#27;[0m                 &amp#27;[90m# stepDefinition.LoginPageStep.user_has_already_logged_in_to_application_with_this_credentials(io.cucumber.datatable.DataTable)&amp#27;[0m
    | username | password |
    | admin    | admin    |
  &amp#27;[32mAnd &amp#27;[0m&amp#27;[32muser is navigated to &amp#27;[0m&amp#27;[32m&amp#27;[1m"Dashboard"&amp#27;[0m&amp#27;[32m page&amp#27;[0m                                             &amp#27;[90m# stepDefinition.GeneralStep.user_is_navigated_to_page(java.lang.String)&amp#27;[0m
  &amp#27;[32mWhen &amp#27;[0m&amp#27;[32muser clicks on menu &amp#27;[0m&amp#27;[32m&amp#27;[1m"Reagent"&amp#27;[0m                                                    &amp#27;[90m# stepDefinition.GeneralStep.user_clicks_on_menu(java.lang.String)&amp#27;[0m
  &amp#27;[32mAnd &amp#27;[0m&amp#27;[32muser clicks on sub-menu &amp#27;[0m&amp#27;[32m&amp#27;[1m"Culture Reagent"&amp#27;[0m                                         &amp#27;[90m# stepDefinition.GeneralStep.user_clicks_on_sub_menu(java.lang.String)&amp#27;[0m
  &amp#27;[32mThen &amp#27;[0m&amp#27;[32muser is navigated to &amp#27;[0m&amp#27;[32m&amp#27;[1m"Culture Reagent"&amp#27;[0m&amp#27;[32m page&amp#27;[0m                                      &amp#27;[90m# stepDefinition.GeneralStep.user_is_navigated_to_page(java.lang.String)&amp#27;[0m
  &amp#27;[32mWhen &amp#27;[0m&amp#27;[32muser clicks on &amp#27;[0m&amp#27;[32m&amp#27;[1m"Create"&amp#27;[0m&amp#27;[32m button&amp#27;[0m                                                   &amp#27;[90m# stepDefinition.GeneralStep.user_clicks_on_button(java.lang.String)&amp#27;[0m
  &amp#27;[32mThen &amp#27;[0m&amp#27;[32muser is navigated to &amp#27;[0m&amp#27;[32m&amp#27;[1m"Create Culture Reagent"&amp#27;[0m&amp#27;[32m page&amp#27;[0m                               &amp#27;[90m# stepDefinition.GeneralStep.user_is_navigated_to_page(java.lang.String)&amp#27;[0m
  &amp#27;[32mWhen &amp#27;[0m&amp#27;[32muser &amp#27;[0m&amp#27;[32m&amp#27;[1m"type"&amp#27;[0m&amp#27;[32m &amp#27;[0m&amp#27;[32m&amp#27;[1m"Reagent 7 Culture"&amp#27;[0m&amp#27;[32m in &amp#27;[0m&amp#27;[32m&amp#27;[1m"name"&amp#27;[0m&amp#27;[32m textbox&amp#27;[0m                                &amp#27;[90m# stepDefinition.GeneralStep.user_in_textbox(java.lang.String,java.lang.String,java.lang.String)&amp#27;[0m
  &amp#27;[32mThen &amp#27;[0m&amp#27;[32mtextbox &amp#27;[0m&amp#27;[32m&amp#27;[1m"name"&amp#27;[0m&amp#27;[32m will fill by &amp#27;[0m&amp#27;[32m&amp#27;[1m"Reagent 7 Culture"&amp#27;[0m                                  &amp#27;[90m# stepDefinition.GeneralStep.textbox_will_fill_by(java.lang.String,java.lang.String)&amp#27;[0m
  &amp#27;[32mWhen &amp#27;[0m&amp#27;[32muser &amp#27;[0m&amp#27;[32m&amp#27;[1m"type"&amp#27;[0m&amp#27;[32m &amp#27;[0m&amp#27;[32m&amp#27;[1m"create culture reagent 7"&amp#27;[0m&amp#27;[32m in &amp#27;[0m&amp#27;[32m&amp#27;[1m"notes"&amp#27;[0m&amp#27;[32m textbox&amp#27;[0m                        &amp#27;[90m# stepDefinition.GeneralStep.user_in_textbox(java.lang.String,java.lang.String,java.lang.String)&amp#27;[0m
  &amp#27;[32mThen &amp#27;[0m&amp#27;[32mtextbox &amp#27;[0m&amp#27;[32m&amp#27;[1m"notes"&amp#27;[0m&amp#27;[32m will fill by &amp#27;[0m&amp#27;[32m&amp#27;[1m"create culture reagent 7"&amp#27;[0m                          &amp#27;[90m# stepDefinition.GeneralStep.textbox_will_fill_by(java.lang.String,java.lang.String)&amp#27;[0m
  &amp#27;[32mWhen &amp#27;[0m&amp#27;[32muser select reagent compotition &amp#27;[0m&amp#27;[32m&amp#27;[1m"DMEM High Glucose"&amp#27;[0m&amp#27;[32m and type &amp#27;[0m&amp#27;[32m&amp#27;[1m"100"&amp#27;[0m&amp#27;[32m in persentage&amp#27;[0m &amp#27;[90m# stepDefinition.Reagent.ReagentCulturePageStep.user_select_reagent_compotition_and_type_in_persentage(java.lang.String,java.lang.String)&amp#27;[0m
  &amp#27;[32mThen &amp#27;[0m&amp#27;[32mcomposition reagent selected is &amp#27;[0m&amp#27;[32m&amp#27;[1m"DMEM High Glucose"&amp#27;[0m                              &amp#27;[90m# stepDefinition.Reagent.ReagentCulturePageStep.composition_reagent_selected_is(java.lang.String)&amp#27;[0m
  &amp#27;[32mAnd &amp#27;[0m&amp#27;[32maccepted total volume of reagent is &amp#27;[0m&amp#27;[32m&amp#27;[1m"100"&amp#27;[0m                                         &amp#27;[90m# stepDefinition.Reagent.ReagentCulturePageStep.accepted_total_volume_of_reagent_is(java.lang.String)&amp#27;[0m
  &amp#27;[32mWhen &amp#27;[0m&amp#27;[32muser clicks on &amp#27;[0m&amp#27;[32m&amp#27;[1m"Save"&amp#27;[0m&amp#27;[32m button&amp#27;[0m                                                     &amp#27;[90m# stepDefinition.GeneralStep.user_clicks_on_button(java.lang.String)&amp#27;[0m
  &amp#27;[32mThen &amp#27;[0m&amp#27;[32mnotification &amp#27;[0m&amp#27;[32m&amp#27;[1m"Success"&amp#27;[0m&amp#27;[32m and &amp#27;[0m&amp#27;[32m&amp#27;[1m"Culture Reagent has been created"&amp#27;[0m&amp#27;[32m is displayed&amp#27;[0m       &amp#27;[90m# stepDefinition.GeneralStep.notification_and_is_displayed(java.lang.String,java.lang.String)&amp#27;[0m
  &amp#27;[32mAnd &amp#27;[0m&amp#27;[32mthere is &amp#27;[0m&amp#27;[32m&amp#27;[1m"new"&amp#27;[0m&amp#27;[32m item &amp#27;[0m&amp#27;[32m&amp#27;[1m"Reagent 7 Culture"&amp#27;[0m&amp#27;[32m created in table&amp#27;[0m                          &amp#27;[90m# stepDefinition.GeneralStep.there_is_item_created_in_table(java.lang.String,java.lang.String)&amp#27;[0m
  &amp#27;[32mWhen &amp#27;[0m&amp#27;[32muser clicks on &amp#27;[0m&amp#27;[32m&amp#27;[1m"Create"&amp#27;[0m&amp#27;[32m button&amp#27;[0m                                                   &amp#27;[90m# stepDefinition.GeneralStep.user_clicks_on_button(java.lang.String)&amp#27;[0m
  &amp#27;[32mThen &amp#27;[0m&amp#27;[32muser is navigated to &amp#27;[0m&amp#27;[32m&amp#27;[1m"Create Culture Reagent"&amp#27;[0m&amp#27;[32m page&amp#27;[0m                               &amp#27;[90m# stepDefinition.GeneralStep.user_is_navigated_to_page(java.lang.String)&amp#27;[0m
  &amp#27;[32mWhen &amp#27;[0m&amp#27;[32muser &amp#27;[0m&amp#27;[32m&amp#27;[1m"type"&amp#27;[0m&amp#27;[32m &amp#27;[0m&amp#27;[32m&amp#27;[1m"Reagent 8 Culture"&amp#27;[0m&amp#27;[32m in &amp#27;[0m&amp#27;[32m&amp#27;[1m"name"&amp#27;[0m&amp#27;[32m textbox&amp#27;[0m                                &amp#27;[90m# stepDefinition.GeneralStep.user_in_textbox(java.lang.String,java.lang.String,java.lang.String)&amp#27;[0m
  &amp#27;[32mThen &amp#27;[0m&amp#27;[32mtextbox &amp#27;[0m&amp#27;[32m&amp#27;[1m"name"&amp#27;[0m&amp#27;[32m will fill by &amp#27;[0m&amp#27;[32m&amp#27;[1m"Reagent 8 Culture"&amp#27;[0m                                  &amp#27;[90m# stepDefinition.GeneralStep.textbox_will_fill_by(java.lang.String,java.lang.String)&amp#27;[0m
  &amp#27;[32mWhen &amp#27;[0m&amp#27;[32muser &amp#27;[0m&amp#27;[32m&amp#27;[1m"type"&amp#27;[0m&amp#27;[32m &amp#27;[0m&amp#27;[32m&amp#27;[1m"create culture reagent 8"&amp#27;[0m&amp#27;[32m in &amp#27;[0m&amp#27;[32m&amp#27;[1m"notes"&amp#27;[0m&amp#27;[32m textbox&amp#27;[0m                        &amp#27;[90m# stepDefinition.GeneralStep.user_in_textbox(java.lang.String,java.lang.String,java.lang.String)&amp#27;[0m
  &amp#27;[32mThen &amp#27;[0m&amp#27;[32mtextbox &amp#27;[0m&amp#27;[32m&amp#27;[1m"notes"&amp#27;[0m&amp#27;[32m will fill by &amp#27;[0m&amp#27;[32m&amp#27;[1m"create culture reagent 8"&amp#27;[0m                          &amp#27;[90m# stepDefinition.GeneralStep.textbox_will_fill_by(java.lang.String,java.lang.String)&amp#27;[0m
  &amp#27;[32mWhen &amp#27;[0m&amp#27;[32muser select reagent compotition &amp#27;[0m&amp#27;[32m&amp#27;[1m"DMEM High Glucose"&amp#27;[0m&amp#27;[32m and type &amp#27;[0m&amp#27;[32m&amp#27;[1m"100"&amp#27;[0m&amp#27;[32m in persentage&amp#27;[0m &amp#27;[90m# stepDefinition.Reagent.ReagentCulturePageStep.user_select_reagent_compotition_and_type_in_persentage(java.lang.String,java.lang.String)&amp#27;[0m
  &amp#27;[32mThen &amp#27;[0m&amp#27;[32mcomposition reagent selected is &amp#27;[0m&amp#27;[32m&amp#27;[1m"DMEM High Glucose"&amp#27;[0m                              &amp#27;[90m# stepDefinition.Reagent.ReagentCulturePageStep.composition_reagent_selected_is(java.lang.String)&amp#27;[0m
  &amp#27;[32mAnd &amp#27;[0m&amp#27;[32maccepted total volume of reagent is &amp#27;[0m&amp#27;[32m&amp#27;[1m"100"&amp#27;[0m                                         &amp#27;[90m# stepDefinition.Reagent.ReagentCulturePageStep.accepted_total_volume_of_reagent_is(java.lang.String)&amp#27;[0m
  &amp#27;[32mWhen &amp#27;[0m&amp#27;[32muser clicks on &amp#27;[0m&amp#27;[32m&amp#27;[1m"Save"&amp#27;[0m&amp#27;[32m button&amp#27;[0m                                                     &amp#27;[90m# stepDefinition.GeneralStep.user_clicks_on_button(java.lang.String)&amp#27;[0m
  &amp#27;[32mThen &amp#27;[0m&amp#27;[32mnotification &amp#27;[0m&amp#27;[32m&amp#27;[1m"Success"&amp#27;[0m&amp#27;[32m and &amp#27;[0m&amp#27;[32m&amp#27;[1m"Culture Reagent has been created"&amp#27;[0m&amp#27;[32m is displayed&amp#27;[0m       &amp#27;[90m# stepDefinition.GeneralStep.notification_and_is_displayed(java.lang.String,java.lang.String)&amp#27;[0m
  &amp#27;[32mAnd &amp#27;[0m&amp#27;[32mthere is &amp#27;[0m&amp#27;[32m&amp#27;[1m"new"&amp#27;[0m&amp#27;[32m item &amp#27;[0m&amp#27;[32m&amp#27;[1m"Reagent 8 Culture"&amp#27;[0m&amp#27;[32m created in table&amp#27;[0m                          &amp#27;[90m# stepDefinition.GeneralStep.there_is_item_created_in_table(java.lang.String,java.lang.String)&amp#27;[0m
  &amp#27;[32mWhen &amp#27;[0m&amp#27;[32muser clicks on &amp#27;[0m&amp#27;[32m&amp#27;[1m"Create"&amp#27;[0m&amp#27;[32m button&amp#27;[0m                                                   &amp#27;[90m# stepDefinition.GeneralStep.user_clicks_on_button(java.lang.String)&amp#27;[0m
  &amp#27;[32mThen &amp#27;[0m&amp#27;[32muser is navigated to &amp#27;[0m&amp#27;[32m&amp#27;[1m"Creat
Trypan-Blue
Amphotericin B
DMEM Low Glucose
RPMI 1640
Penicillin-Streptomycin
FBS Heat Inactivated
Trypsin
DMEM High Glucose
]]></system-out>
    <system-err><![CDATA[[main] INFO io.github.bonigarcia.wdm.WebDriverManager - Using chromedriver 104.0.5112.79 (resolved driver for Chrome 104)
[main] INFO io.github.bonigarcia.wdm.WebDriverManager - Exporting webdriver.chrome.driver as C:\Users\smith\.cache\selenium\chromedriver\win32\104.0.5112.79\chromedriver.exe
Starting ChromeDriver 104.0.5112.79 (3cf3e8c8a07d104b9e1260c910efb8f383285dc5-refs/branch-heads/5112@{#1307}) on port 55533
Only local connections are allowed.
Please see https://chromedriver.chromium.org/security-considerations for suggestions on keeping ChromeDriver safe.
ChromeDriver was started successfully.
Aug 26, 2022 10:30:39 AM org.openqa.selenium.remote.ProtocolHandshake createSession
INFO: Detected upstream dialect: W3C
Aug 26, 2022 10:30:39 AM org.openqa.selenium.devtools.CdpVersionFinder findNearestMatch
INFO: Found exact CDP implementation for version 104
[AsyncHttpClient-1-2] WARN org.asynchttpclient.netty.handler.WebSocketHandler - onError
java.net.SocketException: Connection reset
	at java.base/sun.nio.ch.SocketChannelImpl.throwConnectionReset(SocketChannelImpl.java:394)
	at java.base/sun.nio.ch.SocketChannelImpl.read(SocketChannelImpl.java:426)
	at io.netty.buffer.PooledByteBuf.setBytes(PooledByteBuf.java:258)
	at io.netty.buffer.AbstractByteBuf.writeBytes(AbstractByteBuf.java:1132)
	at io.netty.channel.socket.nio.NioSocketChannel.doReadBytes(NioSocketChannel.java:357)
	at io.netty.channel.nio.AbstractNioByteChannel$NioByteUnsafe.read(AbstractNioByteChannel.java:151)
	at io.netty.channel.nio.NioEventLoop.processSelectedKey(NioEventLoop.java:722)
	at io.netty.channel.nio.NioEventLoop.processSelectedKeysOptimized(NioEventLoop.java:658)
	at io.netty.channel.nio.NioEventLoop.processSelectedKeys(NioEventLoop.java:584)
	at io.netty.channel.nio.NioEventLoop.run(NioEventLoop.java:496)
	at io.netty.util.concurrent.SingleThreadEventExecutor$4.run(SingleThreadEventExecutor.java:997)
	at io.netty.util.internal.ThreadExecutorMap$2.run(ThreadExecutorMap.java:74)
	at io.netty.util.concurrent.FastThreadLocalRunnable.run(FastThreadLocalRunnable.java:30)
	at java.base/java.lang.Thread.run(Thread.java:833)
Aug 26, 2022 10:30:52 AM org.openqa.selenium.remote.http.WebSocket$Listener onError
WARNING: Connection reset
java.net.SocketException: Connection reset
	at java.base/sun.nio.ch.SocketChannelImpl.throwConnectionReset(SocketChannelImpl.java:394)
	at java.base/sun.nio.ch.SocketChannelImpl.read(SocketChannelImpl.java:426)
	at io.netty.buffer.PooledByteBuf.setBytes(PooledByteBuf.java:258)
	at io.netty.buffer.AbstractByteBuf.writeBytes(AbstractByteBuf.java:1132)
	at io.netty.channel.socket.nio.NioSocketChannel.doReadBytes(NioSocketChannel.java:357)
	at io.netty.channel.nio.AbstractNioByteChannel$NioByteUnsafe.read(AbstractNioByteChannel.java:151)
	at io.netty.channel.nio.NioEventLoop.processSelectedKey(NioEventLoop.java:722)
	at io.netty.channel.nio.NioEventLoop.processSelectedKeysOptimized(NioEventLoop.java:658)
	at io.netty.channel.nio.NioEventLoop.processSelectedKeys(NioEventLoop.java:584)
	at io.netty.channel.nio.NioEventLoop.run(NioEventLoop.java:496)
	at io.netty.util.concurrent.SingleThreadEventExecutor$4.run(SingleThreadEventExecutor.java:997)
	at io.netty.util.internal.ThreadExecutorMap$2.run(ThreadExecutorMap.java:74)
	at io.netty.util.concurrent.FastThreadLocalRunnable.run(FastThreadLocalRunnable.java:30)
	at java.base/java.lang.Thread.run(Thread.java:833)

]]></system-err>
  </testcase>
  <testcase name="user create new culture reagent item" classname="CC-1102:Create new Culture Reagent" time="7.447">
    <system-out><![CDATA[browser value is: chromeheadless

Trypan-Blue
Amphotericin B
DMEM Low Glucose
RPMI 1640
Penicillin-Streptomycin
FBS Heat Inactivated
Trypsin
DMEM High Glucose
]]></system-out>
    <system-err><![CDATA[[main] INFO io.github.bonigarcia.wdm.WebDriverManager - Using chromedriver 104.0.5112.79 (resolved driver for Chrome 104)
[main] INFO io.github.bonigarcia.wdm.WebDriverManager - Exporting webdriver.chrome.driver as C:\Users\smith\.cache\selenium\chromedriver\win32\104.0.5112.79\chromedriver.exe
Starting ChromeDriver 104.0.5112.79 (3cf3e8c8a07d104b9e1260c910efb8f383285dc5-refs/branch-heads/5112@{#1307}) on port 61991
Only local connections are allowed.
Please see https://chromedriver.chromium.org/security-considerations for suggestions on keeping ChromeDriver safe.
ChromeDriver was started successfully.
Aug 26, 2022 10:30:53 AM org.openqa.selenium.remote.ProtocolHandshake createSession
INFO: Detected upstream dialect: W3C
Aug 26, 2022 10:30:53 AM org.openqa.selenium.devtools.CdpVersionFinder findNearestMatch
INFO: Found exact CDP implementation for version 104
[AsyncHttpClient-1-5] WARN org.asynchttpclient.netty.handler.WebSocketHandler - onError
java.net.SocketException: Connection reset
	at java.base/sun.nio.ch.SocketChannelImpl.throwConnectionReset(SocketChannelImpl.java:394)
	at java.base/sun.nio.ch.SocketChannelImpl.read(SocketChannelImpl.java:426)
	at io.netty.buffer.PooledByteBuf.setBytes(PooledByteBuf.java:258)
	at io.netty.buffer.AbstractByteBuf.writeBytes(AbstractByteBuf.java:1132)
	at io.netty.channel.socket.nio.NioSocketChannel.doReadBytes(NioSocketChannel.java:357)
	at io.netty.channel.nio.AbstractNioByteChannel$NioByteUnsafe.read(AbstractNioByteChannel.java:151)
	at io.netty.channel.nio.NioEventLoop.processSelectedKey(NioEventLoop.java:722)
	at io.netty.channel.nio.NioEventLoop.processSelectedKeysOptimized(NioEventLoop.java:658)
	at io.netty.channel.nio.NioEventLoop.processSelectedKeys(NioEventLoop.java:584)
	at io.netty.channel.nio.NioEventLoop.run(NioEventLoop.java:496)
	at io.netty.util.concurrent.SingleThreadEventExecutor$4.run(SingleThreadEventExecutor.java:997)
	at io.netty.util.internal.ThreadExecutorMap$2.run(ThreadExecutorMap.java:74)
	at io.netty.util.concurrent.FastThreadLocalRunnable.run(FastThreadLocalRunnable.java:30)
	at java.base/java.lang.Thread.run(Thread.java:833)
Aug 26, 2022 10:30:59 AM org.openqa.selenium.remote.http.WebSocket$Listener onError
WARNING: Connection reset
java.net.SocketException: Connection reset
	at java.base/sun.nio.ch.SocketChannelImpl.throwConnectionReset(SocketChannelImpl.java:394)
	at java.base/sun.nio.ch.SocketChannelImpl.read(SocketChannelImpl.java:426)
	at io.netty.buffer.PooledByteBuf.setBytes(PooledByteBuf.java:258)
	at io.netty.buffer.AbstractByteBuf.writeBytes(AbstractByteBuf.java:1132)
	at io.netty.channel.socket.nio.NioSocketChannel.doReadBytes(NioSocketChannel.java:357)
	at io.netty.channel.nio.AbstractNioByteChannel$NioByteUnsafe.read(AbstractNioByteChannel.java:151)
	at io.netty.channel.nio.NioEventLoop.processSelectedKey(NioEventLoop.java:722)
	at io.netty.channel.nio.NioEventLoop.processSelectedKeysOptimized(NioEventLoop.java:658)
	at io.netty.channel.nio.NioEventLoop.processSelectedKeys(NioEventLoop.java:584)
	at io.netty.channel.nio.NioEventLoop.run(NioEventLoop.java:496)
	at io.netty.util.concurrent.SingleThreadEventExecutor$4.run(SingleThreadEventExecutor.java:997)
	at io.netty.util.internal.ThreadExecutorMap$2.run(ThreadExecutorMap.java:74)
	at io.netty.util.concurrent.FastThreadLocalRunnable.run(FastThreadLocalRunnable.java:30)
	at java.base/java.lang.Thread.run(Thread.java:833)

]]></system-err>
  </testcase>
  <testcase name="Select and Delete an Culture reagent item" classname="CC-1110:Delete One Culture Reagent" time="11.097">
    <system-out><![CDATA[browser value is: chromeheadless
e Culture Reagent"&amp#27;[0m&amp#27;[32m page&amp#27;[0m                               &amp#27;[90m# stepDefinition.GeneralStep.user_is_navigated_to_page(java.lang.String)&amp#27;[0m
  &amp#27;[32mWhen &amp#27;[0m&amp#27;[32muser &amp#27;[0m&amp#27;[32m&amp#27;[1m"type"&amp#27;[0m&amp#27;[32m &amp#27;[0m&amp#27;[32m&amp#27;[1m"Reagent 9 Culture"&amp#27;[0m&amp#27;[32m in &amp#27;[0m&amp#27;[32m&amp#27;[1m"name"&amp#27;[0m&amp#27;[32m textbox&amp#27;[0m                                &amp#27;[90m# stepDefinition.GeneralStep.user_in_textbox(java.lang.String,java.lang.String,java.lang.String)&amp#27;[0m
  &amp#27;[32mThen &amp#27;[0m&amp#27;[32mtextbox &amp#27;[0m&amp#27;[32m&amp#27;[1m"name"&amp#27;[0m&amp#27;[32m will fill by &amp#27;[0m&amp#27;[32m&amp#27;[1m"Reagent 9 Culture"&amp#27;[0m                                  &amp#27;[90m# stepDefinition.GeneralStep.textbox_will_fill_by(java.lang.String,java.lang.String)&amp#27;[0m
  &amp#27;[32mWhen &amp#27;[0m&amp#27;[32muser &amp#27;[0m&amp#27;[32m&amp#27;[1m"type"&amp#27;[0m&amp#27;[32m &amp#27;[0m&amp#27;[32m&amp#27;[1m"create culture reagent 9"&amp#27;[0m&amp#27;[32m in &amp#27;[0m&amp#27;[32m&amp#27;[1m"notes"&amp#27;[0m&amp#27;[32m textbox&amp#27;[0m                        &amp#27;[90m# stepDefinition.GeneralStep.user_in_textbox(java.lang.String,java.lang.String,java.lang.String)&amp#27;[0m
  &amp#27;[32mThen &amp#27;[0m&amp#27;[32mtextbox &amp#27;[0m&amp#27;[32m&amp#27;[1m"notes"&amp#27;[0m&amp#27;[32m will fill by &amp#27;[0m&amp#27;[32m&amp#27;[1m"create culture reagent 9"&amp#27;[0m                          &amp#27;[90m# stepDefinition.GeneralStep.textbox_will_fill_by(java.lang.String,java.lang.String)&amp#27;[0m
  &amp#27;[32mWhen &amp#27;[0m&amp#27;[32muser select reagent compotition &amp#27;[0m&amp#27;[32m&amp#27;[1m"DMEM High Glucose"&amp#27;[0m&amp#27;[32m and type &amp#27;[0m&amp#27;[32m&amp#27;[1m"100"&amp#27;[0m&amp#27;[32m in persentage&amp#27;[0m &amp#27;[90m# stepDefinition.Reagent.ReagentCulturePageStep.user_select_reagent_compotition_and_type_in_persentage(java.lang.String,java.lang.String)&amp#27;[0m
  &amp#27;[32mThen &amp#27;[0m&amp#27;[32mcomposition reagent selected is &amp#27;[0m&amp#27;[32m&amp#27;[1m"DMEM High Glucose"&amp#27;[0m                              &amp#27;[90m# stepDefinition.Reagent.ReagentCulturePageStep.composition_reagent_selected_is(java.lang.String)&amp#27;[0m
  &amp#27;[32mAnd &amp#27;[0m&amp#27;[32maccepted total volume of reagent is &amp#27;[0m&amp#27;[32m&amp#27;[1m"100"&amp#27;[0m                                         &amp#27;[90m# stepDefinition.Reagent.ReagentCulturePageStep.accepted_total_volume_of_reagent_is(java.lang.String)&amp#27;[0m
  &amp#27;[32mWhen &amp#27;[0m&amp#27;[32muser clicks on &amp#27;[0m&amp#27;[32m&amp#27;[1m"Save"&amp#27;[0m&amp#27;[32m button&amp#27;[0m                                                     &amp#27;[90m# stepDefinition.GeneralStep.user_clicks_on_button(java.lang.String)&amp#27;[0m
  &amp#27;[32mThen &amp#27;[0m&amp#27;[32mnotification &amp#27;[0m&amp#27;[32m&amp#27;[1m"Success"&amp#27;[0m&amp#27;[32m and &amp#27;[0m&amp#27;[32m&amp#27;[1m"Culture Reagent has been created"&amp#27;[0m&amp#27;[32m is displayed&amp#27;[0m       &amp#27;[90m# stepDefinition.GeneralStep.notification_and_is_displayed(java.lang.String,java.lang.String)&amp#27;[0m
  &amp#27;[32mAnd &amp#27;[0m&amp#27;[32mthere is &amp#27;[0m&amp#27;[32m&amp#27;[1m"new"&amp#27;[0m&amp#27;[32m item &amp#27;[0m&amp#27;[32m&amp#27;[1m"Reagent 9 Culture"&amp#27;[0m&amp#27;[32m created in table&amp#27;[0m                          &amp#27;[90m# stepDefinition.GeneralStep.there_is_item_created_in_table(java.lang.String,java.lang.String)&amp#27;[0m

@reagentculture @CC-1102_Create_new_Culture_Reagent
Scenario: user create new culture reagent item                                          &amp#27;[90m# src/test/resources/features/Culture Reagent/Create Culture Reagent/CC-1102 Create new Culture Reagent.feature:16&amp#27;[0m
  &amp#27;[32mGiven &amp#27;[0m&amp#27;[32muser has already logged in to application with this credentials&amp#27;[0m                 &amp#27;[90m# stepDefinition.LoginPageStep.user_has_already_logged_in_to_application_with_this_credentials(io.cucumber.datatable.DataTable)&amp#27;[0m
    | username | password |
    | admin    | admin    |
  &amp#27;[32mAnd &amp#27;[0m&amp#27;[32muser is navigated to &amp#27;[0m&amp#27;[32m&amp#27;[1m"Dashboard"&amp#27;[0m&amp#27;[32m page&amp#27;[0m                                             &amp#27;[90m# stepDefinition.GeneralStep.user_is_navigated_to_page(java.lang.String)&amp#27;[0m
  &amp#27;[32mWhen &amp#27;[0m&amp#27;[32muser clicks on menu &amp#27;[0m&amp#27;[32m&amp#27;[1m"Reagent"&amp#27;[0m                                                    &amp#27;[90m# stepDefinition.GeneralStep.user_clicks_on_menu(java.lang.String)&amp#27;[0m
  &amp#27;[32mAnd &amp#27;[0m&amp#27;[32muser clicks on sub-menu &amp#27;[0m&amp#27;[32m&amp#27;[1m"Culture Reagent"&amp#27;[0m                                         &amp#27;[90m# stepDefinition.GeneralStep.user_clicks_on_sub_menu(java.lang.String)&amp#27;[0m
  &amp#27;[32mThen &amp#27;[0m&amp#27;[32muser is navigated to &amp#27;[0m&amp#27;[32m&amp#27;[1m"Culture Reagent"&amp#27;[0m&amp#27;[32m page&amp#27;[0m                                      &amp#27;[90m# stepDefinition.GeneralStep.user_is_navigated_to_page(java.lang.String)&amp#27;[0m
  &amp#27;[32mWhen &amp#27;[0m&amp#27;[32muser clicks on &amp#27;[0m&amp#27;[32m&amp#27;[1m"Create"&amp#27;[0m&amp#27;[32m button&amp#27;[0m                                                   &amp#27;[90m# stepDefinition.GeneralStep.user_clicks_on_button(java.lang.String)&amp#27;[0m
  &amp#27;[32mThen &amp#27;[0m&amp#27;[32muser is navigated to &amp#27;[0m&amp#27;[32m&amp#27;[1m"Create Culture Reagent"&amp#27;[0m&amp#27;[32m page&amp#27;[0m                               &amp#27;[90m# stepDefinition.GeneralStep.user_is_navigated_to_page(java.lang.String)&amp#27;[0m
  &amp#27;[32mWhen &amp#27;[0m&amp#27;[32muser &amp#27;[0m&amp#27;[32m&amp#27;[1m"type"&amp#27;[0m&amp#27;[32m &amp#27;[0m&amp#27;[32m&amp#27;[1m"Reagent 10 Culture"&amp#27;[0m&amp#27;[32m in &amp#27;[0m&amp#27;[32m&amp#27;[1m"name"&amp#27;[0m&amp#27;[32m textbox&amp#27;[0m                               &amp#27;[90m# stepDefinition.GeneralStep.user_in_textbox(java.lang.String,java.lang.String,java.lang.String)&amp#27;[0m
  &amp#27;[32mThen &amp#27;[0m&amp#27;[32mtextbox &amp#27;[0m&amp#27;[32m&amp#27;[1m"name"&amp#27;[0m&amp#27;[32m will fill by &amp#27;[0m&amp#27;[32m&amp#27;[1m"Reagent 10 Culture"&amp#27;[0m                                 &amp#27;[90m# stepDefinition.GeneralStep.textbox_will_fill_by(java.lang.String,java.lang.String)&amp#27;[0m
  &amp#27;[32mWhen &amp#27;[0m&amp#27;[32muser &amp#27;[0m&amp#27;[32m&amp#27;[1m"type"&amp#27;[0m&amp#27;[32m &amp#27;[0m&amp#27;[32m&amp#27;[1m"create culture reagent 10"&amp#27;[0m&amp#27;[32m in &amp#27;[0m&amp#27;[32m&amp#27;[1m"notes"&amp#27;[0m&amp#27;[32m textbox&amp#27;[0m                       &amp#27;[90m# stepDefinition.GeneralStep.user_in_textbox(java.lang.String,java.lang.String,java.lang.String)&amp#27;[0m
  &amp#27;[32mThen &amp#27;[0m&amp#27;[32mtextbox &amp#27;[0m&amp#27;[32m&amp#27;[1m"notes"&amp#27;[0m&amp#27;[32m will fill by &amp#27;[0m&amp#27;[32m&amp#27;[1m"create culture reagent 10"&amp#27;[0m                         &amp#27;[90m# stepDefinition.GeneralStep.textbox_will_fill_by(java.lang.String,java.lang.String)&amp#27;[0m
  &amp#27;[32mWhen &amp#27;[0m&amp#27;[32muser select reagent compotition &amp#27;[0m&amp#27;[32m&amp#27;[1m"DMEM High Glucose"&amp#27;[0m&amp#27;[32m and type &amp#27;[0m&amp#27;[32m&amp#27;[1m"100"&amp#27;[0m&amp#27;[32m in persentage&amp#27;[0m &amp#27;[90m# stepDefinition.Reagent.ReagentCulturePageStep.user_select_reagent_compotition_and_type_in_persentage(java.lang.String,java.lang.String)&amp#27;[0m
  &amp#27;[32mThen &amp#27;[0m&amp#27;[32mcomposition reagent selected is &amp#27;[0m&amp#27;[32m&amp#27;[1m"DMEM High Glucose"&amp#27;[0m                              &amp#27;[90m# stepDefinition.Reagent.ReagentCulturePageStep.composition_reagent_selected_is(java.lang.String)&amp#27;[0m
  &amp#27;[32mAnd &amp#27;[0m&amp#27;[32maccepted total volume of reagent is &amp#27;[0m&amp#27;[32m&amp#27;[1m"100"&amp#27;[0m                                         &amp#27;[90m# stepDefinition.Reagent.ReagentCulturePageStep.accepted_total_volume_of_reagent_is(java.lang.String)&amp#27;[0m
  &amp#27;[32mWhen &amp#27;[0m&amp#27;[32muser clicks on &amp#27;[0m&amp#27;[32m&amp#27;[1m"Save"&amp#27;[0m&amp#27;[32m button&amp#27;[0m                                                     &amp#27;[90m# stepDefinition.GeneralStep.user_clicks_on_button(java.lang.String)&amp#27;[0m
  &amp#27;[32mThen &amp#27;[0m&amp#27;[32mnotification &amp#27;[0m&amp#27;[32m&amp#27;[1m"Success"&amp#27;[0m&amp#27;[32m and &amp#27;[0m&amp#27;[32m&amp#27;[1m"Culture Reagent has been created"&amp#27;[0m&amp#27;[32m is displayed&amp#27;[0m       &amp#27;[90m# stepDefinition.GeneralStep.notification_and_is_displayed(java.lang.String,java.lang.String)&amp#27;[0m
  &amp#27;[32mAnd &amp#27;[0m&amp#27;[32mthere is &amp#27;[0m&amp#27;[32m&amp#27;[1m"new"&amp#27;[0m&amp#27;[32m item &amp#27;[0m&amp#27;[32m&amp#27;[1m"Reagent 10 Culture"&amp#27;[0m&amp#27;[32m created in table&amp#27;[0m                         &amp#27;[90m# stepDefinition.GeneralStep.there_is_item_created_in_table(java.lang.String,java.lang.String)&amp#27;[0m

@reagentculture @CC-1110_Delete_One_Culture_Reagent
Scenario: Select and Delete an Culture reagent item                                &amp#27;[90m# src/test/resources/features/Culture Reagent/Delete Culture Reagent/CC-1110 Delete One Culture Reagent.feature:17&amp#27;[0m
  &amp#27;[32mGiven &amp#27;[0m&amp#27;[32muser has already logged in to application with this credentials&amp#27;[0m            &amp#27;[90m# stepDefinition.LoginPageStep.user_has_already_logged_in_to_application_with_this_credentials(io.cucumber.datatable.DataTable)&amp#27;[0m
    | username | password |
    | admin    | admin    |
  &amp#27;[32mAnd &amp#27;[0m&amp#27;[32muser is navigated to &amp#27;[0m&amp#27;[32m&amp#27;[1m"Dashboard"&amp#27;[0m&amp#27;[32m page&amp#27;[0m                                        &amp#27;[90m# stepDefinition.GeneralStep.user_is_navigated_to_page(java.lang.String)&amp#27;[0m
  &amp#27;[32mWhen &amp#27;[0m&amp#27;[32muser clicks on menu &amp#27;[0m&amp#27;[32m&amp#27;[1m"Reagent"&amp#27;[0m                                               &amp#27;[90m# stepDefinition.GeneralStep.user_clicks_on_menu(java.lang.String)&amp#27;[0m
  &amp#27;[32mAnd &amp#27;[0m&amp#27;[32muser clicks on sub-menu &amp#27;[0m&amp#27;[32m&amp#27;[1m"Culture Reagent"&amp#27;[0m                                    &amp#27;[90m# stepDefinition.GeneralStep.user_clicks_on_sub_menu(java.lang.String)&amp#27;[0m
  &amp#27;[32mThen &amp#27;[0m&amp#27;[32muser is navigated to &amp#27;[0m&amp#27;[32m&amp#27;[1m"Culture Reagent"&amp#27;[0m&amp#27;[32m page&amp#27;[0m                                
Reagent 10 Culture

Reagent 9 Culture
Reagent 8 Culture
Reagent 7 Culture
Trypan-Blue
Amphotericin B
D-10
Complete DMEM
RPMI 1640
DMEM FBS 10
DMEM High Glucose
Trypsin
FBS Heat Inactivated
Penicillin-Streptomycin

Reagent 9 Culture
Reagent 8 Culture
Reagent 7 Culture
Trypan-Blue
Amphotericin B
D-10
Complete DMEM
RPMI 1640
DMEM FBS 10
DMEM High Glucose
Trypsin
FBS Heat Inactivated
Penicillin-Streptomycin
]]></system-out>
    <system-err><![CDATA[[main] INFO io.github.bonigarcia.wdm.WebDriverManager - Using chromedriver 104.0.5112.79 (resolved driver for Chrome 104)
[main] INFO io.github.bonigarcia.wdm.WebDriverManager - Exporting webdriver.chrome.driver as C:\Users\smith\.cache\selenium\chromedriver\win32\104.0.5112.79\chromedriver.exe
Starting ChromeDriver 104.0.5112.79 (3cf3e8c8a07d104b9e1260c910efb8f383285dc5-refs/branch-heads/5112@{#1307}) on port 61178
Only local connections are allowed.
Please see https://chromedriver.chromium.org/security-considerations for suggestions on keeping ChromeDriver safe.
ChromeDriver was started successfully.
Aug 26, 2022 10:31:00 AM org.openqa.selenium.remote.ProtocolHandshake createSession
INFO: Detected upstream dialect: W3C
Aug 26, 2022 10:31:00 AM org.openqa.selenium.devtools.CdpVersionFinder findNearestMatch
INFO: Found exact CDP implementation for version 104
[AsyncHttpClient-1-8] WARN org.asynchttpclient.netty.handler.WebSocketHandler - onError
java.net.SocketException: Connection reset
	at java.base/sun.nio.ch.SocketChannelImpl.throwConnectionReset(SocketChannelImpl.java:394)
	at java.base/sun.nio.ch.SocketChannelImpl.read(SocketChannelImpl.java:426)
	at io.netty.buffer.PooledByteBuf.setBytes(PooledByteBuf.java:258)
	at io.netty.buffer.AbstractByteBuf.writeBytes(AbstractByteBuf.java:1132)
	at io.netty.channel.socket.nio.NioSocketChannel.doReadBytes(NioSocketChannel.java:357)
	at io.netty.channel.nio.AbstractNioByteChannel$NioByteUnsafe.read(AbstractNioByteChannel.java:151)
	at io.netty.channel.nio.NioEventLoop.processSelectedKey(NioEventLoop.java:722)
	at io.netty.channel.nio.NioEventLoop.processSelectedKeysOptimized(NioEventLoop.java:658)
	at io.netty.channel.nio.NioEventLoop.processSelectedKeys(NioEventLoop.java:584)
	at io.netty.channel.nio.NioEventLoop.run(NioEventLoop.java:496)
	at io.netty.util.concurrent.SingleThreadEventExecutor$4.run(SingleThreadEventExecutor.java:997)
	at io.netty.util.internal.ThreadExecutorMap$2.run(ThreadExecutorMap.java:74)
	at io.netty.util.concurrent.FastThreadLocalRunnable.run(FastThreadLocalRunnable.java:30)
	at java.base/java.lang.Thread.run(Thread.java:833)
Aug 26, 2022 10:31:10 AM org.openqa.selenium.remote.http.WebSocket$Listener onError
WARNING: Connection reset
java.net.SocketException: Connection reset
	at java.base/sun.nio.ch.SocketChannelImpl.throwConnectionReset(SocketChannelImpl.java:394)
	at java.base/sun.nio.ch.SocketChannelImpl.read(SocketChannelImpl.java:426)
	at io.netty.buffer.PooledByteBuf.setBytes(PooledByteBuf.java:258)
	at io.netty.buffer.AbstractByteBuf.writeBytes(AbstractByteBuf.java:1132)
	at io.netty.channel.socket.nio.NioSocketChannel.doReadBytes(NioSocketChannel.java:357)
	at io.netty.channel.nio.AbstractNioByteChannel$NioByteUnsafe.read(AbstractNioByteChannel.java:151)
	at io.netty.channel.nio.NioEventLoop.processSelectedKey(NioEventLoop.java:722)
	at io.netty.channel.nio.NioEventLoop.processSelectedKeysOptimized(NioEventLoop.java:658)
	at io.netty.channel.nio.NioEventLoop.processSelectedKeys(NioEventLoop.java:584)
	at io.netty.channel.nio.NioEventLoop.run(NioEventLoop.java:496)
	at io.netty.util.concurrent.SingleThreadEventExecutor$4.run(SingleThreadEventExecutor.java:997)
	at io.netty.util.internal.ThreadExecutorMap$2.run(ThreadExecutorMap.java:74)
	at io.netty.util.concurrent.FastThreadLocalRunnable.run(FastThreadLocalRunnable.java:30)
	at java.base/java.lang.Thread.run(Thread.java:833)

]]></system-err>
  </testcase>
  <testcase name="Select and Edit multiple culture reagent item" classname="CC-1131: Edit Multiple Culture Reagent Item" time="15.22">
    <system-out><![CDATA[browser value is: chromeheadless

Reagent 9 Culture
Reagent 8 Culture

Reagent 9 Culture

Trypan-Blue
Amphotericin B
DMEM Low Glucose
RPMI 1640
Penicillin-Streptomycin
FBS Heat Inactivated
Trypsin
 &amp#27;[90m# stepDefinition.GeneralStep.user_is_navigated_to_page(java.lang.String)&amp#27;[0m
  &amp#27;[32mAnd &amp#27;[0m&amp#27;[32m&amp#27;[0m&amp#27;[32m&amp#27;[1m"Reagent 10 Culture"&amp#27;[0m&amp#27;[32m items is &amp#27;[0m&amp#27;[32m&amp#27;[1m"already"&amp#27;[0m&amp#27;[32m exist&amp#27;[0m                                &amp#27;[90m# stepDefinition.GeneralStep.items_is_exist(java.lang.String,java.lang.String)&amp#27;[0m
  &amp#27;[32mWhen &amp#27;[0m&amp#27;[32muser select an item &amp#27;[0m&amp#27;[32m&amp#27;[1m"Reagent 10 Culture"&amp#27;[0m&amp#27;[32m by check the checkbox&amp#27;[0m              &amp#27;[90m# stepDefinition.GeneralStep.user_select_an_item_by_check_the_checkbox(java.lang.String)&amp#27;[0m
  &amp#27;[32mThen &amp#27;[0m&amp#27;[32mitem &amp#27;[0m&amp#27;[32m&amp#27;[1m"Reagent 10 Culture"&amp#27;[0m&amp#27;[32m is checked&amp#27;[0m                                        &amp#27;[90m# stepDefinition.GeneralStep.item_is_checked(java.lang.String)&amp#27;[0m
  &amp#27;[32mAnd &amp#27;[0m&amp#27;[32micon &amp#27;[0m&amp#27;[32m&amp#27;[1m"delete"&amp#27;[0m&amp#27;[32m is enabled in page&amp#27;[0m                                             &amp#27;[90m# stepDefinition.GeneralStep.icon_is_enabled_in_page(java.lang.String)&amp#27;[0m
  &amp#27;[32mWhen &amp#27;[0m&amp#27;[32muser clicks on &amp#27;[0m&amp#27;[32m&amp#27;[1m"delete"&amp#27;[0m&amp#27;[32m icon&amp#27;[0m                                                &amp#27;[90m# stepDefinition.GeneralStep.user_clicks_on_icon(java.lang.String)&amp#27;[0m
  &amp#27;[32mThen &amp#27;[0m&amp#27;[32mmodal &amp#27;[0m&amp#27;[32m&amp#27;[1m"Delete Culture Reagent"&amp#27;[0m&amp#27;[32m confirmation is displayed&amp#27;[0m                    &amp#27;[90m# stepDefinition.GeneralStep.modal_confirmation_is_displayed(java.lang.String)&amp#27;[0m
  &amp#27;[32mWhen &amp#27;[0m&amp#27;[32muser clicks on &amp#27;[0m&amp#27;[32m&amp#27;[1m"OK"&amp#27;[0m&amp#27;[32m button&amp#27;[0m                                                  &amp#27;[90m# stepDefinition.GeneralStep.user_clicks_on_button(java.lang.String)&amp#27;[0m
  &amp#27;[32mThen &amp#27;[0m&amp#27;[32mnotification &amp#27;[0m&amp#27;[32m&amp#27;[1m"Success"&amp#27;[0m&amp#27;[32m and &amp#27;[0m&amp#27;[32m&amp#27;[1m"Culture Reagents has been deleted"&amp#27;[0m&amp#27;[32m is displayed&amp#27;[0m &amp#27;[90m# stepDefinition.GeneralStep.notification_and_is_displayed(java.lang.String,java.lang.String)&amp#27;[0m
  &amp#27;[32mAnd &amp#27;[0m&amp#27;[32m&amp#27;[0m&amp#27;[32m&amp#27;[1m"Reagent 10 Culture"&amp#27;[0m&amp#27;[32m items is &amp#27;[0m&amp#27;[32m&amp#27;[1m"not"&amp#27;[0m&amp#27;[32m exist&amp#27;[0m                                    &amp#27;[90m# stepDefinition.GeneralStep.items_is_exist(java.lang.String,java.lang.String)&amp#27;[0m
  &amp#27;[32mWhen &amp#27;[0m&amp#27;[32muser refresh the browser page&amp#27;[0m                                               &amp#27;[90m# stepDefinition.GeneralStep.user_refresh_the_browser_page()&amp#27;[0m
  &amp#27;[32mThen &amp#27;[0m&amp#27;[32muser is navigated to &amp#27;[0m&amp#27;[32m&amp#27;[1m"Dashboard"&amp#27;[0m&amp#27;[32m page&amp#27;[0m                                       &amp#27;[90m# stepDefinition.GeneralStep.user_is_navigated_to_page(java.lang.String)&amp#27;[0m
  &amp#27;[32mWhen &amp#27;[0m&amp#27;[32muser clicks on menu &amp#27;[0m&amp#27;[32m&amp#27;[1m"Reagent"&amp#27;[0m                                               &amp#27;[90m# stepDefinition.GeneralStep.user_clicks_on_menu(java.lang.String)&amp#27;[0m
  &amp#27;[32mAnd &amp#27;[0m&amp#27;[32muser clicks on sub-menu &amp#27;[0m&amp#27;[32m&amp#27;[1m"Culture Reagent"&amp#27;[0m                                    &amp#27;[90m# stepDefinition.GeneralStep.user_clicks_on_sub_menu(java.lang.String)&amp#27;[0m
  &amp#27;[32mThen &amp#27;[0m&amp#27;[32muser is navigated to &amp#27;[0m&amp#27;[32m&amp#27;[1m"Culture Reagent"&amp#27;[0m&amp#27;[32m page&amp#27;[0m                                 &amp#27;[90m# stepDefinition.GeneralStep.user_is_navigated_to_page(java.lang.String)&amp#27;[0m
  &amp#27;[32mAnd &amp#27;[0m&amp#27;[32m&amp#27;[0m&amp#27;[32m&amp#27;[1m"Reagent 10 Culture"&amp#27;[0m&amp#27;[32m items is &amp#27;[0m&amp#27;[32m&amp#27;[1m"not"&amp#27;[0m&amp#27;[32m exist&amp#27;[0m                                    &amp#27;[90m# stepDefinition.GeneralStep.items_is_exist(java.lang.String,java.lang.String)&amp#27;[0m

@reagentculture @CC-1131_Edit_Multiple_Culture_Reagent_Item
Scenario: Select and Edit multiple culture reagent item                           &amp#27;[90m# src/test/resources/features/Culture Reagent/Edit Culture Reagent/CC-1131 Edit Multiple Culture Reagent Item.feature:18&amp#27;[0m
  &amp#27;[32mGiven &amp#27;[0m&amp#27;[32muser has already logged in to application with this credentials&amp#27;[0m           &amp#27;[90m# stepDefinition.LoginPageStep.user_has_already_logged_in_to_application_with_this_credentials(io.cucumber.datatable.DataTable)&amp#27;[0m
    | username | password |
    | admin    | admin    |
  &amp#27;[32mAnd &amp#27;[0m&amp#27;[32muser is navigated to &amp#27;[0m&amp#27;[32m&amp#27;[1m"Dashboard"&amp#27;[0m&amp#27;[32m page&amp#27;[0m                                       &amp#27;[90m# stepDefinition.GeneralStep.user_is_navigated_to_page(java.lang.String)&amp#27;[0m
  &amp#27;[32mWhen &amp#27;[0m&amp#27;[32muser clicks on menu &amp#27;[0m&amp#27;[32m&amp#27;[1m"Reagent"&amp#27;[0m                                              &amp#27;[90m# stepDefinition.GeneralStep.user_clicks_on_menu(java.lang.String)&amp#27;[0m
  &amp#27;[32mAnd &amp#27;[0m&amp#27;[32muser clicks on sub-menu &amp#27;[0m&amp#27;[32m&amp#27;[1m"Culture Reagent"&amp#27;[0m                                   &amp#27;[90m# stepDefinition.GeneralStep.user_clicks_on_sub_menu(java.lang.String)&amp#27;[0m
  &amp#27;[32mThen &amp#27;[0m&amp#27;[32muser is navigated to &amp#27;[0m&amp#27;[32m&amp#27;[1m"Culture Reagent"&amp#27;[0m&amp#27;[32m page&amp#27;[0m                                &amp#27;[90m# stepDefinition.GeneralStep.user_is_navigated_to_page(java.lang.String)&amp#27;[0m
  &amp#27;[32mAnd &amp#27;[0m&amp#27;[32m&amp#27;[0m&amp#27;[32m&amp#27;[1m"Reagent 8 Culture"&amp#27;[0m&amp#27;[32m items is &amp#27;[0m&amp#27;[32m&amp#27;[1m"already"&amp#27;[0m&amp#27;[32m exist&amp#27;[0m                                &amp#27;[90m# stepDefinition.GeneralStep.items_is_exist(java.lang.String,java.lang.String)&amp#27;[0m
  &amp#27;[32mAnd &amp#27;[0m&amp#27;[32m&amp#27;[0m&amp#27;[32m&amp#27;[1m"Reagent 9 Culture"&amp#27;[0m&amp#27;[32m items is &amp#27;[0m&amp#27;[32m&amp#27;[1m"already"&amp#27;[0m&amp#27;[32m exist&amp#27;[0m                                &amp#27;[90m# stepDefinition.GeneralStep.items_is_exist(java.lang.String,java.lang.String)&amp#27;[0m
  &amp#27;[32mWhen &amp#27;[0m&amp#27;[32muser select an item &amp#27;[0m&amp#27;[32m&amp#27;[1m"Reagent 8 Culture"&amp#27;[0m&amp#27;[32m by check the checkbox&amp#27;[0m              &amp#27;[90m# stepDefinition.GeneralStep.user_select_an_item_by_check_the_checkbox(java.lang.String)&amp#27;[0m
  &amp#27;[32mThen &amp#27;[0m&amp#27;[32mitem &amp#27;[0m&amp#27;[32m&amp#27;[1m"Reagent 8 Culture"&amp#27;[0m&amp#27;[32m is checked&amp#27;[0m                                        &amp#27;[90m# stepDefinition.GeneralStep.item_is_checked(java.lang.String)&amp#27;[0m
  &amp#27;[32mAnd &amp#27;[0m&amp#27;[32micon &amp#27;[0m&amp#27;[32m&amp#27;[1m"edit"&amp#27;[0m&amp#27;[32m is enabled in page&amp#27;[0m                                              &amp#27;[90m# stepDefinition.GeneralStep.icon_is_enabled_in_page(java.lang.String)&amp#27;[0m
  &amp#27;[32mWhen &amp#27;[0m&amp#27;[32muser select an item &amp#27;[0m&amp#27;[32m&amp#27;[1m"Reagent 9 Culture"&amp#27;[0m&amp#27;[32m by check the checkbox&amp#27;[0m              &amp#27;[90m# stepDefinition.GeneralStep.user_select_an_item_by_check_the_checkbox(java.lang.String)&amp#27;[0m
  &amp#27;[32mThen &amp#27;[0m&amp#27;[32mitem &amp#27;[0m&amp#27;[32m&amp#27;[1m"Reagent 9 Culture"&amp#27;[0m&amp#27;[32m is checked&amp#27;[0m                                        &amp#27;[90m# stepDefinition.GeneralStep.item_is_checked(java.lang.String)&amp#27;[0m
  &amp#27;[32mWhen &amp#27;[0m&amp#27;[32muser clicks on &amp#27;[0m&amp#27;[32m&amp#27;[1m"edit"&amp#27;[0m&amp#27;[32m icon&amp#27;[0m                                                 &amp#27;[90m# stepDefinition.GeneralStep.user_clicks_on_icon(java.lang.String)&amp#27;[0m
  &amp#27;[32mThen &amp#27;[0m&amp#27;[32muser is navigated to &amp#27;[0m&amp#27;[32m&amp#27;[1m"Edit Culture Reagent"&amp#27;[0m&amp#27;[32m page&amp#27;[0m                           &amp#27;[90m# stepDefinition.GeneralStep.user_is_navigated_to_page(java.lang.String)&amp#27;[0m
  &amp#27;[32mWhen &amp#27;[0m&amp#27;[32muser &amp#27;[0m&amp#27;[32m&amp#27;[1m"change"&amp#27;[0m&amp#27;[32m &amp#27;[0m&amp#27;[32m&amp#27;[1m"Reagent 8.0 Culture"&amp#27;[0m&amp#27;[32m in &amp#27;[0m&amp#27;[32m&amp#27;[1m"name"&amp#27;[0m&amp#27;[32m textbox&amp#27;[0m                      &amp#27;[90m# stepDefinition.GeneralStep.user_in_textbox(java.lang.String,java.lang.String,java.lang.String)&amp#27;[0m
  &amp#27;[32mThen &amp#27;[0m&amp#27;[32mtextbox &amp#27;[0m&amp#27;[32m&amp#27;[1m"name"&amp#27;[0m&amp#27;[32m will fill by &amp#27;[0m&amp#27;[32m&amp#27;[1m"Reagent 8.0 Culture"&amp#27;[0m                          &amp#27;[90m# stepDefinition.GeneralStep.textbox_will_fill_by(java.lang.String,java.lang.String)&amp#27;[0m
  &amp#27;[32mWhen &amp#27;[0m&amp#27;[32muser &amp#27;[0m&amp#27;[32m&amp#27;[1m"change"&amp#27;[0m&amp#27;[32m &amp#27;[0m&amp#27;[32m&amp#27;[1m"Create Reagent 8.0 Culture"&amp#27;[0m&amp#27;[32m in &amp#27;[0m&amp#27;[32m&amp#27;[1m"notes"&amp#27;[0m&amp#27;[32m textbox&amp#27;[0m              &amp#27;[90m# stepDefinition.GeneralStep.user_in_textbox(java.lang.String,java.lang.String,java.lang.String)&amp#27;[0m
  &amp#27;[32mThen &amp#27;[0m&amp#27;[32mtextbox &amp#27;[0m&amp#27;[32m&amp#27;[1m"notes"&amp#27;[0m&amp#27;[32m will fill by &amp#27;[0m&amp#27;[32m&amp#27;[1m"Create Reagent 8.0 Culture"&amp#27;[0m                  &amp#27;[90m# stepDefinition.GeneralStep.textbox_will_fill_by(java.lang.String,java.lang.String)&amp#27;[0m
  &amp#27;[32mWhen &amp#27;[0m&amp#27;[32muser select reagent compotition &amp#27;[0m&amp#27;[32m&amp#27;[1m"Trypsin"&amp#27;[0m&amp#27;[32m and type &amp#27;[0m&amp#27;[32m&amp#27;[1m"100"&amp#27;[0m&amp#27;[32m in persentage&amp#27;[0m     &amp#27;[90m# stepDefinition.Reagent.ReagentCulturePageStep.user_select_reagent_compotition_and_type_in_persentage(java.lang.String,java.lang.String)&amp#27;[0m
  &amp#27;[32mThen &amp#27;[0m&amp#27;[32mcomposition reagent selected is &amp#27;[0m&amp#27;[32m&amp#27;[1m"Trypsin"&amp#27;[0m                                  &amp#27;[90m# stepDefinition.Reagent.ReagentCulturePageStep.composition_reagent_selected_is(java.lang.String)&amp#27;[0m
  &amp#27;[32mAnd &amp#27;[0m&amp#27;[32maccepted total volume of reagent is &amp#27;[0m&amp#27;[32m&amp#27;[1m"100"&amp#27;[0m                                   &amp#27;[90m# stepDefinition.Reagent.ReagentCulturePageStep.accepted_total_volume_of_reagent_is(
Trypan-Blue
Amphotericin B
DMEM Low Glucose
RPMI 1640
Penicillin-Streptomycin
FBS Heat Inactivated
Trypsin
]]></system-out>
    <system-err><![CDATA[[main] INFO io.github.bonigarcia.wdm.WebDriverManager - Using chromedriver 104.0.5112.79 (resolved driver for Chrome 104)
[main] INFO io.github.bonigarcia.wdm.WebDriverManager - Exporting webdriver.chrome.driver as C:\Users\smith\.cache\selenium\chromedriver\win32\104.0.5112.79\chromedriver.exe
Starting ChromeDriver 104.0.5112.79 (3cf3e8c8a07d104b9e1260c910efb8f383285dc5-refs/branch-heads/5112@{#1307}) on port 62053
Only local connections are allowed.
Please see https://chromedriver.chromium.org/security-considerations for suggestions on keeping ChromeDriver safe.
ChromeDriver was started successfully.
Aug 26, 2022 10:31:11 AM org.openqa.selenium.remote.ProtocolHandshake createSession
INFO: Detected upstream dialect: W3C
Aug 26, 2022 10:31:11 AM org.openqa.selenium.devtools.CdpVersionFinder findNearestMatch
INFO: Found exact CDP implementation for version 104
[AsyncHttpClient-1-3] WARN org.asynchttpclient.netty.handler.WebSocketHandler - onError
java.net.SocketException: Connection reset
	at java.base/sun.nio.ch.SocketChannelImpl.throwConnectionReset(SocketChannelImpl.java:394)
	at java.base/sun.nio.ch.SocketChannelImpl.read(SocketChannelImpl.java:426)
	at io.netty.buffer.PooledByteBuf.setBytes(PooledByteBuf.java:258)
	at io.netty.buffer.AbstractByteBuf.writeBytes(AbstractByteBuf.java:1132)
	at io.netty.channel.socket.nio.NioSocketChannel.doReadBytes(NioSocketChannel.java:357)
	at io.netty.channel.nio.AbstractNioByteChannel$NioByteUnsafe.read(AbstractNioByteChannel.java:151)
	at io.netty.channel.nio.NioEventLoop.processSelectedKey(NioEventLoop.java:722)
	at io.netty.channel.nio.NioEventLoop.processSelectedKeysOptimized(NioEventLoop.java:658)
	at io.netty.channel.nio.NioEventLoop.processSelectedKeys(NioEventLoop.java:584)
	at io.netty.channel.nio.NioEventLoop.run(NioEventLoop.java:496)
	at io.netty.util.concurrent.SingleThreadEventExecutor$4.run(SingleThreadEventExecutor.java:997)
	at io.netty.util.internal.ThreadExecutorMap$2.run(ThreadExecutorMap.java:74)
	at io.netty.util.concurrent.FastThreadLocalRunnable.run(FastThreadLocalRunnable.java:30)
	at java.base/java.lang.Thread.run(Thread.java:833)
Aug 26, 2022 10:31:25 AM org.openqa.selenium.remote.http.WebSocket$Listener onError
WARNING: Connection reset
java.net.SocketException: Connection reset
	at java.base/sun.nio.ch.SocketChannelImpl.throwConnectionReset(SocketChannelImpl.java:394)
	at java.base/sun.nio.ch.SocketChannelImpl.read(SocketChannelImpl.java:426)
	at io.netty.buffer.PooledByteBuf.setBytes(PooledByteBuf.java:258)
	at io.netty.buffer.AbstractByteBuf.writeBytes(AbstractByteBuf.java:1132)
	at io.netty.channel.socket.nio.NioSocketChannel.doReadBytes(NioSocketChannel.java:357)
	at io.netty.channel.nio.AbstractNioByteChannel$NioByteUnsafe.read(AbstractNioByteChannel.java:151)
	at io.netty.channel.nio.NioEventLoop.processSelectedKey(NioEventLoop.java:722)
	at io.netty.channel.nio.NioEventLoop.processSelectedKeysOptimized(NioEventLoop.java:658)
	at io.netty.channel.nio.NioEventLoop.processSelectedKeys(NioEventLoop.java:584)
	at io.netty.channel.nio.NioEventLoop.run(NioEventLoop.java:496)
	at io.netty.util.concurrent.SingleThreadEventExecutor$4.run(SingleThreadEventExecutor.java:997)
	at io.netty.util.internal.ThreadExecutorMap$2.run(ThreadExecutorMap.java:74)
	at io.netty.util.concurrent.FastThreadLocalRunnable.run(FastThreadLocalRunnable.java:30)
	at java.base/java.lang.Thread.run(Thread.java:833)

]]></system-err>
  </testcase>
  <testcase name="Select and Edit an culture reagent item" classname="CC-1132: Edit One Culture Reagent Item" time="9.349">
    <system-out><![CDATA[browser value is: chromeheadless

Reagent 9.0 Culture
Reagent 8.0 Culture
Reagent 7 Culture

Trypan-Blue
Amphotericin B
DMEM Low Glucose
RPMI 1640
Penicillin-Streptomycin
FBS Heat Inactivated
Trypsin
java.lang.String)&amp#27;[0m
  &amp#27;[32mWhen &amp#27;[0m&amp#27;[32muser clicks on &amp#27;[0m&amp#27;[32m&amp#27;[1m"Save"&amp#27;[0m&amp#27;[32m button&amp#27;[0m                                               &amp#27;[90m# stepDefinition.GeneralStep.user_clicks_on_button(java.lang.String)&amp#27;[0m
  &amp#27;[32mThen &amp#27;[0m&amp#27;[32mmodal &amp#27;[0m&amp#27;[32m&amp#27;[1m"Save Confirm"&amp#27;[0m&amp#27;[32m confirmation is displayed&amp#27;[0m                             &amp#27;[90m# stepDefinition.GeneralStep.modal_confirmation_is_displayed(java.lang.String)&amp#27;[0m
  &amp#27;[32mWhen &amp#27;[0m&amp#27;[32muser clicks on &amp#27;[0m&amp#27;[32m&amp#27;[1m"OK"&amp#27;[0m&amp#27;[32m button&amp#27;[0m                                                 &amp#27;[90m# stepDefinition.GeneralStep.user_clicks_on_button(java.lang.String)&amp#27;[0m
  &amp#27;[32mThen &amp#27;[0m&amp#27;[32mnotification &amp#27;[0m&amp#27;[32m&amp#27;[1m"Success"&amp#27;[0m&amp#27;[32m and &amp#27;[0m&amp#27;[32m&amp#27;[1m"Culture Reagent has been updated"&amp#27;[0m&amp#27;[32m is displayed&amp#27;[0m &amp#27;[90m# stepDefinition.GeneralStep.notification_and_is_displayed(java.lang.String,java.lang.String)&amp#27;[0m
  &amp#27;[32mAnd &amp#27;[0m&amp#27;[32muser clicks on &amp#27;[0m&amp#27;[32m&amp#27;[1m"next"&amp#27;[0m&amp#27;[32m icon&amp#27;[0m                                                  &amp#27;[90m# stepDefinition.GeneralStep.user_clicks_on_icon(java.lang.String)&amp#27;[0m
  &amp#27;[32mWhen &amp#27;[0m&amp#27;[32muser &amp#27;[0m&amp#27;[32m&amp#27;[1m"change"&amp#27;[0m&amp#27;[32m &amp#27;[0m&amp#27;[32m&amp#27;[1m"Reagent 9.0 Culture"&amp#27;[0m&amp#27;[32m in &amp#27;[0m&amp#27;[32m&amp#27;[1m"name"&amp#27;[0m&amp#27;[32m textbox&amp#27;[0m                      &amp#27;[90m# stepDefinition.GeneralStep.user_in_textbox(java.lang.String,java.lang.String,java.lang.String)&amp#27;[0m
  &amp#27;[32mThen &amp#27;[0m&amp#27;[32mtextbox &amp#27;[0m&amp#27;[32m&amp#27;[1m"name"&amp#27;[0m&amp#27;[32m will fill by &amp#27;[0m&amp#27;[32m&amp#27;[1m"Reagent 9.0 Culture"&amp#27;[0m                          &amp#27;[90m# stepDefinition.GeneralStep.textbox_will_fill_by(java.lang.String,java.lang.String)&amp#27;[0m
  &amp#27;[32mAnd &amp#27;[0m&amp#27;[32muser &amp#27;[0m&amp#27;[32m&amp#27;[1m"change"&amp#27;[0m&amp#27;[32m &amp#27;[0m&amp#27;[32m&amp#27;[1m"Create Reagent 9.0 Culture"&amp#27;[0m&amp#27;[32m in &amp#27;[0m&amp#27;[32m&amp#27;[1m"notes"&amp#27;[0m&amp#27;[32m textbox&amp#27;[0m               &amp#27;[90m# stepDefinition.GeneralStep.user_in_textbox(java.lang.String,java.lang.String,java.lang.String)&amp#27;[0m
  &amp#27;[32mThen &amp#27;[0m&amp#27;[32mtextbox &amp#27;[0m&amp#27;[32m&amp#27;[1m"notes"&amp#27;[0m&amp#27;[32m will fill by &amp#27;[0m&amp#27;[32m&amp#27;[1m"Create Reagent 9.0 Culture"&amp#27;[0m                  &amp#27;[90m# stepDefinition.GeneralStep.textbox_will_fill_by(java.lang.String,java.lang.String)&amp#27;[0m
  &amp#27;[32mWhen &amp#27;[0m&amp#27;[32muser select reagent compotition &amp#27;[0m&amp#27;[32m&amp#27;[1m"Trypsin"&amp#27;[0m&amp#27;[32m and type &amp#27;[0m&amp#27;[32m&amp#27;[1m"100"&amp#27;[0m&amp#27;[32m in persentage&amp#27;[0m     &amp#27;[90m# stepDefinition.Reagent.ReagentCulturePageStep.user_select_reagent_compotition_and_type_in_persentage(java.lang.String,java.lang.String)&amp#27;[0m
  &amp#27;[32mThen &amp#27;[0m&amp#27;[32mcomposition reagent selected is &amp#27;[0m&amp#27;[32m&amp#27;[1m"Trypsin"&amp#27;[0m                                  &amp#27;[90m# stepDefinition.Reagent.ReagentCulturePageStep.composition_reagent_selected_is(java.lang.String)&amp#27;[0m
  &amp#27;[32mAnd &amp#27;[0m&amp#27;[32maccepted total volume of reagent is &amp#27;[0m&amp#27;[32m&amp#27;[1m"100"&amp#27;[0m                                   &amp#27;[90m# stepDefinition.Reagent.ReagentCulturePageStep.accepted_total_volume_of_reagent_is(java.lang.String)&amp#27;[0m
  &amp#27;[32mWhen &amp#27;[0m&amp#27;[32muser clicks on &amp#27;[0m&amp#27;[32m&amp#27;[1m"Save"&amp#27;[0m&amp#27;[32m button&amp#27;[0m                                               &amp#27;[90m# stepDefinition.GeneralStep.user_clicks_on_button(java.lang.String)&amp#27;[0m
  &amp#27;[32mThen &amp#27;[0m&amp#27;[32mmodal &amp#27;[0m&amp#27;[32m&amp#27;[1m"Save Confirm"&amp#27;[0m&amp#27;[32m confirmation is displayed&amp#27;[0m                             &amp#27;[90m# stepDefinition.GeneralStep.modal_confirmation_is_displayed(java.lang.String)&amp#27;[0m
  &amp#27;[32mWhen &amp#27;[0m&amp#27;[32muser clicks on &amp#27;[0m&amp#27;[32m&amp#27;[1m"OK"&amp#27;[0m&amp#27;[32m button&amp#27;[0m                                                 &amp#27;[90m# stepDefinition.GeneralStep.user_clicks_on_button(java.lang.String)&amp#27;[0m
  &amp#27;[32mThen &amp#27;[0m&amp#27;[32mnotification &amp#27;[0m&amp#27;[32m&amp#27;[1m"Success"&amp#27;[0m&amp#27;[32m and &amp#27;[0m&amp#27;[32m&amp#27;[1m"Culture Reagent has been updated"&amp#27;[0m&amp#27;[32m is displayed&amp#27;[0m &amp#27;[90m# stepDefinition.GeneralStep.notification_and_is_displayed(java.lang.String,java.lang.String)&amp#27;[0m
  &amp#27;[32mWhen &amp#27;[0m&amp#27;[32muser clicks on &amp#27;[0m&amp#27;[32m&amp#27;[1m"close"&amp#27;[0m&amp#27;[32m icon&amp#27;[0m                                                &amp#27;[90m# stepDefinition.GeneralStep.user_clicks_on_icon(java.lang.String)&amp#27;[0m
  &amp#27;[32mThen &amp#27;[0m&amp#27;[32muser is navigated to &amp#27;[0m&amp#27;[32m&amp#27;[1m"Culture Reagent"&amp#27;[0m&amp#27;[32m page&amp#27;[0m                                &amp#27;[90m# stepDefinition.GeneralStep.user_is_navigated_to_page(java.lang.String)&amp#27;[0m

@reagentculture @CC-1132_Edit_One_Culture_Reagent_Item
Scenario: Select and Edit an culture reagent item                                 &amp#27;[90m# src/test/resources/features/Culture Reagent/Edit Culture Reagent/CC-1132 Edit One Culture Reagent Item.feature:17&amp#27;[0m
  &amp#27;[32mGiven &amp#27;[0m&amp#27;[32muser has already logged in to application with this credentials&amp#27;[0m           &amp#27;[90m# stepDefinition.LoginPageStep.user_has_already_logged_in_to_application_with_this_credentials(io.cucumber.datatable.DataTable)&amp#27;[0m
    | username | password |
    | admin    | admin    |
  &amp#27;[32mAnd &amp#27;[0m&amp#27;[32muser is navigated to &amp#27;[0m&amp#27;[32m&amp#27;[1m"Dashboard"&amp#27;[0m&amp#27;[32m page&amp#27;[0m                                       &amp#27;[90m# stepDefinition.GeneralStep.user_is_navigated_to_page(java.lang.String)&amp#27;[0m
  &amp#27;[32mWhen &amp#27;[0m&amp#27;[32muser clicks on menu &amp#27;[0m&amp#27;[32m&amp#27;[1m"Reagent"&amp#27;[0m                                              &amp#27;[90m# stepDefinition.GeneralStep.user_clicks_on_menu(java.lang.String)&amp#27;[0m
  &amp#27;[32mAnd &amp#27;[0m&amp#27;[32muser clicks on sub-menu &amp#27;[0m&amp#27;[32m&amp#27;[1m"Culture Reagent"&amp#27;[0m                                   &amp#27;[90m# stepDefinition.GeneralStep.user_clicks_on_sub_menu(java.lang.String)&amp#27;[0m
  &amp#27;[32mThen &amp#27;[0m&amp#27;[32muser is navigated to &amp#27;[0m&amp#27;[32m&amp#27;[1m"Culture Reagent"&amp#27;[0m&amp#27;[32m page&amp#27;[0m                                &amp#27;[90m# stepDefinition.GeneralStep.user_is_navigated_to_page(java.lang.String)&amp#27;[0m
  &amp#27;[32mAnd &amp#27;[0m&amp#27;[32m&amp#27;[0m&amp#27;[32m&amp#27;[1m"Reagent 7 Culture"&amp#27;[0m&amp#27;[32m items is &amp#27;[0m&amp#27;[32m&amp#27;[1m"already"&amp#27;[0m&amp#27;[32m exist&amp#27;[0m                                &amp#27;[90m# stepDefinition.GeneralStep.items_is_exist(java.lang.String,java.lang.String)&amp#27;[0m
  &amp#27;[32mWhen &amp#27;[0m&amp#27;[32muser select an item &amp#27;[0m&amp#27;[32m&amp#27;[1m"Reagent 7 Culture"&amp#27;[0m&amp#27;[32m by check the checkbox&amp#27;[0m              &amp#27;[90m# stepDefinition.GeneralStep.user_select_an_item_by_check_the_checkbox(java.lang.String)&amp#27;[0m
  &amp#27;[32mThen &amp#27;[0m&amp#27;[32mitem &amp#27;[0m&amp#27;[32m&amp#27;[1m"Reagent 7 Culture"&amp#27;[0m&amp#27;[32m is checked&amp#27;[0m                                        &amp#27;[90m# stepDefinition.GeneralStep.item_is_checked(java.lang.String)&amp#27;[0m
  &amp#27;[32mAnd &amp#27;[0m&amp#27;[32micon &amp#27;[0m&amp#27;[32m&amp#27;[1m"edit"&amp#27;[0m&amp#27;[32m is enabled in page&amp#27;[0m                                              &amp#27;[90m# stepDefinition.GeneralStep.icon_is_enabled_in_page(java.lang.String)&amp#27;[0m
  &amp#27;[32mWhen &amp#27;[0m&amp#27;[32muser clicks on &amp#27;[0m&amp#27;[32m&amp#27;[1m"edit"&amp#27;[0m&amp#27;[32m icon&amp#27;[0m                                                 &amp#27;[90m# stepDefinition.GeneralStep.user_clicks_on_icon(java.lang.String)&amp#27;[0m
  &amp#27;[32mThen &amp#27;[0m&amp#27;[32muser is navigated to &amp#27;[0m&amp#27;[32m&amp#27;[1m"Edit Culture Reagent"&amp#27;[0m&amp#27;[32m page&amp#27;[0m                           &amp#27;[90m# stepDefinition.GeneralStep.user_is_navigated_to_page(java.lang.String)&amp#27;[0m
  &amp#27;[32mWhen &amp#27;[0m&amp#27;[32muser &amp#27;[0m&amp#27;[32m&amp#27;[1m"change"&amp#27;[0m&amp#27;[32m &amp#27;[0m&amp#27;[32m&amp#27;[1m"Reagent 7.0 Culture "&amp#27;[0m&amp#27;[32m in &amp#27;[0m&amp#27;[32m&amp#27;[1m"name"&amp#27;[0m&amp#27;[32m textbox&amp#27;[0m                     &amp#27;[90m# stepDefinition.GeneralStep.user_in_textbox(java.lang.String,java.lang.String,java.lang.String)&amp#27;[0m
  &amp#27;[32mAnd &amp#27;[0m&amp#27;[32muser &amp#27;[0m&amp#27;[32m&amp#27;[1m"change"&amp#27;[0m&amp#27;[32m &amp#27;[0m&amp#27;[32m&amp#27;[1m"Create Reagent 7.0  Culture"&amp#27;[0m&amp#27;[32m in &amp#27;[0m&amp#27;[32m&amp#27;[1m"notes"&amp#27;[0m&amp#27;[32m textbox&amp#27;[0m              &amp#27;[90m# stepDefinition.GeneralStep.user_in_textbox(java.lang.String,java.lang.String,java.lang.String)&amp#27;[0m
  &amp#27;[32mWhen &amp#27;[0m&amp#27;[32muser select reagent compotition &amp#27;[0m&amp#27;[32m&amp#27;[1m"Trypsin"&amp#27;[0m&amp#27;[32m and type &amp#27;[0m&amp#27;[32m&amp#27;[1m"100"&amp#27;[0m&amp#27;[32m in persentage&amp#27;[0m     &amp#27;[90m# stepDefinition.Reagent.ReagentCulturePageStep.user_select_reagent_compotition_and_type_in_persentage(java.lang.String,java.lang.String)&amp#27;[0m
  &amp#27;[32mThen &amp#27;[0m&amp#27;[32mcomposition reagent selected is &amp#27;[0m&amp#27;[32m&amp#27;[1m"Trypsin"&amp#27;[0m                                  &amp#27;[90m# stepDefinition.Reagent.ReagentCulturePageStep.composition_reagent_selected_is(java.lang.String)&amp#27;[0m
  &amp#27;[32mAnd &amp#27;[0m&amp#27;[32maccepted total volume of reagent is &amp#27;[0m&amp#27;[32m&amp#27;[1m"100"&amp#27;[0m                                   &amp#27;[90m# stepDefinition.Reagent.ReagentCulturePageStep.accepted_total_volume_of_reagent_is(java.lang.String)&amp#27;[0m
  &amp#27;[32mAnd &amp#27;[0m&amp#27;[32muser clicks on &amp#27;[0m&amp#27;[32m&amp#27;[1m"Save"&amp#27;[0m&amp#27;[32m button&amp#27;[0m                                                &amp#27;[90m# stepDefinition.GeneralStep.user_clicks_on_button(java.lang.String)&amp#27;[0m
  &amp#27;[32mThen &amp#27;[0m&amp#27;[32mmodal &amp#27;[0m&amp#27;[32m&amp#27;[1m"Sav]]></system-out>
    <system-err><![CDATA[[main] INFO io.github.bonigarcia.wdm.WebDriverManager - Using chromedriver 104.0.5112.79 (resolved driver for Chrome 104)
[main] INFO io.github.bonigarcia.wdm.WebDriverManager - Exporting webdriver.chrome.driver as C:\Users\smith\.cache\selenium\chromedriver\win32\104.0.5112.79\chromedriver.exe
Starting ChromeDriver 104.0.5112.79 (3cf3e8c8a07d104b9e1260c910efb8f383285dc5-refs/branch-heads/5112@{#1307}) on port 63821
Only local connections are allowed.
Please see https://chromedriver.chromium.org/security-considerations for suggestions on keeping ChromeDriver safe.
ChromeDriver was started successfully.
Aug 26, 2022 10:31:27 AM org.openqa.selenium.remote.ProtocolHandshake createSession
INFO: Detected upstream dialect: W3C
Aug 26, 2022 10:31:27 AM org.openqa.selenium.devtools.CdpVersionFinder findNearestMatch
INFO: Found exact CDP implementation for version 104
[AsyncHttpClient-1-6] WARN org.asynchttpclient.netty.handler.WebSocketHandler - onError
java.net.SocketException: Connection reset
	at java.base/sun.nio.ch.SocketChannelImpl.throwConnectionReset(SocketChannelImpl.java:394)
	at java.base/sun.nio.ch.SocketChannelImpl.read(SocketChannelImpl.java:426)
	at io.netty.buffer.PooledByteBuf.setBytes(PooledByteBuf.java:258)
	at io.netty.buffer.AbstractByteBuf.writeBytes(AbstractByteBuf.java:1132)
	at io.netty.channel.socket.nio.NioSocketChannel.doReadBytes(NioSocketChannel.java:357)
	at io.netty.channel.nio.AbstractNioByteChannel$NioByteUnsafe.read(AbstractNioByteChannel.java:151)
	at io.netty.channel.nio.NioEventLoop.processSelectedKey(NioEventLoop.java:722)
	at io.netty.channel.nio.NioEventLoop.processSelectedKeysOptimized(NioEventLoop.java:658)
	at io.netty.channel.nio.NioEventLoop.processSelectedKeys(NioEventLoop.java:584)
	at io.netty.channel.nio.NioEventLoop.run(NioEventLoop.java:496)
	at io.netty.util.concurrent.SingleThreadEventExecutor$4.run(SingleThreadEventExecutor.java:997)
	at io.netty.util.internal.ThreadExecutorMap$2.run(ThreadExecutorMap.java:74)
	at io.netty.util.concurrent.FastThreadLocalRunnable.run(FastThreadLocalRunnable.java:30)
	at java.base/java.lang.Thread.run(Thread.java:833)
Aug 26, 2022 10:31:35 AM org.openqa.selenium.remote.http.WebSocket$Listener onError
WARNING: Connection reset
java.net.SocketException: Connection reset
	at java.base/sun.nio.ch.SocketChannelImpl.throwConnectionReset(SocketChannelImpl.java:394)
	at java.base/sun.nio.ch.SocketChannelImpl.read(SocketChannelImpl.java:426)
	at io.netty.buffer.PooledByteBuf.setBytes(PooledByteBuf.java:258)
	at io.netty.buffer.AbstractByteBuf.writeBytes(AbstractByteBuf.java:1132)
	at io.netty.channel.socket.nio.NioSocketChannel.doReadBytes(NioSocketChannel.java:357)
	at io.netty.channel.nio.AbstractNioByteChannel$NioByteUnsafe.read(AbstractNioByteChannel.java:151)
	at io.netty.channel.nio.NioEventLoop.processSelectedKey(NioEventLoop.java:722)
	at io.netty.channel.nio.NioEventLoop.processSelectedKeysOptimized(NioEventLoop.java:658)
	at io.netty.channel.nio.NioEventLoop.processSelectedKeys(NioEventLoop.java:584)
	at io.netty.channel.nio.NioEventLoop.run(NioEventLoop.java:496)
	at io.netty.util.concurrent.SingleThreadEventExecutor$4.run(SingleThreadEventExecutor.java:997)
	at io.netty.util.internal.ThreadExecutorMap$2.run(ThreadExecutorMap.java:74)
	at io.netty.util.concurrent.FastThreadLocalRunnable.run(FastThreadLocalRunnable.java:30)
	at java.base/java.lang.Thread.run(Thread.java:833)

]]></system-err>
  </testcase>
  <testcase name="Select and Delete an Culture reagent item" classname="delete Reagent 7.0 Culture, 8.0, 9.0" time="14.419">
    <system-out><![CDATA[browser value is: chromeheadless

Reagent 9.0 Culture
Reagent 8.0 Culture
Reagent 7.0 Culture

Reagent 9.0 Culture
Reagent 8.0 Culture

Reagent 9.0 Culture

Trypan-Blue
Amphotericin B
D-10
Complete DMEM
RPMI 1640
DMEM FBS 10
DMEM High Glucose
Trypsin
FBS Heat Inactivated
Penicillin-Streptomycin

Trypan-Blue
Amphotericin B
D-10
Complete DMEM
RPMI 1640
DMEM FBS 10
DMEM High Glucose
Trypsin
FBS Heat Inactivated
Penicillin-Streptomycin

Trypan-Blue
Amphotericin B
D-10
Complete DMEM
RPMI 1640
DMEM FBS 10
DMEM High Glucose
Trypsin
FBS Heat Inactivated
Penicillin-Streptomycin

Trypan-Blue
Amphotericin B
D-10
Complete DMEM
RPMI 1640
DMEM FBS 10
DMEM High Glucose
Trypsin
FBS Heat Inactivated
Penicillin-Streptomycin

Trypan-Blue
Amphotericin B
D-10
Complete DMEM
RPMI 1640
DMEM FBS 10
DMEM High Glucose
Trypsin
FBS Heat Inactivated
Penicillin-Streptomycin

Trypan-Blue
Amphotericin B
D-10
Complete DMEM
RPMI 1640
DMEM FBS 10
DMEM High Glucose
Trypsin
FBS Heat Inactivated
Penicillin-Streptomycin
]]></system-out>
    <system-err><![CDATA[[main] INFO io.github.bonigarcia.wdm.WebDriverManager - Using chromedriver 104.0.5112.79 (resolved driver for Chrome 104)
[main] INFO io.github.bonigarcia.wdm.WebDriverManager - Exporting webdriver.chrome.driver as C:\Users\smith\.cache\selenium\chromedriver\win32\104.0.5112.79\chromedriver.exe
Starting ChromeDriver 104.0.5112.79 (3cf3e8c8a07d104b9e1260c910efb8f383285dc5-refs/branch-heads/5112@{#1307}) on port 55182
Only local connections are allowed.
Please see https://chromedriver.chromium.org/security-considerations for suggestions on keeping ChromeDriver safe.
ChromeDriver was started successfully.
Aug 26, 2022 10:31:36 AM org.openqa.selenium.remote.ProtocolHandshake createSession
INFO: Detected upstream dialect: W3C
Aug 26, 2022 10:31:36 AM org.openqa.selenium.devtools.CdpVersionFinder findNearestMatch
INFO: Found exact CDP implementation for version 104
[AsyncHttpClient-1-9] WARN org.asynchttpclient.netty.handler.WebSocketHandler - onError
java.net.SocketException: Connection reset
	at java.base/sun.nio.ch.SocketChannelImpl.throwConnectionReset(SocketChannelImpl.java:394)
	at java.base/sun.nio.ch.SocketChannelImpl.read(SocketChannelImpl.java:426)
	at io.netty.buffer.PooledByteBuf.setBytes(PooledByteBuf.java:258)
	at io.netty.buffer.AbstractByteBuf.writeBytes(AbstractByteBuf.java:1132)
	at io.netty.channel.socket.nio.NioSocketChannel.doReadBytes(NioSocketChannel.java:357)
	at io.netty.channel.nio.AbstractNioByteChannel$NioByteUnsafe.read(AbstractNioByteChannel.java:151)
	at io.netty.channel.nio.NioEventLoop.processSelectedKey(NioEventLoop.java:722)
	at io.netty.channel.nio.NioEventLoop.processSelectedKeysOptimized(NioEventLoop.java:658)
	at io.netty.channel.nio.NioEventLoop.processSelectedKeys(NioEventLoop.java:584)
	at io.netty.channel.nio.NioEventLoop.run(NioEventLoop.java:496)
	at io.netty.util.concurrent.SingleThreadEventExecutor$4.run(SingleThreadEventExecutor.java:997)
	at io.netty.util.internal.ThreadExecutorMap$2.run(ThreadExecutorMap.java:74)
	at io.netty.util.concurrent.FastThreadLocalRunnable.run(FastThreadLocalRunnable.java:30)
	at java.base/java.lang.Thread.run(Thread.java:833)
Aug 26, 2022 10:31:49 AM org.openqa.selenium.remote.http.WebSocket$Listener onError
WARNING: Connection reset
java.net.SocketException: Connection reset
	at java.base/sun.nio.ch.SocketChannelImpl.throwConnectionReset(SocketChannelImpl.java:394)
	at java.base/sun.nio.ch.SocketChannelImpl.read(SocketChannelImpl.java:426)
	at io.netty.buffer.PooledByteBuf.setBytes(PooledByteBuf.java:258)
	at io.netty.buffer.AbstractByteBuf.writeBytes(AbstractByteBuf.java:1132)
	at io.netty.channel.socket.nio.NioSocketChannel.doReadBytes(NioSocketChannel.java:357)
	at io.netty.channel.nio.AbstractNioByteChannel$NioByteUnsafe.read(AbstractNioByteChannel.java:151)
	at io.netty.channel.nio.NioEventLoop.processSelectedKey(NioEventLoop.java:722)
	at io.netty.channel.nio.NioEventLoop.processSelectedKeysOptimized(NioEventLoop.java:658)
	at io.netty.channel.nio.NioEventLoop.processSelectedKeys(NioEventLoop.java:584)
	at io.netty.channel.nio.NioEventLoop.run(NioEventLoop.java:496)
	at io.netty.util.concurrent.SingleThreadEventExecutor$4.run(SingleThreadEventExecutor.java:997)
	at io.netty.util.internal.ThreadExecutorMap$2.run(ThreadExecutorMap.java:74)
	at io.netty.util.concurrent.FastThreadLocalRunnable.run(FastThreadLocalRunnable.java:30)
	at java.base/java.lang.Thread.run(Thread.java:833)

]]></system-err>
  </testcase>
  <testcase name="Create New Cell Line" classname="CC-1122:User registering multiple Pre-barcoded labwares #1" time="5.935">
    <system-out><![CDATA[browser value is: chromeheadless
e Confirm"&amp#27;[0m&amp#27;[32m confirmation is displayed&amp#27;[0m                             &amp#27;[90m# stepDefinition.GeneralStep.modal_confirmation_is_displayed(java.lang.String)&amp#27;[0m
  &amp#27;[32mWhen &amp#27;[0m&amp#27;[32muser clicks on &amp#27;[0m&amp#27;[32m&amp#27;[1m"OK"&amp#27;[0m&amp#27;[32m button&amp#27;[0m                                                 &amp#27;[90m# stepDefinition.GeneralStep.user_clicks_on_button(java.lang.String)&amp#27;[0m
  &amp#27;[32mThen &amp#27;[0m&amp#27;[32mnotification &amp#27;[0m&amp#27;[32m&amp#27;[1m"Success"&amp#27;[0m&amp#27;[32m and &amp#27;[0m&amp#27;[32m&amp#27;[1m"Culture Reagent has been updated"&amp#27;[0m&amp#27;[32m is displayed&amp#27;[0m &amp#27;[90m# stepDefinition.GeneralStep.notification_and_is_displayed(java.lang.String,java.lang.String)&amp#27;[0m
  &amp#27;[32mAnd &amp#27;[0m&amp#27;[32muser is navigated to &amp#27;[0m&amp#27;[32m&amp#27;[1m"Culture Reagent"&amp#27;[0m&amp#27;[32m page&amp#27;[0m                                 &amp#27;[90m# stepDefinition.GeneralStep.user_is_navigated_to_page(java.lang.String)&amp#27;[0m

@reagentculture @Z
Scenario: Select and Delete an Culture reagent item                                &amp#27;[90m# src/test/resources/features/Culture Reagent/Edit Culture Reagent/Z.feature:19&amp#27;[0m
  &amp#27;[32mGiven &amp#27;[0m&amp#27;[32muser has already logged in to application with this credentials&amp#27;[0m            &amp#27;[90m# stepDefinition.LoginPageStep.user_has_already_logged_in_to_application_with_this_credentials(io.cucumber.datatable.DataTable)&amp#27;[0m
    | username | password |
    | admin    | admin    |
  &amp#27;[32mAnd &amp#27;[0m&amp#27;[32muser is navigated to &amp#27;[0m&amp#27;[32m&amp#27;[1m"Dashboard"&amp#27;[0m&amp#27;[32m page&amp#27;[0m                                        &amp#27;[90m# stepDefinition.GeneralStep.user_is_navigated_to_page(java.lang.String)&amp#27;[0m
  &amp#27;[32mWhen &amp#27;[0m&amp#27;[32muser clicks on menu &amp#27;[0m&amp#27;[32m&amp#27;[1m"Reagent"&amp#27;[0m                                               &amp#27;[90m# stepDefinition.GeneralStep.user_clicks_on_menu(java.lang.String)&amp#27;[0m
  &amp#27;[32mAnd &amp#27;[0m&amp#27;[32muser clicks on sub-menu &amp#27;[0m&amp#27;[32m&amp#27;[1m"Culture Reagent"&amp#27;[0m                                    &amp#27;[90m# stepDefinition.GeneralStep.user_clicks_on_sub_menu(java.lang.String)&amp#27;[0m
  &amp#27;[32mThen &amp#27;[0m&amp#27;[32muser is navigated to &amp#27;[0m&amp#27;[32m&amp#27;[1m"Culture Reagent"&amp#27;[0m&amp#27;[32m page&amp#27;[0m                                 &amp#27;[90m# stepDefinition.GeneralStep.user_is_navigated_to_page(java.lang.String)&amp#27;[0m
  &amp#27;[32mAnd &amp#27;[0m&amp#27;[32m&amp#27;[0m&amp#27;[32m&amp#27;[1m"Reagent 7.0 Culture"&amp#27;[0m&amp#27;[32m items is &amp#27;[0m&amp#27;[32m&amp#27;[1m"already"&amp#27;[0m&amp#27;[32m exist&amp#27;[0m                               &amp#27;[90m# stepDefinition.GeneralStep.items_is_exist(java.lang.String,java.lang.String)&amp#27;[0m
  &amp#27;[32mAnd &amp#27;[0m&amp#27;[32m&amp#27;[0m&amp#27;[32m&amp#27;[1m"Reagent 8.0 Culture"&amp#27;[0m&amp#27;[32m items is &amp#27;[0m&amp#27;[32m&amp#27;[1m"already"&amp#27;[0m&amp#27;[32m exist&amp#27;[0m                               &amp#27;[90m# stepDefinition.GeneralStep.items_is_exist(java.lang.String,java.lang.String)&amp#27;[0m
  &amp#27;[32mAnd &amp#27;[0m&amp#27;[32m&amp#27;[0m&amp#27;[32m&amp#27;[1m"Reagent 9.0 Culture"&amp#27;[0m&amp#27;[32m items is &amp#27;[0m&amp#27;[32m&amp#27;[1m"already"&amp#27;[0m&amp#27;[32m exist&amp#27;[0m                               &amp#27;[90m# stepDefinition.GeneralStep.items_is_exist(java.lang.String,java.lang.String)&amp#27;[0m
  &amp#27;[32mWhen &amp#27;[0m&amp#27;[32muser select an item &amp#27;[0m&amp#27;[32m&amp#27;[1m"Reagent 7.0 Culture"&amp#27;[0m&amp#27;[32m by check the checkbox&amp#27;[0m             &amp#27;[90m# stepDefinition.GeneralStep.user_select_an_item_by_check_the_checkbox(java.lang.String)&amp#27;[0m
  &amp#27;[32mThen &amp#27;[0m&amp#27;[32mitem &amp#27;[0m&amp#27;[32m&amp#27;[1m"Reagent 7.0 Culture"&amp#27;[0m&amp#27;[32m is checked&amp#27;[0m                                       &amp#27;[90m# stepDefinition.GeneralStep.item_is_checked(java.lang.String)&amp#27;[0m
  &amp#27;[32mAnd &amp#27;[0m&amp#27;[32micon &amp#27;[0m&amp#27;[32m&amp#27;[1m"delete"&amp#27;[0m&amp#27;[32m is enabled in page&amp#27;[0m                                             &amp#27;[90m# stepDefinition.GeneralStep.icon_is_enabled_in_page(java.lang.String)&amp#27;[0m
  &amp#27;[32mWhen &amp#27;[0m&amp#27;[32muser select an item &amp#27;[0m&amp#27;[32m&amp#27;[1m"Reagent 8.0 Culture"&amp#27;[0m&amp#27;[32m by check the checkbox&amp#27;[0m             &amp#27;[90m# stepDefinition.GeneralStep.user_select_an_item_by_check_the_checkbox(java.lang.String)&amp#27;[0m
  &amp#27;[32mThen &amp#27;[0m&amp#27;[32mitem &amp#27;[0m&amp#27;[32m&amp#27;[1m"Reagent 8.0 Culture"&amp#27;[0m&amp#27;[32m is checked&amp#27;[0m                                       &amp#27;[90m# stepDefinition.GeneralStep.item_is_checked(java.lang.String)&amp#27;[0m
  &amp#27;[32mWhen &amp#27;[0m&amp#27;[32muser select an item &amp#27;[0m&amp#27;[32m&amp#27;[1m"Reagent 9.0 Culture"&amp#27;[0m&amp#27;[32m by check the checkbox&amp#27;[0m             &amp#27;[90m# stepDefinition.GeneralStep.user_select_an_item_by_check_the_checkbox(java.lang.String)&amp#27;[0m
  &amp#27;[32mThen &amp#27;[0m&amp#27;[32mitem &amp#27;[0m&amp#27;[32m&amp#27;[1m"Reagent 9.0 Culture"&amp#27;[0m&amp#27;[32m is checked&amp#27;[0m                                       &amp#27;[90m# stepDefinition.GeneralStep.item_is_checked(java.lang.String)&amp#27;[0m
  &amp#27;[32mWhen &amp#27;[0m&amp#27;[32muser clicks on &amp#27;[0m&amp#27;[32m&amp#27;[1m"delete"&amp#27;[0m&amp#27;[32m icon&amp#27;[0m                                                &amp#27;[90m# stepDefinition.GeneralStep.user_clicks_on_icon(java.lang.String)&amp#27;[0m
  &amp#27;[32mThen &amp#27;[0m&amp#27;[32mmodal &amp#27;[0m&amp#27;[32m&amp#27;[1m"Delete Culture Reagent"&amp#27;[0m&amp#27;[32m confirmation is displayed&amp#27;[0m                    &amp#27;[90m# stepDefinition.GeneralStep.modal_confirmation_is_displayed(java.lang.String)&amp#27;[0m
  &amp#27;[32mWhen &amp#27;[0m&amp#27;[32muser clicks on &amp#27;[0m&amp#27;[32m&amp#27;[1m"OK"&amp#27;[0m&amp#27;[32m button&amp#27;[0m                                                  &amp#27;[90m# stepDefinition.GeneralStep.user_clicks_on_button(java.lang.String)&amp#27;[0m
  &amp#27;[32mThen &amp#27;[0m&amp#27;[32mnotification &amp#27;[0m&amp#27;[32m&amp#27;[1m"Success"&amp#27;[0m&amp#27;[32m and &amp#27;[0m&amp#27;[32m&amp#27;[1m"Culture Reagents has been deleted"&amp#27;[0m&amp#27;[32m is displayed&amp#27;[0m &amp#27;[90m# stepDefinition.GeneralStep.notification_and_is_displayed(java.lang.String,java.lang.String)&amp#27;[0m
  &amp#27;[32mAnd &amp#27;[0m&amp#27;[32m&amp#27;[0m&amp#27;[32m&amp#27;[1m"Reagent 7.0 Culture"&amp#27;[0m&amp#27;[32m items is &amp#27;[0m&amp#27;[32m&amp#27;[1m"not"&amp#27;[0m&amp#27;[32m exist&amp#27;[0m                                   &amp#27;[90m# stepDefinition.GeneralStep.items_is_exist(java.lang.String,java.lang.String)&amp#27;[0m
  &amp#27;[32mAnd &amp#27;[0m&amp#27;[32m&amp#27;[0m&amp#27;[32m&amp#27;[1m"Reagent 8.0 Culture"&amp#27;[0m&amp#27;[32m items is &amp#27;[0m&amp#27;[32m&amp#27;[1m"not"&amp#27;[0m&amp#27;[32m exist&amp#27;[0m                                   &amp#27;[90m# stepDefinition.GeneralStep.items_is_exist(java.lang.String,java.lang.String)&amp#27;[0m
  &amp#27;[32mAnd &amp#27;[0m&amp#27;[32m&amp#27;[0m&amp#27;[32m&amp#27;[1m"Reagent 9.0 Culture"&amp#27;[0m&amp#27;[32m items is &amp#27;[0m&amp#27;[32m&amp#27;[1m"not"&amp#27;[0m&amp#27;[32m exist&amp#27;[0m                                   &amp#27;[90m# stepDefinition.GeneralStep.items_is_exist(java.lang.String,java.lang.String)&amp#27;[0m
  &amp#27;[32mWhen &amp#27;[0m&amp#27;[32muser refresh the browser page&amp#27;[0m                                               &amp#27;[90m# stepDefinition.GeneralStep.user_refresh_the_browser_page()&amp#27;[0m
  &amp#27;[32mThen &amp#27;[0m&amp#27;[32muser is navigated to &amp#27;[0m&amp#27;[32m&amp#27;[1m"Dashboard"&amp#27;[0m&amp#27;[32m page&amp#27;[0m                                       &amp#27;[90m# stepDefinition.GeneralStep.user_is_navigated_to_page(java.lang.String)&amp#27;[0m
  &amp#27;[32mWhen &amp#27;[0m&amp#27;[32muser clicks on menu &amp#27;[0m&amp#27;[32m&amp#27;[1m"Reagent"&amp#27;[0m                                               &amp#27;[90m# stepDefinition.GeneralStep.user_clicks_on_menu(java.lang.String)&amp#27;[0m
  &amp#27;[32mAnd &amp#27;[0m&amp#27;[32muser clicks on sub-menu &amp#27;[0m&amp#27;[32m&amp#27;[1m"Culture Reagent"&amp#27;[0m                                    &amp#27;[90m# stepDefinition.GeneralStep.user_clicks_on_sub_menu(java.lang.String)&amp#27;[0m
  &amp#27;[32mThen &amp#27;[0m&amp#27;[32muser is navigated to &amp#27;[0m&amp#27;[32m&amp#27;[1m"Culture Reagent"&amp#27;[0m&amp#27;[32m page&amp#27;[0m                                 &amp#27;[90m# stepDefinition.GeneralStep.user_is_navigated_to_page(java.lang.String)&amp#27;[0m
  &amp#27;[32mAnd &amp#27;[0m&amp#27;[32m&amp#27;[0m&amp#27;[32m&amp#27;[1m"Reagent 7.0 Culture"&amp#27;[0m&amp#27;[32m items is &amp#27;[0m&amp#27;[32m&amp#27;[1m"not"&amp#27;[0m&amp#27;[32m exist&amp#27;[0m                                   &amp#27;[90m# stepDefinition.GeneralStep.items_is_exist(java.lang.String,java.lang.String)&amp#27;[0m
  &amp#27;[32mAnd &amp#27;[0m&amp#27;[32m&amp#27;[0m&amp#27;[32m&amp#27;[1m"Reagent 8.0 Culture"&amp#27;[0m&amp#27;[32m items is &amp#27;[0m&amp#27;[32m&amp#27;[1m"not"&amp#27;[0m&amp#27;[32m exist&amp#27;[0m                                   &amp#27;[90m# stepDefinition.GeneralStep.items_is_exist(java.lang.String,java.lang.String)&amp#27;[0m
  &amp#27;[32mAnd &amp#27;[0m&amp#27;[32m&amp#27;[0m&amp#27;[32m&amp#27;[1m"Reagent 9.0 Culture"&amp#27;[0m&amp#27;[32m items is &amp#27;[0m&amp#27;[32m&amp#27;[1m"not"&amp#27;[0m&amp#27;[32m exist&amp#27;[0m                                   &amp#27;[90m# stepDefinition.GeneralStep.items_is_exist(java.lang.String,java.lang.String)&amp#27;[0m

@CC-1122
Scenario: Create New Cell Line                                          &amp#27;[90m# src/test/resources/features/Labware Manager/Labware Inventory/Create, Register and Install Labware/CC-1122_User registering multiple Pre-barcoded labwares.feature:15&amp#27;[0m
  &amp#27;[32mGiven &amp#27;[0m&amp#27;[32muser has already logged in to application with this credentials&amp#27;[0m &amp#27;[90m# stepDefinition.LoginPageStep.user_has_already_logged_in_to_application_with_this_credentials(io.cucumber.datatable.DataTable)&amp#27;[0m
    | username | password |
    | admin    | admin    |
  &amp#27;[32mAnd &amp#27;[0m&amp#27;[32muser is navigated to &amp#27;[0m&amp#27;[32m&amp#27;[1m"Dashboard"&amp#27;[0m&amp#27;[32m page&amp#27;[0m                             &amp#27;[90m# stepDefinition.GeneralStep.user_is_navigated_to_page(java.lang]]></system-out>
    <system-err><![CDATA[[main] INFO io.github.bonigarcia.wdm.WebDriverManager - Using chromedriver 104.0.5112.79 (resolved driver for Chrome 104)
[main] INFO io.github.bonigarcia.wdm.WebDriverManager - Exporting webdriver.chrome.driver as C:\Users\smith\.cache\selenium\chromedriver\win32\104.0.5112.79\chromedriver.exe
Starting ChromeDriver 104.0.5112.79 (3cf3e8c8a07d104b9e1260c910efb8f383285dc5-refs/branch-heads/5112@{#1307}) on port 62521
Only local connections are allowed.
Please see https://chromedriver.chromium.org/security-considerations for suggestions on keeping ChromeDriver safe.
ChromeDriver was started successfully.
Aug 26, 2022 10:31:50 AM org.openqa.selenium.remote.ProtocolHandshake createSession
INFO: Detected upstream dialect: W3C
Aug 26, 2022 10:31:50 AM org.openqa.selenium.devtools.CdpVersionFinder findNearestMatch
INFO: Found exact CDP implementation for version 104
[AsyncHttpClient-1-4] WARN org.asynchttpclient.netty.handler.WebSocketHandler - onError
java.net.SocketException: Connection reset
	at java.base/sun.nio.ch.SocketChannelImpl.throwConnectionReset(SocketChannelImpl.java:394)
	at java.base/sun.nio.ch.SocketChannelImpl.read(SocketChannelImpl.java:426)
	at io.netty.buffer.PooledByteBuf.setBytes(PooledByteBuf.java:258)
	at io.netty.buffer.AbstractByteBuf.writeBytes(AbstractByteBuf.java:1132)
	at io.netty.channel.socket.nio.NioSocketChannel.doReadBytes(NioSocketChannel.java:357)
	at io.netty.channel.nio.AbstractNioByteChannel$NioByteUnsafe.read(AbstractNioByteChannel.java:151)
	at io.netty.channel.nio.NioEventLoop.processSelectedKey(NioEventLoop.java:722)
	at io.netty.channel.nio.NioEventLoop.processSelectedKeysOptimized(NioEventLoop.java:658)
	at io.netty.channel.nio.NioEventLoop.processSelectedKeys(NioEventLoop.java:584)
	at io.netty.channel.nio.NioEventLoop.run(NioEventLoop.java:496)
	at io.netty.util.concurrent.SingleThreadEventExecutor$4.run(SingleThreadEventExecutor.java:997)
	at io.netty.util.internal.ThreadExecutorMap$2.run(ThreadExecutorMap.java:74)
	at io.netty.util.concurrent.FastThreadLocalRunnable.run(FastThreadLocalRunnable.java:30)
	at java.base/java.lang.Thread.run(Thread.java:833)
Aug 26, 2022 10:31:55 AM org.openqa.selenium.remote.http.WebSocket$Listener onError
WARNING: Connection reset
java.net.SocketException: Connection reset
	at java.base/sun.nio.ch.SocketChannelImpl.throwConnectionReset(SocketChannelImpl.java:394)
	at java.base/sun.nio.ch.SocketChannelImpl.read(SocketChannelImpl.java:426)
	at io.netty.buffer.PooledByteBuf.setBytes(PooledByteBuf.java:258)
	at io.netty.buffer.AbstractByteBuf.writeBytes(AbstractByteBuf.java:1132)
	at io.netty.channel.socket.nio.NioSocketChannel.doReadBytes(NioSocketChannel.java:357)
	at io.netty.channel.nio.AbstractNioByteChannel$NioByteUnsafe.read(AbstractNioByteChannel.java:151)
	at io.netty.channel.nio.NioEventLoop.processSelectedKey(NioEventLoop.java:722)
	at io.netty.channel.nio.NioEventLoop.processSelectedKeysOptimized(NioEventLoop.java:658)
	at io.netty.channel.nio.NioEventLoop.processSelectedKeys(NioEventLoop.java:584)
	at io.netty.channel.nio.NioEventLoop.run(NioEventLoop.java:496)
	at io.netty.util.concurrent.SingleThreadEventExecutor$4.run(SingleThreadEventExecutor.java:997)
	at io.netty.util.internal.ThreadExecutorMap$2.run(ThreadExecutorMap.java:74)
	at io.netty.util.concurrent.FastThreadLocalRunnable.run(FastThreadLocalRunnable.java:30)
	at java.base/java.lang.Thread.run(Thread.java:833)

]]></system-err>
  </testcase>
  <testcase name="User registering trough with content" classname="CC-1124:User registering trough with content" time="45.642">
    <error message="no such element: Unable to locate element: {&quot;method&quot;:&quot;xpath&quot;,&quot;selector&quot;:&quot;//*[text()=&apos;register&apos;]/parent::button&quot;}&#10;  (Session info: headless chrome=104.0.5112.102)&#10;For documentation on this error, please visit: https://selenium.dev/exceptions/#no_such_element&#10;Build info: version: &apos;4.4.0&apos;, revision: &apos;e5c75ed026a&apos;&#10;System info: host: &apos;DESKTOP-SJM9DM9&apos;, ip: &apos;172.18.112.1&apos;, os.name: &apos;Windows 10&apos;, os.arch: &apos;amd64&apos;, os.version: &apos;10.0&apos;, java.version: &apos;17.0.1&apos;&#10;Driver info: org.openqa.selenium.chrome.ChromeDriver&#10;Command: [60e5c89c3d3d3e63820762b3557eb251, findElement {using=xpath, value=//*[text()=&apos;register&apos;]/parent::button}]&#10;Capabilities {acceptInsecureCerts: false, browserName: chrome, browserVersion: 104.0.5112.102, chrome: {chromedriverVersion: 104.0.5112.79 (3cf3e8c8a07d..., userDataDir: C:\Users\smith\AppData\Loca...}, goog:chromeOptions: {debuggerAddress: localhost:63313}, networkConnectionEnabled: false, pageLoadStrategy: normal, platformName: WINDOWS, proxy: Proxy(), se:cdp: ws://localhost:63313/devtoo..., se:cdpVersion: 104.0.5112.102, setWindowRect: true, strictFileInteractability: false, timeouts: {implicit: 0, pageLoad: 300000, script: 30000}, unhandledPromptBehavior: dismiss and notify, webauthn:extension:credBlob: true, webauthn:extension:largeBlob: true, webauthn:virtualAuthenticators: true}&#10;Session ID: 60e5c89c3d3d3e63820762b3557eb251" type="org.openqa.selenium.NoSuchElementException"><![CDATA[org.openqa.selenium.NoSuchElementException: 
no such element: Unable to locate element: {"method":"xpath","selector":"//*[text()='register']/parent::button"}
  (Session info: headless chrome=104.0.5112.102)
For documentation on this error, please visit: https://selenium.dev/exceptions/#no_such_element
Build info: version: '4.4.0', revision: 'e5c75ed026a'
System info: host: 'DESKTOP-SJM9DM9', ip: '172.18.112.1', os.name: 'Windows 10', os.arch: 'amd64', os.version: '10.0', java.version: '17.0.1'
Driver info: org.openqa.selenium.chrome.ChromeDriver
Command: [60e5c89c3d3d3e63820762b3557eb251, findElement {using=xpath, value=//*[text()='register']/parent::button}]
Capabilities {acceptInsecureCerts: false, browserName: chrome, browserVersion: 104.0.5112.102, chrome: {chromedriverVersion: 104.0.5112.79 (3cf3e8c8a07d..., userDataDir: C:\Users\smith\AppData\Loca...}, goog:chromeOptions: {debuggerAddress: localhost:63313}, networkConnectionEnabled: false, pageLoadStrategy: normal, platformName: WINDOWS, proxy: Proxy(), se:cdp: ws://localhost:63313/devtoo..., se:cdpVersion: 104.0.5112.102, setWindowRect: true, strictFileInteractability: false, timeouts: {implicit: 0, pageLoad: 300000, script: 30000}, unhandledPromptBehavior: dismiss and notify, webauthn:extension:credBlob: true, webauthn:extension:largeBlob: true, webauthn:virtualAuthenticators: true}
Session ID: 60e5c89c3d3d3e63820762b3557eb251
]]></error>
    <system-out><![CDATA[browser value is: chromeheadless
.String)&amp#27;[0m
  &amp#27;[32mWhen &amp#27;[0m&amp#27;[32muser clicks on menu &amp#27;[0m&amp#27;[32m&amp#27;[1m"Labware"&amp#27;[0m                                    &amp#27;[90m# stepDefinition.GeneralStep.user_clicks_on_menu(java.lang.String)&amp#27;[0m
  &amp#27;[32mAnd &amp#27;[0m&amp#27;[32muser clicks on sub-menu &amp#27;[0m&amp#27;[32m&amp#27;[1m"Inventory"&amp#27;[0m                               &amp#27;[90m# stepDefinition.GeneralStep.user_clicks_on_sub_menu(java.lang.String)&amp#27;[0m
  &amp#27;[32mThen &amp#27;[0m&amp#27;[32muser is navigated to &amp#27;[0m&amp#27;[32m&amp#27;[1m"Inventory"&amp#27;[0m&amp#27;[32m page&amp#27;[0m                            &amp#27;[90m# stepDefinition.GeneralStep.user_is_navigated_to_page(java.lang.String)&amp#27;[0m
  &amp#27;[32mWhen &amp#27;[0m&amp#27;[32muser clicks on &amp#27;[0m&amp#27;[32m&amp#27;[1m"Register"&amp#27;[0m&amp#27;[32m button&amp#27;[0m                                 &amp#27;[90m# stepDefinition.GeneralStep.user_clicks_on_button(java.lang.String)&amp#27;[0m
  &amp#27;[32mThen &amp#27;[0m&amp#27;[32muser is navigated to &amp#27;[0m&amp#27;[32m&amp#27;[1m"Register Inventory"&amp#27;[0m&amp#27;[32m page&amp#27;[0m                   &amp#27;[90m# stepDefinition.GeneralStep.user_is_navigated_to_page(java.lang.String)&amp#27;[0m

@CC-1124
Scenario: User registering trough with content                                &amp#27;[90m# src/test/resources/features/Labware Manager/Labware Inventory/Create, Register and Install Labware/CC-1124_User registering trough with content.feature:15&amp#27;[0m
  &amp#27;[32mGiven &amp#27;[0m&amp#27;[32muser has already logged in to application with this credentials&amp#27;[0m       &amp#27;[90m# stepDefinition.LoginPageStep.user_has_already_logged_in_to_application_with_this_credentials(io.cucumber.datatable.DataTable)&amp#27;[0m
    | username | password |
    | admin    | admin    |
  &amp#27;[32mAnd &amp#27;[0m&amp#27;[32muser is navigated to &amp#27;[0m&amp#27;[32m&amp#27;[1m"Dashboard"&amp#27;[0m&amp#27;[32m page&amp#27;[0m                                   &amp#27;[90m# stepDefinition.GeneralStep.user_is_navigated_to_page(java.lang.String)&amp#27;[0m
  &amp#27;[32mWhen &amp#27;[0m&amp#27;[32muser clicks on menu &amp#27;[0m&amp#27;[32m&amp#27;[1m"Labware"&amp#27;[0m                                          &amp#27;[90m# stepDefinition.GeneralStep.user_clicks_on_menu(java.lang.String)&amp#27;[0m
  &amp#27;[32mAnd &amp#27;[0m&amp#27;[32muser clicks on sub-menu &amp#27;[0m&amp#27;[32m&amp#27;[1m"Inventory"&amp#27;[0m                                     &amp#27;[90m# stepDefinition.GeneralStep.user_clicks_on_sub_menu(java.lang.String)&amp#27;[0m
  &amp#27;[32mThen &amp#27;[0m&amp#27;[32muser is navigated to &amp#27;[0m&amp#27;[32m&amp#27;[1m"Inventory"&amp#27;[0m&amp#27;[32m page&amp#27;[0m                                  &amp#27;[90m# stepDefinition.GeneralStep.user_is_navigated_to_page(java.lang.String)&amp#27;[0m
  &amp#27;[31mWhen &amp#27;[0m&amp#27;[31muser clicks on &amp#27;[0m&amp#27;[31m&amp#27;[1m"register"&amp#27;[0m&amp#27;[31m button&amp#27;[0m                                       &amp#27;[90m# stepDefinition.GeneralStep.user_clicks_on_button(java.lang.String)&amp#27;[0m
      &amp#27;[31morg.openqa.selenium.NoSuchElementException: no such element: Unable to locate element: {"method":"xpath","selector":"//*[text()='register']/parent::button"}
  (Session info: headless chrome=104.0.5112.102)
For documentation on this error, please visit: https://selenium.dev/exceptions/#no_such_element
Build info: version: '4.4.0', revision: 'e5c75ed026a'
System info: host: 'DESKTOP-SJM9DM9', ip: '172.18.112.1', os.name: 'Windows 10', os.arch: 'amd64', os.version: '10.0', java.version: '17.0.1'
Driver info: org.openqa.selenium.chrome.ChromeDriver
Command: [60e5c89c3d3d3e63820762b3557eb251, findElement {using=xpath, value=//*[text()='register']/parent::button}]
Capabilities {acceptInsecureCerts: false, browserName: chrome, browserVersion: 104.0.5112.102, chrome: {chromedriverVersion: 104.0.5112.79 (3cf3e8c8a07d..., userDataDir: C:\Users\smith\AppData\Loca...}, goog:chromeOptions: {debuggerAddress: localhost:63313}, networkConnectionEnabled: false, pageLoadStrategy: normal, platformName: WINDOWS, proxy: Proxy(), se:cdp: ws://localhost:63313/devtoo..., se:cdpVersion: 104.0.5112.102, setWindowRect: true, strictFileInteractability: false, timeouts: {implicit: 0, pageLoad: 300000, script: 30000}, unhandledPromptBehavior: dismiss and notify, webauthn:extension:credBlob: true, webauthn:extension:largeBlob: true, webauthn:virtualAuthenticators: true}
Session ID: 60e5c89c3d3d3e63820762b3557eb251
	at java.base/jdk.internal.reflect.NativeConstructorAccessorImpl.newInstance0(Native Method)
	at java.base/jdk.internal.reflect.NativeConstructorAccessorImpl.newInstance(NativeConstructorAccessorImpl.java:77)
	at java.base/jdk.internal.reflect.DelegatingConstructorAccessorImpl.newInstance(DelegatingConstructorAccessorImpl.java:45)
	at java.base/java.lang.reflect.Constructor.newInstanceWithCaller(Constructor.java:499)
	at java.base/java.lang.reflect.Constructor.newInstance(Constructor.java:480)
	at org.openqa.selenium.remote.codec.w3c.W3CHttpResponseCodec.createException(W3CHttpResponseCodec.java:200)
	at org.openqa.selenium.remote.codec.w3c.W3CHttpResponseCodec.decode(W3CHttpResponseCodec.java:133)
	at org.openqa.selenium.remote.codec.w3c.W3CHttpResponseCodec.decode(W3CHttpResponseCodec.java:53)
	at org.openqa.selenium.remote.HttpCommandExecutor.execute(HttpCommandExecutor.java:184)
	at org.openqa.selenium.remote.service.DriverCommandExecutor.invokeExecute(DriverCommandExecutor.java:167)
	at org.openqa.selenium.remote.service.DriverCommandExecutor.execute(DriverCommandExecutor.java:142)
	at org.openqa.selenium.remote.RemoteWebDriver.execute(RemoteWebDriver.java:547)
	at org.openqa.selenium.remote.ElementLocation$ElementFinder$2.findElement(ElementLocation.java:162)
	at org.openqa.selenium.remote.ElementLocation.findElement(ElementLocation.java:60)
	at org.openqa.selenium.remote.RemoteWebDriver.findElement(RemoteWebDriver.java:365)
	at org.openqa.selenium.remote.RemoteWebDriver.findElement(RemoteWebDriver.java:357)
	at stepDefinition.GeneralStep.user_clicks_on_button(GeneralStep.java:62)
	at âœ½.user clicks on "register" button(file:///C:/Users/smith/OneDrive/Documents/INTERN/Cell/cellsuite/cellsuite/src/test/resources/features/Labware%20Manager/Labware%20Inventory/Create,%20Register%20and%20Install%20Labware/CC-1124_User%20registering%20trough%20with%20content.feature:16)
&amp#27;[0m
  &amp#27;[36mThen &amp#27;[0m&amp#27;[36muser is navigated to &amp#27;[0m&amp#27;[36m&amp#27;[1m"Register Inventory"&amp#27;[0m&amp#27;[36m page&amp#27;[0m                         &amp#27;[90m# stepDefinition.GeneralStep.user_is_navigated_to_page(java.lang.String)&amp#27;[0m
  &amp#27;[36mWhen &amp#27;[0m&amp#27;[36muser select &amp#27;[0m&amp#27;[36m&amp#27;[1m"Trough 250"&amp#27;[0m&amp#27;[36m in dropdown &amp#27;[0m&amp#27;[36m&amp#27;[1m"Labware"&amp#27;[0m                         &amp#27;[90m# stepDefinition.GeneralStep.user_select_in_dropdown(java.lang.String,java.lang.String)&amp#27;[0m
  &amp#27;[36mAnd &amp#27;[0m&amp#27;[36muser select &amp#27;[0m&amp#27;[36m&amp#27;[1m"Reagent"&amp#27;[0m&amp#27;[36m in dropdown &amp#27;[0m&amp#27;[36m&amp#27;[1m"Content Type"&amp#27;[0m                        &amp#27;[90m# stepDefinition.GeneralStep.user_select_in_dropdown(java.lang.String,java.lang.String)&amp#27;[0m
  &amp#27;[36mThen &amp#27;[0m&amp#27;[36mcreat content menu is appear&amp#27;[0m
  &amp#27;[36mWhen &amp#27;[0m&amp#27;[36muser enter Exp Date ""&amp#27;[0m
  &amp#27;[36mWhen &amp#27;[0m&amp#27;[36muser select &amp#27;[0m&amp#27;[36m&amp#27;[1m"25Â°C (Room Temperature)"&amp#27;[0m&amp#27;[36m in dropdown &amp#27;[0m&amp#27;[36m&amp#27;[1m"Stored Temperature"&amp#27;[0m &amp#27;[90m# stepDefinition.GeneralStep.user_select_in_dropdown(java.lang.String,java.lang.String)&amp#27;[0m
  &amp#27;[36mWhen &amp#27;[0m&amp#27;[36muser clicks on &amp#27;[0m&amp#27;[36m&amp#27;[1m"Create Content"&amp#27;[0m&amp#27;[36m button&amp#27;[0m                                 &amp#27;[90m# stepDefinition.GeneralStep.user_clicks_on_button(java.lang.String)&amp#27;[0m
  &amp#27;[36mThen &amp#27;[0m&amp#27;[36madd content form is appear&amp#27;[0m
  &amp#27;[36mWhen &amp#27;[0m&amp#27;[36m"Through 250" user choose "RPMI 1640" and volume "250000"&amp#27;[0m
  &amp#27;[36mAnd &amp#27;[0m&amp#27;[36muser clicks on &amp#27;[0m&amp#27;[36m&amp#27;[1m"OK"&amp#27;[0m&amp#27;[36m button&amp#27;[0m                                              &amp#27;[90m# stepDefinition.GeneralStep.user_clicks_on_button(java.lang.String)&amp#27;[0m
  &amp#27;[36mAnd &amp#27;[0m&amp#27;[36muser select "Generate by system" on barcode radio box&amp#27;[0m
  &amp#27;[36mAnd &amp#27;[0m&amp#27;[36muser enters "Some Notes" notes labware&amp#27;[0m
  &amp#27;[36mAnd &amp#27;[0m&amp#27;[36muser clicks on &amp#27;[0m&amp#27;[36m&amp#27;[1m"Save"&amp#27;[0m&amp#27;[36m button&amp#27;[0m                                            &amp#27;[90m# stepDefinition.GeneralStep.user_clicks_on_button(java.lang.String)&amp#27;[0m
  &amp#27;[36mThen &amp#27;[0m&amp#27;[36muser get notification "Success" and "Labware has been registered"&amp#27;[0m
  &amp#27;[36mAnd &amp#27;[0m&amp#27;[36muser get modal popup "Save Labware"&amp#27;[0m
  &amp#27;[36mAnd &amp#27;[0m&amp#27;[36muser clicks on &amp#27;[0m&amp#27;[36m&amp#27;[1m"OK"&amp#27;[0m&amp#27;[36m button&amp#27;[0m                                              &amp#27;[90m# stepDefinition.GeneralStep.user_clicks_on_button(java.lang.String)&amp#27;[0m
  &amp#27;[36mThen &amp#27;[0m&amp#27;[36muser is navigated to &amp#27;[0m&amp#27;[36m&amp#27;[1m"Inventory"&amp#27;[0m&amp#27;[36m page&amp#27;[0m                                  &amp#27;[90m# stepDefinition.GeneralStep.user_is_navigated_to_page(jav]]></system-out>
    <system-err><![CDATA[[main] INFO io.github.bonigarcia.wdm.WebDriverManager - Using chromedriver 104.0.5112.79 (resolved driver for Chrome 104)
[main] INFO io.github.bonigarcia.wdm.WebDriverManager - Exporting webdriver.chrome.driver as C:\Users\smith\.cache\selenium\chromedriver\win32\104.0.5112.79\chromedriver.exe
Starting ChromeDriver 104.0.5112.79 (3cf3e8c8a07d104b9e1260c910efb8f383285dc5-refs/branch-heads/5112@{#1307}) on port 62285
Only local connections are allowed.
Please see https://chromedriver.chromium.org/security-considerations for suggestions on keeping ChromeDriver safe.
ChromeDriver was started successfully.
Aug 26, 2022 10:31:57 AM org.openqa.selenium.remote.ProtocolHandshake createSession
INFO: Detected upstream dialect: W3C
Aug 26, 2022 10:31:57 AM org.openqa.selenium.devtools.CdpVersionFinder findNearestMatch
INFO: Found exact CDP implementation for version 104
[AsyncHttpClient-1-7] WARN org.asynchttpclient.netty.handler.WebSocketHandler - onError
java.net.SocketException: Connection reset
	at java.base/sun.nio.ch.SocketChannelImpl.throwConnectionReset(SocketChannelImpl.java:394)
	at java.base/sun.nio.ch.SocketChannelImpl.read(SocketChannelImpl.java:426)
	at io.netty.buffer.PooledByteBuf.setBytes(PooledByteBuf.java:258)
	at io.netty.buffer.AbstractByteBuf.writeBytes(AbstractByteBuf.java:1132)
	at io.netty.channel.socket.nio.NioSocketChannel.doReadBytes(NioSocketChannel.java:357)
	at io.netty.channel.nio.AbstractNioByteChannel$NioByteUnsafe.read(AbstractNioByteChannel.java:151)
	at io.netty.channel.nio.NioEventLoop.processSelectedKey(NioEventLoop.java:722)
	at io.netty.channel.nio.NioEventLoop.processSelectedKeysOptimized(NioEventLoop.java:658)
	at io.netty.channel.nio.NioEventLoop.processSelectedKeys(NioEventLoop.java:584)
	at io.netty.channel.nio.NioEventLoop.run(NioEventLoop.java:496)
	at io.netty.util.concurrent.SingleThreadEventExecutor$4.run(SingleThreadEventExecutor.java:997)
	at io.netty.util.internal.ThreadExecutorMap$2.run(ThreadExecutorMap.java:74)
	at io.netty.util.concurrent.FastThreadLocalRunnable.run(FastThreadLocalRunnable.java:30)
	at java.base/java.lang.Thread.run(Thread.java:833)
Aug 26, 2022 10:32:41 AM org.openqa.selenium.remote.http.WebSocket$Listener onError
WARNING: Connection reset
java.net.SocketException: Connection reset
	at java.base/sun.nio.ch.SocketChannelImpl.throwConnectionReset(SocketChannelImpl.java:394)
	at java.base/sun.nio.ch.SocketChannelImpl.read(SocketChannelImpl.java:426)
	at io.netty.buffer.PooledByteBuf.setBytes(PooledByteBuf.java:258)
	at io.netty.buffer.AbstractByteBuf.writeBytes(AbstractByteBuf.java:1132)
	at io.netty.channel.socket.nio.NioSocketChannel.doReadBytes(NioSocketChannel.java:357)
	at io.netty.channel.nio.AbstractNioByteChannel$NioByteUnsafe.read(AbstractNioByteChannel.java:151)
	at io.netty.channel.nio.NioEventLoop.processSelectedKey(NioEventLoop.java:722)
	at io.netty.channel.nio.NioEventLoop.processSelectedKeysOptimized(NioEventLoop.java:658)
	at io.netty.channel.nio.NioEventLoop.processSelectedKeys(NioEventLoop.java:584)
	at io.netty.channel.nio.NioEventLoop.run(NioEventLoop.java:496)
	at io.netty.util.concurrent.SingleThreadEventExecutor$4.run(SingleThreadEventExecutor.java:997)
	at io.netty.util.internal.ThreadExecutorMap$2.run(ThreadExecutorMap.java:74)
	at io.netty.util.concurrent.FastThreadLocalRunnable.run(FastThreadLocalRunnable.java:30)
	at java.base/java.lang.Thread.run(Thread.java:833)

]]></system-err>
  </testcase>
  <testcase name="User registering empty trough" classname="CC-1134:User registering empty trough" time="11.39">
    <error message="Expected condition failed: waiting for visibility of [[ChromeDriver: chrome on WINDOWS (19158a436b6d3a306ee974bdacb45bd8)] -&gt; xpath: //span[text()=&apos;Inventory&apos;]/parent::li] (tried for 5 second(s) with 500 milliseconds interval)&#10;Build info: version: &apos;4.4.0&apos;, revision: &apos;e5c75ed026a&apos;&#10;System info: host: &apos;DESKTOP-SJM9DM9&apos;, ip: &apos;172.18.112.1&apos;, os.name: &apos;Windows 10&apos;, os.arch: &apos;amd64&apos;, os.version: &apos;10.0&apos;, java.version: &apos;17.0.1&apos;&#10;Driver info: org.openqa.selenium.chrome.ChromeDriver&#10;Capabilities {acceptInsecureCerts: false, browserName: chrome, browserVersion: 104.0.5112.102, chrome: {chromedriverVersion: 104.0.5112.79 (3cf3e8c8a07d..., userDataDir: C:\Users\smith\AppData\Loca...}, goog:chromeOptions: {debuggerAddress: localhost:63353}, networkConnectionEnabled: false, pageLoadStrategy: normal, platformName: WINDOWS, proxy: Proxy(), se:cdp: ws://localhost:63353/devtoo..., se:cdpVersion: 104.0.5112.102, setWindowRect: true, strictFileInteractability: false, timeouts: {implicit: 0, pageLoad: 300000, script: 30000}, unhandledPromptBehavior: dismiss and notify, webauthn:extension:credBlob: true, webauthn:extension:largeBlob: true, webauthn:virtualAuthenticators: true}&#10;Session ID: 19158a436b6d3a306ee974bdacb45bd8" type="org.openqa.selenium.TimeoutException"><![CDATA[org.openqa.selenium.TimeoutException: 
Expected condition failed: waiting for visibility of [[ChromeDriver: chrome on WINDOWS (19158a436b6d3a306ee974bdacb45bd8)] -> xpath: //span[text()='Inventory']/parent::li] (tried for 5 second(s) with 500 milliseconds interval)
Build info: version: '4.4.0', revision: 'e5c75ed026a'
System info: host: 'DESKTOP-SJM9DM9', ip: '172.18.112.1', os.name: 'Windows 10', os.arch: 'amd64', os.version: '10.0', java.version: '17.0.1'
Driver info: org.openqa.selenium.chrome.ChromeDriver
Capabilities {acceptInsecureCerts: false, browserName: chrome, browserVersion: 104.0.5112.102, chrome: {chromedriverVersion: 104.0.5112.79 (3cf3e8c8a07d..., userDataDir: C:\Users\smith\AppData\Loca...}, goog:chromeOptions: {debuggerAddress: localhost:63353}, networkConnectionEnabled: false, pageLoadStrategy: normal, platformName: WINDOWS, proxy: Proxy(), se:cdp: ws://localhost:63353/devtoo..., se:cdpVersion: 104.0.5112.102, setWindowRect: true, strictFileInteractability: false, timeouts: {implicit: 0, pageLoad: 300000, script: 30000}, unhandledPromptBehavior: dismiss and notify, webauthn:extension:credBlob: true, webauthn:extension:largeBlob: true, webauthn:virtualAuthenticators: true}
Session ID: 19158a436b6d3a306ee974bdacb45bd8
]]></error>
    <system-out><![CDATA[browser value is: chromeheadless

Deep Well 96/2000
Deep Well 96/1000
Tip Caddy F1000
Tip Caddy F200
Trough 250
]]></system-out>
    <system-err><![CDATA[[main] INFO io.github.bonigarcia.wdm.WebDriverManager - Using chromedriver 104.0.5112.79 (resolved driver for Chrome 104)
[main] INFO io.github.bonigarcia.wdm.WebDriverManager - Exporting webdriver.chrome.driver as C:\Users\smith\.cache\selenium\chromedriver\win32\104.0.5112.79\chromedriver.exe
Starting ChromeDriver 104.0.5112.79 (3cf3e8c8a07d104b9e1260c910efb8f383285dc5-refs/branch-heads/5112@{#1307}) on port 53570
Only local connections are allowed.
Please see https://chromedriver.chromium.org/security-considerations for suggestions on keeping ChromeDriver safe.
ChromeDriver was started successfully.
Aug 26, 2022 10:32:42 AM org.openqa.selenium.remote.ProtocolHandshake createSession
INFO: Detected upstream dialect: W3C
Aug 26, 2022 10:32:42 AM org.openqa.selenium.devtools.CdpVersionFinder findNearestMatch
INFO: Found exact CDP implementation for version 104
[AsyncHttpClient-1-2] WARN org.asynchttpclient.netty.handler.WebSocketHandler - onError
java.net.SocketException: Connection reset
	at java.base/sun.nio.ch.SocketChannelImpl.throwConnectionReset(SocketChannelImpl.java:394)
	at java.base/sun.nio.ch.SocketChannelImpl.read(SocketChannelImpl.java:426)
	at io.netty.buffer.PooledByteBuf.setBytes(PooledByteBuf.java:258)
	at io.netty.buffer.AbstractByteBuf.writeBytes(AbstractByteBuf.java:1132)
	at io.netty.channel.socket.nio.NioSocketChannel.doReadBytes(NioSocketChannel.java:357)
	at io.netty.channel.nio.AbstractNioByteChannel$NioByteUnsafe.read(AbstractNioByteChannel.java:151)
	at io.netty.channel.nio.NioEventLoop.processSelectedKey(NioEventLoop.java:722)
	at io.netty.channel.nio.NioEventLoop.processSelectedKeysOptimized(NioEventLoop.java:658)
	at io.netty.channel.nio.NioEventLoop.processSelectedKeys(NioEventLoop.java:584)
	at io.netty.channel.nio.NioEventLoop.run(NioEventLoop.java:496)
	at io.netty.util.concurrent.SingleThreadEventExecutor$4.run(SingleThreadEventExecutor.java:997)
	at io.netty.util.internal.ThreadExecutorMap$2.run(ThreadExecutorMap.java:74)
	at io.netty.util.concurrent.FastThreadLocalRunnable.run(FastThreadLocalRunnable.java:30)
	at java.base/java.lang.Thread.run(Thread.java:833)
Aug 26, 2022 10:32:52 AM org.openqa.selenium.remote.http.WebSocket$Listener onError
WARNING: Connection reset
java.net.SocketException: Connection reset
	at java.base/sun.nio.ch.SocketChannelImpl.throwConnectionReset(SocketChannelImpl.java:394)
	at java.base/sun.nio.ch.SocketChannelImpl.read(SocketChannelImpl.java:426)
	at io.netty.buffer.PooledByteBuf.setBytes(PooledByteBuf.java:258)
	at io.netty.buffer.AbstractByteBuf.writeBytes(AbstractByteBuf.java:1132)
	at io.netty.channel.socket.nio.NioSocketChannel.doReadBytes(NioSocketChannel.java:357)
	at io.netty.channel.nio.AbstractNioByteChannel$NioByteUnsafe.read(AbstractNioByteChannel.java:151)
	at io.netty.channel.nio.NioEventLoop.processSelectedKey(NioEventLoop.java:722)
	at io.netty.channel.nio.NioEventLoop.processSelectedKeysOptimized(NioEventLoop.java:658)
	at io.netty.channel.nio.NioEventLoop.processSelectedKeys(NioEventLoop.java:584)
	at io.netty.channel.nio.NioEventLoop.run(NioEventLoop.java:496)
	at io.netty.util.concurrent.SingleThreadEventExecutor$4.run(SingleThreadEventExecutor.java:997)
	at io.netty.util.internal.ThreadExecutorMap$2.run(ThreadExecutorMap.java:74)
	at io.netty.util.concurrent.FastThreadLocalRunnable.run(FastThreadLocalRunnable.java:30)
	at java.base/java.lang.Thread.run(Thread.java:833)

]]></system-err>
  </testcase>
  <testcase name="User registering tip caddy" classname="CC-1141:User registering tip caddy" time="2.901">
    <error message="The step &apos;user is navigated to website &quot;http://localhost:5050&quot;&apos; and 11 other step(s) are undefined.&#10;You can implement these steps using the snippet(s) below:&#10;&#10;@Given(&quot;user is navigated to website {string}&quot;)&#10;public void user_is_navigated_to_website(String string) {&#10;    // Write code here that turns the phrase above into concrete actions&#10;    throw new io.cucumber.java.PendingException();&#10;}&#10;@When(&quot;user enters {string} as {string}&quot;)&#10;public void user_enters_as(String string, String string2) {&#10;    // Write code here that turns the phrase above into concrete actions&#10;    throw new io.cucumber.java.PendingException();&#10;}&#10;@Then(&quot;{string} is typed on {string} textbox&quot;)&#10;public void is_typed_on_textbox(String string, String string2) {&#10;    // Write code here that turns the phrase above into concrete actions&#10;    throw new io.cucumber.java.PendingException();&#10;}&#10;@Then(&quot;data table show up&quot;)&#10;public void data_table_show_up() {&#10;    // Write code here that turns the phrase above into concrete actions&#10;    throw new io.cucumber.java.PendingException();&#10;}&#10;@When(&quot;user enters tip Amount {string}&quot;)&#10;public void user_enters_tip_amount(String string) {&#10;    // Write code here that turns the phrase above into concrete actions&#10;    throw new io.cucumber.java.PendingException();&#10;}&#10;@When(&quot;user select {string} on barcode radio box&quot;)&#10;public void user_select_on_barcode_radio_box(String string) {&#10;    // Write code here that turns the phrase above into concrete actions&#10;    throw new io.cucumber.java.PendingException();&#10;}&#10;@When(&quot;user enters {string} notes labware&quot;)&#10;public void user_enters_notes_labware(String string) {&#10;    // Write code here that turns the phrase above into concrete actions&#10;    throw new io.cucumber.java.PendingException();&#10;}&#10;@Then(&quot;user get notification {string} and {string}&quot;)&#10;public void user_get_notification_and(String string, String string2) {&#10;    // Write code here that turns the phrase above into concrete actions&#10;    throw new io.cucumber.java.PendingException();&#10;}&#10;@Then(&quot;user get modal popup {string}&quot;)&#10;public void user_get_modal_popup(String string) {&#10;    // Write code here that turns the phrase above into concrete actions&#10;    throw new io.cucumber.java.PendingException();&#10;}&#10;@Then(&quot;System {string} new item {string}&quot;)&#10;public void system_new_item(String string, String string2) {&#10;    // Write code here that turns the phrase above into concrete actions&#10;    throw new io.cucumber.java.PendingException();&#10;}&#10;" type="io.cucumber.junit.UndefinedStepException"><![CDATA[io.cucumber.junit.UndefinedStepException: 
The step 'user is navigated to website "http://localhost:5050"' and 11 other step(s) are undefined.
You can implement these steps using the snippet(s) below:

@Given("user is navigated to website {string}")
public void user_is_navigated_to_website(String string) {
    // Write code here that turns the phrase above into concrete actions
    throw new io.cucumber.java.PendingException();
}
@When("user enters {string} as {string}")
public void user_enters_as(String string, String string2) {
    // Write code here that turns the phrase above into concrete actions
    throw new io.cucumber.java.PendingException();
}
@Then("{string} is typed on {string} textbox")
public void is_typed_on_textbox(String string, String string2) {
    // Write code here that turns the phrase above into concrete actions
    throw new io.cucumber.java.PendingException();
}
@Then("data table show up")
public void data_table_show_up() {
    // Write code here that turns the phrase above into concrete actions
    throw new io.cucumber.java.PendingException();
}
@When("user enters tip Amount {string}")
public void user_enters_tip_amount(String string) {
    // Write code here that turns the phrase above into concrete actions
    throw new io.cucumber.java.PendingException();
}
@When("user select {string} on barcode radio box")
public void user_select_on_barcode_radio_box(String string) {
    // Write code here that turns the phrase above into concrete actions
    throw new io.cucumber.java.PendingException();
}
@When("user enters {string} notes labware")
public void user_enters_notes_labware(String string) {
    // Write code here that turns the phrase above into concrete actions
    throw new io.cucumber.java.PendingException();
}
@Then("user get notification {string} and {string}")
public void user_get_notification_and(String string, String string2) {
    // Write code here that turns the phrase above into concrete actions
    throw new io.cucumber.java.PendingException();
}
@Then("user get modal popup {string}")
public void user_get_modal_popup(String string) {
    // Write code here that turns the phrase above into concrete actions
    throw new io.cucumber.java.PendingException();
}
@Then("System {string} new item {string}")
public void system_new_item(String string, String string2) {
    // Write code here that turns the phrase above into concrete actions
    throw new io.cucumber.java.PendingException();
}

]]></error>
    <system-out><![CDATA[browser value is: chromeheadless
a.lang.String)&amp#27;[0m
  &amp#27;[36mAnd &amp#27;[0m&amp#27;[36mSystem "show" new item "Trough 250"&amp#27;[0m

@CC-1134_User_registering_empty_trough
Scenario: User registering empty trough                                      &amp#27;[90m# src/test/resources/features/Labware Manager/Labware Inventory/Create, Register and Install Labware/CC-1134_User registering empty trough.feature:18&amp#27;[0m
  &amp#27;[32mGiven &amp#27;[0m&amp#27;[32muser has already logged in to application with this credentials&amp#27;[0m      &amp#27;[90m# stepDefinition.LoginPageStep.user_has_already_logged_in_to_application_with_this_credentials(io.cucumber.datatable.DataTable)&amp#27;[0m
    | username | password |
    | admin    | admin    |
  &amp#27;[32mAnd &amp#27;[0m&amp#27;[32muser is navigated to &amp#27;[0m&amp#27;[32m&amp#27;[1m"Dashboard"&amp#27;[0m&amp#27;[32m page&amp#27;[0m                                  &amp#27;[90m# stepDefinition.GeneralStep.user_is_navigated_to_page(java.lang.String)&amp#27;[0m
  &amp#27;[32mWhen &amp#27;[0m&amp#27;[32muser clicks on menu &amp#27;[0m&amp#27;[32m&amp#27;[1m"Labware"&amp#27;[0m                                         &amp#27;[90m# stepDefinition.GeneralStep.user_clicks_on_menu(java.lang.String)&amp#27;[0m
  &amp#27;[32mAnd &amp#27;[0m&amp#27;[32muser clicks on sub-menu &amp#27;[0m&amp#27;[32m&amp#27;[1m"Library"&amp#27;[0m                                      &amp#27;[90m# stepDefinition.GeneralStep.user_clicks_on_sub_menu(java.lang.String)&amp#27;[0m
  &amp#27;[32mThen &amp#27;[0m&amp#27;[32muser is navigated to &amp#27;[0m&amp#27;[32m&amp#27;[1m"Labware Library"&amp#27;[0m&amp#27;[32m page&amp#27;[0m                           &amp#27;[90m# stepDefinition.GeneralStep.user_is_navigated_to_page(java.lang.String)&amp#27;[0m
  &amp#27;[32mAnd &amp#27;[0m&amp#27;[32m&amp#27;[0m&amp#27;[32m&amp#27;[1m"Trough 250"&amp#27;[0m&amp#27;[32m items is &amp#27;[0m&amp#27;[32m&amp#27;[1m"already"&amp#27;[0m&amp#27;[32m exist&amp#27;[0m                                  &amp#27;[90m# stepDefinition.GeneralStep.items_is_exist(java.lang.String,java.lang.String)&amp#27;[0m
  &amp#27;[31mAnd &amp#27;[0m&amp#27;[31muser clicks on sub-menu &amp#27;[0m&amp#27;[31m&amp#27;[1m"Inventory"&amp#27;[0m                                    &amp#27;[90m# stepDefinition.GeneralStep.user_clicks_on_sub_menu(java.lang.String)&amp#27;[0m
      &amp#27;[31morg.openqa.selenium.TimeoutException: Expected condition failed: waiting for visibility of [[ChromeDriver: chrome on WINDOWS (19158a436b6d3a306ee974bdacb45bd8)] -> xpath: //span[text()='Inventory']/parent::li] (tried for 5 second(s) with 500 milliseconds interval)
Build info: version: '4.4.0', revision: 'e5c75ed026a'
System info: host: 'DESKTOP-SJM9DM9', ip: '172.18.112.1', os.name: 'Windows 10', os.arch: 'amd64', os.version: '10.0', java.version: '17.0.1'
Driver info: org.openqa.selenium.chrome.ChromeDriver
Capabilities {acceptInsecureCerts: false, browserName: chrome, browserVersion: 104.0.5112.102, chrome: {chromedriverVersion: 104.0.5112.79 (3cf3e8c8a07d..., userDataDir: C:\Users\smith\AppData\Loca...}, goog:chromeOptions: {debuggerAddress: localhost:63353}, networkConnectionEnabled: false, pageLoadStrategy: normal, platformName: WINDOWS, proxy: Proxy(), se:cdp: ws://localhost:63353/devtoo..., se:cdpVersion: 104.0.5112.102, setWindowRect: true, strictFileInteractability: false, timeouts: {implicit: 0, pageLoad: 300000, script: 30000}, unhandledPromptBehavior: dismiss and notify, webauthn:extension:credBlob: true, webauthn:extension:largeBlob: true, webauthn:virtualAuthenticators: true}
Session ID: 19158a436b6d3a306ee974bdacb45bd8
	at org.openqa.selenium.support.ui.WebDriverWait.timeoutException(WebDriverWait.java:87)
	at org.openqa.selenium.support.ui.FluentWait.until(FluentWait.java:231)
	at stepDefinition.GeneralStep.user_clicks_on_sub_menu(GeneralStep.java:56)
	at âœ½.user clicks on sub-menu "Inventory"(file:///C:/Users/smith/OneDrive/Documents/INTERN/Cell/cellsuite/cellsuite/src/test/resources/features/Labware%20Manager/Labware%20Inventory/Create,%20Register%20and%20Install%20Labware/CC-1134_User%20registering%20empty%20trough.feature:15)
&amp#27;[0m
  &amp#27;[36mThen &amp#27;[0m&amp#27;[36muser is navigated to &amp#27;[0m&amp#27;[36m&amp#27;[1m"Inventory"&amp#27;[0m&amp#27;[36m page&amp#27;[0m                                 &amp#27;[90m# stepDefinition.GeneralStep.user_is_navigated_to_page(java.lang.String)&amp#27;[0m
  &amp#27;[36mWhen &amp#27;[0m&amp#27;[36muser clicks on &amp#27;[0m&amp#27;[36m&amp#27;[1m"Register"&amp#27;[0m&amp#27;[36m button&amp#27;[0m                                      &amp#27;[90m# stepDefinition.GeneralStep.user_clicks_on_button(java.lang.String)&amp#27;[0m
  &amp#27;[36mThen &amp#27;[0m&amp#27;[36muser is navigated to &amp#27;[0m&amp#27;[36m&amp#27;[1m"Register Inventory"&amp#27;[0m&amp#27;[36m page&amp#27;[0m                        &amp#27;[90m# stepDefinition.GeneralStep.user_is_navigated_to_page(java.lang.String)&amp#27;[0m
  &amp#27;[36mWhen &amp#27;[0m&amp#27;[36muser select &amp#27;[0m&amp#27;[36m&amp#27;[1m"Trough 250"&amp#27;[0m&amp#27;[36m in dropdown &amp#27;[0m&amp#27;[36m&amp#27;[1m"Labware"&amp#27;[0m                        &amp#27;[90m# stepDefinition.GeneralStep.user_select_in_dropdown(java.lang.String,java.lang.String)&amp#27;[0m
  &amp#27;[36mThen &amp#27;[0m&amp#27;[36mdropdown &amp#27;[0m&amp#27;[36m&amp#27;[1m"Labware"&amp#27;[0m&amp#27;[36m is filled by &amp#27;[0m&amp#27;[36m&amp#27;[1m"Trough 250"&amp#27;[0m                          &amp#27;[90m# stepDefinition.GeneralStep.dropdown_is_filled_by(java.lang.String,java.lang.String)&amp#27;[0m
  &amp#27;[36mWhen &amp#27;[0m&amp#27;[36muser select &amp#27;[0m&amp#27;[36m&amp#27;[1m"Empty"&amp#27;[0m&amp#27;[36m in dropdown &amp#27;[0m&amp#27;[36m&amp#27;[1m"Content Type"&amp#27;[0m                        &amp#27;[90m# stepDefinition.GeneralStep.user_select_in_dropdown(java.lang.String,java.lang.String)&amp#27;[0m
  &amp#27;[36mThen &amp#27;[0m&amp#27;[36mdropdown &amp#27;[0m&amp#27;[36m&amp#27;[1m"Content Type"&amp#27;[0m&amp#27;[36m is filled by &amp#27;[0m&amp#27;[36m&amp#27;[1m"Empty"&amp#27;[0m                          &amp#27;[90m# stepDefinition.GeneralStep.dropdown_is_filled_by(java.lang.String,java.lang.String)&amp#27;[0m
  &amp#27;[36mWhen &amp#27;[0m&amp#27;[36muser fill on Labware Count as &amp#27;[0m&amp#27;[36m&amp#27;[1m"1"&amp#27;[0m                                     &amp#27;[90m# stepDefinition.LabwareInventoryStep.user_fill_on_labware_count_as(java.lang.String)&amp#27;[0m
  &amp#27;[36mThen &amp#27;[0m&amp#27;[36mLabware Count is filled by &amp#27;[0m&amp#27;[36m&amp#27;[1m"1"&amp#27;[0m                                        &amp#27;[90m# stepDefinition.LabwareInventoryStep.labware_count_is_filled_by(java.lang.String)&amp#27;[0m
  &amp#27;[36mWhen &amp#27;[0m&amp#27;[36muser select &amp#27;[0m&amp#27;[36m&amp#27;[1m"Generate by system"&amp#27;[0m&amp#27;[36m radio&amp#27;[0m                                &amp#27;[90m# stepDefinition.GeneralStep.user_select_radio(java.lang.String)&amp#27;[0m
  &amp#27;[36mThen &amp#27;[0m&amp#27;[36mradio &amp#27;[0m&amp#27;[36m&amp#27;[1m"Generate by system"&amp#27;[0m&amp#27;[36m is selected&amp#27;[0m                                &amp#27;[90m# stepDefinition.GeneralStep.radio_is_selected(java.lang.String)&amp#27;[0m
  &amp#27;[36mWhen &amp#27;[0m&amp#27;[36muser type &amp#27;[0m&amp#27;[36m&amp#27;[1m"Trough 250 Empty"&amp#27;[0m&amp#27;[36m in notes textbox&amp#27;[0m                         &amp#27;[90m# stepDefinition.LabwareInventoryStep.user_type_in_notes_textbox(java.lang.String)&amp#27;[0m
  &amp#27;[36mThen &amp#27;[0m&amp#27;[36mtextbox notes is filled by &amp#27;[0m&amp#27;[36m&amp#27;[1m"Trough 250 Empty"&amp#27;[0m                         &amp#27;[90m# stepDefinition.LabwareInventoryStep.textbox_notes__is_filled_by(java.lang.String)&amp#27;[0m
  &amp#27;[36mAnd &amp#27;[0m&amp#27;[36muser clicks on &amp#27;[0m&amp#27;[36m&amp#27;[1m"Save"&amp#27;[0m&amp#27;[36m button&amp#27;[0m                                           &amp#27;[90m# stepDefinition.GeneralStep.user_clicks_on_button(java.lang.String)&amp#27;[0m
  &amp#27;[36mThen &amp#27;[0m&amp#27;[36mnotification &amp#27;[0m&amp#27;[36m&amp#27;[1m"Success"&amp#27;[0m&amp#27;[36m and &amp#27;[0m&amp#27;[36m&amp#27;[1m"Labware has been registered"&amp#27;[0m&amp#27;[36m is displayed&amp#27;[0m &amp#27;[90m# stepDefinition.GeneralStep.notification_and_is_displayed(java.lang.String,java.lang.String)&amp#27;[0m
  &amp#27;[36mAnd &amp#27;[0m&amp#27;[36mmodal &amp#27;[0m&amp#27;[36m&amp#27;[1m"Save Labware"&amp#27;[0m&amp#27;[36m confirmation is displayed&amp#27;[0m                         &amp#27;[90m# stepDefinition.GeneralStep.modal_confirmation_is_displayed(java.lang.String)&amp#27;[0m
  &amp#27;[36mWhen &amp#27;[0m&amp#27;[36muser clicks button OK in modal Save Labware&amp#27;[0m                           &amp#27;[90m# stepDefinition.LabwareInventoryStep.user_clicks_button_ok_in_modal_save_labware()&amp#27;[0m
  &amp#27;[36mThen &amp#27;[0m&amp#27;[36muser is navigated to &amp#27;[0m&amp#27;[36m&amp#27;[1m"Inventory"&amp#27;[0m&amp#27;[36m page&amp#27;[0m                                 &amp#27;[90m# stepDefinition.GeneralStep.user_is_navigated_to_page(java.lang.String)&amp#27;[0m
  &amp#27;[36mAnd &amp#27;[0m&amp#27;[36mthere is new item &amp#27;[0m&amp#27;[36m&amp#27;[1m"Trough 250"&amp#27;[0m&amp#27;[36m created in table with empty exp date&amp#27;[0m    &amp#27;[90m# stepDefinition.LabwareInventoryStep.there_is_new_item_created_in_table_with_empty_exp_date(java.lang.String)&amp#27;[0m

@CC-1141
Scenario: User registering tip caddy                                     &amp#27;[90m# src/test/resources/features/Labware Manager/Labware Inventory/Create, Register and Install Labware/CC-1141_User registering tip caddy.feature:20&amp#27;[0m
  &amp#27;[33mGiven &amp#27;[0m&amp#27;[33muser is navigated to website "http://localhost:5050"&amp#27;[0m
  &amp#27;[36mThen &amp#27;[0m&amp#27;[36muser is navigated to &amp#27;[0m&amp#27;[36m&amp#27;[1m"Login"&amp#27;[0m&amp#27;[36m page&amp#27;[0m                                 &amp#27;[90m# stepDefinition.GeneralStep.user_is_navigated_to_page(java.lang.String)&amp#27;[0m
  &amp#27;[36mThen &amp#27;[0m&amp#27;[36muser is navigated to &amp#27;[0m&amp#27;[36m&amp#27;[1m"Login"&amp#27;[0m&amp#27;[36m page&amp#27;[0m               ]]></system-out>
    <system-err><![CDATA[[main] INFO io.github.bonigarcia.wdm.WebDriverManager - Using chromedriver 104.0.5112.79 (resolved driver for Chrome 104)
[main] INFO io.github.bonigarcia.wdm.WebDriverManager - Exporting webdriver.chrome.driver as C:\Users\smith\.cache\selenium\chromedriver\win32\104.0.5112.79\chromedriver.exe
Starting ChromeDriver 104.0.5112.79 (3cf3e8c8a07d104b9e1260c910efb8f383285dc5-refs/branch-heads/5112@{#1307}) on port 64051
Only local connections are allowed.
Please see https://chromedriver.chromium.org/security-considerations for suggestions on keeping ChromeDriver safe.
ChromeDriver was started successfully.
Aug 26, 2022 10:32:53 AM org.openqa.selenium.remote.ProtocolHandshake createSession
INFO: Detected upstream dialect: W3C
Aug 26, 2022 10:32:53 AM org.openqa.selenium.devtools.CdpVersionFinder findNearestMatch
INFO: Found exact CDP implementation for version 104
[AsyncHttpClient-1-5] WARN org.asynchttpclient.netty.handler.WebSocketHandler - onError
java.net.SocketException: Connection reset
	at java.base/sun.nio.ch.SocketChannelImpl.throwConnectionReset(SocketChannelImpl.java:394)
	at java.base/sun.nio.ch.SocketChannelImpl.read(SocketChannelImpl.java:426)
	at io.netty.buffer.PooledByteBuf.setBytes(PooledByteBuf.java:258)
	at io.netty.buffer.AbstractByteBuf.writeBytes(AbstractByteBuf.java:1132)
	at io.netty.channel.socket.nio.NioSocketChannel.doReadBytes(NioSocketChannel.java:357)
	at io.netty.channel.nio.AbstractNioByteChannel$NioByteUnsafe.read(AbstractNioByteChannel.java:151)
	at io.netty.channel.nio.NioEventLoop.processSelectedKey(NioEventLoop.java:722)
	at io.netty.channel.nio.NioEventLoop.processSelectedKeysOptimized(NioEventLoop.java:658)
	at io.netty.channel.nio.NioEventLoop.processSelectedKeys(NioEventLoop.java:584)
	at io.netty.channel.nio.NioEventLoop.run(NioEventLoop.java:496)
	at io.netty.util.concurrent.SingleThreadEventExecutor$4.run(SingleThreadEventExecutor.java:997)
	at io.netty.util.internal.ThreadExecutorMap$2.run(ThreadExecutorMap.java:74)
	at io.netty.util.concurrent.FastThreadLocalRunnable.run(FastThreadLocalRunnable.java:30)
	at java.base/java.lang.Thread.run(Thread.java:833)
Aug 26, 2022 10:32:55 AM org.openqa.selenium.remote.http.WebSocket$Listener onError
WARNING: Connection reset
java.net.SocketException: Connection reset
	at java.base/sun.nio.ch.SocketChannelImpl.throwConnectionReset(SocketChannelImpl.java:394)
	at java.base/sun.nio.ch.SocketChannelImpl.read(SocketChannelImpl.java:426)
	at io.netty.buffer.PooledByteBuf.setBytes(PooledByteBuf.java:258)
	at io.netty.buffer.AbstractByteBuf.writeBytes(AbstractByteBuf.java:1132)
	at io.netty.channel.socket.nio.NioSocketChannel.doReadBytes(NioSocketChannel.java:357)
	at io.netty.channel.nio.AbstractNioByteChannel$NioByteUnsafe.read(AbstractNioByteChannel.java:151)
	at io.netty.channel.nio.NioEventLoop.processSelectedKey(NioEventLoop.java:722)
	at io.netty.channel.nio.NioEventLoop.processSelectedKeysOptimized(NioEventLoop.java:658)
	at io.netty.channel.nio.NioEventLoop.processSelectedKeys(NioEventLoop.java:584)
	at io.netty.channel.nio.NioEventLoop.run(NioEventLoop.java:496)
	at io.netty.util.concurrent.SingleThreadEventExecutor$4.run(SingleThreadEventExecutor.java:997)
	at io.netty.util.internal.ThreadExecutorMap$2.run(ThreadExecutorMap.java:74)
	at io.netty.util.concurrent.FastThreadLocalRunnable.run(FastThreadLocalRunnable.java:30)
	at java.base/java.lang.Thread.run(Thread.java:833)

]]></system-err>
  </testcase>
  <testcase name="User registering empty counting plate" classname="CC-1142:User registering empty counting plate" time="10.897">
    <error message="Expected condition failed: waiting for visibility of [[ChromeDriver: chrome on WINDOWS (23a81d56fd0b1d3ce22bc68bf371b082)] -&gt; xpath: //span[text()=&apos;Inventory&apos;]/parent::li] (tried for 5 second(s) with 500 milliseconds interval)&#10;Build info: version: &apos;4.4.0&apos;, revision: &apos;e5c75ed026a&apos;&#10;System info: host: &apos;DESKTOP-SJM9DM9&apos;, ip: &apos;172.18.112.1&apos;, os.name: &apos;Windows 10&apos;, os.arch: &apos;amd64&apos;, os.version: &apos;10.0&apos;, java.version: &apos;17.0.1&apos;&#10;Driver info: org.openqa.selenium.chrome.ChromeDriver&#10;Capabilities {acceptInsecureCerts: false, browserName: chrome, browserVersion: 104.0.5112.102, chrome: {chromedriverVersion: 104.0.5112.79 (3cf3e8c8a07d..., userDataDir: C:\Users\smith\AppData\Loca...}, goog:chromeOptions: {debuggerAddress: localhost:63424}, networkConnectionEnabled: false, pageLoadStrategy: normal, platformName: WINDOWS, proxy: Proxy(), se:cdp: ws://localhost:63424/devtoo..., se:cdpVersion: 104.0.5112.102, setWindowRect: true, strictFileInteractability: false, timeouts: {implicit: 0, pageLoad: 300000, script: 30000}, unhandledPromptBehavior: dismiss and notify, webauthn:extension:credBlob: true, webauthn:extension:largeBlob: true, webauthn:virtualAuthenticators: true}&#10;Session ID: 23a81d56fd0b1d3ce22bc68bf371b082" type="org.openqa.selenium.TimeoutException"><![CDATA[org.openqa.selenium.TimeoutException: 
Expected condition failed: waiting for visibility of [[ChromeDriver: chrome on WINDOWS (23a81d56fd0b1d3ce22bc68bf371b082)] -> xpath: //span[text()='Inventory']/parent::li] (tried for 5 second(s) with 500 milliseconds interval)
Build info: version: '4.4.0', revision: 'e5c75ed026a'
System info: host: 'DESKTOP-SJM9DM9', ip: '172.18.112.1', os.name: 'Windows 10', os.arch: 'amd64', os.version: '10.0', java.version: '17.0.1'
Driver info: org.openqa.selenium.chrome.ChromeDriver
Capabilities {acceptInsecureCerts: false, browserName: chrome, browserVersion: 104.0.5112.102, chrome: {chromedriverVersion: 104.0.5112.79 (3cf3e8c8a07d..., userDataDir: C:\Users\smith\AppData\Loca...}, goog:chromeOptions: {debuggerAddress: localhost:63424}, networkConnectionEnabled: false, pageLoadStrategy: normal, platformName: WINDOWS, proxy: Proxy(), se:cdp: ws://localhost:63424/devtoo..., se:cdpVersion: 104.0.5112.102, setWindowRect: true, strictFileInteractability: false, timeouts: {implicit: 0, pageLoad: 300000, script: 30000}, unhandledPromptBehavior: dismiss and notify, webauthn:extension:credBlob: true, webauthn:extension:largeBlob: true, webauthn:virtualAuthenticators: true}
Session ID: 23a81d56fd0b1d3ce22bc68bf371b082
]]></error>
    <system-out><![CDATA[browser value is: chromeheadless

Deep Well 96/2000
Deep Well 96/1000
Tip Caddy F1000
Tip Caddy F200
Trough 250
CP 24 Wells
                  &amp#27;[90m# stepDefinition.GeneralStep.user_is_navigated_to_page(java.lang.String)&amp#27;[0m
  &amp#27;[36mWhen &amp#27;[0m&amp#27;[36muser enters "Username" as "admin"&amp#27;[0m
  &amp#27;[36mThen &amp#27;[0m&amp#27;[36m"admin" is typed on "Username" textbox&amp#27;[0m
  &amp#27;[36mWhen &amp#27;[0m&amp#27;[36muser enters "Password" as "admin"&amp#27;[0m
  &amp#27;[36mThen &amp#27;[0m&amp#27;[36m"admin" is typed on "Password" textbox&amp#27;[0m
  &amp#27;[36mAnd &amp#27;[0m&amp#27;[36muser clicks on &amp#27;[0m&amp#27;[36m&amp#27;[1m"SIGN IN"&amp#27;[0m&amp#27;[36m button&amp#27;[0m                                    &amp#27;[90m# stepDefinition.GeneralStep.user_clicks_on_button(java.lang.String)&amp#27;[0m
  &amp#27;[36mThen &amp#27;[0m&amp#27;[36muser is navigated to &amp#27;[0m&amp#27;[36m&amp#27;[1m"Dashboard"&amp#27;[0m&amp#27;[36m page&amp#27;[0m                             &amp#27;[90m# stepDefinition.GeneralStep.user_is_navigated_to_page(java.lang.String)&amp#27;[0m
  &amp#27;[36mWhen &amp#27;[0m&amp#27;[36muser clicks on menu &amp#27;[0m&amp#27;[36m&amp#27;[1m"Labware"&amp#27;[0m                                     &amp#27;[90m# stepDefinition.GeneralStep.user_clicks_on_menu(java.lang.String)&amp#27;[0m
  &amp#27;[36mAnd &amp#27;[0m&amp#27;[36muser clicks on sub-menu &amp#27;[0m&amp#27;[36m&amp#27;[1m"Inventory"&amp#27;[0m                                &amp#27;[90m# stepDefinition.GeneralStep.user_clicks_on_sub_menu(java.lang.String)&amp#27;[0m
  &amp#27;[36mThen &amp#27;[0m&amp#27;[36muser is navigated to &amp#27;[0m&amp#27;[36m&amp#27;[1m"Inventory"&amp#27;[0m&amp#27;[36m page&amp#27;[0m                             &amp#27;[90m# stepDefinition.GeneralStep.user_is_navigated_to_page(java.lang.String)&amp#27;[0m
  &amp#27;[36mAnd &amp#27;[0m&amp#27;[36mdata table show up&amp#27;[0m
  &amp#27;[36mWhen &amp#27;[0m&amp#27;[36muser clicks on &amp#27;[0m&amp#27;[36m&amp#27;[1m"Register"&amp#27;[0m&amp#27;[36m button&amp#27;[0m                                  &amp#27;[90m# stepDefinition.GeneralStep.user_clicks_on_button(java.lang.String)&amp#27;[0m
  &amp#27;[36mThen &amp#27;[0m&amp#27;[36muser is navigated to &amp#27;[0m&amp#27;[36m&amp#27;[1m"Register Inventory"&amp#27;[0m&amp#27;[36m page&amp#27;[0m                    &amp#27;[90m# stepDefinition.GeneralStep.user_is_navigated_to_page(java.lang.String)&amp#27;[0m
  &amp#27;[36mWhen &amp#27;[0m&amp#27;[36muser select &amp#27;[0m&amp#27;[36m&amp#27;[1m"Tip Caddy F1000"&amp#27;[0m&amp#27;[36m in dropdown &amp#27;[0m&amp#27;[36m&amp#27;[1m"Labware"&amp#27;[0m               &amp#27;[90m# stepDefinition.GeneralStep.user_select_in_dropdown(java.lang.String,java.lang.String)&amp#27;[0m
  &amp#27;[36mAnd &amp#27;[0m&amp#27;[36muser enters tip Amount "96"&amp#27;[0m
  &amp#27;[36mAnd &amp#27;[0m&amp#27;[36muser select "Generate by system" on barcode radio box&amp#27;[0m
  &amp#27;[36mAnd &amp#27;[0m&amp#27;[36muser enters "Some Notes" notes labware&amp#27;[0m
  &amp#27;[36mAnd &amp#27;[0m&amp#27;[36muser clicks on &amp#27;[0m&amp#27;[36m&amp#27;[1m"Save"&amp#27;[0m&amp#27;[36m button&amp#27;[0m                                       &amp#27;[90m# stepDefinition.GeneralStep.user_clicks_on_button(java.lang.String)&amp#27;[0m
  &amp#27;[36mThen &amp#27;[0m&amp#27;[36muser get notification "Success" and "Labware has been registered"&amp#27;[0m
  &amp#27;[36mAnd &amp#27;[0m&amp#27;[36muser get modal popup "Save Labware"&amp#27;[0m
  &amp#27;[36mWhen &amp#27;[0m&amp#27;[36muser clicks on &amp#27;[0m&amp#27;[36m&amp#27;[1m"OK"&amp#27;[0m&amp#27;[36m button&amp#27;[0m                                        &amp#27;[90m# stepDefinition.GeneralStep.user_clicks_on_button(java.lang.String)&amp#27;[0m
  &amp#27;[36mThen &amp#27;[0m&amp#27;[36muser is navigated to &amp#27;[0m&amp#27;[36m&amp#27;[1m"Inventory"&amp#27;[0m&amp#27;[36m page&amp#27;[0m                             &amp#27;[90m# stepDefinition.GeneralStep.user_is_navigated_to_page(java.lang.String)&amp#27;[0m
  &amp#27;[36mAnd &amp#27;[0m&amp#27;[36mSystem "show" new item "Tip Caddy F1000"&amp#27;[0m

@CC-1142_User_registering_empty_counting_plate
Scenario: User registering empty counting plate                              &amp#27;[90m# src/test/resources/features/Labware Manager/Labware Inventory/Create, Register and Install Labware/CC-1142_User registering empty counting plate.feature:19&amp#27;[0m
  &amp#27;[32mGiven &amp#27;[0m&amp#27;[32muser has already logged in to application with this credentials&amp#27;[0m      &amp#27;[90m# stepDefinition.LoginPageStep.user_has_already_logged_in_to_application_with_this_credentials(io.cucumber.datatable.DataTable)&amp#27;[0m
    | username | password |
    | admin    | admin    |
  &amp#27;[32mAnd &amp#27;[0m&amp#27;[32muser is navigated to &amp#27;[0m&amp#27;[32m&amp#27;[1m"Dashboard"&amp#27;[0m&amp#27;[32m page&amp#27;[0m                                  &amp#27;[90m# stepDefinition.GeneralStep.user_is_navigated_to_page(java.lang.String)&amp#27;[0m
  &amp#27;[32mWhen &amp#27;[0m&amp#27;[32muser clicks on menu &amp#27;[0m&amp#27;[32m&amp#27;[1m"Labware"&amp#27;[0m                                         &amp#27;[90m# stepDefinition.GeneralStep.user_clicks_on_menu(java.lang.String)&amp#27;[0m
  &amp#27;[32mAnd &amp#27;[0m&amp#27;[32muser clicks on sub-menu &amp#27;[0m&amp#27;[32m&amp#27;[1m"Library"&amp#27;[0m                                      &amp#27;[90m# stepDefinition.GeneralStep.user_clicks_on_sub_menu(java.lang.String)&amp#27;[0m
  &amp#27;[32mThen &amp#27;[0m&amp#27;[32muser is navigated to &amp#27;[0m&amp#27;[32m&amp#27;[1m"Labware Library"&amp#27;[0m&amp#27;[32m page&amp#27;[0m                           &amp#27;[90m# stepDefinition.GeneralStep.user_is_navigated_to_page(java.lang.String)&amp#27;[0m
  &amp#27;[32mAnd &amp#27;[0m&amp#27;[32m&amp#27;[0m&amp#27;[32m&amp#27;[1m"CP 24 Wells"&amp#27;[0m&amp#27;[32m items is &amp#27;[0m&amp#27;[32m&amp#27;[1m"already"&amp#27;[0m&amp#27;[32m exist&amp#27;[0m                                 &amp#27;[90m# stepDefinition.GeneralStep.items_is_exist(java.lang.String,java.lang.String)&amp#27;[0m
  &amp#27;[31mAnd &amp#27;[0m&amp#27;[31muser clicks on sub-menu &amp#27;[0m&amp#27;[31m&amp#27;[1m"Inventory"&amp#27;[0m                                    &amp#27;[90m# stepDefinition.GeneralStep.user_clicks_on_sub_menu(java.lang.String)&amp#27;[0m
      &amp#27;[31morg.openqa.selenium.TimeoutException: Expected condition failed: waiting for visibility of [[ChromeDriver: chrome on WINDOWS (23a81d56fd0b1d3ce22bc68bf371b082)] -> xpath: //span[text()='Inventory']/parent::li] (tried for 5 second(s) with 500 milliseconds interval)
Build info: version: '4.4.0', revision: 'e5c75ed026a'
System info: host: 'DESKTOP-SJM9DM9', ip: '172.18.112.1', os.name: 'Windows 10', os.arch: 'amd64', os.version: '10.0', java.version: '17.0.1'
Driver info: org.openqa.selenium.chrome.ChromeDriver
Capabilities {acceptInsecureCerts: false, browserName: chrome, browserVersion: 104.0.5112.102, chrome: {chromedriverVersion: 104.0.5112.79 (3cf3e8c8a07d..., userDataDir: C:\Users\smith\AppData\Loca...}, goog:chromeOptions: {debuggerAddress: localhost:63424}, networkConnectionEnabled: false, pageLoadStrategy: normal, platformName: WINDOWS, proxy: Proxy(), se:cdp: ws://localhost:63424/devtoo..., se:cdpVersion: 104.0.5112.102, setWindowRect: true, strictFileInteractability: false, timeouts: {implicit: 0, pageLoad: 300000, script: 30000}, unhandledPromptBehavior: dismiss and notify, webauthn:extension:credBlob: true, webauthn:extension:largeBlob: true, webauthn:virtualAuthenticators: true}
Session ID: 23a81d56fd0b1d3ce22bc68bf371b082
	at org.openqa.selenium.support.ui.WebDriverWait.timeoutException(WebDriverWait.java:87)
	at org.openqa.selenium.support.ui.FluentWait.until(FluentWait.java:231)
	at stepDefinition.GeneralStep.user_clicks_on_sub_menu(GeneralStep.java:56)
	at âœ½.user clicks on sub-menu "Inventory"(file:///C:/Users/smith/OneDrive/Documents/INTERN/Cell/cellsuite/cellsuite/src/test/resources/features/Labware%20Manager/Labware%20Inventory/Create,%20Register%20and%20Install%20Labware/CC-1142_User%20registering%20empty%20counting%20plate.feature:16)
&amp#27;[0m
  &amp#27;[36mThen &amp#27;[0m&amp#27;[36muser is navigated to &amp#27;[0m&amp#27;[36m&amp#27;[1m"Inventory"&amp#27;[0m&amp#27;[36m page&amp#27;[0m                                 &amp#27;[90m# stepDefinition.GeneralStep.user_is_navigated_to_page(java.lang.String)&amp#27;[0m
  &amp#27;[36mWhen &amp#27;[0m&amp#27;[36muser clicks on &amp#27;[0m&amp#27;[36m&amp#27;[1m"Register"&amp#27;[0m&amp#27;[36m button&amp#27;[0m                                      &amp#27;[90m# stepDefinition.GeneralStep.user_clicks_on_button(java.lang.String)&amp#27;[0m
  &amp#27;[36mThen &amp#27;[0m&amp#27;[36muser is navigated to &amp#27;[0m&amp#27;[36m&amp#27;[1m"Register Inventory"&amp#27;[0m&amp#27;[36m page&amp#27;[0m                        &amp#27;[90m# stepDefinition.GeneralStep.user_is_navigated_to_page(java.lang.String)&amp#27;[0m
  &amp#27;[36mWhen &amp#27;[0m&amp#27;[36muser select &amp#27;[0m&amp#27;[36m&amp#27;[1m"CP 24 Wells"&amp#27;[0m&amp#27;[36m in dropdown &amp#27;[0m&amp#27;[36m&amp#27;[1m"Labware"&amp#27;[0m                       &amp#27;[90m# stepDefinition.GeneralStep.user_select_in_dropdown(java.lang.String,java.lang.String)&amp#27;[0m
  &amp#27;[36mThen &amp#27;[0m&amp#27;[36mdropdown &amp#27;[0m&amp#27;[36m&amp#27;[1m"Labware"&amp#27;[0m&amp#27;[36m is filled by &amp#27;[0m&amp#27;[36m&amp#27;[1m"CP 24 Wells"&amp#27;[0m                         &amp#27;[90m# stepDefinition.GeneralStep.dropdown_is_filled_by(java.lang.String,java.lang.String)&amp#27;[0m
  &amp#27;[36mAnd &amp#27;[0m&amp#27;[36muser select &amp#27;[0m&amp#27;[36m&amp#27;[1m"Empty"&amp#27;[0m&amp#27;[36m in dropdown &amp#27;[0m&amp#27;[36m&amp#27;[1m"Content Type"&amp#27;[0m                         &amp#27;[90m# stepDefinition.GeneralStep.user_select_in_dropdown(java.lang.String,java.lang.String)&amp#27;[0m
  &amp#27;[36mThen &amp#27;[0m&amp#27;[36mdropdown &amp#27;[0m&amp#27;[36m&amp#27;[1m"Content Type"&amp#27;[0m&amp#27;[36m is filled by &amp#27;[0m&amp#27;[36m&amp#27;[1m"Empty"&amp#27;[0m                          &amp#27;[90m# stepDefinition.GeneralStep.dropdown_is_filled_by(java.lang.String,java.lang.String)&amp#27;[0m
  &amp#27;[36mWhen &amp#27;[0m&amp#27;[36muser fill on Labware Count as &amp#27;[0m&amp#27;[36m&amp#27;[1m"1"&amp#27;[0m                                     &amp#27;[90m# stepDefinition.LabwareInventoryStep.user_fill_on_labware_count_as(java.lang.St]]></system-out>
    <system-err><![CDATA[[main] INFO io.github.bonigarcia.wdm.WebDriverManager - Using chromedriver 104.0.5112.79 (resolved driver for Chrome 104)
[main] INFO io.github.bonigarcia.wdm.WebDriverManager - Exporting webdriver.chrome.driver as C:\Users\smith\.cache\selenium\chromedriver\win32\104.0.5112.79\chromedriver.exe
Starting ChromeDriver 104.0.5112.79 (3cf3e8c8a07d104b9e1260c910efb8f383285dc5-refs/branch-heads/5112@{#1307}) on port 53540
Only local connections are allowed.
Please see https://chromedriver.chromium.org/security-considerations for suggestions on keeping ChromeDriver safe.
ChromeDriver was started successfully.
Aug 26, 2022 10:32:56 AM org.openqa.selenium.remote.ProtocolHandshake createSession
INFO: Detected upstream dialect: W3C
Aug 26, 2022 10:32:56 AM org.openqa.selenium.devtools.CdpVersionFinder findNearestMatch
INFO: Found exact CDP implementation for version 104
[AsyncHttpClient-1-8] WARN org.asynchttpclient.netty.handler.WebSocketHandler - onError
java.net.SocketException: Connection reset
	at java.base/sun.nio.ch.SocketChannelImpl.throwConnectionReset(SocketChannelImpl.java:394)
	at java.base/sun.nio.ch.SocketChannelImpl.read(SocketChannelImpl.java:426)
	at io.netty.buffer.PooledByteBuf.setBytes(PooledByteBuf.java:258)
	at io.netty.buffer.AbstractByteBuf.writeBytes(AbstractByteBuf.java:1132)
	at io.netty.channel.socket.nio.NioSocketChannel.doReadBytes(NioSocketChannel.java:357)
	at io.netty.channel.nio.AbstractNioByteChannel$NioByteUnsafe.read(AbstractNioByteChannel.java:151)
	at io.netty.channel.nio.NioEventLoop.processSelectedKey(NioEventLoop.java:722)
	at io.netty.channel.nio.NioEventLoop.processSelectedKeysOptimized(NioEventLoop.java:658)
	at io.netty.channel.nio.NioEventLoop.processSelectedKeys(NioEventLoop.java:584)
	at io.netty.channel.nio.NioEventLoop.run(NioEventLoop.java:496)
	at io.netty.util.concurrent.SingleThreadEventExecutor$4.run(SingleThreadEventExecutor.java:997)
	at io.netty.util.internal.ThreadExecutorMap$2.run(ThreadExecutorMap.java:74)
	at io.netty.util.concurrent.FastThreadLocalRunnable.run(FastThreadLocalRunnable.java:30)
	at java.base/java.lang.Thread.run(Thread.java:833)
Aug 26, 2022 10:33:06 AM org.openqa.selenium.remote.http.WebSocket$Listener onError
WARNING: Connection reset
java.net.SocketException: Connection reset
	at java.base/sun.nio.ch.SocketChannelImpl.throwConnectionReset(SocketChannelImpl.java:394)
	at java.base/sun.nio.ch.SocketChannelImpl.read(SocketChannelImpl.java:426)
	at io.netty.buffer.PooledByteBuf.setBytes(PooledByteBuf.java:258)
	at io.netty.buffer.AbstractByteBuf.writeBytes(AbstractByteBuf.java:1132)
	at io.netty.channel.socket.nio.NioSocketChannel.doReadBytes(NioSocketChannel.java:357)
	at io.netty.channel.nio.AbstractNioByteChannel$NioByteUnsafe.read(AbstractNioByteChannel.java:151)
	at io.netty.channel.nio.NioEventLoop.processSelectedKey(NioEventLoop.java:722)
	at io.netty.channel.nio.NioEventLoop.processSelectedKeysOptimized(NioEventLoop.java:658)
	at io.netty.channel.nio.NioEventLoop.processSelectedKeys(NioEventLoop.java:584)
	at io.netty.channel.nio.NioEventLoop.run(NioEventLoop.java:496)
	at io.netty.util.concurrent.SingleThreadEventExecutor$4.run(SingleThreadEventExecutor.java:997)
	at io.netty.util.internal.ThreadExecutorMap$2.run(ThreadExecutorMap.java:74)
	at io.netty.util.concurrent.FastThreadLocalRunnable.run(FastThreadLocalRunnable.java:30)
	at java.base/java.lang.Thread.run(Thread.java:833)

]]></system-err>
  </testcase>
  <testcase name="User register multiple empty 96 Wells plate" classname="CC-1143:User register multiple empty 96 Wells plate" time="11.424">
    <error message="Expected condition failed: waiting for visibility of [[ChromeDriver: chrome on WINDOWS (9f430518357a425ee03588dfdcd05a25)] -&gt; xpath: //span[text()=&apos;Inventory&apos;]/parent::li] (tried for 5 second(s) with 500 milliseconds interval)&#10;Build info: version: &apos;4.4.0&apos;, revision: &apos;e5c75ed026a&apos;&#10;System info: host: &apos;DESKTOP-SJM9DM9&apos;, ip: &apos;172.18.112.1&apos;, os.name: &apos;Windows 10&apos;, os.arch: &apos;amd64&apos;, os.version: &apos;10.0&apos;, java.version: &apos;17.0.1&apos;&#10;Driver info: org.openqa.selenium.chrome.ChromeDriver&#10;Capabilities {acceptInsecureCerts: false, browserName: chrome, browserVersion: 104.0.5112.102, chrome: {chromedriverVersion: 104.0.5112.79 (3cf3e8c8a07d..., userDataDir: C:\Users\smith\AppData\Loca...}, goog:chromeOptions: {debuggerAddress: localhost:63464}, networkConnectionEnabled: false, pageLoadStrategy: normal, platformName: WINDOWS, proxy: Proxy(), se:cdp: ws://localhost:63464/devtoo..., se:cdpVersion: 104.0.5112.102, setWindowRect: true, strictFileInteractability: false, timeouts: {implicit: 0, pageLoad: 300000, script: 30000}, unhandledPromptBehavior: dismiss and notify, webauthn:extension:credBlob: true, webauthn:extension:largeBlob: true, webauthn:virtualAuthenticators: true}&#10;Session ID: 9f430518357a425ee03588dfdcd05a25" type="org.openqa.selenium.TimeoutException"><![CDATA[org.openqa.selenium.TimeoutException: 
Expected condition failed: waiting for visibility of [[ChromeDriver: chrome on WINDOWS (9f430518357a425ee03588dfdcd05a25)] -> xpath: //span[text()='Inventory']/parent::li] (tried for 5 second(s) with 500 milliseconds interval)
Build info: version: '4.4.0', revision: 'e5c75ed026a'
System info: host: 'DESKTOP-SJM9DM9', ip: '172.18.112.1', os.name: 'Windows 10', os.arch: 'amd64', os.version: '10.0', java.version: '17.0.1'
Driver info: org.openqa.selenium.chrome.ChromeDriver
Capabilities {acceptInsecureCerts: false, browserName: chrome, browserVersion: 104.0.5112.102, chrome: {chromedriverVersion: 104.0.5112.79 (3cf3e8c8a07d..., userDataDir: C:\Users\smith\AppData\Loca...}, goog:chromeOptions: {debuggerAddress: localhost:63464}, networkConnectionEnabled: false, pageLoadStrategy: normal, platformName: WINDOWS, proxy: Proxy(), se:cdp: ws://localhost:63464/devtoo..., se:cdpVersion: 104.0.5112.102, setWindowRect: true, strictFileInteractability: false, timeouts: {implicit: 0, pageLoad: 300000, script: 30000}, unhandledPromptBehavior: dismiss and notify, webauthn:extension:credBlob: true, webauthn:extension:largeBlob: true, webauthn:virtualAuthenticators: true}
Session ID: 9f430518357a425ee03588dfdcd05a25
]]></error>
    <system-out><![CDATA[browser value is: chromeheadless

Deep Well 96/2000
Deep Well 96/1000
Tip Caddy F1000
Tip Caddy F200
Trough 250
CP 24 Wells
SBS 96 Wells
ring)&amp#27;[0m
  &amp#27;[36mThen &amp#27;[0m&amp#27;[36mLabware Count is filled by &amp#27;[0m&amp#27;[36m&amp#27;[1m"1"&amp#27;[0m                                        &amp#27;[90m# stepDefinition.LabwareInventoryStep.labware_count_is_filled_by(java.lang.String)&amp#27;[0m
  &amp#27;[36mWhen &amp#27;[0m&amp#27;[36muser select &amp#27;[0m&amp#27;[36m&amp#27;[1m"Generate by system"&amp#27;[0m&amp#27;[36m radio&amp#27;[0m                                &amp#27;[90m# stepDefinition.GeneralStep.user_select_radio(java.lang.String)&amp#27;[0m
  &amp#27;[36mThen &amp#27;[0m&amp#27;[36mradio &amp#27;[0m&amp#27;[36m&amp#27;[1m"Generate by system"&amp#27;[0m&amp#27;[36m is selected&amp#27;[0m                                &amp#27;[90m# stepDefinition.GeneralStep.radio_is_selected(java.lang.String)&amp#27;[0m
  &amp#27;[36mWhen &amp#27;[0m&amp#27;[36muser type &amp#27;[0m&amp#27;[36m&amp#27;[1m"CP 24 Wells Empty"&amp#27;[0m&amp#27;[36m in notes textbox&amp#27;[0m                        &amp#27;[90m# stepDefinition.LabwareInventoryStep.user_type_in_notes_textbox(java.lang.String)&amp#27;[0m
  &amp#27;[36mThen &amp#27;[0m&amp#27;[36mtextbox notes is filled by &amp#27;[0m&amp#27;[36m&amp#27;[1m"CP 24 Wells Empty"&amp#27;[0m                        &amp#27;[90m# stepDefinition.LabwareInventoryStep.textbox_notes__is_filled_by(java.lang.String)&amp#27;[0m
  &amp#27;[36mAnd &amp#27;[0m&amp#27;[36muser clicks on &amp#27;[0m&amp#27;[36m&amp#27;[1m"Save"&amp#27;[0m&amp#27;[36m button&amp#27;[0m                                           &amp#27;[90m# stepDefinition.GeneralStep.user_clicks_on_button(java.lang.String)&amp#27;[0m
  &amp#27;[36mThen &amp#27;[0m&amp#27;[36mnotification &amp#27;[0m&amp#27;[36m&amp#27;[1m"Success"&amp#27;[0m&amp#27;[36m and &amp#27;[0m&amp#27;[36m&amp#27;[1m"Labware has been registered"&amp#27;[0m&amp#27;[36m is displayed&amp#27;[0m &amp#27;[90m# stepDefinition.GeneralStep.notification_and_is_displayed(java.lang.String,java.lang.String)&amp#27;[0m
  &amp#27;[36mAnd &amp#27;[0m&amp#27;[36mmodal &amp#27;[0m&amp#27;[36m&amp#27;[1m"Save Labware"&amp#27;[0m&amp#27;[36m confirmation is displayed&amp#27;[0m                         &amp#27;[90m# stepDefinition.GeneralStep.modal_confirmation_is_displayed(java.lang.String)&amp#27;[0m
  &amp#27;[36mWhen &amp#27;[0m&amp#27;[36muser clicks button OK in modal Save Labware&amp#27;[0m                           &amp#27;[90m# stepDefinition.LabwareInventoryStep.user_clicks_button_ok_in_modal_save_labware()&amp#27;[0m
  &amp#27;[36mThen &amp#27;[0m&amp#27;[36muser is navigated to &amp#27;[0m&amp#27;[36m&amp#27;[1m"Inventory"&amp#27;[0m&amp#27;[36m page&amp#27;[0m                                 &amp#27;[90m# stepDefinition.GeneralStep.user_is_navigated_to_page(java.lang.String)&amp#27;[0m
  &amp#27;[36mAnd &amp#27;[0m&amp#27;[36mthere is new item &amp#27;[0m&amp#27;[36m&amp#27;[1m"CP 24 Wells"&amp#27;[0m&amp#27;[36m created in table with empty exp date&amp#27;[0m   &amp#27;[90m# stepDefinition.LabwareInventoryStep.there_is_new_item_created_in_table_with_empty_exp_date(java.lang.String)&amp#27;[0m

@CC-1143_User_register_multiple_empty_96_Wells_plate
Scenario: User register multiple empty 96 Wells plate                        &amp#27;[90m# src/test/resources/features/Labware Manager/Labware Inventory/Create, Register and Install Labware/CC-1143_User register multiple empty 96 Wells plate.feature:18&amp#27;[0m
  &amp#27;[32mGiven &amp#27;[0m&amp#27;[32muser has already logged in to application with this credentials&amp#27;[0m      &amp#27;[90m# stepDefinition.LoginPageStep.user_has_already_logged_in_to_application_with_this_credentials(io.cucumber.datatable.DataTable)&amp#27;[0m
    | username | password |
    | admin    | admin    |
  &amp#27;[32mAnd &amp#27;[0m&amp#27;[32muser is navigated to &amp#27;[0m&amp#27;[32m&amp#27;[1m"Dashboard"&amp#27;[0m&amp#27;[32m page&amp#27;[0m                                  &amp#27;[90m# stepDefinition.GeneralStep.user_is_navigated_to_page(java.lang.String)&amp#27;[0m
  &amp#27;[32mWhen &amp#27;[0m&amp#27;[32muser clicks on menu &amp#27;[0m&amp#27;[32m&amp#27;[1m"Labware"&amp#27;[0m                                         &amp#27;[90m# stepDefinition.GeneralStep.user_clicks_on_menu(java.lang.String)&amp#27;[0m
  &amp#27;[32mAnd &amp#27;[0m&amp#27;[32muser clicks on sub-menu &amp#27;[0m&amp#27;[32m&amp#27;[1m"Library"&amp#27;[0m                                      &amp#27;[90m# stepDefinition.GeneralStep.user_clicks_on_sub_menu(java.lang.String)&amp#27;[0m
  &amp#27;[32mThen &amp#27;[0m&amp#27;[32muser is navigated to &amp#27;[0m&amp#27;[32m&amp#27;[1m"Labware Library"&amp#27;[0m&amp#27;[32m page&amp#27;[0m                           &amp#27;[90m# stepDefinition.GeneralStep.user_is_navigated_to_page(java.lang.String)&amp#27;[0m
  &amp#27;[32mAnd &amp#27;[0m&amp#27;[32m&amp#27;[0m&amp#27;[32m&amp#27;[1m"SBS 96 Wells"&amp#27;[0m&amp#27;[32m items is &amp#27;[0m&amp#27;[32m&amp#27;[1m"already"&amp#27;[0m&amp#27;[32m exist&amp#27;[0m                                &amp#27;[90m# stepDefinition.GeneralStep.items_is_exist(java.lang.String,java.lang.String)&amp#27;[0m
  &amp#27;[31mAnd &amp#27;[0m&amp#27;[31muser clicks on sub-menu &amp#27;[0m&amp#27;[31m&amp#27;[1m"Inventory"&amp#27;[0m                                    &amp#27;[90m# stepDefinition.GeneralStep.user_clicks_on_sub_menu(java.lang.String)&amp#27;[0m
      &amp#27;[31morg.openqa.selenium.TimeoutException: Expected condition failed: waiting for visibility of [[ChromeDriver: chrome on WINDOWS (9f430518357a425ee03588dfdcd05a25)] -> xpath: //span[text()='Inventory']/parent::li] (tried for 5 second(s) with 500 milliseconds interval)
Build info: version: '4.4.0', revision: 'e5c75ed026a'
System info: host: 'DESKTOP-SJM9DM9', ip: '172.18.112.1', os.name: 'Windows 10', os.arch: 'amd64', os.version: '10.0', java.version: '17.0.1'
Driver info: org.openqa.selenium.chrome.ChromeDriver
Capabilities {acceptInsecureCerts: false, browserName: chrome, browserVersion: 104.0.5112.102, chrome: {chromedriverVersion: 104.0.5112.79 (3cf3e8c8a07d..., userDataDir: C:\Users\smith\AppData\Loca...}, goog:chromeOptions: {debuggerAddress: localhost:63464}, networkConnectionEnabled: false, pageLoadStrategy: normal, platformName: WINDOWS, proxy: Proxy(), se:cdp: ws://localhost:63464/devtoo..., se:cdpVersion: 104.0.5112.102, setWindowRect: true, strictFileInteractability: false, timeouts: {implicit: 0, pageLoad: 300000, script: 30000}, unhandledPromptBehavior: dismiss and notify, webauthn:extension:credBlob: true, webauthn:extension:largeBlob: true, webauthn:virtualAuthenticators: true}
Session ID: 9f430518357a425ee03588dfdcd05a25
	at org.openqa.selenium.support.ui.WebDriverWait.timeoutException(WebDriverWait.java:87)
	at org.openqa.selenium.support.ui.FluentWait.until(FluentWait.java:231)
	at stepDefinition.GeneralStep.user_clicks_on_sub_menu(GeneralStep.java:56)
	at âœ½.user clicks on sub-menu "Inventory"(file:///C:/Users/smith/OneDrive/Documents/INTERN/Cell/cellsuite/cellsuite/src/test/resources/features/Labware%20Manager/Labware%20Inventory/Create,%20Register%20and%20Install%20Labware/CC-1143_User%20register%20multiple%20empty%2096%20Wells%20plate.feature:15)
&amp#27;[0m
  &amp#27;[36mThen &amp#27;[0m&amp#27;[36muser is navigated to &amp#27;[0m&amp#27;[36m&amp#27;[1m"Inventory"&amp#27;[0m&amp#27;[36m page&amp#27;[0m                                 &amp#27;[90m# stepDefinition.GeneralStep.user_is_navigated_to_page(java.lang.String)&amp#27;[0m
  &amp#27;[36mWhen &amp#27;[0m&amp#27;[36muser clicks on &amp#27;[0m&amp#27;[36m&amp#27;[1m"Register"&amp#27;[0m&amp#27;[36m button&amp#27;[0m                                      &amp#27;[90m# stepDefinition.GeneralStep.user_clicks_on_button(java.lang.String)&amp#27;[0m
  &amp#27;[36mThen &amp#27;[0m&amp#27;[36muser is navigated to &amp#27;[0m&amp#27;[36m&amp#27;[1m"Register Inventory"&amp#27;[0m&amp#27;[36m page&amp#27;[0m                        &amp#27;[90m# stepDefinition.GeneralStep.user_is_navigated_to_page(java.lang.String)&amp#27;[0m
  &amp#27;[36mWhen &amp#27;[0m&amp#27;[36muser select &amp#27;[0m&amp#27;[36m&amp#27;[1m"SBS 96 Wells"&amp#27;[0m&amp#27;[36m in dropdown &amp#27;[0m&amp#27;[36m&amp#27;[1m"Labware"&amp#27;[0m                      &amp#27;[90m# stepDefinition.GeneralStep.user_select_in_dropdown(java.lang.String,java.lang.String)&amp#27;[0m
  &amp#27;[36mThen &amp#27;[0m&amp#27;[36mdropdown &amp#27;[0m&amp#27;[36m&amp#27;[1m"Labware"&amp#27;[0m&amp#27;[36m is filled by &amp#27;[0m&amp#27;[36m&amp#27;[1m"SBS 96 Wells"&amp#27;[0m                        &amp#27;[90m# stepDefinition.GeneralStep.dropdown_is_filled_by(java.lang.String,java.lang.String)&amp#27;[0m
  &amp#27;[36mAnd &amp#27;[0m&amp#27;[36muser select &amp#27;[0m&amp#27;[36m&amp#27;[1m"Empty"&amp#27;[0m&amp#27;[36m in dropdown &amp#27;[0m&amp#27;[36m&amp#27;[1m"Content Type"&amp#27;[0m                         &amp#27;[90m# stepDefinition.GeneralStep.user_select_in_dropdown(java.lang.String,java.lang.String)&amp#27;[0m
  &amp#27;[36mThen &amp#27;[0m&amp#27;[36mdropdown &amp#27;[0m&amp#27;[36m&amp#27;[1m"Content Type"&amp#27;[0m&amp#27;[36m is filled by &amp#27;[0m&amp#27;[36m&amp#27;[1m"Empty"&amp#27;[0m                          &amp#27;[90m# stepDefinition.GeneralStep.dropdown_is_filled_by(java.lang.String,java.lang.String)&amp#27;[0m
  &amp#27;[36mWhen &amp#27;[0m&amp#27;[36muser fill on Labware Count as &amp#27;[0m&amp#27;[36m&amp#27;[1m"2"&amp#27;[0m                                     &amp#27;[90m# stepDefinition.LabwareInventoryStep.user_fill_on_labware_count_as(java.lang.String)&amp#27;[0m
  &amp#27;[36mThen &amp#27;[0m&amp#27;[36mLabware Count is filled by &amp#27;[0m&amp#27;[36m&amp#27;[1m"2"&amp#27;[0m                                        &amp#27;[90m# stepDefinition.LabwareInventoryStep.labware_count_is_filled_by(java.lang.String)&amp#27;[0m
  &amp#27;[36mWhen &amp#27;[0m&amp#27;[36muser select &amp#27;[0m&amp#27;[36m&amp#27;[1m"Generate by system"&amp#27;[0m&amp#27;[36m radio&amp#27;[0m                                &amp#27;[90m# stepDefinition.GeneralStep.user_select_radio(java.lang.String)&amp#27;[0m
  &amp#27;[36mThen &amp#27;[0m&amp#27;[36mradio &amp#27;[0m&amp#27;[36m&amp#27;[1m"Generate by system"&amp#27;[0m&amp#27;[36m is selected&amp#27;[0m                                &amp#27;[90m# stepDefinition.GeneralStep.radio_is_selected(java.lang.String)&amp#27;[0m
  &amp#27;[36mWhen &amp#27;[0m&amp#27;[36muser type &amp#27;[0m&amp#27;[36m&amp#27;[1m"SB]]></system-out>
    <system-err><![CDATA[[main] INFO io.github.bonigarcia.wdm.WebDriverManager - Using chromedriver 104.0.5112.79 (resolved driver for Chrome 104)
[main] INFO io.github.bonigarcia.wdm.WebDriverManager - Exporting webdriver.chrome.driver as C:\Users\smith\.cache\selenium\chromedriver\win32\104.0.5112.79\chromedriver.exe
Starting ChromeDriver 104.0.5112.79 (3cf3e8c8a07d104b9e1260c910efb8f383285dc5-refs/branch-heads/5112@{#1307}) on port 63433
Only local connections are allowed.
Please see https://chromedriver.chromium.org/security-considerations for suggestions on keeping ChromeDriver safe.
ChromeDriver was started successfully.
Aug 26, 2022 10:33:07 AM org.openqa.selenium.remote.ProtocolHandshake createSession
INFO: Detected upstream dialect: W3C
Aug 26, 2022 10:33:07 AM org.openqa.selenium.devtools.CdpVersionFinder findNearestMatch
INFO: Found exact CDP implementation for version 104
[AsyncHttpClient-1-3] WARN org.asynchttpclient.netty.handler.WebSocketHandler - onError
java.net.SocketException: Connection reset
	at java.base/sun.nio.ch.SocketChannelImpl.throwConnectionReset(SocketChannelImpl.java:394)
	at java.base/sun.nio.ch.SocketChannelImpl.read(SocketChannelImpl.java:426)
	at io.netty.buffer.PooledByteBuf.setBytes(PooledByteBuf.java:258)
	at io.netty.buffer.AbstractByteBuf.writeBytes(AbstractByteBuf.java:1132)
	at io.netty.channel.socket.nio.NioSocketChannel.doReadBytes(NioSocketChannel.java:357)
	at io.netty.channel.nio.AbstractNioByteChannel$NioByteUnsafe.read(AbstractNioByteChannel.java:151)
	at io.netty.channel.nio.NioEventLoop.processSelectedKey(NioEventLoop.java:722)
	at io.netty.channel.nio.NioEventLoop.processSelectedKeysOptimized(NioEventLoop.java:658)
	at io.netty.channel.nio.NioEventLoop.processSelectedKeys(NioEventLoop.java:584)
	at io.netty.channel.nio.NioEventLoop.run(NioEventLoop.java:496)
	at io.netty.util.concurrent.SingleThreadEventExecutor$4.run(SingleThreadEventExecutor.java:997)
	at io.netty.util.internal.ThreadExecutorMap$2.run(ThreadExecutorMap.java:74)
	at io.netty.util.concurrent.FastThreadLocalRunnable.run(FastThreadLocalRunnable.java:30)
	at java.base/java.lang.Thread.run(Thread.java:833)
Aug 26, 2022 10:33:17 AM org.openqa.selenium.remote.http.WebSocket$Listener onError
WARNING: Connection reset
java.net.SocketException: Connection reset
	at java.base/sun.nio.ch.SocketChannelImpl.throwConnectionReset(SocketChannelImpl.java:394)
	at java.base/sun.nio.ch.SocketChannelImpl.read(SocketChannelImpl.java:426)
	at io.netty.buffer.PooledByteBuf.setBytes(PooledByteBuf.java:258)
	at io.netty.buffer.AbstractByteBuf.writeBytes(AbstractByteBuf.java:1132)
	at io.netty.channel.socket.nio.NioSocketChannel.doReadBytes(NioSocketChannel.java:357)
	at io.netty.channel.nio.AbstractNioByteChannel$NioByteUnsafe.read(AbstractNioByteChannel.java:151)
	at io.netty.channel.nio.NioEventLoop.processSelectedKey(NioEventLoop.java:722)
	at io.netty.channel.nio.NioEventLoop.processSelectedKeysOptimized(NioEventLoop.java:658)
	at io.netty.channel.nio.NioEventLoop.processSelectedKeys(NioEventLoop.java:584)
	at io.netty.channel.nio.NioEventLoop.run(NioEventLoop.java:496)
	at io.netty.util.concurrent.SingleThreadEventExecutor$4.run(SingleThreadEventExecutor.java:997)
	at io.netty.util.internal.ThreadExecutorMap$2.run(ThreadExecutorMap.java:74)
	at io.netty.util.concurrent.FastThreadLocalRunnable.run(FastThreadLocalRunnable.java:30)
	at java.base/java.lang.Thread.run(Thread.java:833)

]]></system-err>
  </testcase>
  <testcase name="User register single empty 1 Well plate" classname="CC-1144:User register single empty one Well plate" time="11.358">
    <error message="Expected condition failed: waiting for visibility of [[ChromeDriver: chrome on WINDOWS (fbde80eaf662cfd2c0f0e37b6a6188f9)] -&gt; xpath: //span[text()=&apos;Inventory&apos;]/parent::li] (tried for 5 second(s) with 500 milliseconds interval)&#10;Build info: version: &apos;4.4.0&apos;, revision: &apos;e5c75ed026a&apos;&#10;System info: host: &apos;DESKTOP-SJM9DM9&apos;, ip: &apos;172.18.112.1&apos;, os.name: &apos;Windows 10&apos;, os.arch: &apos;amd64&apos;, os.version: &apos;10.0&apos;, java.version: &apos;17.0.1&apos;&#10;Driver info: org.openqa.selenium.chrome.ChromeDriver&#10;Capabilities {acceptInsecureCerts: false, browserName: chrome, browserVersion: 104.0.5112.102, chrome: {chromedriverVersion: 104.0.5112.79 (3cf3e8c8a07d..., userDataDir: C:\Users\smith\AppData\Loca...}, goog:chromeOptions: {debuggerAddress: localhost:63504}, networkConnectionEnabled: false, pageLoadStrategy: normal, platformName: WINDOWS, proxy: Proxy(), se:cdp: ws://localhost:63504/devtoo..., se:cdpVersion: 104.0.5112.102, setWindowRect: true, strictFileInteractability: false, timeouts: {implicit: 0, pageLoad: 300000, script: 30000}, unhandledPromptBehavior: dismiss and notify, webauthn:extension:credBlob: true, webauthn:extension:largeBlob: true, webauthn:virtualAuthenticators: true}&#10;Session ID: fbde80eaf662cfd2c0f0e37b6a6188f9" type="org.openqa.selenium.TimeoutException"><![CDATA[org.openqa.selenium.TimeoutException: 
Expected condition failed: waiting for visibility of [[ChromeDriver: chrome on WINDOWS (fbde80eaf662cfd2c0f0e37b6a6188f9)] -> xpath: //span[text()='Inventory']/parent::li] (tried for 5 second(s) with 500 milliseconds interval)
Build info: version: '4.4.0', revision: 'e5c75ed026a'
System info: host: 'DESKTOP-SJM9DM9', ip: '172.18.112.1', os.name: 'Windows 10', os.arch: 'amd64', os.version: '10.0', java.version: '17.0.1'
Driver info: org.openqa.selenium.chrome.ChromeDriver
Capabilities {acceptInsecureCerts: false, browserName: chrome, browserVersion: 104.0.5112.102, chrome: {chromedriverVersion: 104.0.5112.79 (3cf3e8c8a07d..., userDataDir: C:\Users\smith\AppData\Loca...}, goog:chromeOptions: {debuggerAddress: localhost:63504}, networkConnectionEnabled: false, pageLoadStrategy: normal, platformName: WINDOWS, proxy: Proxy(), se:cdp: ws://localhost:63504/devtoo..., se:cdpVersion: 104.0.5112.102, setWindowRect: true, strictFileInteractability: false, timeouts: {implicit: 0, pageLoad: 300000, script: 30000}, unhandledPromptBehavior: dismiss and notify, webauthn:extension:credBlob: true, webauthn:extension:largeBlob: true, webauthn:virtualAuthenticators: true}
Session ID: fbde80eaf662cfd2c0f0e37b6a6188f9
]]></error>
    <system-out><![CDATA[browser value is: chromeheadless

Deep Well 96/2000
Deep Well 96/1000
Tip Caddy F1000
Tip Caddy F200
Trough 250
CP 24 Wells
SBS 96 Wells
SBS One Well
S 96 Wells Empty"&amp#27;[0m&amp#27;[36m in notes textbox&amp#27;[0m                       &amp#27;[90m# stepDefinition.LabwareInventoryStep.user_type_in_notes_textbox(java.lang.String)&amp#27;[0m
  &amp#27;[36mThen &amp#27;[0m&amp#27;[36mtextbox notes is filled by &amp#27;[0m&amp#27;[36m&amp#27;[1m"SBS 96 Wells Empty"&amp#27;[0m                       &amp#27;[90m# stepDefinition.LabwareInventoryStep.textbox_notes__is_filled_by(java.lang.String)&amp#27;[0m
  &amp#27;[36mAnd &amp#27;[0m&amp#27;[36muser clicks on &amp#27;[0m&amp#27;[36m&amp#27;[1m"Save"&amp#27;[0m&amp#27;[36m button&amp#27;[0m                                           &amp#27;[90m# stepDefinition.GeneralStep.user_clicks_on_button(java.lang.String)&amp#27;[0m
  &amp#27;[36mThen &amp#27;[0m&amp#27;[36mnotification &amp#27;[0m&amp#27;[36m&amp#27;[1m"Success"&amp#27;[0m&amp#27;[36m and &amp#27;[0m&amp#27;[36m&amp#27;[1m"Labware has been registered"&amp#27;[0m&amp#27;[36m is displayed&amp#27;[0m &amp#27;[90m# stepDefinition.GeneralStep.notification_and_is_displayed(java.lang.String,java.lang.String)&amp#27;[0m
  &amp#27;[36mAnd &amp#27;[0m&amp#27;[36mmodal &amp#27;[0m&amp#27;[36m&amp#27;[1m"Save Labware"&amp#27;[0m&amp#27;[36m confirmation is displayed&amp#27;[0m                         &amp#27;[90m# stepDefinition.GeneralStep.modal_confirmation_is_displayed(java.lang.String)&amp#27;[0m
  &amp#27;[36mWhen &amp#27;[0m&amp#27;[36muser clicks button OK in modal Save Labware&amp#27;[0m                           &amp#27;[90m# stepDefinition.LabwareInventoryStep.user_clicks_button_ok_in_modal_save_labware()&amp#27;[0m
  &amp#27;[36mThen &amp#27;[0m&amp#27;[36muser is navigated to &amp#27;[0m&amp#27;[36m&amp#27;[1m"Inventory"&amp#27;[0m&amp#27;[36m page&amp#27;[0m                                 &amp#27;[90m# stepDefinition.GeneralStep.user_is_navigated_to_page(java.lang.String)&amp#27;[0m
  &amp#27;[36mAnd &amp#27;[0m&amp#27;[36mthere is new item &amp#27;[0m&amp#27;[36m&amp#27;[1m"SBS 96 Wells"&amp#27;[0m&amp#27;[36m created in table with empty exp date&amp#27;[0m  &amp#27;[90m# stepDefinition.LabwareInventoryStep.there_is_new_item_created_in_table_with_empty_exp_date(java.lang.String)&amp#27;[0m

@CC-1144_User_register_single_empty_one_Well_plate
Scenario: User register single empty 1 Well plate                            &amp#27;[90m# src/test/resources/features/Labware Manager/Labware Inventory/Create, Register and Install Labware/CC-1144_User register single empty 1 Well plate.feature:18&amp#27;[0m
  &amp#27;[32mGiven &amp#27;[0m&amp#27;[32muser has already logged in to application with this credentials&amp#27;[0m      &amp#27;[90m# stepDefinition.LoginPageStep.user_has_already_logged_in_to_application_with_this_credentials(io.cucumber.datatable.DataTable)&amp#27;[0m
    | username | password |
    | admin    | admin    |
  &amp#27;[32mAnd &amp#27;[0m&amp#27;[32muser is navigated to &amp#27;[0m&amp#27;[32m&amp#27;[1m"Dashboard"&amp#27;[0m&amp#27;[32m page&amp#27;[0m                                  &amp#27;[90m# stepDefinition.GeneralStep.user_is_navigated_to_page(java.lang.String)&amp#27;[0m
  &amp#27;[32mWhen &amp#27;[0m&amp#27;[32muser clicks on menu &amp#27;[0m&amp#27;[32m&amp#27;[1m"Labware"&amp#27;[0m                                         &amp#27;[90m# stepDefinition.GeneralStep.user_clicks_on_menu(java.lang.String)&amp#27;[0m
  &amp#27;[32mAnd &amp#27;[0m&amp#27;[32muser clicks on sub-menu &amp#27;[0m&amp#27;[32m&amp#27;[1m"Library"&amp#27;[0m                                      &amp#27;[90m# stepDefinition.GeneralStep.user_clicks_on_sub_menu(java.lang.String)&amp#27;[0m
  &amp#27;[32mThen &amp#27;[0m&amp#27;[32muser is navigated to &amp#27;[0m&amp#27;[32m&amp#27;[1m"Labware Library"&amp#27;[0m&amp#27;[32m page&amp#27;[0m                           &amp#27;[90m# stepDefinition.GeneralStep.user_is_navigated_to_page(java.lang.String)&amp#27;[0m
  &amp#27;[32mAnd &amp#27;[0m&amp#27;[32m&amp#27;[0m&amp#27;[32m&amp#27;[1m"SBS One Well"&amp#27;[0m&amp#27;[32m items is &amp#27;[0m&amp#27;[32m&amp#27;[1m"already"&amp#27;[0m&amp#27;[32m exist&amp#27;[0m                                &amp#27;[90m# stepDefinition.GeneralStep.items_is_exist(java.lang.String,java.lang.String)&amp#27;[0m
  &amp#27;[31mAnd &amp#27;[0m&amp#27;[31muser clicks on sub-menu &amp#27;[0m&amp#27;[31m&amp#27;[1m"Inventory"&amp#27;[0m                                    &amp#27;[90m# stepDefinition.GeneralStep.user_clicks_on_sub_menu(java.lang.String)&amp#27;[0m
      &amp#27;[31morg.openqa.selenium.TimeoutException: Expected condition failed: waiting for visibility of [[ChromeDriver: chrome on WINDOWS (fbde80eaf662cfd2c0f0e37b6a6188f9)] -> xpath: //span[text()='Inventory']/parent::li] (tried for 5 second(s) with 500 milliseconds interval)
Build info: version: '4.4.0', revision: 'e5c75ed026a'
System info: host: 'DESKTOP-SJM9DM9', ip: '172.18.112.1', os.name: 'Windows 10', os.arch: 'amd64', os.version: '10.0', java.version: '17.0.1'
Driver info: org.openqa.selenium.chrome.ChromeDriver
Capabilities {acceptInsecureCerts: false, browserName: chrome, browserVersion: 104.0.5112.102, chrome: {chromedriverVersion: 104.0.5112.79 (3cf3e8c8a07d..., userDataDir: C:\Users\smith\AppData\Loca...}, goog:chromeOptions: {debuggerAddress: localhost:63504}, networkConnectionEnabled: false, pageLoadStrategy: normal, platformName: WINDOWS, proxy: Proxy(), se:cdp: ws://localhost:63504/devtoo..., se:cdpVersion: 104.0.5112.102, setWindowRect: true, strictFileInteractability: false, timeouts: {implicit: 0, pageLoad: 300000, script: 30000}, unhandledPromptBehavior: dismiss and notify, webauthn:extension:credBlob: true, webauthn:extension:largeBlob: true, webauthn:virtualAuthenticators: true}
Session ID: fbde80eaf662cfd2c0f0e37b6a6188f9
	at org.openqa.selenium.support.ui.WebDriverWait.timeoutException(WebDriverWait.java:87)
	at org.openqa.selenium.support.ui.FluentWait.until(FluentWait.java:231)
	at stepDefinition.GeneralStep.user_clicks_on_sub_menu(GeneralStep.java:56)
	at âœ½.user clicks on sub-menu "Inventory"(file:///C:/Users/smith/OneDrive/Documents/INTERN/Cell/cellsuite/cellsuite/src/test/resources/features/Labware%20Manager/Labware%20Inventory/Create,%20Register%20and%20Install%20Labware/CC-1144_User%20register%20single%20empty%201%20Well%20plate.feature:15)
&amp#27;[0m
  &amp#27;[36mThen &amp#27;[0m&amp#27;[36muser is navigated to &amp#27;[0m&amp#27;[36m&amp#27;[1m"Inventory"&amp#27;[0m&amp#27;[36m page&amp#27;[0m                                 &amp#27;[90m# stepDefinition.GeneralStep.user_is_navigated_to_page(java.lang.String)&amp#27;[0m
  &amp#27;[36mWhen &amp#27;[0m&amp#27;[36muser clicks on &amp#27;[0m&amp#27;[36m&amp#27;[1m"Register"&amp#27;[0m&amp#27;[36m button&amp#27;[0m                                      &amp#27;[90m# stepDefinition.GeneralStep.user_clicks_on_button(java.lang.String)&amp#27;[0m
  &amp#27;[36mThen &amp#27;[0m&amp#27;[36muser is navigated to &amp#27;[0m&amp#27;[36m&amp#27;[1m"Register Inventory"&amp#27;[0m&amp#27;[36m page&amp#27;[0m                        &amp#27;[90m# stepDefinition.GeneralStep.user_is_navigated_to_page(java.lang.String)&amp#27;[0m
  &amp#27;[36mWhen &amp#27;[0m&amp#27;[36muser select &amp#27;[0m&amp#27;[36m&amp#27;[1m"SBS One Well"&amp#27;[0m&amp#27;[36m in dropdown &amp#27;[0m&amp#27;[36m&amp#27;[1m"Labware"&amp#27;[0m                      &amp#27;[90m# stepDefinition.GeneralStep.user_select_in_dropdown(java.lang.String,java.lang.String)&amp#27;[0m
  &amp#27;[36mThen &amp#27;[0m&amp#27;[36mdropdown &amp#27;[0m&amp#27;[36m&amp#27;[1m"Labware"&amp#27;[0m&amp#27;[36m is filled by &amp#27;[0m&amp#27;[36m&amp#27;[1m"SBS One Well"&amp#27;[0m                        &amp#27;[90m# stepDefinition.GeneralStep.dropdown_is_filled_by(java.lang.String,java.lang.String)&amp#27;[0m
  &amp#27;[36mAnd &amp#27;[0m&amp#27;[36muser select &amp#27;[0m&amp#27;[36m&amp#27;[1m"Empty"&amp#27;[0m&amp#27;[36m in dropdown &amp#27;[0m&amp#27;[36m&amp#27;[1m"Content Type"&amp#27;[0m                         &amp#27;[90m# stepDefinition.GeneralStep.user_select_in_dropdown(java.lang.String,java.lang.String)&amp#27;[0m
  &amp#27;[36mThen &amp#27;[0m&amp#27;[36mdropdown &amp#27;[0m&amp#27;[36m&amp#27;[1m"Content Type"&amp#27;[0m&amp#27;[36m is filled by &amp#27;[0m&amp#27;[36m&amp#27;[1m"Empty"&amp#27;[0m                          &amp#27;[90m# stepDefinition.GeneralStep.dropdown_is_filled_by(java.lang.String,java.lang.String)&amp#27;[0m
  &amp#27;[36mWhen &amp#27;[0m&amp#27;[36muser select &amp#27;[0m&amp#27;[36m&amp#27;[1m"Generate by system"&amp#27;[0m&amp#27;[36m radio&amp#27;[0m                                &amp#27;[90m# stepDefinition.GeneralStep.user_select_radio(java.lang.String)&amp#27;[0m
  &amp#27;[36mThen &amp#27;[0m&amp#27;[36mradio &amp#27;[0m&amp#27;[36m&amp#27;[1m"Generate by system"&amp#27;[0m&amp#27;[36m is selected&amp#27;[0m                                &amp#27;[90m# stepDefinition.GeneralStep.radio_is_selected(java.lang.String)&amp#27;[0m
  &amp#27;[36mAnd &amp#27;[0m&amp#27;[36muser clicks on &amp#27;[0m&amp#27;[36m&amp#27;[1m"Save"&amp#27;[0m&amp#27;[36m button&amp#27;[0m                                           &amp#27;[90m# stepDefinition.GeneralStep.user_clicks_on_button(java.lang.String)&amp#27;[0m
  &amp#27;[36mThen &amp#27;[0m&amp#27;[36mnotification &amp#27;[0m&amp#27;[36m&amp#27;[1m"Success"&amp#27;[0m&amp#27;[36m and &amp#27;[0m&amp#27;[36m&amp#27;[1m"Labware has been registered"&amp#27;[0m&amp#27;[36m is displayed&amp#27;[0m &amp#27;[90m# stepDefinition.GeneralStep.notification_and_is_displayed(java.lang.String,java.lang.String)&amp#27;[0m
  &amp#27;[36mAnd &amp#27;[0m&amp#27;[36mmodal &amp#27;[0m&amp#27;[36m&amp#27;[1m"Save Labware"&amp#27;[0m&amp#27;[36m confirmation is displayed&amp#27;[0m                         &amp#27;[90m# stepDefinition.GeneralStep.modal_confirmation_is_displayed(java.lang.String)&amp#27;[0m
  &amp#27;[36mWhen &amp#27;[0m&amp#27;[36muser clicks button OK in modal Save Labware&amp#27;[0m                           &amp#27;[90m# stepDefinition.LabwareInventoryStep.user_clicks_button_ok_in_modal_save_labware()&amp#27;[0m
  &amp#27;[36mThen &amp#27;[0m&amp#27;[36muser is navigated to &amp#27;[0m&amp#27;[36m&amp#27;[1m"Inventory"&amp#27;[0m&amp#27;[36m page&amp#27;[0m                                 &amp#27;[90m# stepDefinition.GeneralStep.user_is_navigated_to_page(java.lang.String)&amp#27;[0m
  &amp#27;[36mAnd &amp#27;[0m&amp#27;[36mthere is new item &amp#27;[0m&amp#27;[36m&amp#27;[1m"SBS One Well"&amp#27;[0m&amp#27;]]></system-out>
    <system-err><![CDATA[[main] INFO io.github.bonigarcia.wdm.WebDriverManager - Using chromedriver 104.0.5112.79 (resolved driver for Chrome 104)
[main] INFO io.github.bonigarcia.wdm.WebDriverManager - Exporting webdriver.chrome.driver as C:\Users\smith\.cache\selenium\chromedriver\win32\104.0.5112.79\chromedriver.exe
Starting ChromeDriver 104.0.5112.79 (3cf3e8c8a07d104b9e1260c910efb8f383285dc5-refs/branch-heads/5112@{#1307}) on port 53636
Only local connections are allowed.
Please see https://chromedriver.chromium.org/security-considerations for suggestions on keeping ChromeDriver safe.
ChromeDriver was started successfully.
Aug 26, 2022 10:33:19 AM org.openqa.selenium.remote.ProtocolHandshake createSession
INFO: Detected upstream dialect: W3C
Aug 26, 2022 10:33:19 AM org.openqa.selenium.devtools.CdpVersionFinder findNearestMatch
INFO: Found exact CDP implementation for version 104
[AsyncHttpClient-1-6] WARN org.asynchttpclient.netty.handler.WebSocketHandler - onError
java.net.SocketException: Connection reset
	at java.base/sun.nio.ch.SocketChannelImpl.throwConnectionReset(SocketChannelImpl.java:394)
	at java.base/sun.nio.ch.SocketChannelImpl.read(SocketChannelImpl.java:426)
	at io.netty.buffer.PooledByteBuf.setBytes(PooledByteBuf.java:258)
	at io.netty.buffer.AbstractByteBuf.writeBytes(AbstractByteBuf.java:1132)
	at io.netty.channel.socket.nio.NioSocketChannel.doReadBytes(NioSocketChannel.java:357)
	at io.netty.channel.nio.AbstractNioByteChannel$NioByteUnsafe.read(AbstractNioByteChannel.java:151)
	at io.netty.channel.nio.NioEventLoop.processSelectedKey(NioEventLoop.java:722)
	at io.netty.channel.nio.NioEventLoop.processSelectedKeysOptimized(NioEventLoop.java:658)
	at io.netty.channel.nio.NioEventLoop.processSelectedKeys(NioEventLoop.java:584)
	at io.netty.channel.nio.NioEventLoop.run(NioEventLoop.java:496)
	at io.netty.util.concurrent.SingleThreadEventExecutor$4.run(SingleThreadEventExecutor.java:997)
	at io.netty.util.internal.ThreadExecutorMap$2.run(ThreadExecutorMap.java:74)
	at io.netty.util.concurrent.FastThreadLocalRunnable.run(FastThreadLocalRunnable.java:30)
	at java.base/java.lang.Thread.run(Thread.java:833)
Aug 26, 2022 10:33:29 AM org.openqa.selenium.remote.http.WebSocket$Listener onError
WARNING: Connection reset
java.net.SocketException: Connection reset
	at java.base/sun.nio.ch.SocketChannelImpl.throwConnectionReset(SocketChannelImpl.java:394)
	at java.base/sun.nio.ch.SocketChannelImpl.read(SocketChannelImpl.java:426)
	at io.netty.buffer.PooledByteBuf.setBytes(PooledByteBuf.java:258)
	at io.netty.buffer.AbstractByteBuf.writeBytes(AbstractByteBuf.java:1132)
	at io.netty.channel.socket.nio.NioSocketChannel.doReadBytes(NioSocketChannel.java:357)
	at io.netty.channel.nio.AbstractNioByteChannel$NioByteUnsafe.read(AbstractNioByteChannel.java:151)
	at io.netty.channel.nio.NioEventLoop.processSelectedKey(NioEventLoop.java:722)
	at io.netty.channel.nio.NioEventLoop.processSelectedKeysOptimized(NioEventLoop.java:658)
	at io.netty.channel.nio.NioEventLoop.processSelectedKeys(NioEventLoop.java:584)
	at io.netty.channel.nio.NioEventLoop.run(NioEventLoop.java:496)
	at io.netty.util.concurrent.SingleThreadEventExecutor$4.run(SingleThreadEventExecutor.java:997)
	at io.netty.util.internal.ThreadExecutorMap$2.run(ThreadExecutorMap.java:74)
	at io.netty.util.concurrent.FastThreadLocalRunnable.run(FastThreadLocalRunnable.java:30)
	at java.base/java.lang.Thread.run(Thread.java:833)

]]></system-err>
  </testcase>
  <testcase name="User register single empty 1 Well plate" classname="CC-1152:User register microplate with content" time="8.239">
    <error message="The step &apos;user clicks on the well image&apos; and 1 other step(s) are undefined.&#10;You can implement these steps using the snippet(s) below:&#10;&#10;@When(&quot;user clicks on the well image&quot;)&#10;public void user_clicks_on_the_well_image() {&#10;    // Write code here that turns the phrase above into concrete actions&#10;    throw new io.cucumber.java.PendingException();&#10;}&#10;@Then(&quot;well is filled with color and the value of volume&quot;)&#10;public void well_is_filled_with_color_and_the_value_of_volume() {&#10;    // Write code here that turns the phrase above into concrete actions&#10;    throw new io.cucumber.java.PendingException();&#10;}&#10;" type="io.cucumber.junit.UndefinedStepException"><![CDATA[io.cucumber.junit.UndefinedStepException: 
The step 'user clicks on the well image' and 1 other step(s) are undefined.
You can implement these steps using the snippet(s) below:

@When("user clicks on the well image")
public void user_clicks_on_the_well_image() {
    // Write code here that turns the phrase above into concrete actions
    throw new io.cucumber.java.PendingException();
}
@Then("well is filled with color and the value of volume")
public void well_is_filled_with_color_and_the_value_of_volume() {
    // Write code here that turns the phrase above into concrete actions
    throw new io.cucumber.java.PendingException();
}

]]></error>
    <system-out><![CDATA[browser value is: chromeheadless

my cell 2
my cell 1.0 edit
my cell 6
HeLa
labwareId_list
contentType_list
my cell 2
my cell 1.0 edit
my cell 6
HeLa
]]></system-out>
    <system-err><![CDATA[[main] INFO io.github.bonigarcia.wdm.WebDriverManager - Using chromedriver 104.0.5112.79 (resolved driver for Chrome 104)
[main] INFO io.github.bonigarcia.wdm.WebDriverManager - Exporting webdriver.chrome.driver as C:\Users\smith\.cache\selenium\chromedriver\win32\104.0.5112.79\chromedriver.exe
Starting ChromeDriver 104.0.5112.79 (3cf3e8c8a07d104b9e1260c910efb8f383285dc5-refs/branch-heads/5112@{#1307}) on port 63841
Only local connections are allowed.
Please see https://chromedriver.chromium.org/security-considerations for suggestions on keeping ChromeDriver safe.
ChromeDriver was started successfully.
Aug 26, 2022 10:33:30 AM org.openqa.selenium.remote.ProtocolHandshake createSession
INFO: Detected upstream dialect: W3C
Aug 26, 2022 10:33:30 AM org.openqa.selenium.devtools.CdpVersionFinder findNearestMatch
INFO: Found exact CDP implementation for version 104
[AsyncHttpClient-1-9] WARN org.asynchttpclient.netty.handler.WebSocketHandler - onError
java.net.SocketException: Connection reset
	at java.base/sun.nio.ch.SocketChannelImpl.throwConnectionReset(SocketChannelImpl.java:394)
	at java.base/sun.nio.ch.SocketChannelImpl.read(SocketChannelImpl.java:426)
	at io.netty.buffer.PooledByteBuf.setBytes(PooledByteBuf.java:258)
	at io.netty.buffer.AbstractByteBuf.writeBytes(AbstractByteBuf.java:1132)
	at io.netty.channel.socket.nio.NioSocketChannel.doReadBytes(NioSocketChannel.java:357)
	at io.netty.channel.nio.AbstractNioByteChannel$NioByteUnsafe.read(AbstractNioByteChannel.java:151)
	at io.netty.channel.nio.NioEventLoop.processSelectedKey(NioEventLoop.java:722)
	at io.netty.channel.nio.NioEventLoop.processSelectedKeysOptimized(NioEventLoop.java:658)
	at io.netty.channel.nio.NioEventLoop.processSelectedKeys(NioEventLoop.java:584)
	at io.netty.channel.nio.NioEventLoop.run(NioEventLoop.java:496)
	at io.netty.util.concurrent.SingleThreadEventExecutor$4.run(SingleThreadEventExecutor.java:997)
	at io.netty.util.internal.ThreadExecutorMap$2.run(ThreadExecutorMap.java:74)
	at io.netty.util.concurrent.FastThreadLocalRunnable.run(FastThreadLocalRunnable.java:30)
	at java.base/java.lang.Thread.run(Thread.java:833)
Aug 26, 2022 10:33:37 AM org.openqa.selenium.remote.http.WebSocket$Listener onError
WARNING: Connection reset
java.net.SocketException: Connection reset
	at java.base/sun.nio.ch.SocketChannelImpl.throwConnectionReset(SocketChannelImpl.java:394)
	at java.base/sun.nio.ch.SocketChannelImpl.read(SocketChannelImpl.java:426)
	at io.netty.buffer.PooledByteBuf.setBytes(PooledByteBuf.java:258)
	at io.netty.buffer.AbstractByteBuf.writeBytes(AbstractByteBuf.java:1132)
	at io.netty.channel.socket.nio.NioSocketChannel.doReadBytes(NioSocketChannel.java:357)
	at io.netty.channel.nio.AbstractNioByteChannel$NioByteUnsafe.read(AbstractNioByteChannel.java:151)
	at io.netty.channel.nio.NioEventLoop.processSelectedKey(NioEventLoop.java:722)
	at io.netty.channel.nio.NioEventLoop.processSelectedKeysOptimized(NioEventLoop.java:658)
	at io.netty.channel.nio.NioEventLoop.processSelectedKeys(NioEventLoop.java:584)
	at io.netty.channel.nio.NioEventLoop.run(NioEventLoop.java:496)
	at io.netty.util.concurrent.SingleThreadEventExecutor$4.run(SingleThreadEventExecutor.java:997)
	at io.netty.util.internal.ThreadExecutorMap$2.run(ThreadExecutorMap.java:74)
	at io.netty.util.concurrent.FastThreadLocalRunnable.run(FastThreadLocalRunnable.java:30)
	at java.base/java.lang.Thread.run(Thread.java:833)

]]></system-err>
  </testcase>
  <testcase name="User saving without completing the required fields" classname="CC-1153:User saving without completing the required fields" time="3.368">
    <error message="The step &apos;user is navigated to website &quot;http://localhost:5050&quot;&apos; and 6 other step(s) are undefined.&#10;You can implement these steps using the snippet(s) below:&#10;&#10;@Given(&quot;user is navigated to website {string}&quot;)&#10;public void user_is_navigated_to_website(String string) {&#10;    // Write code here that turns the phrase above into concrete actions&#10;    throw new io.cucumber.java.PendingException();&#10;}&#10;@When(&quot;user enters {string} as {string}&quot;)&#10;public void user_enters_as(String string, String string2) {&#10;    // Write code here that turns the phrase above into concrete actions&#10;    throw new io.cucumber.java.PendingException();&#10;}&#10;@Then(&quot;{string} is typed on {string} textbox&quot;)&#10;public void is_typed_on_textbox(String string, String string2) {&#10;    // Write code here that turns the phrase above into concrete actions&#10;    throw new io.cucumber.java.PendingException();&#10;}&#10;@Then(&quot;data table show up&quot;)&#10;public void data_table_show_up() {&#10;    // Write code here that turns the phrase above into concrete actions&#10;    throw new io.cucumber.java.PendingException();&#10;}&#10;@Then(&quot;user get {string} alert&quot;)&#10;public void user_get_alert(String string) {&#10;    // Write code here that turns the phrase above into concrete actions&#10;    throw new io.cucumber.java.PendingException();&#10;}&#10;" type="io.cucumber.junit.UndefinedStepException"><![CDATA[io.cucumber.junit.UndefinedStepException: 
The step 'user is navigated to website "http://localhost:5050"' and 6 other step(s) are undefined.
You can implement these steps using the snippet(s) below:

@Given("user is navigated to website {string}")
public void user_is_navigated_to_website(String string) {
    // Write code here that turns the phrase above into concrete actions
    throw new io.cucumber.java.PendingException();
}
@When("user enters {string} as {string}")
public void user_enters_as(String string, String string2) {
    // Write code here that turns the phrase above into concrete actions
    throw new io.cucumber.java.PendingException();
}
@Then("{string} is typed on {string} textbox")
public void is_typed_on_textbox(String string, String string2) {
    // Write code here that turns the phrase above into concrete actions
    throw new io.cucumber.java.PendingException();
}
@Then("data table show up")
public void data_table_show_up() {
    // Write code here that turns the phrase above into concrete actions
    throw new io.cucumber.java.PendingException();
}
@Then("user get {string} alert")
public void user_get_alert(String string) {
    // Write code here that turns the phrase above into concrete actions
    throw new io.cucumber.java.PendingException();
}

]]></error>
    <system-out><![CDATA[browser value is: chromeheadless
[36m created in table with empty exp date&amp#27;[0m  &amp#27;[90m# stepDefinition.LabwareInventoryStep.there_is_new_item_created_in_table_with_empty_exp_date(java.lang.String)&amp#27;[0m

@CC-1152_User_register_microplate_with_content
Scenario: User register single empty 1 Well plate                            &amp#27;[90m# src/test/resources/features/Labware Manager/Labware Inventory/Create, Register and Install Labware/CC-1152_User register microplate with content.feature:18&amp#27;[0m
  &amp#27;[32mGiven &amp#27;[0m&amp#27;[32muser has already logged in to application with this credentials&amp#27;[0m      &amp#27;[90m# stepDefinition.LoginPageStep.user_has_already_logged_in_to_application_with_this_credentials(io.cucumber.datatable.DataTable)&amp#27;[0m
    | username | password |
    | admin    | admin    |
  &amp#27;[32mAnd &amp#27;[0m&amp#27;[32muser is navigated to &amp#27;[0m&amp#27;[32m&amp#27;[1m"Dashboard"&amp#27;[0m&amp#27;[32m page&amp#27;[0m                                  &amp#27;[90m# stepDefinition.GeneralStep.user_is_navigated_to_page(java.lang.String)&amp#27;[0m
  &amp#27;[32mWhen &amp#27;[0m&amp#27;[32muser clicks on menu &amp#27;[0m&amp#27;[32m&amp#27;[1m"Cell Line"&amp#27;[0m                                       &amp#27;[90m# stepDefinition.GeneralStep.user_clicks_on_menu(java.lang.String)&amp#27;[0m
  &amp#27;[32mThen &amp#27;[0m&amp#27;[32muser is navigated to &amp#27;[0m&amp#27;[32m&amp#27;[1m"Cell Line"&amp#27;[0m&amp#27;[32m page&amp#27;[0m                                 &amp#27;[90m# stepDefinition.GeneralStep.user_is_navigated_to_page(java.lang.String)&amp#27;[0m
  &amp#27;[32mAnd &amp#27;[0m&amp#27;[32m&amp#27;[0m&amp#27;[32m&amp#27;[1m"HeLa"&amp#27;[0m&amp#27;[32m items is &amp#27;[0m&amp#27;[32m&amp#27;[1m"already"&amp#27;[0m&amp#27;[32m exist&amp#27;[0m                                        &amp#27;[90m# stepDefinition.GeneralStep.items_is_exist(java.lang.String,java.lang.String)&amp#27;[0m
  &amp#27;[32mWhen &amp#27;[0m&amp#27;[32muser clicks on menu &amp#27;[0m&amp#27;[32m&amp#27;[1m"Labware"&amp#27;[0m                                         &amp#27;[90m# stepDefinition.GeneralStep.user_clicks_on_menu(java.lang.String)&amp#27;[0m
  &amp#27;[32mAnd &amp#27;[0m&amp#27;[32muser clicks on sub-menu &amp#27;[0m&amp#27;[32m&amp#27;[1m"Inventory"&amp#27;[0m                                    &amp#27;[90m# stepDefinition.GeneralStep.user_clicks_on_sub_menu(java.lang.String)&amp#27;[0m
  &amp#27;[32mThen &amp#27;[0m&amp#27;[32muser is navigated to &amp#27;[0m&amp#27;[32m&amp#27;[1m"Inventory"&amp#27;[0m&amp#27;[32m page&amp#27;[0m                                 &amp#27;[90m# stepDefinition.GeneralStep.user_is_navigated_to_page(java.lang.String)&amp#27;[0m
  &amp#27;[32mWhen &amp#27;[0m&amp#27;[32muser clicks on &amp#27;[0m&amp#27;[32m&amp#27;[1m"Register"&amp#27;[0m&amp#27;[32m button&amp#27;[0m                                      &amp#27;[90m# stepDefinition.GeneralStep.user_clicks_on_button(java.lang.String)&amp#27;[0m
  &amp#27;[32mThen &amp#27;[0m&amp#27;[32muser is navigated to &amp#27;[0m&amp#27;[32m&amp#27;[1m"Register Inventory"&amp#27;[0m&amp#27;[32m page&amp#27;[0m                        &amp#27;[90m# stepDefinition.GeneralStep.user_is_navigated_to_page(java.lang.String)&amp#27;[0m
  &amp#27;[32mWhen &amp#27;[0m&amp#27;[32muser select &amp#27;[0m&amp#27;[32m&amp#27;[1m"SBS One Well"&amp#27;[0m&amp#27;[32m in dropdown &amp#27;[0m&amp#27;[32m&amp#27;[1m"Labware"&amp#27;[0m                      &amp#27;[90m# stepDefinition.GeneralStep.user_select_in_dropdown(java.lang.String,java.lang.String)&amp#27;[0m
  &amp#27;[32mThen &amp#27;[0m&amp#27;[32mdropdown &amp#27;[0m&amp#27;[32m&amp#27;[1m"Labware"&amp#27;[0m&amp#27;[32m is filled by &amp#27;[0m&amp#27;[32m&amp#27;[1m"SBS One Well"&amp#27;[0m                        &amp#27;[90m# stepDefinition.GeneralStep.dropdown_is_filled_by(java.lang.String,java.lang.String)&amp#27;[0m
  &amp#27;[32mAnd &amp#27;[0m&amp#27;[32muser select &amp#27;[0m&amp#27;[32m&amp#27;[1m"Cell"&amp#27;[0m&amp#27;[32m in dropdown &amp#27;[0m&amp#27;[32m&amp#27;[1m"Content Type"&amp#27;[0m                          &amp#27;[90m# stepDefinition.GeneralStep.user_select_in_dropdown(java.lang.String,java.lang.String)&amp#27;[0m
  &amp#27;[32mThen &amp#27;[0m&amp#27;[32mdropdown &amp#27;[0m&amp#27;[32m&amp#27;[1m"Content Type"&amp#27;[0m&amp#27;[32m is filled by &amp#27;[0m&amp#27;[32m&amp#27;[1m"Cell"&amp#27;[0m                           &amp#27;[90m# stepDefinition.GeneralStep.dropdown_is_filled_by(java.lang.String,java.lang.String)&amp#27;[0m
  &amp#27;[32mAnd &amp#27;[0m&amp#27;[32m&amp#27;[0m&amp#27;[32m&amp#27;[1m"Create Content"&amp#27;[0m&amp#27;[32m menu is appear&amp#27;[0m                                        &amp#27;[90m# stepDefinition.LabwareInventoryStep.menu_is_appear(java.lang.String)&amp#27;[0m
  &amp#27;[32mWhen &amp#27;[0m&amp#27;[32muser clicks on &amp#27;[0m&amp#27;[32m&amp#27;[1m"Create Content"&amp#27;[0m&amp#27;[32m button&amp#27;[0m                                &amp#27;[90m# stepDefinition.GeneralStep.user_clicks_on_button(java.lang.String)&amp#27;[0m
  &amp#27;[32mThen &amp#27;[0m&amp#27;[32mdialog for defining &amp#27;[0m&amp#27;[32m&amp#27;[1m"Add Content"&amp#27;[0m&amp#27;[32m is displayed&amp#27;[0m                        &amp#27;[90m# stepDefinition.LabwareInventoryStep.dialog_for_defining_is_displayed(java.lang.String)&amp#27;[0m
  &amp#27;[32mWhen &amp#27;[0m&amp#27;[32muser choose content &amp#27;[0m&amp#27;[32m&amp#27;[1m"HeLa"&amp#27;[0m&amp#27;[32m and fill volume &amp#27;[0m&amp#27;[32m&amp#27;[1m"150"&amp#27;[0m                      &amp#27;[90m# stepDefinition.LabwareInventoryStep.user_choose_content_and_fill_volume(java.lang.String,java.lang.String)&amp#27;[0m
  &amp#27;[32mThen &amp#27;[0m&amp#27;[32mcontent selected as &amp#27;[0m&amp#27;[32m&amp#27;[1m"Hela"&amp#27;[0m&amp#27;[32m and volume displayed as &amp#27;[0m&amp#27;[32m&amp#27;[1m"150"&amp#27;[0m              &amp#27;[90m# stepDefinition.LabwareInventoryStep.content_selected_as_and_volume_displayed_as(java.lang.String,java.lang.String)&amp#27;[0m
  &amp#27;[33mWhen &amp#27;[0m&amp#27;[33muser clicks on the well image&amp#27;[0m
  &amp#27;[36mThen &amp#27;[0m&amp#27;[36mwell is filled with color and the value of volume&amp#27;[0m
  &amp#27;[36mAnd &amp#27;[0m&amp#27;[36muser clicks on &amp#27;[0m&amp#27;[36m&amp#27;[1m"OK"&amp#27;[0m&amp#27;[36m button&amp#27;[0m                                             &amp#27;[90m# stepDefinition.GeneralStep.user_clicks_on_button(java.lang.String)&amp#27;[0m
  &amp#27;[36mAnd &amp#27;[0m&amp#27;[36muser clicks on &amp#27;[0m&amp#27;[36m&amp#27;[1m"Save"&amp#27;[0m&amp#27;[36m button&amp#27;[0m                                           &amp#27;[90m# stepDefinition.GeneralStep.user_clicks_on_button(java.lang.String)&amp#27;[0m
  &amp#27;[36mThen &amp#27;[0m&amp#27;[36mnotification &amp#27;[0m&amp#27;[36m&amp#27;[1m"Success"&amp#27;[0m&amp#27;[36m and &amp#27;[0m&amp#27;[36m&amp#27;[1m"Labware has been registered"&amp#27;[0m&amp#27;[36m is displayed&amp#27;[0m &amp#27;[90m# stepDefinition.GeneralStep.notification_and_is_displayed(java.lang.String,java.lang.String)&amp#27;[0m
  &amp#27;[36mAnd &amp#27;[0m&amp#27;[36mmodal &amp#27;[0m&amp#27;[36m&amp#27;[1m"Save Labware"&amp#27;[0m&amp#27;[36m confirmation is displayed&amp#27;[0m                         &amp#27;[90m# stepDefinition.GeneralStep.modal_confirmation_is_displayed(java.lang.String)&amp#27;[0m
  &amp#27;[36mWhen &amp#27;[0m&amp#27;[36muser clicks button OK in modal Save Labware&amp#27;[0m                           &amp#27;[90m# stepDefinition.LabwareInventoryStep.user_clicks_button_ok_in_modal_save_labware()&amp#27;[0m
  &amp#27;[36mThen &amp#27;[0m&amp#27;[36muser is navigated to &amp#27;[0m&amp#27;[36m&amp#27;[1m"Inventory"&amp#27;[0m&amp#27;[36m page&amp#27;[0m                                 &amp#27;[90m# stepDefinition.GeneralStep.user_is_navigated_to_page(java.lang.String)&amp#27;[0m
  &amp#27;[36mAnd &amp#27;[0m&amp#27;[36mthere is new item &amp#27;[0m&amp#27;[36m&amp#27;[1m"SBS One Well"&amp#27;[0m&amp#27;[36m created in table with empty exp date&amp#27;[0m  &amp#27;[90m# stepDefinition.LabwareInventoryStep.there_is_new_item_created_in_table_with_empty_exp_date(java.lang.String)&amp#27;[0m

@CC-1153
Scenario: User saving without completing the required fields &amp#27;[90m# src/test/resources/features/Labware Manager/Labware Inventory/Create, Register and Install Labware/CC-1153_User saving without completing the required fields.feature:20&amp#27;[0m
  &amp#27;[33mGiven &amp#27;[0m&amp#27;[33muser is navigated to website "http://localhost:5050"&amp#27;[0m
  &amp#27;[36mThen &amp#27;[0m&amp#27;[36muser is navigated to &amp#27;[0m&amp#27;[36m&amp#27;[1m"Login"&amp#27;[0m&amp#27;[36m page&amp#27;[0m                     &amp#27;[90m# stepDefinition.GeneralStep.user_is_navigated_to_page(java.lang.String)&amp#27;[0m
  &amp#27;[36mThen &amp#27;[0m&amp#27;[36muser is navigated to &amp#27;[0m&amp#27;[36m&amp#27;[1m"Login"&amp#27;[0m&amp#27;[36m page&amp#27;[0m                     &amp#27;[90m# stepDefinition.GeneralStep.user_is_navigated_to_page(java.lang.String)&amp#27;[0m
  &amp#27;[36mWhen &amp#27;[0m&amp#27;[36muser enters "Username" as "admin"&amp#27;[0m
  &amp#27;[36mThen &amp#27;[0m&amp#27;[36m"admin" is typed on "Username" textbox&amp#27;[0m
  &amp#27;[36mWhen &amp#27;[0m&amp#27;[36muser enters "Password" as "admin"&amp#27;[0m
  &amp#27;[36mThen &amp#27;[0m&amp#27;[36m"admin" is typed on "Password" textbox&amp#27;[0m
  &amp#27;[36mAnd &amp#27;[0m&amp#27;[36muser clicks on &amp#27;[0m&amp#27;[36m&amp#27;[1m"SIGN IN"&amp#27;[0m&amp#27;[36m button&amp#27;[0m                        &amp#27;[90m# stepDefinition.GeneralStep.user_clicks_on_button(java.lang.String)&amp#27;[0m
  &amp#27;[36mThen &amp#27;[0m&amp#27;[36muser is navigated to &amp#27;[0m&amp#27;[36m&amp#27;[1m"Dashboard"&amp#27;[0m&amp#27;[36m page&amp#27;[0m                 &amp#27;[90m# stepDefinition.GeneralStep.user_is_navigated_to_page(java.lang.String)&amp#27;[0m
  &amp#27;[36mWhen &amp#27;[0m&amp#27;[36muser clicks on menu &amp#27;[0m&amp#27;[36m&amp#27;[1m"Labware"&amp#27;[0m                         &amp#27;[90m# stepDefinition.GeneralStep.user_clicks_on_menu(java.lang.String)&amp#27;[0m
  &amp#27;[36mAnd &amp#27;[0m&amp#27;[36muser clicks on sub-menu &amp#27;[0m&amp#27;[36m&amp#27;[1m"Inventory"&amp#27;[0m                    &amp#27;[90m# stepDefinition.GeneralStep.user_clicks_on_sub_menu(java.lang.String)&amp#27;[0m
  &amp#27;[36mThen &amp#27;[0m&amp#27;[36muser is navigated to &amp#27;[0m&amp#27;[36m&amp#27;[1m"Inventory"&amp#27;[0m&amp#27;[36m page&amp#27;[0m                 &amp#27;[90m# stepDefinition.GeneralStep.user_is_navigated_to_page(java.lang.String)&amp#27;[0m
  &amp#27;[36mAnd &amp#27;[0m&amp#27;[36mdata table show up&amp#27;[0m
  &amp#27;[36mWhen &amp#27;[0m&amp#27;[36muser clicks on &amp#27;[0m&amp#27;[36m&amp#27;[1m"Register"&amp#27;[0m&amp#27;[36m button&amp#27;[0m                      &amp#27;[90m# stepDefinition.GeneralStep.user_clicks_on_button(java.lang.String)&amp#27;[0m
  &amp#27;[36mAnd &amp#27;[0m&amp#27;]]></system-out>
    <system-err><![CDATA[[main] INFO io.github.bonigarcia.wdm.WebDriverManager - Using chromedriver 104.0.5112.79 (resolved driver for Chrome 104)
[main] INFO io.github.bonigarcia.wdm.WebDriverManager - Exporting webdriver.chrome.driver as C:\Users\smith\.cache\selenium\chromedriver\win32\104.0.5112.79\chromedriver.exe
Starting ChromeDriver 104.0.5112.79 (3cf3e8c8a07d104b9e1260c910efb8f383285dc5-refs/branch-heads/5112@{#1307}) on port 61177
Only local connections are allowed.
Please see https://chromedriver.chromium.org/security-considerations for suggestions on keeping ChromeDriver safe.
ChromeDriver was started successfully.
Aug 26, 2022 10:33:38 AM org.openqa.selenium.remote.ProtocolHandshake createSession
INFO: Detected upstream dialect: W3C
Aug 26, 2022 10:33:38 AM org.openqa.selenium.devtools.CdpVersionFinder findNearestMatch
INFO: Found exact CDP implementation for version 104
[AsyncHttpClient-1-4] WARN org.asynchttpclient.netty.handler.WebSocketHandler - onError
java.net.SocketException: Connection reset
	at java.base/sun.nio.ch.SocketChannelImpl.throwConnectionReset(SocketChannelImpl.java:394)
	at java.base/sun.nio.ch.SocketChannelImpl.read(SocketChannelImpl.java:426)
	at io.netty.buffer.PooledByteBuf.setBytes(PooledByteBuf.java:258)
	at io.netty.buffer.AbstractByteBuf.writeBytes(AbstractByteBuf.java:1132)
	at io.netty.channel.socket.nio.NioSocketChannel.doReadBytes(NioSocketChannel.java:357)
	at io.netty.channel.nio.AbstractNioByteChannel$NioByteUnsafe.read(AbstractNioByteChannel.java:151)
	at io.netty.channel.nio.NioEventLoop.processSelectedKey(NioEventLoop.java:722)
	at io.netty.channel.nio.NioEventLoop.processSelectedKeysOptimized(NioEventLoop.java:658)
	at io.netty.channel.nio.NioEventLoop.processSelectedKeys(NioEventLoop.java:584)
	at io.netty.channel.nio.NioEventLoop.run(NioEventLoop.java:496)
	at io.netty.util.concurrent.SingleThreadEventExecutor$4.run(SingleThreadEventExecutor.java:997)
	at io.netty.util.internal.ThreadExecutorMap$2.run(ThreadExecutorMap.java:74)
	at io.netty.util.concurrent.FastThreadLocalRunnable.run(FastThreadLocalRunnable.java:30)
	at java.base/java.lang.Thread.run(Thread.java:833)
Aug 26, 2022 10:33:40 AM org.openqa.selenium.remote.http.WebSocket$Listener onError
WARNING: Connection reset
java.net.SocketException: Connection reset
	at java.base/sun.nio.ch.SocketChannelImpl.throwConnectionReset(SocketChannelImpl.java:394)
	at java.base/sun.nio.ch.SocketChannelImpl.read(SocketChannelImpl.java:426)
	at io.netty.buffer.PooledByteBuf.setBytes(PooledByteBuf.java:258)
	at io.netty.buffer.AbstractByteBuf.writeBytes(AbstractByteBuf.java:1132)
	at io.netty.channel.socket.nio.NioSocketChannel.doReadBytes(NioSocketChannel.java:357)
	at io.netty.channel.nio.AbstractNioByteChannel$NioByteUnsafe.read(AbstractNioByteChannel.java:151)
	at io.netty.channel.nio.NioEventLoop.processSelectedKey(NioEventLoop.java:722)
	at io.netty.channel.nio.NioEventLoop.processSelectedKeysOptimized(NioEventLoop.java:658)
	at io.netty.channel.nio.NioEventLoop.processSelectedKeys(NioEventLoop.java:584)
	at io.netty.channel.nio.NioEventLoop.run(NioEventLoop.java:496)
	at io.netty.util.concurrent.SingleThreadEventExecutor$4.run(SingleThreadEventExecutor.java:997)
	at io.netty.util.internal.ThreadExecutorMap$2.run(ThreadExecutorMap.java:74)
	at io.netty.util.concurrent.FastThreadLocalRunnable.run(FastThreadLocalRunnable.java:30)
	at java.base/java.lang.Thread.run(Thread.java:833)

]]></system-err>
  </testcase>
  <testcase name="User saving without completing the required fields" classname="CC-1154:User cancel register labware" time="3.528">
    <error message="The step &apos;user is navigated to website &quot;http://localhost:5050&quot;&apos; and 10 other step(s) are undefined.&#10;You can implement these steps using the snippet(s) below:&#10;&#10;@Given(&quot;user is navigated to website {string}&quot;)&#10;public void user_is_navigated_to_website(String string) {&#10;    // Write code here that turns the phrase above into concrete actions&#10;    throw new io.cucumber.java.PendingException();&#10;}&#10;@When(&quot;user enters {string} as {string}&quot;)&#10;public void user_enters_as(String string, String string2) {&#10;    // Write code here that turns the phrase above into concrete actions&#10;    throw new io.cucumber.java.PendingException();&#10;}&#10;@Then(&quot;{string} is typed on {string} textbox&quot;)&#10;public void is_typed_on_textbox(String string, String string2) {&#10;    // Write code here that turns the phrase above into concrete actions&#10;    throw new io.cucumber.java.PendingException();&#10;}&#10;@Then(&quot;data table show up&quot;)&#10;public void data_table_show_up() {&#10;    // Write code here that turns the phrase above into concrete actions&#10;    throw new io.cucumber.java.PendingException();&#10;}&#10;@When(&quot;user enters labware count {string}&quot;)&#10;public void user_enters_labware_count(String string) {&#10;    // Write code here that turns the phrase above into concrete actions&#10;    throw new io.cucumber.java.PendingException();&#10;}&#10;@When(&quot;user select {string} on barcode radio box&quot;)&#10;public void user_select_on_barcode_radio_box(String string) {&#10;    // Write code here that turns the phrase above into concrete actions&#10;    throw new io.cucumber.java.PendingException();&#10;}&#10;@When(&quot;user enters {string} notes labware&quot;)&#10;public void user_enters_notes_labware(String string) {&#10;    // Write code here that turns the phrase above into concrete actions&#10;    throw new io.cucumber.java.PendingException();&#10;}&#10;@When(&quot;user clicks on {string} icon button&quot;)&#10;public void user_clicks_on_icon_button(String string) {&#10;    // Write code here that turns the phrase above into concrete actions&#10;    throw new io.cucumber.java.PendingException();&#10;}&#10;@When(&quot;System {string} new item {string}&quot;)&#10;public void system_new_item(String string, String string2) {&#10;    // Write code here that turns the phrase above into concrete actions&#10;    throw new io.cucumber.java.PendingException();&#10;}&#10;" type="io.cucumber.junit.UndefinedStepException"><![CDATA[io.cucumber.junit.UndefinedStepException: 
The step 'user is navigated to website "http://localhost:5050"' and 10 other step(s) are undefined.
You can implement these steps using the snippet(s) below:

@Given("user is navigated to website {string}")
public void user_is_navigated_to_website(String string) {
    // Write code here that turns the phrase above into concrete actions
    throw new io.cucumber.java.PendingException();
}
@When("user enters {string} as {string}")
public void user_enters_as(String string, String string2) {
    // Write code here that turns the phrase above into concrete actions
    throw new io.cucumber.java.PendingException();
}
@Then("{string} is typed on {string} textbox")
public void is_typed_on_textbox(String string, String string2) {
    // Write code here that turns the phrase above into concrete actions
    throw new io.cucumber.java.PendingException();
}
@Then("data table show up")
public void data_table_show_up() {
    // Write code here that turns the phrase above into concrete actions
    throw new io.cucumber.java.PendingException();
}
@When("user enters labware count {string}")
public void user_enters_labware_count(String string) {
    // Write code here that turns the phrase above into concrete actions
    throw new io.cucumber.java.PendingException();
}
@When("user select {string} on barcode radio box")
public void user_select_on_barcode_radio_box(String string) {
    // Write code here that turns the phrase above into concrete actions
    throw new io.cucumber.java.PendingException();
}
@When("user enters {string} notes labware")
public void user_enters_notes_labware(String string) {
    // Write code here that turns the phrase above into concrete actions
    throw new io.cucumber.java.PendingException();
}
@When("user clicks on {string} icon button")
public void user_clicks_on_icon_button(String string) {
    // Write code here that turns the phrase above into concrete actions
    throw new io.cucumber.java.PendingException();
}
@When("System {string} new item {string}")
public void system_new_item(String string, String string2) {
    // Write code here that turns the phrase above into concrete actions
    throw new io.cucumber.java.PendingException();
}

]]></error>
    <system-out><![CDATA[browser value is: chromeheadless
]]></system-out>
    <system-err><![CDATA[[main] INFO io.github.bonigarcia.wdm.WebDriverManager - Using chromedriver 104.0.5112.79 (resolved driver for Chrome 104)
[main] INFO io.github.bonigarcia.wdm.WebDriverManager - Exporting webdriver.chrome.driver as C:\Users\smith\.cache\selenium\chromedriver\win32\104.0.5112.79\chromedriver.exe
Starting ChromeDriver 104.0.5112.79 (3cf3e8c8a07d104b9e1260c910efb8f383285dc5-refs/branch-heads/5112@{#1307}) on port 58100
Only local connections are allowed.
Please see https://chromedriver.chromium.org/security-considerations for suggestions on keeping ChromeDriver safe.
ChromeDriver was started successfully.
Aug 26, 2022 10:33:42 AM org.openqa.selenium.remote.ProtocolHandshake createSession
INFO: Detected upstream dialect: W3C
Aug 26, 2022 10:33:42 AM org.openqa.selenium.devtools.CdpVersionFinder findNearestMatch
INFO: Found exact CDP implementation for version 104
[AsyncHttpClient-1-7] WARN org.asynchttpclient.netty.handler.WebSocketHandler - onError
java.net.SocketException: Connection reset
	at java.base/sun.nio.ch.SocketChannelImpl.throwConnectionReset(SocketChannelImpl.java:394)
	at java.base/sun.nio.ch.SocketChannelImpl.read(SocketChannelImpl.java:426)
	at io.netty.buffer.PooledByteBuf.setBytes(PooledByteBuf.java:258)
	at io.netty.buffer.AbstractByteBuf.writeBytes(AbstractByteBuf.java:1132)
	at io.netty.channel.socket.nio.NioSocketChannel.doReadBytes(NioSocketChannel.java:357)
	at io.netty.channel.nio.AbstractNioByteChannel$NioByteUnsafe.read(AbstractNioByteChannel.java:151)
	at io.netty.channel.nio.NioEventLoop.processSelectedKey(NioEventLoop.java:722)
	at io.netty.channel.nio.NioEventLoop.processSelectedKeysOptimized(NioEventLoop.java:658)
	at io.netty.channel.nio.NioEventLoop.processSelectedKeys(NioEventLoop.java:584)
	at io.netty.channel.nio.NioEventLoop.run(NioEventLoop.java:496)
	at io.netty.util.concurrent.SingleThreadEventExecutor$4.run(SingleThreadEventExecutor.java:997)
	at io.netty.util.internal.ThreadExecutorMap$2.run(ThreadExecutorMap.java:74)
	at io.netty.util.concurrent.FastThreadLocalRunnable.run(FastThreadLocalRunnable.java:30)
	at java.base/java.lang.Thread.run(Thread.java:833)
Aug 26, 2022 10:33:44 AM org.openqa.selenium.remote.http.WebSocket$Listener onError
WARNING: Connection reset
java.net.SocketException: Connection reset
	at java.base/sun.nio.ch.SocketChannelImpl.throwConnectionReset(SocketChannelImpl.java:394)
	at java.base/sun.nio.ch.SocketChannelImpl.read(SocketChannelImpl.java:426)
	at io.netty.buffer.PooledByteBuf.setBytes(PooledByteBuf.java:258)
	at io.netty.buffer.AbstractByteBuf.writeBytes(AbstractByteBuf.java:1132)
	at io.netty.channel.socket.nio.NioSocketChannel.doReadBytes(NioSocketChannel.java:357)
	at io.netty.channel.nio.AbstractNioByteChannel$NioByteUnsafe.read(AbstractNioByteChannel.java:151)
	at io.netty.channel.nio.NioEventLoop.processSelectedKey(NioEventLoop.java:722)
	at io.netty.channel.nio.NioEventLoop.processSelectedKeysOptimized(NioEventLoop.java:658)
	at io.netty.channel.nio.NioEventLoop.processSelectedKeys(NioEventLoop.java:584)
	at io.netty.channel.nio.NioEventLoop.run(NioEventLoop.java:496)
	at io.netty.util.concurrent.SingleThreadEventExecutor$4.run(SingleThreadEventExecutor.java:997)
	at io.netty.util.internal.ThreadExecutorMap$2.run(ThreadExecutorMap.java:74)
	at io.netty.util.concurrent.FastThreadLocalRunnable.run(FastThreadLocalRunnable.java:30)
	at java.base/java.lang.Thread.run(Thread.java:833)

]]></system-err>
  </testcase>
  <testcase name="CC-1122:User registering multiple Pre-barcoded labwares" classname="CC-1122:User registering multiple Pre-barcoded labwares #2" time="32.039">
    <error message="timeout: Timed out receiving message from renderer: 29.804&#10;  (Session info: headless chrome=104.0.5112.102)&#10;Build info: version: &apos;4.4.0&apos;, revision: &apos;e5c75ed026a&apos;&#10;System info: host: &apos;DESKTOP-SJM9DM9&apos;, ip: &apos;172.18.112.1&apos;, os.name: &apos;Windows 10&apos;, os.arch: &apos;amd64&apos;, os.version: &apos;10.0&apos;, java.version: &apos;17.0.1&apos;&#10;Driver info: org.openqa.selenium.chrome.ChromeDriver&#10;Command: [1a85f91680c675c576536740ccf3f404, get {url=http://localhost:5050}]&#10;Capabilities {acceptInsecureCerts: false, browserName: chrome, browserVersion: 104.0.5112.102, chrome: {chromedriverVersion: 104.0.5112.79 (3cf3e8c8a07d..., userDataDir: C:\Users\smith\AppData\Loca...}, goog:chromeOptions: {debuggerAddress: localhost:63644}, networkConnectionEnabled: false, pageLoadStrategy: normal, platformName: WINDOWS, proxy: Proxy(), se:cdp: ws://localhost:63644/devtoo..., se:cdpVersion: 104.0.5112.102, setWindowRect: true, strictFileInteractability: false, timeouts: {implicit: 0, pageLoad: 300000, script: 30000}, unhandledPromptBehavior: dismiss and notify, webauthn:extension:credBlob: true, webauthn:extension:largeBlob: true, webauthn:virtualAuthenticators: true}&#10;Session ID: 1a85f91680c675c576536740ccf3f404" type="org.openqa.selenium.TimeoutException"><![CDATA[org.openqa.selenium.TimeoutException: 
timeout: Timed out receiving message from renderer: 29.804
  (Session info: headless chrome=104.0.5112.102)
Build info: version: '4.4.0', revision: 'e5c75ed026a'
System info: host: 'DESKTOP-SJM9DM9', ip: '172.18.112.1', os.name: 'Windows 10', os.arch: 'amd64', os.version: '10.0', java.version: '17.0.1'
Driver info: org.openqa.selenium.chrome.ChromeDriver
Command: [1a85f91680c675c576536740ccf3f404, get {url=http://localhost:5050}]
Capabilities {acceptInsecureCerts: false, browserName: chrome, browserVersion: 104.0.5112.102, chrome: {chromedriverVersion: 104.0.5112.79 (3cf3e8c8a07d..., userDataDir: C:\Users\smith\AppData\Loca...}, goog:chromeOptions: {debuggerAddress: localhost:63644}, networkConnectionEnabled: false, pageLoadStrategy: normal, platformName: WINDOWS, proxy: Proxy(), se:cdp: ws://localhost:63644/devtoo..., se:cdpVersion: 104.0.5112.102, setWindowRect: true, strictFileInteractability: false, timeouts: {implicit: 0, pageLoad: 300000, script: 30000}, unhandledPromptBehavior: dismiss and notify, webauthn:extension:credBlob: true, webauthn:extension:largeBlob: true, webauthn:virtualAuthenticators: true}
Session ID: 1a85f91680c675c576536740ccf3f404
]]></error>
    <system-out><![CDATA[browser value is: chromeheadless
[36muser clicks on &amp#27;[0m&amp#27;[36m&amp#27;[1m"Save"&amp#27;[0m&amp#27;[36m button&amp#27;[0m                           &amp#27;[90m# stepDefinition.GeneralStep.user_clicks_on_button(java.lang.String)&amp#27;[0m
  &amp#27;[36mThen &amp#27;[0m&amp#27;[36muser get "Required" alert&amp#27;[0m

@CC-1154
Scenario: User saving without completing the required fields &amp#27;[90m# src/test/resources/features/Labware Manager/Labware Inventory/Create, Register and Install Labware/CC-1154_User cancel register labware.feature:20&amp#27;[0m
  &amp#27;[33mGiven &amp#27;[0m&amp#27;[33muser is navigated to website "http://localhost:5050"&amp#27;[0m
  &amp#27;[36mThen &amp#27;[0m&amp#27;[36muser is navigated to &amp#27;[0m&amp#27;[36m&amp#27;[1m"Login"&amp#27;[0m&amp#27;[36m page&amp#27;[0m                     &amp#27;[90m# stepDefinition.GeneralStep.user_is_navigated_to_page(java.lang.String)&amp#27;[0m
  &amp#27;[36mThen &amp#27;[0m&amp#27;[36muser is navigated to &amp#27;[0m&amp#27;[36m&amp#27;[1m"Login"&amp#27;[0m&amp#27;[36m page&amp#27;[0m                     &amp#27;[90m# stepDefinition.GeneralStep.user_is_navigated_to_page(java.lang.String)&amp#27;[0m
  &amp#27;[36mWhen &amp#27;[0m&amp#27;[36muser enters "Username" as "admin"&amp#27;[0m
  &amp#27;[36mThen &amp#27;[0m&amp#27;[36m"admin" is typed on "Username" textbox&amp#27;[0m
  &amp#27;[36mWhen &amp#27;[0m&amp#27;[36muser enters "Password" as "admin"&amp#27;[0m
  &amp#27;[36mThen &amp#27;[0m&amp#27;[36m"admin" is typed on "Password" textbox&amp#27;[0m
  &amp#27;[36mAnd &amp#27;[0m&amp#27;[36muser clicks on &amp#27;[0m&amp#27;[36m&amp#27;[1m"SIGN IN"&amp#27;[0m&amp#27;[36m button&amp#27;[0m                        &amp#27;[90m# stepDefinition.GeneralStep.user_clicks_on_button(java.lang.String)&amp#27;[0m
  &amp#27;[36mThen &amp#27;[0m&amp#27;[36muser is navigated to &amp#27;[0m&amp#27;[36m&amp#27;[1m"Dashboard"&amp#27;[0m&amp#27;[36m page&amp#27;[0m                 &amp#27;[90m# stepDefinition.GeneralStep.user_is_navigated_to_page(java.lang.String)&amp#27;[0m
  &amp#27;[36mWhen &amp#27;[0m&amp#27;[36muser clicks on menu &amp#27;[0m&amp#27;[36m&amp#27;[1m"Labware"&amp#27;[0m                         &amp#27;[90m# stepDefinition.GeneralStep.user_clicks_on_menu(java.lang.String)&amp#27;[0m
  &amp#27;[36mAnd &amp#27;[0m&amp#27;[36muser clicks on sub-menu &amp#27;[0m&amp#27;[36m&amp#27;[1m"Inventory"&amp#27;[0m                    &amp#27;[90m# stepDefinition.GeneralStep.user_clicks_on_sub_menu(java.lang.String)&amp#27;[0m
  &amp#27;[36mThen &amp#27;[0m&amp#27;[36muser is navigated to &amp#27;[0m&amp#27;[36m&amp#27;[1m"Inventory"&amp#27;[0m&amp#27;[36m page&amp#27;[0m                 &amp#27;[90m# stepDefinition.GeneralStep.user_is_navigated_to_page(java.lang.String)&amp#27;[0m
  &amp#27;[36mAnd &amp#27;[0m&amp#27;[36mdata table show up&amp#27;[0m
  &amp#27;[36mWhen &amp#27;[0m&amp#27;[36muser clicks on &amp#27;[0m&amp#27;[36m&amp#27;[1m"Register"&amp#27;[0m&amp#27;[36m button&amp#27;[0m                      &amp#27;[90m# stepDefinition.GeneralStep.user_clicks_on_button(java.lang.String)&amp#27;[0m
  &amp#27;[36mThen &amp#27;[0m&amp#27;[36muser is navigated to &amp#27;[0m&amp#27;[36m&amp#27;[1m"Register Inventory"&amp#27;[0m&amp#27;[36m page&amp#27;[0m        &amp#27;[90m# stepDefinition.GeneralStep.user_is_navigated_to_page(java.lang.String)&amp#27;[0m
  &amp#27;[36mWhen &amp#27;[0m&amp#27;[36muser select &amp#27;[0m&amp#27;[36m&amp#27;[1m"Trough 250"&amp#27;[0m&amp#27;[36m in dropdown &amp#27;[0m&amp#27;[36m&amp#27;[1m"Labware"&amp#27;[0m        &amp#27;[90m# stepDefinition.GeneralStep.user_select_in_dropdown(java.lang.String,java.lang.String)&amp#27;[0m
  &amp#27;[36mAnd &amp#27;[0m&amp#27;[36muser select &amp#27;[0m&amp#27;[36m&amp#27;[1m"Empty"&amp#27;[0m&amp#27;[36m in dropdown &amp#27;[0m&amp#27;[36m&amp#27;[1m"Content Type"&amp#27;[0m         &amp#27;[90m# stepDefinition.GeneralStep.user_select_in_dropdown(java.lang.String,java.lang.String)&amp#27;[0m
  &amp#27;[36mAnd &amp#27;[0m&amp#27;[36muser enters labware count "1"&amp#27;[0m
  &amp#27;[36mAnd &amp#27;[0m&amp#27;[36muser select "Generate by system" on barcode radio box&amp#27;[0m
  &amp#27;[36mAnd &amp#27;[0m&amp#27;[36muser enters "Some Notes" notes labware&amp#27;[0m
  &amp#27;[36mAnd &amp#27;[0m&amp#27;[36muser clicks on "close" icon button&amp#27;[0m
  &amp#27;[36mAnd &amp#27;[0m&amp#27;[36muser clicks on &amp#27;[0m&amp#27;[36m&amp#27;[1m"OK"&amp#27;[0m&amp#27;[36m button&amp#27;[0m                             &amp#27;[90m# stepDefinition.GeneralStep.user_clicks_on_button(java.lang.String)&amp#27;[0m
  &amp#27;[36mAnd &amp#27;[0m&amp#27;[36mSystem "not show" new item "Trough 250"&amp#27;[0m

@CC-1155
Scenario: CC-1122:User registering multiple Pre-barcoded labwares &amp#27;[90m# src/test/resources/features/Labware Manager/Labware Inventory/Print Barcode Any Labware/CC-1155_User print barcode for single labware.feature:20&amp#27;[0m
      &amp#27;[31morg.openqa.selenium.TimeoutException: timeout: Timed out receiving message from renderer: 29.804
  (Session info: headless chrome=104.0.5112.102)
Build info: version: '4.4.0', revision: 'e5c75ed026a'
System info: host: 'DESKTOP-SJM9DM9', ip: '172.18.112.1', os.name: 'Windows 10', os.arch: 'amd64', os.version: '10.0', java.version: '17.0.1'
Driver info: org.openqa.selenium.chrome.ChromeDriver
Command: [1a85f91680c675c576536740ccf3f404, get {url=http://localhost:5050}]
Capabilities {acceptInsecureCerts: false, browserName: chrome, browserVersion: 104.0.5112.102, chrome: {chromedriverVersion: 104.0.5112.79 (3cf3e8c8a07d..., userDataDir: C:\Users\smith\AppData\Loca...}, goog:chromeOptions: {debuggerAddress: localhost:63644}, networkConnectionEnabled: false, pageLoadStrategy: normal, platformName: WINDOWS, proxy: Proxy(), se:cdp: ws://localhost:63644/devtoo..., se:cdpVersion: 104.0.5112.102, setWindowRect: true, strictFileInteractability: false, timeouts: {implicit: 0, pageLoad: 300000, script: 30000}, unhandledPromptBehavior: dismiss and notify, webauthn:extension:credBlob: true, webauthn:extension:largeBlob: true, webauthn:virtualAuthenticators: true}
Session ID: 1a85f91680c675c576536740ccf3f404
	at java.base/jdk.internal.reflect.NativeConstructorAccessorImpl.newInstance0(Native Method)
	at java.base/jdk.internal.reflect.NativeConstructorAccessorImpl.newInstance(NativeConstructorAccessorImpl.java:77)
	at java.base/jdk.internal.reflect.DelegatingConstructorAccessorImpl.newInstance(DelegatingConstructorAccessorImpl.java:45)
	at java.base/java.lang.reflect.Constructor.newInstanceWithCaller(Constructor.java:499)
	at java.base/java.lang.reflect.Constructor.newInstance(Constructor.java:480)
	at org.openqa.selenium.remote.codec.w3c.W3CHttpResponseCodec.createException(W3CHttpResponseCodec.java:200)
	at org.openqa.selenium.remote.codec.w3c.W3CHttpResponseCodec.decode(W3CHttpResponseCodec.java:133)
	at org.openqa.selenium.remote.codec.w3c.W3CHttpResponseCodec.decode(W3CHttpResponseCodec.java:53)
	at org.openqa.selenium.remote.HttpCommandExecutor.execute(HttpCommandExecutor.java:184)
	at org.openqa.selenium.remote.service.DriverCommandExecutor.invokeExecute(DriverCommandExecutor.java:167)
	at org.openqa.selenium.remote.service.DriverCommandExecutor.execute(DriverCommandExecutor.java:142)
	at org.openqa.selenium.remote.RemoteWebDriver.execute(RemoteWebDriver.java:547)
	at org.openqa.selenium.remote.RemoteWebDriver.get(RemoteWebDriver.java:310)
	at stepDefinition.ApplicationHooks.launchBrowser(ApplicationHooks.java:39)
&amp#27;[0m
  &amp#27;[36mGiven &amp#27;[0m&amp#27;[36muser is navigated to website "http://localhost:5050"&amp#27;[0m
  &amp#27;[36mThen &amp#27;[0m&amp#27;[36muser is navigated to &amp#27;[0m&amp#27;[36m&amp#27;[1m"Login"&amp#27;[0m&amp#27;[36m page&amp#27;[0m                          &amp#27;[90m# stepDefinition.GeneralStep.user_is_navigated_to_page(java.lang.String)&amp#27;[0m
  &amp#27;[36mThen &amp#27;[0m&amp#27;[36muser is navigated to &amp#27;[0m&amp#27;[36m&amp#27;[1m"Login"&amp#27;[0m&amp#27;[36m page&amp#27;[0m                          &amp#27;[90m# stepDefinition.GeneralStep.user_is_navigated_to_page(java.lang.String)&amp#27;[0m
  &amp#27;[36mWhen &amp#27;[0m&amp#27;[36muser enters "Username" as "admin"&amp#27;[0m
  &amp#27;[36mThen &amp#27;[0m&amp#27;[36m"admin" is typed on "Username" textbox&amp#27;[0m
  &amp#27;[36mWhen &amp#27;[0m&amp#27;[36muser enters "Password" as "admin"&amp#27;[0m
  &amp#27;[36mThen &amp#27;[0m&amp#27;[36m"admin" is typed on "Password" textbox&amp#27;[0m
  &amp#27;[36mAnd &amp#27;[0m&amp#27;[36muser clicks on &amp#27;[0m&amp#27;[36m&amp#27;[1m"SIGN IN"&amp#27;[0m&amp#27;[36m button&amp#27;[0m                             &amp#27;[90m# stepDefinition.GeneralStep.user_clicks_on_button(java.lang.String)&amp#27;[0m
  &amp#27;[36mThen &amp#27;[0m&amp#27;[36muser is navigated to &amp#27;[0m&amp#27;[36m&amp#27;[1m"Dashboard"&amp#27;[0m&amp#27;[36m page&amp#27;[0m                      &amp#27;[90m# stepDefinition.GeneralStep.user_is_navigated_to_page(java.lang.String)&amp#27;[0m
  &amp#27;[36mWhen &amp#27;[0m&amp#27;[36muser clicks on menu &amp#27;[0m&amp#27;[36m&amp#27;[1m"Labware"&amp#27;[0m                              &amp#27;[90m# stepDefinition.GeneralStep.user_clicks_on_menu(java.lang.String)&amp#27;[0m
  &amp#27;[36mAnd &amp#27;[0m&amp#27;[36muser clicks on sub-menu &amp#27;[0m&amp#27;[36m&amp#27;[1m"Inventory"&amp#27;[0m                         &amp#27;[90m# stepDefinition.GeneralStep.user_clicks_on_sub_menu(java.lang.String)&amp#27;[0m
  &amp#27;[36mThen &amp#27;[0m&amp#27;[36muser is navigated to &amp#27;[0m&amp#27;[36m&amp#27;[1m"Inventory"&amp#27;[0m&amp#27;[36m page&amp#27;[0m                      &amp#27;[90m# stepDefinition.GeneralStep.user_is_navigated_to_page(java.lang.String)&amp#27;[0m
  &amp#27;[36mAnd &amp#27;[0m&amp#27;[36mdata table show up&amp#27;[0m
  &amp#27;[36mWhen &amp#27;[0m&amp#27;[36muser click "1" labware&amp#27;[0m
  &amp#27;[36mAnd &amp#27;[0m&amp#27;[36muser clicks on "print" icon button&amp#27;[0m
      &amp#27;[31mjava.io.IOException: The filename, directory name, or volume label syntax is incorrect
	at java.base/java.io.WinNTFileSystem.canonicalize0(Native Method)
	at java.base/java.io.WinNTFileSystem.canonicalize(WinNTFileSystem.java:417)
	at java.base/java.io.File.get]]></system-out>
    <system-err><![CDATA[[main] INFO io.github.bonigarcia.wdm.WebDriverManager - Using chromedriver 104.0.5112.79 (resolved driver for Chrome 104)
[main] INFO io.github.bonigarcia.wdm.WebDriverManager - Exporting webdriver.chrome.driver as C:\Users\smith\.cache\selenium\chromedriver\win32\104.0.5112.79\chromedriver.exe
Starting ChromeDriver 104.0.5112.79 (3cf3e8c8a07d104b9e1260c910efb8f383285dc5-refs/branch-heads/5112@{#1307}) on port 60211
Only local connections are allowed.
Please see https://chromedriver.chromium.org/security-considerations for suggestions on keeping ChromeDriver safe.
ChromeDriver was started successfully.
Aug 26, 2022 10:33:45 AM org.openqa.selenium.remote.ProtocolHandshake createSession
INFO: Detected upstream dialect: W3C
Aug 26, 2022 10:33:45 AM org.openqa.selenium.devtools.CdpVersionFinder findNearestMatch
INFO: Found exact CDP implementation for version 104
[1661484855.828][SEVERE]: Timed out receiving message from renderer: 29.804
[1661484855.833][SEVERE]: Timed out receiving message from renderer: 29.804
[AsyncHttpClient-1-2] WARN org.asynchttpclient.netty.handler.WebSocketHandler - onError
java.net.SocketException: Connection reset
	at java.base/sun.nio.ch.SocketChannelImpl.throwConnectionReset(SocketChannelImpl.java:394)
	at java.base/sun.nio.ch.SocketChannelImpl.read(SocketChannelImpl.java:426)
	at io.netty.buffer.PooledByteBuf.setBytes(PooledByteBuf.java:258)
	at io.netty.buffer.AbstractByteBuf.writeBytes(AbstractByteBuf.java:1132)
	at io.netty.channel.socket.nio.NioSocketChannel.doReadBytes(NioSocketChannel.java:357)
	at io.netty.channel.nio.AbstractNioByteChannel$NioByteUnsafe.read(AbstractNioByteChannel.java:151)
	at io.netty.channel.nio.NioEventLoop.processSelectedKey(NioEventLoop.java:722)
	at io.netty.channel.nio.NioEventLoop.processSelectedKeysOptimized(NioEventLoop.java:658)
	at io.netty.channel.nio.NioEventLoop.processSelectedKeys(NioEventLoop.java:584)
	at io.netty.channel.nio.NioEventLoop.run(NioEventLoop.java:496)
	at io.netty.util.concurrent.SingleThreadEventExecutor$4.run(SingleThreadEventExecutor.java:997)
	at io.netty.util.internal.ThreadExecutorMap$2.run(ThreadExecutorMap.java:74)
	at io.netty.util.concurrent.FastThreadLocalRunnable.run(FastThreadLocalRunnable.java:30)
	at java.base/java.lang.Thread.run(Thread.java:833)
Aug 26, 2022 10:34:16 AM org.openqa.selenium.remote.http.WebSocket$Listener onError
WARNING: Connection reset
java.net.SocketException: Connection reset
	at java.base/sun.nio.ch.SocketChannelImpl.throwConnectionReset(SocketChannelImpl.java:394)
	at java.base/sun.nio.ch.SocketChannelImpl.read(SocketChannelImpl.java:426)
	at io.netty.buffer.PooledByteBuf.setBytes(PooledByteBuf.java:258)
	at io.netty.buffer.AbstractByteBuf.writeBytes(AbstractByteBuf.java:1132)
	at io.netty.channel.socket.nio.NioSocketChannel.doReadBytes(NioSocketChannel.java:357)
	at io.netty.channel.nio.AbstractNioByteChannel$NioByteUnsafe.read(AbstractNioByteChannel.java:151)
	at io.netty.channel.nio.NioEventLoop.processSelectedKey(NioEventLoop.java:722)
	at io.netty.channel.nio.NioEventLoop.processSelectedKeysOptimized(NioEventLoop.java:658)
	at io.netty.channel.nio.NioEventLoop.processSelectedKeys(NioEventLoop.java:584)
	at io.netty.channel.nio.NioEventLoop.run(NioEventLoop.java:496)
	at io.netty.util.concurrent.SingleThreadEventExecutor$4.run(SingleThreadEventExecutor.java:997)
	at io.netty.util.internal.ThreadExecutorMap$2.run(ThreadExecutorMap.java:74)
	at io.netty.util.concurrent.FastThreadLocalRunnable.run(FastThreadLocalRunnable.java:30)
	at java.base/java.lang.Thread.run(Thread.java:833)

]]></system-err>
  </testcase>
  <testcase name="CC-1122:User registering multiple Pre-barcoded labwares" classname="CC-1122:User registering multiple Pre-barcoded labwares #2" time="32.039">
    <error message="The filename, directory name, or volume label syntax is incorrect" type="java.io.IOException"><![CDATA[java.io.IOException: The filename, directory name, or volume label syntax is incorrect
]]></error>
  </testcase>
  <testcase name="create new reagent item" classname="CC-0000: prekondisi" time="14.862">
    <error message="stale element reference: element is not attached to the page document&#10;  (Session info: headless chrome=104.0.5112.102)&#10;For documentation on this error, please visit: https://selenium.dev/exceptions/#stale_element_reference&#10;Build info: version: &apos;4.4.0&apos;, revision: &apos;e5c75ed026a&apos;&#10;System info: host: &apos;DESKTOP-SJM9DM9&apos;, ip: &apos;172.18.112.1&apos;, os.name: &apos;Windows 10&apos;, os.arch: &apos;amd64&apos;, os.version: &apos;10.0&apos;, java.version: &apos;17.0.1&apos;&#10;Driver info: org.openqa.selenium.chrome.ChromeDriver&#10;Command: [301ba077a3431e960bfb950a16190518, isElementDisplayed {id=0ac8dd82-54c9-4113-9443-934f4aadbd37}]&#10;Capabilities {acceptInsecureCerts: false, browserName: chrome, browserVersion: 104.0.5112.102, chrome: {chromedriverVersion: 104.0.5112.79 (3cf3e8c8a07d..., userDataDir: C:\Users\smith\AppData\Loca...}, goog:chromeOptions: {debuggerAddress: localhost:55256}, networkConnectionEnabled: false, pageLoadStrategy: normal, platformName: WINDOWS, proxy: Proxy(), se:cdp: ws://localhost:55256/devtoo..., se:cdpVersion: 104.0.5112.102, setWindowRect: true, strictFileInteractability: false, timeouts: {implicit: 0, pageLoad: 300000, script: 30000}, unhandledPromptBehavior: dismiss and notify, webauthn:extension:credBlob: true, webauthn:extension:largeBlob: true, webauthn:virtualAuthenticators: true}&#10;Element: [[ChromeDriver: chrome on WINDOWS (301ba077a3431e960bfb950a16190518)] -&gt; xpath: //div[@class=&apos;ant-notification-notice-message&apos;]]&#10;Session ID: 301ba077a3431e960bfb950a16190518" type="org.openqa.selenium.StaleElementReferenceException"><![CDATA[org.openqa.selenium.StaleElementReferenceException: 
stale element reference: element is not attached to the page document
  (Session info: headless chrome=104.0.5112.102)
For documentation on this error, please visit: https://selenium.dev/exceptions/#stale_element_reference
Build info: version: '4.4.0', revision: 'e5c75ed026a'
System info: host: 'DESKTOP-SJM9DM9', ip: '172.18.112.1', os.name: 'Windows 10', os.arch: 'amd64', os.version: '10.0', java.version: '17.0.1'
Driver info: org.openqa.selenium.chrome.ChromeDriver
Command: [301ba077a3431e960bfb950a16190518, isElementDisplayed {id=0ac8dd82-54c9-4113-9443-934f4aadbd37}]
Capabilities {acceptInsecureCerts: false, browserName: chrome, browserVersion: 104.0.5112.102, chrome: {chromedriverVersion: 104.0.5112.79 (3cf3e8c8a07d..., userDataDir: C:\Users\smith\AppData\Loca...}, goog:chromeOptions: {debuggerAddress: localhost:55256}, networkConnectionEnabled: false, pageLoadStrategy: normal, platformName: WINDOWS, proxy: Proxy(), se:cdp: ws://localhost:55256/devtoo..., se:cdpVersion: 104.0.5112.102, setWindowRect: true, strictFileInteractability: false, timeouts: {implicit: 0, pageLoad: 300000, script: 30000}, unhandledPromptBehavior: dismiss and notify, webauthn:extension:credBlob: true, webauthn:extension:largeBlob: true, webauthn:virtualAuthenticators: true}
Element: [[ChromeDriver: chrome on WINDOWS (301ba077a3431e960bfb950a16190518)] -> xpath: //div[@class='ant-notification-notice-message']]
Session ID: 301ba077a3431e960bfb950a16190518
]]></error>
    <system-out><![CDATA[browser value is: chromeheadless
CanonicalPath(File.java:626)
	at org.apache.commons.io.FileUtils.copyFile(FileUtils.java:1064)
	at org.apache.commons.io.FileUtils.copyFile(FileUtils.java:1028)
	at stepDefinition.ApplicationHooks.tearDown(ApplicationHooks.java:53)
&amp#27;[0m

@reagentlibrary @A
Scenario: create new reagent item                                        &amp#27;[90m# src/test/resources/features/Reagent Library/Create Reagent Library/A.feature:16&amp#27;[0m
  &amp#27;[32mGiven &amp#27;[0m&amp#27;[32muser has already logged in to application with this credentials&amp#27;[0m  &amp#27;[90m# stepDefinition.LoginPageStep.user_has_already_logged_in_to_application_with_this_credentials(io.cucumber.datatable.DataTable)&amp#27;[0m
    | username | password |
    | admin    | admin    |
  &amp#27;[32mAnd &amp#27;[0m&amp#27;[32muser is navigated to &amp#27;[0m&amp#27;[32m&amp#27;[1m"Dashboard"&amp#27;[0m&amp#27;[32m page&amp#27;[0m                              &amp#27;[90m# stepDefinition.GeneralStep.user_is_navigated_to_page(java.lang.String)&amp#27;[0m
  &amp#27;[32mWhen &amp#27;[0m&amp#27;[32muser clicks on menu &amp#27;[0m&amp#27;[32m&amp#27;[1m"Reagent"&amp#27;[0m                                     &amp#27;[90m# stepDefinition.GeneralStep.user_clicks_on_menu(java.lang.String)&amp#27;[0m
  &amp#27;[32mAnd &amp#27;[0m&amp#27;[32muser clicks on sub-menu &amp#27;[0m&amp#27;[32m&amp#27;[1m"Library"&amp#27;[0m                                  &amp#27;[90m# stepDefinition.GeneralStep.user_clicks_on_sub_menu(java.lang.String)&amp#27;[0m
  &amp#27;[32mThen &amp#27;[0m&amp#27;[32muser is navigated to &amp#27;[0m&amp#27;[32m&amp#27;[1m"Reagent Library"&amp#27;[0m&amp#27;[32m page&amp#27;[0m                       &amp#27;[90m# stepDefinition.GeneralStep.user_is_navigated_to_page(java.lang.String)&amp#27;[0m
  &amp#27;[32mWhen &amp#27;[0m&amp#27;[32muser clicks on &amp#27;[0m&amp#27;[32m&amp#27;[1m"Create"&amp#27;[0m&amp#27;[32m button&amp#27;[0m                                    &amp#27;[90m# stepDefinition.GeneralStep.user_clicks_on_button(java.lang.String)&amp#27;[0m
  &amp#27;[32mThen &amp#27;[0m&amp#27;[32muser is navigated to &amp#27;[0m&amp#27;[32m&amp#27;[1m"Create Reagent"&amp#27;[0m&amp#27;[32m page&amp#27;[0m                        &amp#27;[90m# stepDefinition.GeneralStep.user_is_navigated_to_page(java.lang.String)&amp#27;[0m
  &amp#27;[32mWhen &amp#27;[0m&amp#27;[32muser fill the form in Create Reagent page with this data&amp#27;[0m          &amp#27;[90m# stepDefinition.Reagent.CreateReagentLibraryStep.user_fill_the_form_in_create_reagent_page_with_this_data(io.cucumber.datatable.DataTable)&amp#27;[0m
    | nama      | type       | note                             |
    | Reagent 3 | Antibiotic | Create Reagent 3 with Antibiotic |
  &amp#27;[32mThen &amp#27;[0m&amp#27;[32mall fields in Create Reagent page is filled with this data&amp#27;[0m        &amp#27;[90m# stepDefinition.Reagent.CreateReagentLibraryStep.all_fields_in_create_reagent_page_is_filled_with_this_data(io.cucumber.datatable.DataTable)&amp#27;[0m
    | nama      | type       | note                             |
    | Reagent 3 | Antibiotic | Create Reagent 3 with Antibiotic |
  &amp#27;[32mWhen &amp#27;[0m&amp#27;[32muser clicks on &amp#27;[0m&amp#27;[32m&amp#27;[1m"Save"&amp#27;[0m&amp#27;[32m button&amp#27;[0m                                      &amp#27;[90m# stepDefinition.GeneralStep.user_clicks_on_button(java.lang.String)&amp#27;[0m
  &amp#27;[32mAnd &amp#27;[0m&amp#27;[32mnotification &amp#27;[0m&amp#27;[32m&amp#27;[1m"Success"&amp#27;[0m&amp#27;[32m and &amp#27;[0m&amp#27;[32m&amp#27;[1m"Reagent has been created"&amp#27;[0m&amp#27;[32m is displayed&amp#27;[0m &amp#27;[90m# stepDefinition.GeneralStep.notification_and_is_displayed(java.lang.String,java.lang.String)&amp#27;[0m
  &amp#27;[32mWhen &amp#27;[0m&amp#27;[32muser clicks on &amp#27;[0m&amp#27;[32m&amp#27;[1m"Create"&amp#27;[0m&amp#27;[32m button&amp#27;[0m                                    &amp#27;[90m# stepDefinition.GeneralStep.user_clicks_on_button(java.lang.String)&amp#27;[0m
  &amp#27;[32mThen &amp#27;[0m&amp#27;[32muser is navigated to &amp#27;[0m&amp#27;[32m&amp#27;[1m"Create Reagent"&amp#27;[0m&amp#27;[32m page&amp#27;[0m                        &amp#27;[90m# stepDefinition.GeneralStep.user_is_navigated_to_page(java.lang.String)&amp#27;[0m
  &amp#27;[32mWhen &amp#27;[0m&amp#27;[32muser fill the form in Create Reagent page with this data&amp#27;[0m          &amp#27;[90m# stepDefinition.Reagent.CreateReagentLibraryStep.user_fill_the_form_in_create_reagent_page_with_this_data(io.cucumber.datatable.DataTable)&amp#27;[0m
    | nama      | type       | note                             |
    | Reagent 4 | Antibiotic | Create Reagent 4 with Antibiotic |
  &amp#27;[32mThen &amp#27;[0m&amp#27;[32mall fields in Create Reagent page is filled with this data&amp#27;[0m        &amp#27;[90m# stepDefinition.Reagent.CreateReagentLibraryStep.all_fields_in_create_reagent_page_is_filled_with_this_data(io.cucumber.datatable.DataTable)&amp#27;[0m
    | nama      | type       | note                             |
    | Reagent 4 | Antibiotic | Create Reagent 4 with Antibiotic |
  &amp#27;[32mWhen &amp#27;[0m&amp#27;[32muser clicks on &amp#27;[0m&amp#27;[32m&amp#27;[1m"Save"&amp#27;[0m&amp#27;[32m button&amp#27;[0m                                      &amp#27;[90m# stepDefinition.GeneralStep.user_clicks_on_button(java.lang.String)&amp#27;[0m
  &amp#27;[32mAnd &amp#27;[0m&amp#27;[32mnotification &amp#27;[0m&amp#27;[32m&amp#27;[1m"Success"&amp#27;[0m&amp#27;[32m and &amp#27;[0m&amp#27;[32m&amp#27;[1m"Reagent has been created"&amp#27;[0m&amp#27;[32m is displayed&amp#27;[0m &amp#27;[90m# stepDefinition.GeneralStep.notification_and_is_displayed(java.lang.String,java.lang.String)&amp#27;[0m
  &amp#27;[32mWhen &amp#27;[0m&amp#27;[32muser clicks on &amp#27;[0m&amp#27;[32m&amp#27;[1m"Create"&amp#27;[0m&amp#27;[32m button&amp#27;[0m                                    &amp#27;[90m# stepDefinition.GeneralStep.user_clicks_on_button(java.lang.String)&amp#27;[0m
  &amp#27;[32mThen &amp#27;[0m&amp#27;[32muser is navigated to &amp#27;[0m&amp#27;[32m&amp#27;[1m"Create Reagent"&amp#27;[0m&amp#27;[32m page&amp#27;[0m                        &amp#27;[90m# stepDefinition.GeneralStep.user_is_navigated_to_page(java.lang.String)&amp#27;[0m
  &amp#27;[32mWhen &amp#27;[0m&amp#27;[32muser fill the form in Create Reagent page with this data&amp#27;[0m          &amp#27;[90m# stepDefinition.Reagent.CreateReagentLibraryStep.user_fill_the_form_in_create_reagent_page_with_this_data(io.cucumber.datatable.DataTable)&amp#27;[0m
    | nama      | type       | note                             |
    | Reagent 5 | Antibiotic | Create Reagent 5 with Antibiotic |
  &amp#27;[32mThen &amp#27;[0m&amp#27;[32mall fields in Create Reagent page is filled with this data&amp#27;[0m        &amp#27;[90m# stepDefinition.Reagent.CreateReagentLibraryStep.all_fields_in_create_reagent_page_is_filled_with_this_data(io.cucumber.datatable.DataTable)&amp#27;[0m
    | nama      | type       | note                             |
    | Reagent 5 | Antibiotic | Create Reagent 5 with Antibiotic |
  &amp#27;[32mWhen &amp#27;[0m&amp#27;[32muser clicks on &amp#27;[0m&amp#27;[32m&amp#27;[1m"Save"&amp#27;[0m&amp#27;[32m button&amp#27;[0m                                      &amp#27;[90m# stepDefinition.GeneralStep.user_clicks_on_button(java.lang.String)&amp#27;[0m
  &amp#27;[32mAnd &amp#27;[0m&amp#27;[32mnotification &amp#27;[0m&amp#27;[32m&amp#27;[1m"Success"&amp#27;[0m&amp#27;[32m and &amp#27;[0m&amp#27;[32m&amp#27;[1m"Reagent has been created"&amp#27;[0m&amp#27;[32m is displayed&amp#27;[0m &amp#27;[90m# stepDefinition.GeneralStep.notification_and_is_displayed(java.lang.String,java.lang.String)&amp#27;[0m
  &amp#27;[32mWhen &amp#27;[0m&amp#27;[32muser clicks on &amp#27;[0m&amp#27;[32m&amp#27;[1m"Create"&amp#27;[0m&amp#27;[32m button&amp#27;[0m                                    &amp#27;[90m# stepDefinition.GeneralStep.user_clicks_on_button(java.lang.String)&amp#27;[0m
  &amp#27;[32mThen &amp#27;[0m&amp#27;[32muser is navigated to &amp#27;[0m&amp#27;[32m&amp#27;[1m"Create Reagent"&amp#27;[0m&amp#27;[32m page&amp#27;[0m                        &amp#27;[90m# stepDefinition.GeneralStep.user_is_navigated_to_page(java.lang.String)&amp#27;[0m
  &amp#27;[32mWhen &amp#27;[0m&amp#27;[32muser fill the form in Create Reagent page with this data&amp#27;[0m          &amp#27;[90m# stepDefinition.Reagent.CreateReagentLibraryStep.user_fill_the_form_in_create_reagent_page_with_this_data(io.cucumber.datatable.DataTable)&amp#27;[0m
    | nama      | type       | note                             |
    | Reagent 6 | Antibiotic | Create Reagent 6 with Antibiotic |
  &amp#27;[32mThen &amp#27;[0m&amp#27;[32mall fields in Create Reagent page is filled with this data&amp#27;[0m        &amp#27;[90m# stepDefinition.Reagent.CreateReagentLibraryStep.all_fields_in_create_reagent_page_is_filled_with_this_data(io.cucumber.datatable.DataTable)&amp#27;[0m
    | nama      | type       | note                             |
    | Reagent 6 | Antibiotic | Create Reagent 6 with Antibiotic |
  &amp#27;[32mWhen &amp#27;[0m&amp#27;[32muser clicks on &amp#27;[0m&amp#27;[32m&amp#27;[1m"Save"&amp#27;[0m&amp#27;[32m button&amp#27;[0m                                      &amp#27;[90m# stepDefinition.GeneralStep.user_clicks_on_button(java.lang.String)&amp#27;[0m
  &amp#27;[31mAnd &amp#27;[0m&amp#27;[31mnotification &amp#27;[0m&amp#27;[31m&amp#27;[1m"Success"&amp#27;[0m&amp#27;[31m and &amp#27;[0m&amp#27;[31m&amp#27;[1m"Reagent has been created"&amp#27;[0m&amp#27;[31m is displayed&amp#27;[0m &amp#27;[90m# stepDefinition.GeneralStep.notification_and_is_displayed(java.lang.String,java.lang.String)&amp#27;[0m
      &amp#27;[31morg.openqa.selenium.StaleElementReferenceException: stale element reference: element is not attached to the page document
  (Session info: headless chrome=104.0.5112.102)
For documentation on this error, please visit: https://selenium.dev/exceptions/#stale_element_reference
Build info: version: '4.4.0', revision: 'e5c75ed026a'
System info: host: 'DESKTOP-SJM9DM9', ip: '172.18.112.1', os.name: 'Windows 10', os.arch: 'amd64', os.version: '10.0', java.version: '17.0.1'
Dri]]></system-out>
    <system-err><![CDATA[[main] INFO io.github.bonigarcia.wdm.WebDriverManager - Using chromedriver 104.0.5112.79 (resolved driver for Chrome 104)
[main] INFO io.github.bonigarcia.wdm.WebDriverManager - Exporting webdriver.chrome.driver as C:\Users\smith\.cache\selenium\chromedriver\win32\104.0.5112.79\chromedriver.exe
Starting ChromeDriver 104.0.5112.79 (3cf3e8c8a07d104b9e1260c910efb8f383285dc5-refs/branch-heads/5112@{#1307}) on port 65286
Only local connections are allowed.
Please see https://chromedriver.chromium.org/security-considerations for suggestions on keeping ChromeDriver safe.
ChromeDriver was started successfully.
Aug 26, 2022 10:34:17 AM org.openqa.selenium.remote.ProtocolHandshake createSession
INFO: Detected upstream dialect: W3C
Aug 26, 2022 10:34:17 AM org.openqa.selenium.devtools.CdpVersionFinder findNearestMatch
INFO: Found exact CDP implementation for version 104
[AsyncHttpClient-1-5] WARN org.asynchttpclient.netty.handler.WebSocketHandler - onError
java.net.SocketException: Connection reset
	at java.base/sun.nio.ch.SocketChannelImpl.throwConnectionReset(SocketChannelImpl.java:394)
	at java.base/sun.nio.ch.SocketChannelImpl.read(SocketChannelImpl.java:426)
	at io.netty.buffer.PooledByteBuf.setBytes(PooledByteBuf.java:258)
	at io.netty.buffer.AbstractByteBuf.writeBytes(AbstractByteBuf.java:1132)
	at io.netty.channel.socket.nio.NioSocketChannel.doReadBytes(NioSocketChannel.java:357)
	at io.netty.channel.nio.AbstractNioByteChannel$NioByteUnsafe.read(AbstractNioByteChannel.java:151)
	at io.netty.channel.nio.NioEventLoop.processSelectedKey(NioEventLoop.java:722)
	at io.netty.channel.nio.NioEventLoop.processSelectedKeysOptimized(NioEventLoop.java:658)
	at io.netty.channel.nio.NioEventLoop.processSelectedKeys(NioEventLoop.java:584)
	at io.netty.channel.nio.NioEventLoop.run(NioEventLoop.java:496)
	at io.netty.util.concurrent.SingleThreadEventExecutor$4.run(SingleThreadEventExecutor.java:997)
	at io.netty.util.internal.ThreadExecutorMap$2.run(ThreadExecutorMap.java:74)
	at io.netty.util.concurrent.FastThreadLocalRunnable.run(FastThreadLocalRunnable.java:30)
	at java.base/java.lang.Thread.run(Thread.java:833)
Aug 26, 2022 10:34:31 AM org.openqa.selenium.remote.http.WebSocket$Listener onError
WARNING: Connection reset
java.net.SocketException: Connection reset
	at java.base/sun.nio.ch.SocketChannelImpl.throwConnectionReset(SocketChannelImpl.java:394)
	at java.base/sun.nio.ch.SocketChannelImpl.read(SocketChannelImpl.java:426)
	at io.netty.buffer.PooledByteBuf.setBytes(PooledByteBuf.java:258)
	at io.netty.buffer.AbstractByteBuf.writeBytes(AbstractByteBuf.java:1132)
	at io.netty.channel.socket.nio.NioSocketChannel.doReadBytes(NioSocketChannel.java:357)
	at io.netty.channel.nio.AbstractNioByteChannel$NioByteUnsafe.read(AbstractNioByteChannel.java:151)
	at io.netty.channel.nio.NioEventLoop.processSelectedKey(NioEventLoop.java:722)
	at io.netty.channel.nio.NioEventLoop.processSelectedKeysOptimized(NioEventLoop.java:658)
	at io.netty.channel.nio.NioEventLoop.processSelectedKeys(NioEventLoop.java:584)
	at io.netty.channel.nio.NioEventLoop.run(NioEventLoop.java:496)
	at io.netty.util.concurrent.SingleThreadEventExecutor$4.run(SingleThreadEventExecutor.java:997)
	at io.netty.util.internal.ThreadExecutorMap$2.run(ThreadExecutorMap.java:74)
	at io.netty.util.concurrent.FastThreadLocalRunnable.run(FastThreadLocalRunnable.java:30)
	at java.base/java.lang.Thread.run(Thread.java:833)

]]></system-err>
  </testcase>
  <testcase name="create new reagent item" classname="CC-1080:Create new reagent" time="7.823">
    <system-out><![CDATA[browser value is: chromeheadless
ver info: org.openqa.selenium.chrome.ChromeDriver
Command: [301ba077a3431e960bfb950a16190518, isElementDisplayed {id=0ac8dd82-54c9-4113-9443-934f4aadbd37}]
Capabilities {acceptInsecureCerts: false, browserName: chrome, browserVersion: 104.0.5112.102, chrome: {chromedriverVersion: 104.0.5112.79 (3cf3e8c8a07d..., userDataDir: C:\Users\smith\AppData\Loca...}, goog:chromeOptions: {debuggerAddress: localhost:55256}, networkConnectionEnabled: false, pageLoadStrategy: normal, platformName: WINDOWS, proxy: Proxy(), se:cdp: ws://localhost:55256/devtoo..., se:cdpVersion: 104.0.5112.102, setWindowRect: true, strictFileInteractability: false, timeouts: {implicit: 0, pageLoad: 300000, script: 30000}, unhandledPromptBehavior: dismiss and notify, webauthn:extension:credBlob: true, webauthn:extension:largeBlob: true, webauthn:virtualAuthenticators: true}
Element: [[ChromeDriver: chrome on WINDOWS (301ba077a3431e960bfb950a16190518)] -> xpath: //div[@class='ant-notification-notice-message']]
Session ID: 301ba077a3431e960bfb950a16190518
	at java.base/jdk.internal.reflect.NativeConstructorAccessorImpl.newInstance0(Native Method)
	at java.base/jdk.internal.reflect.NativeConstructorAccessorImpl.newInstance(NativeConstructorAccessorImpl.java:77)
	at java.base/jdk.internal.reflect.DelegatingConstructorAccessorImpl.newInstance(DelegatingConstructorAccessorImpl.java:45)
	at java.base/java.lang.reflect.Constructor.newInstanceWithCaller(Constructor.java:499)
	at java.base/java.lang.reflect.Constructor.newInstance(Constructor.java:480)
	at org.openqa.selenium.remote.codec.w3c.W3CHttpResponseCodec.createException(W3CHttpResponseCodec.java:200)
	at org.openqa.selenium.remote.codec.w3c.W3CHttpResponseCodec.decode(W3CHttpResponseCodec.java:133)
	at org.openqa.selenium.remote.codec.w3c.W3CHttpResponseCodec.decode(W3CHttpResponseCodec.java:53)
	at org.openqa.selenium.remote.HttpCommandExecutor.execute(HttpCommandExecutor.java:184)
	at org.openqa.selenium.remote.service.DriverCommandExecutor.invokeExecute(DriverCommandExecutor.java:167)
	at org.openqa.selenium.remote.service.DriverCommandExecutor.execute(DriverCommandExecutor.java:142)
	at org.openqa.selenium.remote.RemoteWebDriver.execute(RemoteWebDriver.java:547)
	at org.openqa.selenium.remote.RemoteWebElement.execute(RemoteWebElement.java:257)
	at org.openqa.selenium.remote.RemoteWebElement.isDisplayed(RemoteWebElement.java:313)
	at org.openqa.selenium.support.ui.ExpectedConditions.elementIfVisible(ExpectedConditions.java:307)
	at org.openqa.selenium.support.ui.ExpectedConditions.access$000(ExpectedConditions.java:40)
	at org.openqa.selenium.support.ui.ExpectedConditions$10.apply(ExpectedConditions.java:293)
	at org.openqa.selenium.support.ui.ExpectedConditions$10.apply(ExpectedConditions.java:290)
	at org.openqa.selenium.support.ui.FluentWait.until(FluentWait.java:208)
	at stepDefinition.GeneralStep.notification_and_is_displayed(GeneralStep.java:110)
	at âœ½.notification "Success" and "Reagent has been created" is displayed(file:///C:/Users/smith/OneDrive/Documents/INTERN/Cell/cellsuite/cellsuite/src/test/resources/features/Reagent%20Library/Create%20Reagent%20Library/A.feature:59)
&amp#27;[0m
  &amp#27;[36mWhen &amp#27;[0m&amp#27;[36muser clicks on &amp#27;[0m&amp#27;[36m&amp#27;[1m"Create"&amp#27;[0m&amp#27;[36m button&amp#27;[0m                                    &amp#27;[90m# stepDefinition.GeneralStep.user_clicks_on_button(java.lang.String)&amp#27;[0m
  &amp#27;[36mThen &amp#27;[0m&amp#27;[36muser is navigated to &amp#27;[0m&amp#27;[36m&amp#27;[1m"Create Reagent"&amp#27;[0m&amp#27;[36m page&amp#27;[0m                        &amp#27;[90m# stepDefinition.GeneralStep.user_is_navigated_to_page(java.lang.String)&amp#27;[0m
  &amp#27;[36mWhen &amp#27;[0m&amp#27;[36muser fill the form in Create Reagent page with this data&amp#27;[0m          &amp#27;[90m# stepDefinition.Reagent.CreateReagentLibraryStep.user_fill_the_form_in_create_reagent_page_with_this_data(io.cucumber.datatable.DataTable)&amp#27;[0m
    | nama      | type       | note                             |
    | Reagent 7 | Antibiotic | Create Reagent 7 with Antibiotic |
  &amp#27;[36mThen &amp#27;[0m&amp#27;[36mall fields in Create Reagent page is filled with this data&amp#27;[0m        &amp#27;[90m# stepDefinition.Reagent.CreateReagentLibraryStep.all_fields_in_create_reagent_page_is_filled_with_this_data(io.cucumber.datatable.DataTable)&amp#27;[0m
    | nama      | type       | note                             |
    | Reagent 7 | Antibiotic | Create Reagent 7 with Antibiotic |
  &amp#27;[36mWhen &amp#27;[0m&amp#27;[36muser clicks on &amp#27;[0m&amp#27;[36m&amp#27;[1m"Save"&amp#27;[0m&amp#27;[36m button&amp#27;[0m                                      &amp#27;[90m# stepDefinition.GeneralStep.user_clicks_on_button(java.lang.String)&amp#27;[0m
  &amp#27;[36mAnd &amp#27;[0m&amp#27;[36mnotification &amp#27;[0m&amp#27;[36m&amp#27;[1m"Success"&amp#27;[0m&amp#27;[36m and &amp#27;[0m&amp#27;[36m&amp#27;[1m"Reagent has been created"&amp#27;[0m&amp#27;[36m is displayed&amp#27;[0m &amp#27;[90m# stepDefinition.GeneralStep.notification_and_is_displayed(java.lang.String,java.lang.String)&amp#27;[0m

@reagentlibrary @CC-1080_Create_new_Reagent
Scenario: create new reagent item                                        &amp#27;[90m# src/test/resources/features/Reagent Library/Create Reagent Library/CC-1080 Create New Reagent.feature:16&amp#27;[0m
  &amp#27;[32mGiven &amp#27;[0m&amp#27;[32muser has already logged in to application with this credentials&amp#27;[0m  &amp#27;[90m# stepDefinition.LoginPageStep.user_has_already_logged_in_to_application_with_this_credentials(io.cucumber.datatable.DataTable)&amp#27;[0m
    | username | password |
    | admin    | admin    |
  &amp#27;[32mAnd &amp#27;[0m&amp#27;[32muser is navigated to &amp#27;[0m&amp#27;[32m&amp#27;[1m"Dashboard"&amp#27;[0m&amp#27;[32m page&amp#27;[0m                              &amp#27;[90m# stepDefinition.GeneralStep.user_is_navigated_to_page(java.lang.String)&amp#27;[0m
  &amp#27;[32mWhen &amp#27;[0m&amp#27;[32muser clicks on menu &amp#27;[0m&amp#27;[32m&amp#27;[1m"Reagent"&amp#27;[0m                                     &amp#27;[90m# stepDefinition.GeneralStep.user_clicks_on_menu(java.lang.String)&amp#27;[0m
  &amp#27;[32mAnd &amp#27;[0m&amp#27;[32muser clicks on sub-menu &amp#27;[0m&amp#27;[32m&amp#27;[1m"Library"&amp#27;[0m                                  &amp#27;[90m# stepDefinition.GeneralStep.user_clicks_on_sub_menu(java.lang.String)&amp#27;[0m
  &amp#27;[32mThen &amp#27;[0m&amp#27;[32muser is navigated to &amp#27;[0m&amp#27;[32m&amp#27;[1m"Reagent Library"&amp#27;[0m&amp#27;[32m page&amp#27;[0m                       &amp#27;[90m# stepDefinition.GeneralStep.user_is_navigated_to_page(java.lang.String)&amp#27;[0m
  &amp#27;[32mWhen &amp#27;[0m&amp#27;[32muser clicks on &amp#27;[0m&amp#27;[32m&amp#27;[1m"Create"&amp#27;[0m&amp#27;[32m button&amp#27;[0m                                    &amp#27;[90m# stepDefinition.GeneralStep.user_clicks_on_button(java.lang.String)&amp#27;[0m
  &amp#27;[32mThen &amp#27;[0m&amp#27;[32muser is navigated to &amp#27;[0m&amp#27;[32m&amp#27;[1m"Create Reagent"&amp#27;[0m&amp#27;[32m page&amp#27;[0m                        &amp#27;[90m# stepDefinition.GeneralStep.user_is_navigated_to_page(java.lang.String)&amp#27;[0m
  &amp#27;[32mWhen &amp#27;[0m&amp#27;[32muser fill the form in Create Reagent page with this data&amp#27;[0m          &amp#27;[90m# stepDefinition.Reagent.CreateReagentLibraryStep.user_fill_the_form_in_create_reagent_page_with_this_data(io.cucumber.datatable.DataTable)&amp#27;[0m
    | nama      | type       | note                             |
    | Reagent 1 | Antibiotic | Create Reagent 1 with Antibiotic |
  &amp#27;[32mThen &amp#27;[0m&amp#27;[32mall fields in Create Reagent page is filled with this data&amp#27;[0m        &amp#27;[90m# stepDefinition.Reagent.CreateReagentLibraryStep.all_fields_in_create_reagent_page_is_filled_with_this_data(io.cucumber.datatable.DataTable)&amp#27;[0m
    | nama      | type       | note                             |
    | Reagent 1 | Antibiotic | Create Reagent 1 with Antibiotic |
  &amp#27;[32mWhen &amp#27;[0m&amp#27;[32muser clicks on &amp#27;[0m&amp#27;[32m&amp#27;[1m"Save"&amp#27;[0m&amp#27;[32m button&amp#27;[0m                                      &amp#27;[90m# stepDefinition.GeneralStep.user_clicks_on_button(java.lang.String)&amp#27;[0m
  &amp#27;[32mAnd &amp#27;[0m&amp#27;[32mnotification &amp#27;[0m&amp#27;[32m&amp#27;[1m"Success"&amp#27;[0m&amp#27;[32m and &amp#27;[0m&amp#27;[32m&amp#27;[1m"Reagent has been created"&amp#27;[0m&amp#27;[32m is displayed&amp#27;[0m &amp#27;[90m# stepDefinition.GeneralStep.notification_and_is_displayed(java.lang.String,java.lang.String)&amp#27;[0m
  &amp#27;[32mAnd &amp#27;[0m&amp#27;[32mthere is &amp#27;[0m&amp#27;[32m&amp#27;[1m"new"&amp#27;[0m&amp#27;[32m item &amp#27;[0m&amp#27;[32m&amp#27;[1m"Reagent 1"&amp#27;[0m&amp#27;[32m created in table&amp#27;[0m                   &amp#27;[90m# stepDefinition.GeneralStep.there_is_item_created_in_table(java.lang.String,java.lang.String)&amp#27;[0m
  &amp#27;[32mWhen &amp#27;[0m&amp#27;[32muser clicks on menu &amp#27;[0m&amp#27;[32m&amp#27;[1m"Reagent"&amp#27;[0m                                     &amp#27;[90m# stepDefinition.GeneralStep.user_clicks_on_menu(java.lang.String)&amp#27;[0m
  &amp#27;[32mAnd &amp#27;[0m&amp#27;[32muser clicks on sub-menu &amp#27;[0m&amp#27;[32m&amp#27;[1m"Culture Reagent"&amp#27;[0m                          &amp#27;[90m# stepDefinition.GeneralStep.user_clicks_on_sub_menu(java.lang.String)&amp#27;[0m
  &amp#27;[32mThe]]></system-out>
    <system-err><![CDATA[[main] INFO io.github.bonigarcia.wdm.WebDriverManager - Using chromedriver 104.0.5112.79 (resolved driver for Chrome 104)
[main] INFO io.github.bonigarcia.wdm.WebDriverManager - Exporting webdriver.chrome.driver as C:\Users\smith\.cache\selenium\chromedriver\win32\104.0.5112.79\chromedriver.exe
Starting ChromeDriver 104.0.5112.79 (3cf3e8c8a07d104b9e1260c910efb8f383285dc5-refs/branch-heads/5112@{#1307}) on port 62797
Only local connections are allowed.
Please see https://chromedriver.chromium.org/security-considerations for suggestions on keeping ChromeDriver safe.
ChromeDriver was started successfully.
Aug 26, 2022 10:34:32 AM org.openqa.selenium.remote.ProtocolHandshake createSession
INFO: Detected upstream dialect: W3C
Aug 26, 2022 10:34:32 AM org.openqa.selenium.devtools.CdpVersionFinder findNearestMatch
INFO: Found exact CDP implementation for version 104
[AsyncHttpClient-1-8] WARN org.asynchttpclient.netty.handler.WebSocketHandler - onError
java.net.SocketException: Connection reset
	at java.base/sun.nio.ch.SocketChannelImpl.throwConnectionReset(SocketChannelImpl.java:394)
	at java.base/sun.nio.ch.SocketChannelImpl.read(SocketChannelImpl.java:426)
	at io.netty.buffer.PooledByteBuf.setBytes(PooledByteBuf.java:258)
	at io.netty.buffer.AbstractByteBuf.writeBytes(AbstractByteBuf.java:1132)
	at io.netty.channel.socket.nio.NioSocketChannel.doReadBytes(NioSocketChannel.java:357)
	at io.netty.channel.nio.AbstractNioByteChannel$NioByteUnsafe.read(AbstractNioByteChannel.java:151)
	at io.netty.channel.nio.NioEventLoop.processSelectedKey(NioEventLoop.java:722)
	at io.netty.channel.nio.NioEventLoop.processSelectedKeysOptimized(NioEventLoop.java:658)
	at io.netty.channel.nio.NioEventLoop.processSelectedKeys(NioEventLoop.java:584)
	at io.netty.channel.nio.NioEventLoop.run(NioEventLoop.java:496)
	at io.netty.util.concurrent.SingleThreadEventExecutor$4.run(SingleThreadEventExecutor.java:997)
	at io.netty.util.internal.ThreadExecutorMap$2.run(ThreadExecutorMap.java:74)
	at io.netty.util.concurrent.FastThreadLocalRunnable.run(FastThreadLocalRunnable.java:30)
	at java.base/java.lang.Thread.run(Thread.java:833)
Aug 26, 2022 10:34:39 AM org.openqa.selenium.remote.http.WebSocket$Listener onError
WARNING: Connection reset
java.net.SocketException: Connection reset
	at java.base/sun.nio.ch.SocketChannelImpl.throwConnectionReset(SocketChannelImpl.java:394)
	at java.base/sun.nio.ch.SocketChannelImpl.read(SocketChannelImpl.java:426)
	at io.netty.buffer.PooledByteBuf.setBytes(PooledByteBuf.java:258)
	at io.netty.buffer.AbstractByteBuf.writeBytes(AbstractByteBuf.java:1132)
	at io.netty.channel.socket.nio.NioSocketChannel.doReadBytes(NioSocketChannel.java:357)
	at io.netty.channel.nio.AbstractNioByteChannel$NioByteUnsafe.read(AbstractNioByteChannel.java:151)
	at io.netty.channel.nio.NioEventLoop.processSelectedKey(NioEventLoop.java:722)
	at io.netty.channel.nio.NioEventLoop.processSelectedKeysOptimized(NioEventLoop.java:658)
	at io.netty.channel.nio.NioEventLoop.processSelectedKeys(NioEventLoop.java:584)
	at io.netty.channel.nio.NioEventLoop.run(NioEventLoop.java:496)
	at io.netty.util.concurrent.SingleThreadEventExecutor$4.run(SingleThreadEventExecutor.java:997)
	at io.netty.util.internal.ThreadExecutorMap$2.run(ThreadExecutorMap.java:74)
	at io.netty.util.concurrent.FastThreadLocalRunnable.run(FastThreadLocalRunnable.java:30)
	at java.base/java.lang.Thread.run(Thread.java:833)

]]></system-err>
  </testcase>
  <testcase name="Create new Reagent item" classname="CC-1103:Create new reagent with new culture reagent" time="7.569">
    <system-out><![CDATA[browser value is: chromeheadless
]]></system-out>
    <system-err><![CDATA[[main] INFO io.github.bonigarcia.wdm.WebDriverManager - Using chromedriver 104.0.5112.79 (resolved driver for Chrome 104)
[main] INFO io.github.bonigarcia.wdm.WebDriverManager - Exporting webdriver.chrome.driver as C:\Users\smith\.cache\selenium\chromedriver\win32\104.0.5112.79\chromedriver.exe
Starting ChromeDriver 104.0.5112.79 (3cf3e8c8a07d104b9e1260c910efb8f383285dc5-refs/branch-heads/5112@{#1307}) on port 60263
Only local connections are allowed.
Please see https://chromedriver.chromium.org/security-considerations for suggestions on keeping ChromeDriver safe.
ChromeDriver was started successfully.
Aug 26, 2022 10:34:40 AM org.openqa.selenium.remote.ProtocolHandshake createSession
INFO: Detected upstream dialect: W3C
Aug 26, 2022 10:34:40 AM org.openqa.selenium.devtools.CdpVersionFinder findNearestMatch
INFO: Found exact CDP implementation for version 104
[AsyncHttpClient-1-3] WARN org.asynchttpclient.netty.handler.WebSocketHandler - onError
java.net.SocketException: Connection reset
	at java.base/sun.nio.ch.SocketChannelImpl.throwConnectionReset(SocketChannelImpl.java:394)
	at java.base/sun.nio.ch.SocketChannelImpl.read(SocketChannelImpl.java:426)
	at io.netty.buffer.PooledByteBuf.setBytes(PooledByteBuf.java:258)
	at io.netty.buffer.AbstractByteBuf.writeBytes(AbstractByteBuf.java:1132)
	at io.netty.channel.socket.nio.NioSocketChannel.doReadBytes(NioSocketChannel.java:357)
	at io.netty.channel.nio.AbstractNioByteChannel$NioByteUnsafe.read(AbstractNioByteChannel.java:151)
	at io.netty.channel.nio.NioEventLoop.processSelectedKey(NioEventLoop.java:722)
	at io.netty.channel.nio.NioEventLoop.processSelectedKeysOptimized(NioEventLoop.java:658)
	at io.netty.channel.nio.NioEventLoop.processSelectedKeys(NioEventLoop.java:584)
	at io.netty.channel.nio.NioEventLoop.run(NioEventLoop.java:496)
	at io.netty.util.concurrent.SingleThreadEventExecutor$4.run(SingleThreadEventExecutor.java:997)
	at io.netty.util.internal.ThreadExecutorMap$2.run(ThreadExecutorMap.java:74)
	at io.netty.util.concurrent.FastThreadLocalRunnable.run(FastThreadLocalRunnable.java:30)
	at java.base/java.lang.Thread.run(Thread.java:833)
Aug 26, 2022 10:34:46 AM org.openqa.selenium.remote.http.WebSocket$Listener onError
WARNING: Connection reset
java.net.SocketException: Connection reset
	at java.base/sun.nio.ch.SocketChannelImpl.throwConnectionReset(SocketChannelImpl.java:394)
	at java.base/sun.nio.ch.SocketChannelImpl.read(SocketChannelImpl.java:426)
	at io.netty.buffer.PooledByteBuf.setBytes(PooledByteBuf.java:258)
	at io.netty.buffer.AbstractByteBuf.writeBytes(AbstractByteBuf.java:1132)
	at io.netty.channel.socket.nio.NioSocketChannel.doReadBytes(NioSocketChannel.java:357)
	at io.netty.channel.nio.AbstractNioByteChannel$NioByteUnsafe.read(AbstractNioByteChannel.java:151)
	at io.netty.channel.nio.NioEventLoop.processSelectedKey(NioEventLoop.java:722)
	at io.netty.channel.nio.NioEventLoop.processSelectedKeysOptimized(NioEventLoop.java:658)
	at io.netty.channel.nio.NioEventLoop.processSelectedKeys(NioEventLoop.java:584)
	at io.netty.channel.nio.NioEventLoop.run(NioEventLoop.java:496)
	at io.netty.util.concurrent.SingleThreadEventExecutor$4.run(SingleThreadEventExecutor.java:997)
	at io.netty.util.internal.ThreadExecutorMap$2.run(ThreadExecutorMap.java:74)
	at io.netty.util.concurrent.FastThreadLocalRunnable.run(FastThreadLocalRunnable.java:30)
	at java.base/java.lang.Thread.run(Thread.java:833)

]]></system-err>
  </testcase>
  <testcase name="Select and Delete an reagent item" classname="CC-1105:Delete one reagent item" time="9.955">
    <system-out><![CDATA[browser value is: chromeheadless

Reagent 2 Culture
Reagent 1
Reagent 6
Reagent 5
Reagent 4
Reagent 3

Reagent 2 Culture
Reagent 1
Reagent 6
Reagent 5
Reagent 4
Trypan-Blue
Amphotericin B
DMEM Low Glucose
RPMI 1640
Penicillin-Streptomycin
FBS Heat Inactivated
Trypsin
DMEM High Glucose
n &amp#27;[0m&amp#27;[32muser is navigated to &amp#27;[0m&amp#27;[32m&amp#27;[1m"Culture Reagent"&amp#27;[0m&amp#27;[32m page&amp#27;[0m                       &amp#27;[90m# stepDefinition.GeneralStep.user_is_navigated_to_page(java.lang.String)&amp#27;[0m
  &amp#27;[32mAnd &amp#27;[0m&amp#27;[32mthere is &amp#27;[0m&amp#27;[32m&amp#27;[1m"no new"&amp#27;[0m&amp#27;[32m item &amp#27;[0m&amp#27;[32m&amp#27;[1m"Reagent 1"&amp#27;[0m&amp#27;[32m created in table&amp#27;[0m                &amp#27;[90m# stepDefinition.GeneralStep.there_is_item_created_in_table(java.lang.String,java.lang.String)&amp#27;[0m

@reagentlibrary @CC-1103_Create_new_reagent_with_new_culture_reagent
Scenario: Create new Reagent item                                                                      &amp#27;[90m# src/test/resources/features/Reagent Library/Create Reagent Library/CC-1103 Create New Reagent With New Culture Reagent.feature:16&amp#27;[0m
  &amp#27;[32mGiven &amp#27;[0m&amp#27;[32muser has already logged in to application with this credentials&amp#27;[0m                                &amp#27;[90m# stepDefinition.LoginPageStep.user_has_already_logged_in_to_application_with_this_credentials(io.cucumber.datatable.DataTable)&amp#27;[0m
    | username | password |
    | admin    | admin    |
  &amp#27;[32mAnd &amp#27;[0m&amp#27;[32muser is navigated to &amp#27;[0m&amp#27;[32m&amp#27;[1m"Dashboard"&amp#27;[0m&amp#27;[32m page&amp#27;[0m                                                            &amp#27;[90m# stepDefinition.GeneralStep.user_is_navigated_to_page(java.lang.String)&amp#27;[0m
  &amp#27;[32mWhen &amp#27;[0m&amp#27;[32muser clicks on menu &amp#27;[0m&amp#27;[32m&amp#27;[1m"Reagent"&amp#27;[0m                                                                   &amp#27;[90m# stepDefinition.GeneralStep.user_clicks_on_menu(java.lang.String)&amp#27;[0m
  &amp#27;[32mAnd &amp#27;[0m&amp#27;[32muser clicks on sub-menu &amp#27;[0m&amp#27;[32m&amp#27;[1m"Library"&amp#27;[0m                                                                &amp#27;[90m# stepDefinition.GeneralStep.user_clicks_on_sub_menu(java.lang.String)&amp#27;[0m
  &amp#27;[32mThen &amp#27;[0m&amp#27;[32muser is navigated to &amp#27;[0m&amp#27;[32m&amp#27;[1m"Reagent Library"&amp#27;[0m&amp#27;[32m page&amp#27;[0m                                                     &amp#27;[90m# stepDefinition.GeneralStep.user_is_navigated_to_page(java.lang.String)&amp#27;[0m
  &amp#27;[32mWhen &amp#27;[0m&amp#27;[32muser clicks on &amp#27;[0m&amp#27;[32m&amp#27;[1m"Create"&amp#27;[0m&amp#27;[32m button&amp#27;[0m                                                                  &amp#27;[90m# stepDefinition.GeneralStep.user_clicks_on_button(java.lang.String)&amp#27;[0m
  &amp#27;[32mThen &amp#27;[0m&amp#27;[32muser is navigated to &amp#27;[0m&amp#27;[32m&amp#27;[1m"Create Reagent"&amp#27;[0m&amp#27;[32m page&amp#27;[0m                                                      &amp#27;[90m# stepDefinition.GeneralStep.user_is_navigated_to_page(java.lang.String)&amp#27;[0m
  &amp#27;[32mWhen &amp#27;[0m&amp#27;[32muser fill the form in Create Reagent page with this data&amp#27;[0m                                        &amp#27;[90m# stepDefinition.Reagent.CreateReagentLibraryStep.user_fill_the_form_in_create_reagent_page_with_this_data(io.cucumber.datatable.DataTable)&amp#27;[0m
    | nama              | type       | note                             |
    | Reagent 2 Culture | Antibiotic | Create Reagent 2 with Antibiotic |
  &amp#27;[32mThen &amp#27;[0m&amp#27;[32mall fields in Create Reagent page is filled with this data&amp#27;[0m                                      &amp#27;[90m# stepDefinition.Reagent.CreateReagentLibraryStep.all_fields_in_create_reagent_page_is_filled_with_this_data(io.cucumber.datatable.DataTable)&amp#27;[0m
    | nama              | type       | note                             |
    | Reagent 2 Culture | Antibiotic | Create Reagent 2 with Antibiotic |
  &amp#27;[32mWhen &amp#27;[0m&amp#27;[32muser clicks to check on &amp#27;[0m&amp#27;[32m&amp#27;[1m"Create culture reagent"&amp#27;[0m&amp#27;[32m checkbox&amp#27;[0m                                       &amp#27;[90m# stepDefinition.GeneralStep.user_clicks_to_check_on_checkbox(java.lang.String)&amp#27;[0m
  &amp#27;[32mThen &amp#27;[0m&amp#27;[32mcheckbox &amp#27;[0m&amp#27;[32m&amp#27;[1m"Create culture reagent"&amp#27;[0m&amp#27;[32m is checked&amp#27;[0m                                                    &amp#27;[90m# stepDefinition.GeneralStep.checkbox_is_checked(java.lang.String)&amp#27;[0m
  &amp#27;[32mWhen &amp#27;[0m&amp#27;[32muser clicks on &amp#27;[0m&amp#27;[32m&amp#27;[1m"Save"&amp#27;[0m&amp#27;[32m button&amp#27;[0m                                                                    &amp#27;[90m# stepDefinition.GeneralStep.user_clicks_on_button(java.lang.String)&amp#27;[0m
  &amp#27;[32mThen &amp#27;[0m&amp#27;[32mnotification &amp#27;[0m&amp#27;[32m&amp#27;[1m"Success"&amp#27;[0m&amp#27;[32m and &amp#27;[0m&amp#27;[32m&amp#27;[1m"Reagent has been created"&amp#27;[0m&amp#27;[32m is displayed&amp#27;[0m                              &amp#27;[90m# stepDefinition.GeneralStep.notification_and_is_displayed(java.lang.String,java.lang.String)&amp#27;[0m
  &amp#27;[32mAnd &amp#27;[0m&amp#27;[32mThere is new &amp#27;[0m&amp#27;[32m&amp#27;[1m"culture reagent"&amp#27;[0m&amp#27;[32m item created with &amp#27;[0m&amp#27;[32m&amp#27;[1m"100%"&amp#27;[0m&amp#27;[32m composition named as &amp#27;[0m&amp#27;[32m&amp#27;[1m"Reagent 2 Culture"&amp#27;[0m &amp#27;[90m# stepDefinition.Reagent.ReagentCulturePageStep.there_is_new_item_created_with_composition(java.lang.String,java.lang.String,java.lang.String)&amp#27;[0m

@reagentlibrary @CC-1105_Delete_one_reagent_item
Scenario: Select and Delete an reagent item                                &amp#27;[90m# src/test/resources/features/Reagent Library/Delete Reagent Library/CC-1105 Delete one Reagent Item.feature:17&amp#27;[0m
  &amp#27;[32mGiven &amp#27;[0m&amp#27;[32muser has already logged in to application with this credentials&amp#27;[0m    &amp#27;[90m# stepDefinition.LoginPageStep.user_has_already_logged_in_to_application_with_this_credentials(io.cucumber.datatable.DataTable)&amp#27;[0m
    | username | password |
    | admin    | admin    |
  &amp#27;[32mAnd &amp#27;[0m&amp#27;[32muser is navigated to &amp#27;[0m&amp#27;[32m&amp#27;[1m"Dashboard"&amp#27;[0m&amp#27;[32m page&amp#27;[0m                                &amp#27;[90m# stepDefinition.GeneralStep.user_is_navigated_to_page(java.lang.String)&amp#27;[0m
  &amp#27;[32mWhen &amp#27;[0m&amp#27;[32muser clicks on menu &amp#27;[0m&amp#27;[32m&amp#27;[1m"Reagent"&amp#27;[0m                                       &amp#27;[90m# stepDefinition.GeneralStep.user_clicks_on_menu(java.lang.String)&amp#27;[0m
  &amp#27;[32mAnd &amp#27;[0m&amp#27;[32muser clicks on sub-menu &amp#27;[0m&amp#27;[32m&amp#27;[1m"Library"&amp#27;[0m                                    &amp#27;[90m# stepDefinition.GeneralStep.user_clicks_on_sub_menu(java.lang.String)&amp#27;[0m
  &amp#27;[32mThen &amp#27;[0m&amp#27;[32muser is navigated to &amp#27;[0m&amp#27;[32m&amp#27;[1m"Reagent Library"&amp#27;[0m&amp#27;[32m page&amp#27;[0m                         &amp#27;[90m# stepDefinition.GeneralStep.user_is_navigated_to_page(java.lang.String)&amp#27;[0m
  &amp#27;[32mAnd &amp#27;[0m&amp#27;[32m&amp#27;[0m&amp#27;[32m&amp#27;[1m"Reagent 3"&amp#27;[0m&amp#27;[32m items is &amp#27;[0m&amp#27;[32m&amp#27;[1m"already"&amp#27;[0m&amp#27;[32m exist&amp#27;[0m                                 &amp#27;[90m# stepDefinition.GeneralStep.items_is_exist(java.lang.String,java.lang.String)&amp#27;[0m
  &amp#27;[32mWhen &amp#27;[0m&amp#27;[32muser select an item &amp#27;[0m&amp#27;[32m&amp#27;[1m"Reagent 3"&amp#27;[0m&amp#27;[32m by check the checkbox&amp#27;[0m               &amp#27;[90m# stepDefinition.GeneralStep.user_select_an_item_by_check_the_checkbox(java.lang.String)&amp#27;[0m
  &amp#27;[32mThen &amp#27;[0m&amp#27;[32mitem &amp#27;[0m&amp#27;[32m&amp#27;[1m"Reagent 3"&amp#27;[0m&amp#27;[32m is checked&amp#27;[0m                                         &amp#27;[90m# stepDefinition.GeneralStep.item_is_checked(java.lang.String)&amp#27;[0m
  &amp#27;[32mAnd &amp#27;[0m&amp#27;[32micon &amp#27;[0m&amp#27;[32m&amp#27;[1m"delete"&amp#27;[0m&amp#27;[32m is enabled in page&amp#27;[0m                                     &amp#27;[90m# stepDefinition.GeneralStep.icon_is_enabled_in_page(java.lang.String)&amp#27;[0m
  &amp#27;[32mWhen &amp#27;[0m&amp#27;[32muser clicks on &amp#27;[0m&amp#27;[32m&amp#27;[1m"delete"&amp#27;[0m&amp#27;[32m icon&amp#27;[0m                                        &amp#27;[90m# stepDefinition.GeneralStep.user_clicks_on_icon(java.lang.String)&amp#27;[0m
  &amp#27;[32mThen &amp#27;[0m&amp#27;[32mmodal &amp#27;[0m&amp#27;[32m&amp#27;[1m"Delete reagents"&amp#27;[0m&amp#27;[32m confirmation is displayed&amp#27;[0m                   &amp#27;[90m# stepDefinition.GeneralStep.modal_confirmation_is_displayed(java.lang.String)&amp#27;[0m
  &amp#27;[32mWhen &amp#27;[0m&amp#27;[32muser clicks on &amp#27;[0m&amp#27;[32m&amp#27;[1m"OK"&amp#27;[0m&amp#27;[32m button&amp#27;[0m                                          &amp#27;[90m# stepDefinition.GeneralStep.user_clicks_on_button(java.lang.String)&amp#27;[0m
  &amp#27;[32mThen &amp#27;[0m&amp#27;[32mnotification &amp#27;[0m&amp#27;[32m&amp#27;[1m"Success"&amp#27;[0m&amp#27;[32m and &amp#27;[0m&amp#27;[32m&amp#27;[1m"Reagents has been deleted"&amp#27;[0m&amp#27;[32m is displayed&amp#27;[0m &amp#27;[90m# stepDefinition.GeneralStep.notification_and_is_displayed(java.lang.String,java.lang.String)&amp#27;[0m
  &amp#27;[32mAnd &amp#27;[0m&amp#27;[32m&amp#27;[0m&amp#27;[32m&amp#27;[1m"Reagent 3"&amp#27;[0m&amp#27;[32m items is &amp#27;[0m&amp#27;[32m&amp#27;[1m"not"&amp#27;[0m&amp#27;[32m exist&amp#27;[0m                                     &amp#27;[90m# stepDefinition.GeneralStep.items_is_exist(java.lang.String,java.lang.String)&amp#27;[0m
  &amp#27;[32mWhen &amp#27;[0m&amp#27;[32muser refresh the browser page&amp#27;[0m                                       &amp#27;[90m# stepDefinition.GeneralStep.user_refresh_the_browser_page()&amp#27;[0m
  &amp#27;[32mThen &amp#27;[0m&amp#27;[32muser is navigated to &amp#27;[0m&amp#27;[32m&amp#27;[1m"Dashboard"&amp#27;[0m&amp#27;[32m page&amp#27;[0m                               &amp#27;[90m# stepDefinition.GeneralStep.user_is_navigated_to_page(java.lang.String)&amp#27;[0m
  &amp#27;[32mWhen &amp#27;[0m&amp#27;[32muser clicks on menu &amp#27;[0m&amp#27;[32m&amp#27;[1m"Reagent"&amp#27;[0m                                       &amp#27;[90m# stepDefinition.GeneralStep.user_clicks_on_menu(java.lang.String)&amp#27;[0m
  &amp#27;[
Reagent 2 Culture
Reagent 1
Reagent 6
Reagent 5
Reagent 4
Trypan-Blue
Amphotericin B
DMEM Low Glucose
RPMI 1640
Penicillin-Streptomycin
FBS Heat Inactivated
Trypsin
DMEM High Glucose
]]></system-out>
    <system-err><![CDATA[[main] INFO io.github.bonigarcia.wdm.WebDriverManager - Using chromedriver 104.0.5112.79 (resolved driver for Chrome 104)
[main] INFO io.github.bonigarcia.wdm.WebDriverManager - Exporting webdriver.chrome.driver as C:\Users\smith\.cache\selenium\chromedriver\win32\104.0.5112.79\chromedriver.exe
Starting ChromeDriver 104.0.5112.79 (3cf3e8c8a07d104b9e1260c910efb8f383285dc5-refs/branch-heads/5112@{#1307}) on port 51192
Only local connections are allowed.
Please see https://chromedriver.chromium.org/security-considerations for suggestions on keeping ChromeDriver safe.
ChromeDriver was started successfully.
Aug 26, 2022 10:34:47 AM org.openqa.selenium.remote.ProtocolHandshake createSession
INFO: Detected upstream dialect: W3C
Aug 26, 2022 10:34:47 AM org.openqa.selenium.devtools.CdpVersionFinder findNearestMatch
INFO: Found exact CDP implementation for version 104
[AsyncHttpClient-1-6] WARN org.asynchttpclient.netty.handler.WebSocketHandler - onError
java.net.SocketException: Connection reset
	at java.base/sun.nio.ch.SocketChannelImpl.throwConnectionReset(SocketChannelImpl.java:394)
	at java.base/sun.nio.ch.SocketChannelImpl.read(SocketChannelImpl.java:426)
	at io.netty.buffer.PooledByteBuf.setBytes(PooledByteBuf.java:258)
	at io.netty.buffer.AbstractByteBuf.writeBytes(AbstractByteBuf.java:1132)
	at io.netty.channel.socket.nio.NioSocketChannel.doReadBytes(NioSocketChannel.java:357)
	at io.netty.channel.nio.AbstractNioByteChannel$NioByteUnsafe.read(AbstractNioByteChannel.java:151)
	at io.netty.channel.nio.NioEventLoop.processSelectedKey(NioEventLoop.java:722)
	at io.netty.channel.nio.NioEventLoop.processSelectedKeysOptimized(NioEventLoop.java:658)
	at io.netty.channel.nio.NioEventLoop.processSelectedKeys(NioEventLoop.java:584)
	at io.netty.channel.nio.NioEventLoop.run(NioEventLoop.java:496)
	at io.netty.util.concurrent.SingleThreadEventExecutor$4.run(SingleThreadEventExecutor.java:997)
	at io.netty.util.internal.ThreadExecutorMap$2.run(ThreadExecutorMap.java:74)
	at io.netty.util.concurrent.FastThreadLocalRunnable.run(FastThreadLocalRunnable.java:30)
	at java.base/java.lang.Thread.run(Thread.java:833)
Aug 26, 2022 10:34:56 AM org.openqa.selenium.remote.http.WebSocket$Listener onError
WARNING: Connection reset
java.net.SocketException: Connection reset
	at java.base/sun.nio.ch.SocketChannelImpl.throwConnectionReset(SocketChannelImpl.java:394)
	at java.base/sun.nio.ch.SocketChannelImpl.read(SocketChannelImpl.java:426)
	at io.netty.buffer.PooledByteBuf.setBytes(PooledByteBuf.java:258)
	at io.netty.buffer.AbstractByteBuf.writeBytes(AbstractByteBuf.java:1132)
	at io.netty.channel.socket.nio.NioSocketChannel.doReadBytes(NioSocketChannel.java:357)
	at io.netty.channel.nio.AbstractNioByteChannel$NioByteUnsafe.read(AbstractNioByteChannel.java:151)
	at io.netty.channel.nio.NioEventLoop.processSelectedKey(NioEventLoop.java:722)
	at io.netty.channel.nio.NioEventLoop.processSelectedKeysOptimized(NioEventLoop.java:658)
	at io.netty.channel.nio.NioEventLoop.processSelectedKeys(NioEventLoop.java:584)
	at io.netty.channel.nio.NioEventLoop.run(NioEventLoop.java:496)
	at io.netty.util.concurrent.SingleThreadEventExecutor$4.run(SingleThreadEventExecutor.java:997)
	at io.netty.util.internal.ThreadExecutorMap$2.run(ThreadExecutorMap.java:74)
	at io.netty.util.concurrent.FastThreadLocalRunnable.run(FastThreadLocalRunnable.java:30)
	at java.base/java.lang.Thread.run(Thread.java:833)

]]></system-err>
  </testcase>
  <testcase name="Select and Delete an reagent item" classname="CC-1106:Delete multiple reagent item" time="10.482">
    <system-out><![CDATA[browser value is: chromeheadless

Reagent 2 Culture
Reagent 1
Reagent 6
Reagent 5
Reagent 4

Reagent 2 Culture
Reagent 1
Reagent 6
Reagent 5

Reagent 2 Culture
Reagent 1
Reagent 6
Trypan-Blue
Amphotericin B
DMEM Low Glucose
RPMI 1640
Penicillin-Streptomycin
FBS Heat Inactivated
Trypsin
DMEM High Glucose

Reagent 2 Culture
Reagent 1
Reagent 6
Trypan-Blue
Amphotericin B
DMEM Low Glucose
RPMI 1640
Penicillin-Streptomycin
FBS Heat Inactivated
Trypsin
DMEM High Glucose

Reagent 2 Culture
Reagent 1
Reagent 6
Trypan-Blue
Amphotericin B
DMEM Low Glucose
RPMI 1640
Penicillin-Streptomycin
FBS Heat Inactivated
Trypsin
DMEM High Glucose

Reagent 2 Culture
Reagent 1
Reagent 6
Trypan-Blue
Amphotericin B
DMEM Low Glucose
RPMI 1640
Penicillin-Streptomycin
FBS Heat Inactivated
Trypsin
DMEM High Glucose
]]></system-out>
    <system-err><![CDATA[[main] INFO io.github.bonigarcia.wdm.WebDriverManager - Using chromedriver 104.0.5112.79 (resolved driver for Chrome 104)
[main] INFO io.github.bonigarcia.wdm.WebDriverManager - Exporting webdriver.chrome.driver as C:\Users\smith\.cache\selenium\chromedriver\win32\104.0.5112.79\chromedriver.exe
Starting ChromeDriver 104.0.5112.79 (3cf3e8c8a07d104b9e1260c910efb8f383285dc5-refs/branch-heads/5112@{#1307}) on port 52132
Only local connections are allowed.
Please see https://chromedriver.chromium.org/security-considerations for suggestions on keeping ChromeDriver safe.
ChromeDriver was started successfully.
Aug 26, 2022 10:34:57 AM org.openqa.selenium.remote.ProtocolHandshake createSession
INFO: Detected upstream dialect: W3C
Aug 26, 2022 10:34:57 AM org.openqa.selenium.devtools.CdpVersionFinder findNearestMatch
INFO: Found exact CDP implementation for version 104
[AsyncHttpClient-1-9] WARN org.asynchttpclient.netty.handler.WebSocketHandler - onError
java.net.SocketException: Connection reset
	at java.base/sun.nio.ch.SocketChannelImpl.throwConnectionReset(SocketChannelImpl.java:394)
	at java.base/sun.nio.ch.SocketChannelImpl.read(SocketChannelImpl.java:426)
	at io.netty.buffer.PooledByteBuf.setBytes(PooledByteBuf.java:258)
	at io.netty.buffer.AbstractByteBuf.writeBytes(AbstractByteBuf.java:1132)
	at io.netty.channel.socket.nio.NioSocketChannel.doReadBytes(NioSocketChannel.java:357)
	at io.netty.channel.nio.AbstractNioByteChannel$NioByteUnsafe.read(AbstractNioByteChannel.java:151)
	at io.netty.channel.nio.NioEventLoop.processSelectedKey(NioEventLoop.java:722)
	at io.netty.channel.nio.NioEventLoop.processSelectedKeysOptimized(NioEventLoop.java:658)
	at io.netty.channel.nio.NioEventLoop.processSelectedKeys(NioEventLoop.java:584)
	at io.netty.channel.nio.NioEventLoop.run(NioEventLoop.java:496)
	at io.netty.util.concurrent.SingleThreadEventExecutor$4.run(SingleThreadEventExecutor.java:997)
	at io.netty.util.internal.ThreadExecutorMap$2.run(ThreadExecutorMap.java:74)
	at io.netty.util.concurrent.FastThreadLocalRunnable.run(FastThreadLocalRunnable.java:30)
	at java.base/java.lang.Thread.run(Thread.java:833)
Aug 26, 2022 10:35:07 AM org.openqa.selenium.remote.http.WebSocket$Listener onError
WARNING: Connection reset
java.net.SocketException: Connection reset
	at java.base/sun.nio.ch.SocketChannelImpl.throwConnectionReset(SocketChannelImpl.java:394)
	at java.base/sun.nio.ch.SocketChannelImpl.read(SocketChannelImpl.java:426)
	at io.netty.buffer.PooledByteBuf.setBytes(PooledByteBuf.java:258)
	at io.netty.buffer.AbstractByteBuf.writeBytes(AbstractByteBuf.java:1132)
	at io.netty.channel.socket.nio.NioSocketChannel.doReadBytes(NioSocketChannel.java:357)
	at io.netty.channel.nio.AbstractNioByteChannel$NioByteUnsafe.read(AbstractNioByteChannel.java:151)
	at io.netty.channel.nio.NioEventLoop.processSelectedKey(NioEventLoop.java:722)
	at io.netty.channel.nio.NioEventLoop.processSelectedKeysOptimized(NioEventLoop.java:658)
	at io.netty.channel.nio.NioEventLoop.processSelectedKeys(NioEventLoop.java:584)
	at io.netty.channel.nio.NioEventLoop.run(NioEventLoop.java:496)
	at io.netty.util.concurrent.SingleThreadEventExecutor$4.run(SingleThreadEventExecutor.java:997)
	at io.netty.util.internal.ThreadExecutorMap$2.run(ThreadExecutorMap.java:74)
	at io.netty.util.concurrent.FastThreadLocalRunnable.run(FastThreadLocalRunnable.java:30)
	at java.base/java.lang.Thread.run(Thread.java:833)

]]></system-err>
  </testcase>
  <testcase name="Select and Edit an reagent item" classname="CC-1128:Edit one reagent item" time="8.335">
    <system-out><![CDATA[browser value is: chromeheadless

Reagent 2 Culture
Reagent 1
32mAnd &amp#27;[0m&amp#27;[32muser clicks on sub-menu &amp#27;[0m&amp#27;[32m&amp#27;[1m"Library"&amp#27;[0m                                    &amp#27;[90m# stepDefinition.GeneralStep.user_clicks_on_sub_menu(java.lang.String)&amp#27;[0m
  &amp#27;[32mThen &amp#27;[0m&amp#27;[32muser is navigated to &amp#27;[0m&amp#27;[32m&amp#27;[1m"Reagent Library"&amp#27;[0m&amp#27;[32m page&amp#27;[0m                         &amp#27;[90m# stepDefinition.GeneralStep.user_is_navigated_to_page(java.lang.String)&amp#27;[0m
  &amp#27;[32mAnd &amp#27;[0m&amp#27;[32m&amp#27;[0m&amp#27;[32m&amp#27;[1m"Reagent 3"&amp#27;[0m&amp#27;[32m items is &amp#27;[0m&amp#27;[32m&amp#27;[1m"not"&amp#27;[0m&amp#27;[32m exist&amp#27;[0m                                     &amp#27;[90m# stepDefinition.GeneralStep.items_is_exist(java.lang.String,java.lang.String)&amp#27;[0m

@reagentlibrary @CC-1106_Delete_multiple_reagent_item
Scenario: Select and Delete an reagent item                                &amp#27;[90m# src/test/resources/features/Reagent Library/Delete Reagent Library/CC-1106 Delete Multiple Reagent Item.feature:18&amp#27;[0m
  &amp#27;[32mGiven &amp#27;[0m&amp#27;[32muser has already logged in to application with this credentials&amp#27;[0m    &amp#27;[90m# stepDefinition.LoginPageStep.user_has_already_logged_in_to_application_with_this_credentials(io.cucumber.datatable.DataTable)&amp#27;[0m
    | username | password |
    | admin    | admin    |
  &amp#27;[32mAnd &amp#27;[0m&amp#27;[32muser is navigated to &amp#27;[0m&amp#27;[32m&amp#27;[1m"Dashboard"&amp#27;[0m&amp#27;[32m page&amp#27;[0m                                &amp#27;[90m# stepDefinition.GeneralStep.user_is_navigated_to_page(java.lang.String)&amp#27;[0m
  &amp#27;[32mWhen &amp#27;[0m&amp#27;[32muser clicks on menu &amp#27;[0m&amp#27;[32m&amp#27;[1m"Reagent"&amp#27;[0m                                       &amp#27;[90m# stepDefinition.GeneralStep.user_clicks_on_menu(java.lang.String)&amp#27;[0m
  &amp#27;[32mAnd &amp#27;[0m&amp#27;[32muser clicks on sub-menu &amp#27;[0m&amp#27;[32m&amp#27;[1m"Library"&amp#27;[0m                                    &amp#27;[90m# stepDefinition.GeneralStep.user_clicks_on_sub_menu(java.lang.String)&amp#27;[0m
  &amp#27;[32mThen &amp#27;[0m&amp#27;[32muser is navigated to &amp#27;[0m&amp#27;[32m&amp#27;[1m"Reagent Library"&amp#27;[0m&amp#27;[32m page&amp#27;[0m                         &amp#27;[90m# stepDefinition.GeneralStep.user_is_navigated_to_page(java.lang.String)&amp#27;[0m
  &amp#27;[32mAnd &amp#27;[0m&amp#27;[32m&amp#27;[0m&amp#27;[32m&amp#27;[1m"Reagent 4"&amp#27;[0m&amp#27;[32m items is &amp#27;[0m&amp#27;[32m&amp#27;[1m"already"&amp#27;[0m&amp#27;[32m exist&amp#27;[0m                                 &amp#27;[90m# stepDefinition.GeneralStep.items_is_exist(java.lang.String,java.lang.String)&amp#27;[0m
  &amp#27;[32mAnd &amp#27;[0m&amp#27;[32m&amp#27;[0m&amp#27;[32m&amp#27;[1m"Reagent 5"&amp#27;[0m&amp#27;[32m items is &amp#27;[0m&amp#27;[32m&amp#27;[1m"already"&amp#27;[0m&amp#27;[32m exist&amp#27;[0m                                 &amp#27;[90m# stepDefinition.GeneralStep.items_is_exist(java.lang.String,java.lang.String)&amp#27;[0m
  &amp#27;[32mWhen &amp#27;[0m&amp#27;[32muser select an item &amp#27;[0m&amp#27;[32m&amp#27;[1m"Reagent 4"&amp#27;[0m&amp#27;[32m by check the checkbox&amp#27;[0m               &amp#27;[90m# stepDefinition.GeneralStep.user_select_an_item_by_check_the_checkbox(java.lang.String)&amp#27;[0m
  &amp#27;[32mThen &amp#27;[0m&amp#27;[32mitem &amp#27;[0m&amp#27;[32m&amp#27;[1m"Reagent 4"&amp#27;[0m&amp#27;[32m is checked&amp#27;[0m                                         &amp#27;[90m# stepDefinition.GeneralStep.item_is_checked(java.lang.String)&amp#27;[0m
  &amp#27;[32mAnd &amp#27;[0m&amp#27;[32micon &amp#27;[0m&amp#27;[32m&amp#27;[1m"delete"&amp#27;[0m&amp#27;[32m is enabled in page&amp#27;[0m                                     &amp#27;[90m# stepDefinition.GeneralStep.icon_is_enabled_in_page(java.lang.String)&amp#27;[0m
  &amp#27;[32mWhen &amp#27;[0m&amp#27;[32muser select an item &amp#27;[0m&amp#27;[32m&amp#27;[1m"Reagent 5"&amp#27;[0m&amp#27;[32m by check the checkbox&amp#27;[0m               &amp#27;[90m# stepDefinition.GeneralStep.user_select_an_item_by_check_the_checkbox(java.lang.String)&amp#27;[0m
  &amp#27;[32mThen &amp#27;[0m&amp#27;[32mitem &amp#27;[0m&amp#27;[32m&amp#27;[1m"Reagent 5"&amp#27;[0m&amp#27;[32m is checked&amp#27;[0m                                         &amp#27;[90m# stepDefinition.GeneralStep.item_is_checked(java.lang.String)&amp#27;[0m
  &amp#27;[32mWhen &amp#27;[0m&amp#27;[32muser clicks on &amp#27;[0m&amp#27;[32m&amp#27;[1m"delete"&amp#27;[0m&amp#27;[32m icon&amp#27;[0m                                        &amp#27;[90m# stepDefinition.GeneralStep.user_clicks_on_icon(java.lang.String)&amp#27;[0m
  &amp#27;[32mThen &amp#27;[0m&amp#27;[32mmodal &amp#27;[0m&amp#27;[32m&amp#27;[1m"Delete reagents"&amp#27;[0m&amp#27;[32m confirmation is displayed&amp#27;[0m                   &amp#27;[90m# stepDefinition.GeneralStep.modal_confirmation_is_displayed(java.lang.String)&amp#27;[0m
  &amp#27;[32mWhen &amp#27;[0m&amp#27;[32muser clicks on &amp#27;[0m&amp#27;[32m&amp#27;[1m"OK"&amp#27;[0m&amp#27;[32m button&amp#27;[0m                                          &amp#27;[90m# stepDefinition.GeneralStep.user_clicks_on_button(java.lang.String)&amp#27;[0m
  &amp#27;[32mThen &amp#27;[0m&amp#27;[32mnotification &amp#27;[0m&amp#27;[32m&amp#27;[1m"Success"&amp#27;[0m&amp#27;[32m and &amp#27;[0m&amp#27;[32m&amp#27;[1m"Reagents has been deleted"&amp#27;[0m&amp#27;[32m is displayed&amp#27;[0m &amp#27;[90m# stepDefinition.GeneralStep.notification_and_is_displayed(java.lang.String,java.lang.String)&amp#27;[0m
  &amp#27;[32mAnd &amp#27;[0m&amp#27;[32m&amp#27;[0m&amp#27;[32m&amp#27;[1m"Reagent 4"&amp#27;[0m&amp#27;[32m items is &amp#27;[0m&amp#27;[32m&amp#27;[1m"not"&amp#27;[0m&amp#27;[32m exist&amp#27;[0m                                     &amp#27;[90m# stepDefinition.GeneralStep.items_is_exist(java.lang.String,java.lang.String)&amp#27;[0m
  &amp#27;[32mAnd &amp#27;[0m&amp#27;[32m&amp#27;[0m&amp#27;[32m&amp#27;[1m"Reagent 5"&amp#27;[0m&amp#27;[32m items is &amp#27;[0m&amp#27;[32m&amp#27;[1m"not"&amp#27;[0m&amp#27;[32m exist&amp#27;[0m                                     &amp#27;[90m# stepDefinition.GeneralStep.items_is_exist(java.lang.String,java.lang.String)&amp#27;[0m
  &amp#27;[32mWhen &amp#27;[0m&amp#27;[32muser refresh the browser page&amp#27;[0m                                       &amp#27;[90m# stepDefinition.GeneralStep.user_refresh_the_browser_page()&amp#27;[0m
  &amp#27;[32mThen &amp#27;[0m&amp#27;[32muser is navigated to &amp#27;[0m&amp#27;[32m&amp#27;[1m"Dashboard"&amp#27;[0m&amp#27;[32m page&amp#27;[0m                               &amp#27;[90m# stepDefinition.GeneralStep.user_is_navigated_to_page(java.lang.String)&amp#27;[0m
  &amp#27;[32mWhen &amp#27;[0m&amp#27;[32muser clicks on menu &amp#27;[0m&amp#27;[32m&amp#27;[1m"Reagent"&amp#27;[0m                                       &amp#27;[90m# stepDefinition.GeneralStep.user_clicks_on_menu(java.lang.String)&amp#27;[0m
  &amp#27;[32mAnd &amp#27;[0m&amp#27;[32muser clicks on sub-menu &amp#27;[0m&amp#27;[32m&amp#27;[1m"Library"&amp#27;[0m                                    &amp#27;[90m# stepDefinition.GeneralStep.user_clicks_on_sub_menu(java.lang.String)&amp#27;[0m
  &amp#27;[32mThen &amp#27;[0m&amp#27;[32muser is navigated to &amp#27;[0m&amp#27;[32m&amp#27;[1m"Reagent Library"&amp#27;[0m&amp#27;[32m page&amp#27;[0m                         &amp#27;[90m# stepDefinition.GeneralStep.user_is_navigated_to_page(java.lang.String)&amp#27;[0m
  &amp#27;[32mAnd &amp#27;[0m&amp#27;[32m&amp#27;[0m&amp#27;[32m&amp#27;[1m"Reagent 4"&amp#27;[0m&amp#27;[32m items is &amp#27;[0m&amp#27;[32m&amp#27;[1m"not"&amp#27;[0m&amp#27;[32m exist&amp#27;[0m                                     &amp#27;[90m# stepDefinition.GeneralStep.items_is_exist(java.lang.String,java.lang.String)&amp#27;[0m
  &amp#27;[32mAnd &amp#27;[0m&amp#27;[32m&amp#27;[0m&amp#27;[32m&amp#27;[1m"Reagent 5"&amp#27;[0m&amp#27;[32m items is &amp#27;[0m&amp#27;[32m&amp#27;[1m"not"&amp#27;[0m&amp#27;[32m exist&amp#27;[0m                                     &amp#27;[90m# stepDefinition.GeneralStep.items_is_exist(java.lang.String,java.lang.String)&amp#27;[0m

@reagentlibrary @CC-1128_Edit_one_reagent_item
Scenario: Select and Edit an reagent item                                 &amp#27;[90m# src/test/resources/features/Reagent Library/Edit Reagent Library/CC-1128 Edit One Reagent Item.feature:17&amp#27;[0m
  &amp#27;[32mGiven &amp#27;[0m&amp#27;[32muser has already logged in to application with this credentials&amp#27;[0m   &amp#27;[90m# stepDefinition.LoginPageStep.user_has_already_logged_in_to_application_with_this_credentials(io.cucumber.datatable.DataTable)&amp#27;[0m
    | username | password |
    | admin    | admin    |
  &amp#27;[32mAnd &amp#27;[0m&amp#27;[32muser is navigated to &amp#27;[0m&amp#27;[32m&amp#27;[1m"Dashboard"&amp#27;[0m&amp#27;[32m page&amp#27;[0m                               &amp#27;[90m# stepDefinition.GeneralStep.user_is_navigated_to_page(java.lang.String)&amp#27;[0m
  &amp#27;[32mWhen &amp#27;[0m&amp#27;[32muser clicks on menu &amp#27;[0m&amp#27;[32m&amp#27;[1m"Reagent"&amp#27;[0m                                      &amp#27;[90m# stepDefinition.GeneralStep.user_clicks_on_menu(java.lang.String)&amp#27;[0m
  &amp#27;[32mAnd &amp#27;[0m&amp#27;[32muser clicks on sub-menu &amp#27;[0m&amp#27;[32m&amp#27;[1m"Library"&amp#27;[0m                                   &amp#27;[90m# stepDefinition.GeneralStep.user_clicks_on_sub_menu(java.lang.String)&amp#27;[0m
  &amp#27;[32mThen &amp#27;[0m&amp#27;[32muser is navigated to &amp#27;[0m&amp#27;[32m&amp#27;[1m"Reagent Library"&amp#27;[0m&amp#27;[32m page&amp#27;[0m                        &amp#27;[90m# stepDefinition.GeneralStep.user_is_navigated_to_page(java.lang.String)&amp#27;[0m
  &amp#27;[32mAnd &amp#27;[0m&amp#27;[32m&amp#27;[0m&amp#27;[32m&amp#27;[1m"Reagent 1"&amp#27;[0m&amp#27;[32m items is &amp#27;[0m&amp#27;[32m&amp#27;[1m"already"&amp#27;[0m&amp#27;[32m exist&amp#27;[0m                                &amp#27;[90m# stepDefinition.GeneralStep.items_is_exist(java.lang.String,java.lang.String)&amp#27;[0m
  &amp#27;[32mWhen &amp#27;[0m&amp#27;[32muser select an item &amp#27;[0m&amp#27;[32m&amp#27;[1m"Reagent 1"&amp#27;[0m&amp#27;[32m by check the checkbox&amp#27;[0m              &amp#27;[90m# stepDefinition.GeneralStep.user_select_an_item_by_check_the_checkbox(java.lang.String)&amp#27;[0m
  &amp#27;[32mThen &amp#27;[0m&amp#27;[32mitem &amp#27;[0m&amp#27;[32m&amp#27;[1m"Reagent 1"&amp#27;[0m&amp#27;[32m is checked&amp#27;[0m                                        &amp#27;[90m# stepDefinition.GeneralStep.item_is_checked(java.lang.String)&amp#27;[0m
  &amp#27;[32mAnd &amp#27;[0m&amp#27;[32micon &amp#27;[0m&amp#27;[32m&amp#27;[1m"edit"&amp#27;[0m&amp#27;[32m is enabled in page&amp#27;[0m                                      &amp#27;[90m# stepDefinition.GeneralStep.icon_is_enabled_in_page(java.lang.String)&amp#27;[0m
  &amp#27;[32mWhen &amp#27;[0m&amp#27;[32muser clicks on &amp#27;[0m&amp#27;[32m&amp#27;[1m"edit"&amp#27;[0m&amp#27;[32m icon&amp#27;[0m                ]]></system-out>
    <system-err><![CDATA[[main] INFO io.github.bonigarcia.wdm.WebDriverManager - Using chromedriver 104.0.5112.79 (resolved driver for Chrome 104)
[main] INFO io.github.bonigarcia.wdm.WebDriverManager - Exporting webdriver.chrome.driver as C:\Users\smith\.cache\selenium\chromedriver\win32\104.0.5112.79\chromedriver.exe
Starting ChromeDriver 104.0.5112.79 (3cf3e8c8a07d104b9e1260c910efb8f383285dc5-refs/branch-heads/5112@{#1307}) on port 62090
Only local connections are allowed.
Please see https://chromedriver.chromium.org/security-considerations for suggestions on keeping ChromeDriver safe.
ChromeDriver was started successfully.
Aug 26, 2022 10:35:08 AM org.openqa.selenium.remote.ProtocolHandshake createSession
INFO: Detected upstream dialect: W3C
Aug 26, 2022 10:35:08 AM org.openqa.selenium.devtools.CdpVersionFinder findNearestMatch
INFO: Found exact CDP implementation for version 104
[AsyncHttpClient-1-4] WARN org.asynchttpclient.netty.handler.WebSocketHandler - onError
java.net.SocketException: Connection reset
	at java.base/sun.nio.ch.SocketChannelImpl.throwConnectionReset(SocketChannelImpl.java:394)
	at java.base/sun.nio.ch.SocketChannelImpl.read(SocketChannelImpl.java:426)
	at io.netty.buffer.PooledByteBuf.setBytes(PooledByteBuf.java:258)
	at io.netty.buffer.AbstractByteBuf.writeBytes(AbstractByteBuf.java:1132)
	at io.netty.channel.socket.nio.NioSocketChannel.doReadBytes(NioSocketChannel.java:357)
	at io.netty.channel.nio.AbstractNioByteChannel$NioByteUnsafe.read(AbstractNioByteChannel.java:151)
	at io.netty.channel.nio.NioEventLoop.processSelectedKey(NioEventLoop.java:722)
	at io.netty.channel.nio.NioEventLoop.processSelectedKeysOptimized(NioEventLoop.java:658)
	at io.netty.channel.nio.NioEventLoop.processSelectedKeys(NioEventLoop.java:584)
	at io.netty.channel.nio.NioEventLoop.run(NioEventLoop.java:496)
	at io.netty.util.concurrent.SingleThreadEventExecutor$4.run(SingleThreadEventExecutor.java:997)
	at io.netty.util.internal.ThreadExecutorMap$2.run(ThreadExecutorMap.java:74)
	at io.netty.util.concurrent.FastThreadLocalRunnable.run(FastThreadLocalRunnable.java:30)
	at java.base/java.lang.Thread.run(Thread.java:833)
Aug 26, 2022 10:35:15 AM org.openqa.selenium.remote.http.WebSocket$Listener onError
WARNING: Connection reset
java.net.SocketException: Connection reset
	at java.base/sun.nio.ch.SocketChannelImpl.throwConnectionReset(SocketChannelImpl.java:394)
	at java.base/sun.nio.ch.SocketChannelImpl.read(SocketChannelImpl.java:426)
	at io.netty.buffer.PooledByteBuf.setBytes(PooledByteBuf.java:258)
	at io.netty.buffer.AbstractByteBuf.writeBytes(AbstractByteBuf.java:1132)
	at io.netty.channel.socket.nio.NioSocketChannel.doReadBytes(NioSocketChannel.java:357)
	at io.netty.channel.nio.AbstractNioByteChannel$NioByteUnsafe.read(AbstractNioByteChannel.java:151)
	at io.netty.channel.nio.NioEventLoop.processSelectedKey(NioEventLoop.java:722)
	at io.netty.channel.nio.NioEventLoop.processSelectedKeysOptimized(NioEventLoop.java:658)
	at io.netty.channel.nio.NioEventLoop.processSelectedKeys(NioEventLoop.java:584)
	at io.netty.channel.nio.NioEventLoop.run(NioEventLoop.java:496)
	at io.netty.util.concurrent.SingleThreadEventExecutor$4.run(SingleThreadEventExecutor.java:997)
	at io.netty.util.internal.ThreadExecutorMap$2.run(ThreadExecutorMap.java:74)
	at io.netty.util.concurrent.FastThreadLocalRunnable.run(FastThreadLocalRunnable.java:30)
	at java.base/java.lang.Thread.run(Thread.java:833)

]]></system-err>
  </testcase>
  <testcase name="Select and Edit some reagent item" classname="CC-1130:Edit multiple reagent item" time="4.938">
    <failure type="java.lang.AssertionError"><![CDATA[java.lang.AssertionError
]]></failure>
    <system-out><![CDATA[browser value is: chromeheadless

Reagent 2 Culture
Reagent 1.0
Reagent 6

Reagent 2 Culture
Reagent 1.0
Reagent 6
Trypan-Blue
Amphotericin B
DMEM Low Glucose
RPMI 1640
Penicillin-Streptomycin
FBS Heat Inactivated
Trypsin
DMEM High Glucose
                         &amp#27;[90m# stepDefinition.GeneralStep.user_clicks_on_icon(java.lang.String)&amp#27;[0m
  &amp#27;[32mThen &amp#27;[0m&amp#27;[32muser is navigated to &amp#27;[0m&amp#27;[32m&amp#27;[1m"Edit Reagent"&amp#27;[0m&amp#27;[32m page&amp#27;[0m                           &amp#27;[90m# stepDefinition.GeneralStep.user_is_navigated_to_page(java.lang.String)&amp#27;[0m
  &amp#27;[32mWhen &amp#27;[0m&amp#27;[32muser &amp#27;[0m&amp#27;[32m&amp#27;[1m"change"&amp#27;[0m&amp#27;[32m &amp#27;[0m&amp#27;[32m&amp#27;[1m"Reagent 1.0"&amp#27;[0m&amp#27;[32m in &amp#27;[0m&amp#27;[32m&amp#27;[1m"name"&amp#27;[0m&amp#27;[32m textbox&amp#27;[0m                      &amp#27;[90m# stepDefinition.GeneralStep.user_in_textbox(java.lang.String,java.lang.String,java.lang.String)&amp#27;[0m
  &amp#27;[32mAnd &amp#27;[0m&amp#27;[32muser &amp#27;[0m&amp#27;[32m&amp#27;[1m"change"&amp#27;[0m&amp#27;[32m &amp#27;[0m&amp#27;[32m&amp#27;[1m"Reagent 1.0 with Antibiotic"&amp#27;[0m&amp#27;[32m in &amp#27;[0m&amp#27;[32m&amp#27;[1m"notes"&amp#27;[0m&amp#27;[32m textbox&amp#27;[0m      &amp#27;[90m# stepDefinition.GeneralStep.user_in_textbox(java.lang.String,java.lang.String,java.lang.String)&amp#27;[0m
  &amp#27;[32mAnd &amp#27;[0m&amp#27;[32muser clicks on &amp#27;[0m&amp#27;[32m&amp#27;[1m"Save"&amp#27;[0m&amp#27;[32m button&amp#27;[0m                                        &amp#27;[90m# stepDefinition.GeneralStep.user_clicks_on_button(java.lang.String)&amp#27;[0m
  &amp#27;[32mThen &amp#27;[0m&amp#27;[32mmodal &amp#27;[0m&amp#27;[32m&amp#27;[1m"Save Confirm"&amp#27;[0m&amp#27;[32m confirmation is displayed&amp#27;[0m                     &amp#27;[90m# stepDefinition.GeneralStep.modal_confirmation_is_displayed(java.lang.String)&amp#27;[0m
  &amp#27;[32mWhen &amp#27;[0m&amp#27;[32muser clicks on &amp#27;[0m&amp#27;[32m&amp#27;[1m"OK"&amp#27;[0m&amp#27;[32m button&amp#27;[0m                                         &amp#27;[90m# stepDefinition.GeneralStep.user_clicks_on_button(java.lang.String)&amp#27;[0m
  &amp#27;[32mThen &amp#27;[0m&amp#27;[32mnotification &amp#27;[0m&amp#27;[32m&amp#27;[1m"Success"&amp#27;[0m&amp#27;[32m and &amp#27;[0m&amp#27;[32m&amp#27;[1m"Reagent has been updated"&amp#27;[0m&amp#27;[32m is displayed&amp#27;[0m &amp#27;[90m# stepDefinition.GeneralStep.notification_and_is_displayed(java.lang.String,java.lang.String)&amp#27;[0m
  &amp#27;[32mAnd &amp#27;[0m&amp#27;[32mitem &amp#27;[0m&amp#27;[32m&amp#27;[1m"Reagent 1"&amp#27;[0m&amp#27;[32m change to be &amp#27;[0m&amp#27;[32m&amp#27;[1m"Reagent 1.0"&amp#27;[0m                         &amp#27;[90m# stepDefinition.GeneralStep.item_change_to_be(java.lang.String,java.lang.String)&amp#27;[0m
  &amp#27;[32mAnd &amp#27;[0m&amp#27;[32muser is navigated to &amp#27;[0m&amp#27;[32m&amp#27;[1m"Reagent Library"&amp#27;[0m&amp#27;[32m page&amp#27;[0m                         &amp#27;[90m# stepDefinition.GeneralStep.user_is_navigated_to_page(java.lang.String)&amp#27;[0m

@reagentlibrary @CC-1130_Edit_multiple_reagent_item
Scenario: Select and Edit some reagent item                               &amp#27;[90m# src/test/resources/features/Reagent Library/Edit Reagent Library/CC-1130 Edit Multiple Reagent Name.feature:18&amp#27;[0m
  &amp#27;[32mGiven &amp#27;[0m&amp#27;[32muser has already logged in to application with this credentials&amp#27;[0m   &amp#27;[90m# stepDefinition.LoginPageStep.user_has_already_logged_in_to_application_with_this_credentials(io.cucumber.datatable.DataTable)&amp#27;[0m
    | username | password |
    | admin    | admin    |
  &amp#27;[32mAnd &amp#27;[0m&amp#27;[32muser is navigated to &amp#27;[0m&amp#27;[32m&amp#27;[1m"Dashboard"&amp#27;[0m&amp#27;[32m page&amp#27;[0m                               &amp#27;[90m# stepDefinition.GeneralStep.user_is_navigated_to_page(java.lang.String)&amp#27;[0m
  &amp#27;[32mWhen &amp#27;[0m&amp#27;[32muser clicks on menu &amp#27;[0m&amp#27;[32m&amp#27;[1m"Reagent"&amp#27;[0m                                      &amp#27;[90m# stepDefinition.GeneralStep.user_clicks_on_menu(java.lang.String)&amp#27;[0m
  &amp#27;[32mAnd &amp#27;[0m&amp#27;[32muser clicks on sub-menu &amp#27;[0m&amp#27;[32m&amp#27;[1m"Library"&amp#27;[0m                                   &amp#27;[90m# stepDefinition.GeneralStep.user_clicks_on_sub_menu(java.lang.String)&amp#27;[0m
  &amp#27;[32mThen &amp#27;[0m&amp#27;[32muser is navigated to &amp#27;[0m&amp#27;[32m&amp#27;[1m"Reagent Library"&amp#27;[0m&amp#27;[32m page&amp#27;[0m                        &amp#27;[90m# stepDefinition.GeneralStep.user_is_navigated_to_page(java.lang.String)&amp#27;[0m
  &amp#27;[32mAnd &amp#27;[0m&amp#27;[32m&amp#27;[0m&amp#27;[32m&amp#27;[1m"Reagent 6"&amp#27;[0m&amp#27;[32m items is &amp#27;[0m&amp#27;[32m&amp#27;[1m"already"&amp#27;[0m&amp#27;[32m exist&amp#27;[0m                                &amp#27;[90m# stepDefinition.GeneralStep.items_is_exist(java.lang.String,java.lang.String)&amp#27;[0m
  &amp#27;[31mAnd &amp#27;[0m&amp#27;[31m&amp#27;[0m&amp#27;[31m&amp#27;[1m"Reagent 7"&amp#27;[0m&amp#27;[31m items is &amp#27;[0m&amp#27;[31m&amp#27;[1m"already"&amp#27;[0m&amp#27;[31m exist&amp#27;[0m                                &amp#27;[90m# stepDefinition.GeneralStep.items_is_exist(java.lang.String,java.lang.String)&amp#27;[0m
      &amp#27;[31mjava.lang.AssertionError
	at org.junit.Assert.fail(Assert.java:87)
	at org.junit.Assert.assertTrue(Assert.java:42)
	at org.junit.Assert.assertTrue(Assert.java:53)
	at stepDefinition.GeneralStep.items_is_exist(GeneralStep.java:169)
	at âœ½."Reagent 7" items is "already" exist(file:///C:/Users/smith/OneDrive/Documents/INTERN/Cell/cellsuite/cellsuite/src/test/resources/features/Reagent%20Library/Edit%20Reagent%20Library/CC-1130%20Edit%20Multiple%20Reagent%20Name.feature:16)
&amp#27;[0m
  &amp#27;[36mWhen &amp#27;[0m&amp#27;[36muser select an item &amp#27;[0m&amp#27;[36m&amp#27;[1m"Reagent 6"&amp#27;[0m&amp#27;[36m by check the checkbox&amp#27;[0m              &amp#27;[90m# stepDefinition.GeneralStep.user_select_an_item_by_check_the_checkbox(java.lang.String)&amp#27;[0m
  &amp#27;[36mThen &amp#27;[0m&amp#27;[36mitem &amp#27;[0m&amp#27;[36m&amp#27;[1m"Reagent 6"&amp#27;[0m&amp#27;[36m is checked&amp#27;[0m                                        &amp#27;[90m# stepDefinition.GeneralStep.item_is_checked(java.lang.String)&amp#27;[0m
  &amp#27;[36mAnd &amp#27;[0m&amp#27;[36micon &amp#27;[0m&amp#27;[36m&amp#27;[1m"edit"&amp#27;[0m&amp#27;[36m is enabled in page&amp#27;[0m                                      &amp#27;[90m# stepDefinition.GeneralStep.icon_is_enabled_in_page(java.lang.String)&amp#27;[0m
  &amp#27;[36mWhen &amp#27;[0m&amp#27;[36muser select an item &amp#27;[0m&amp#27;[36m&amp#27;[1m"Reagent 7"&amp#27;[0m&amp#27;[36m by check the checkbox&amp#27;[0m              &amp#27;[90m# stepDefinition.GeneralStep.user_select_an_item_by_check_the_checkbox(java.lang.String)&amp#27;[0m
  &amp#27;[36mThen &amp#27;[0m&amp#27;[36mitem &amp#27;[0m&amp#27;[36m&amp#27;[1m"Reagent 7"&amp#27;[0m&amp#27;[36m is checked&amp#27;[0m                                        &amp#27;[90m# stepDefinition.GeneralStep.item_is_checked(java.lang.String)&amp#27;[0m
  &amp#27;[36mWhen &amp#27;[0m&amp#27;[36muser clicks on &amp#27;[0m&amp#27;[36m&amp#27;[1m"edit"&amp#27;[0m&amp#27;[36m icon&amp#27;[0m                                         &amp#27;[90m# stepDefinition.GeneralStep.user_clicks_on_icon(java.lang.String)&amp#27;[0m
  &amp#27;[36mThen &amp#27;[0m&amp#27;[36muser is navigated to &amp#27;[0m&amp#27;[36m&amp#27;[1m"Edit Reagent"&amp#27;[0m&amp#27;[36m page&amp#27;[0m                           &amp#27;[90m# stepDefinition.GeneralStep.user_is_navigated_to_page(java.lang.String)&amp#27;[0m
  &amp#27;[36mWhen &amp#27;[0m&amp#27;[36muser &amp#27;[0m&amp#27;[36m&amp#27;[1m"change"&amp#27;[0m&amp#27;[36m &amp#27;[0m&amp#27;[36m&amp#27;[1m"Reagent 6.0"&amp#27;[0m&amp#27;[36m in &amp#27;[0m&amp#27;[36m&amp#27;[1m"name"&amp#27;[0m&amp#27;[36m textbox&amp#27;[0m                      &amp#27;[90m# stepDefinition.GeneralStep.user_in_textbox(java.lang.String,java.lang.String,java.lang.String)&amp#27;[0m
  &amp#27;[36mAnd &amp#27;[0m&amp#27;[36muser &amp#27;[0m&amp#27;[36m&amp#27;[1m"change"&amp#27;[0m&amp#27;[36m &amp#27;[0m&amp#27;[36m&amp#27;[1m"Reagent 6.0 with Antibiotic"&amp#27;[0m&amp#27;[36m in &amp#27;[0m&amp#27;[36m&amp#27;[1m"notes"&amp#27;[0m&amp#27;[36m textbox&amp#27;[0m      &amp#27;[90m# stepDefinition.GeneralStep.user_in_textbox(java.lang.String,java.lang.String,java.lang.String)&amp#27;[0m
  &amp#27;[36mAnd &amp#27;[0m&amp#27;[36muser clicks on &amp#27;[0m&amp#27;[36m&amp#27;[1m"Save"&amp#27;[0m&amp#27;[36m button&amp#27;[0m                                        &amp#27;[90m# stepDefinition.GeneralStep.user_clicks_on_button(java.lang.String)&amp#27;[0m
  &amp#27;[36mThen &amp#27;[0m&amp#27;[36mmodal &amp#27;[0m&amp#27;[36m&amp#27;[1m"Save Confirm"&amp#27;[0m&amp#27;[36m confirmation is displayed&amp#27;[0m                     &amp#27;[90m# stepDefinition.GeneralStep.modal_confirmation_is_displayed(java.lang.String)&amp#27;[0m
  &amp#27;[36mWhen &amp#27;[0m&amp#27;[36muser clicks on &amp#27;[0m&amp#27;[36m&amp#27;[1m"OK"&amp#27;[0m&amp#27;[36m button&amp#27;[0m                                         &amp#27;[90m# stepDefinition.GeneralStep.user_clicks_on_button(java.lang.String)&amp#27;[0m
  &amp#27;[36mThen &amp#27;[0m&amp#27;[36mnotification &amp#27;[0m&amp#27;[36m&amp#27;[1m"Success"&amp#27;[0m&amp#27;[36m and &amp#27;[0m&amp#27;[36m&amp#27;[1m"Reagent has been updated"&amp#27;[0m&amp#27;[36m is displayed&amp#27;[0m &amp#27;[90m# stepDefinition.GeneralStep.notification_and_is_displayed(java.lang.String,java.lang.String)&amp#27;[0m
  &amp#27;[36mWhen &amp#27;[0m&amp#27;[36muser clicks on &amp#27;[0m&amp#27;[36m&amp#27;[1m"next"&amp#27;[0m&amp#27;[36m icon&amp#27;[0m                                         &amp#27;[90m# stepDefinition.GeneralStep.user_clicks_on_icon(java.lang.String)&amp#27;[0m
  &amp#27;[36mWhen &amp#27;[0m&amp#27;[36muser &amp#27;[0m&amp#27;[36m&amp#27;[1m"change"&amp#27;[0m&amp#27;[36m &amp#27;[0m&amp#27;[36m&amp#27;[1m"Reagent 7.0"&amp#27;[0m&amp#27;[36m in &amp#27;[0m&amp#27;[36m&amp#27;[1m"name"&amp#27;[0m&amp#27;[36m textbox&amp#27;[0m                      &amp#27;[90m# stepDefinition.GeneralStep.user_in_textbox(java.lang.String,java.lang.String,java.lang.String)&amp#27;[0m
  &amp#27;[36mAnd &amp#27;[0m&amp#27;[36muser &amp#27;[0m&amp#27;[36m&amp#27;[1m"change"&amp#27;[0m&amp#27;[36m &amp#27;[0m&amp#27;[36m&amp#27;[1m"Reagent 7.0 with Antibiotic"&amp#27;[0m&amp#27;[36m in &amp#27;[0m&amp#27;[36m&amp#27;[1m"notes"&amp#27;[0m&amp#27;[36m textbox&amp#27;[0m      &amp#27;[90m# stepDefinition.GeneralStep.user_in_textbox(java.lang.String,java.lang.String,java.lang.String)&amp#27;[0m
  &amp#27;[36mAnd &amp#27;[0m&amp#27;[36muser clicks on &amp#27;[0m&amp#27;[36m&amp#27;[1m"Save"&amp#27;[0m&amp#27;[36m button&amp#27;[0m                                        &amp#27;[90m# stepDefinition.GeneralStep.user_clicks_on_button(java.lang.String)&amp#27;[0m
  &amp#27;[36mThen &amp#27;[0m&amp#27;[36mmodal &amp#27;[0m&amp#27;[36m&amp#27;[1m"Save Confirm"&amp#27;[0m&amp#27;[36m confirmation is displayed&amp#27;[0m                     &amp#27;[90m# stepDefinition.GeneralStep.modal_confirmation_is_displayed(java.lang.String)&amp#27;[0m
  &amp#27;[36mWhen &amp#27;[0m&amp#27;[36muser clicks on &amp#27;[0m&amp#27;[36m&amp#27;[1m]]></system-out>
    <system-err><![CDATA[[main] INFO io.github.bonigarcia.wdm.WebDriverManager - Using chromedriver 104.0.5112.79 (resolved driver for Chrome 104)
[main] INFO io.github.bonigarcia.wdm.WebDriverManager - Exporting webdriver.chrome.driver as C:\Users\smith\.cache\selenium\chromedriver\win32\104.0.5112.79\chromedriver.exe
Starting ChromeDriver 104.0.5112.79 (3cf3e8c8a07d104b9e1260c910efb8f383285dc5-refs/branch-heads/5112@{#1307}) on port 62714
Only local connections are allowed.
Please see https://chromedriver.chromium.org/security-considerations for suggestions on keeping ChromeDriver safe.
ChromeDriver was started successfully.
Aug 26, 2022 10:35:16 AM org.openqa.selenium.remote.ProtocolHandshake createSession
INFO: Detected upstream dialect: W3C
Aug 26, 2022 10:35:16 AM org.openqa.selenium.devtools.CdpVersionFinder findNearestMatch
INFO: Found exact CDP implementation for version 104
[AsyncHttpClient-1-7] WARN org.asynchttpclient.netty.handler.WebSocketHandler - onError
java.net.SocketException: Connection reset
	at java.base/sun.nio.ch.SocketChannelImpl.throwConnectionReset(SocketChannelImpl.java:394)
	at java.base/sun.nio.ch.SocketChannelImpl.read(SocketChannelImpl.java:426)
	at io.netty.buffer.PooledByteBuf.setBytes(PooledByteBuf.java:258)
	at io.netty.buffer.AbstractByteBuf.writeBytes(AbstractByteBuf.java:1132)
	at io.netty.channel.socket.nio.NioSocketChannel.doReadBytes(NioSocketChannel.java:357)
	at io.netty.channel.nio.AbstractNioByteChannel$NioByteUnsafe.read(AbstractNioByteChannel.java:151)
	at io.netty.channel.nio.NioEventLoop.processSelectedKey(NioEventLoop.java:722)
	at io.netty.channel.nio.NioEventLoop.processSelectedKeysOptimized(NioEventLoop.java:658)
	at io.netty.channel.nio.NioEventLoop.processSelectedKeys(NioEventLoop.java:584)
	at io.netty.channel.nio.NioEventLoop.run(NioEventLoop.java:496)
	at io.netty.util.concurrent.SingleThreadEventExecutor$4.run(SingleThreadEventExecutor.java:997)
	at io.netty.util.internal.ThreadExecutorMap$2.run(ThreadExecutorMap.java:74)
	at io.netty.util.concurrent.FastThreadLocalRunnable.run(FastThreadLocalRunnable.java:30)
	at java.base/java.lang.Thread.run(Thread.java:833)
Aug 26, 2022 10:35:20 AM org.openqa.selenium.remote.http.WebSocket$Listener onError
WARNING: Connection reset
java.net.SocketException: Connection reset
	at java.base/sun.nio.ch.SocketChannelImpl.throwConnectionReset(SocketChannelImpl.java:394)
	at java.base/sun.nio.ch.SocketChannelImpl.read(SocketChannelImpl.java:426)
	at io.netty.buffer.PooledByteBuf.setBytes(PooledByteBuf.java:258)
	at io.netty.buffer.AbstractByteBuf.writeBytes(AbstractByteBuf.java:1132)
	at io.netty.channel.socket.nio.NioSocketChannel.doReadBytes(NioSocketChannel.java:357)
	at io.netty.channel.nio.AbstractNioByteChannel$NioByteUnsafe.read(AbstractNioByteChannel.java:151)
	at io.netty.channel.nio.NioEventLoop.processSelectedKey(NioEventLoop.java:722)
	at io.netty.channel.nio.NioEventLoop.processSelectedKeysOptimized(NioEventLoop.java:658)
	at io.netty.channel.nio.NioEventLoop.processSelectedKeys(NioEventLoop.java:584)
	at io.netty.channel.nio.NioEventLoop.run(NioEventLoop.java:496)
	at io.netty.util.concurrent.SingleThreadEventExecutor$4.run(SingleThreadEventExecutor.java:997)
	at io.netty.util.internal.ThreadExecutorMap$2.run(ThreadExecutorMap.java:74)
	at io.netty.util.concurrent.FastThreadLocalRunnable.run(FastThreadLocalRunnable.java:30)
	at java.base/java.lang.Thread.run(Thread.java:833)

]]></system-err>
  </testcase>
  <testcase name="Select and Delete an reagent item" classname="CC-9999: clean" time="14.265">
    <system-out><![CDATA[browser value is: chromeheadless

Reagent 2 Culture
"OK"&amp#27;[0m&amp#27;[36m button&amp#27;[0m                                         &amp#27;[90m# stepDefinition.GeneralStep.user_clicks_on_button(java.lang.String)&amp#27;[0m
  &amp#27;[36mThen &amp#27;[0m&amp#27;[36mnotification &amp#27;[0m&amp#27;[36m&amp#27;[1m"Success"&amp#27;[0m&amp#27;[36m and &amp#27;[0m&amp#27;[36m&amp#27;[1m"Reagent has been updated"&amp#27;[0m&amp#27;[36m is displayed&amp#27;[0m &amp#27;[90m# stepDefinition.GeneralStep.notification_and_is_displayed(java.lang.String,java.lang.String)&amp#27;[0m
  &amp#27;[36mWhen &amp#27;[0m&amp#27;[36muser clicks on &amp#27;[0m&amp#27;[36m&amp#27;[1m"close"&amp#27;[0m&amp#27;[36m icon&amp#27;[0m                                        &amp#27;[90m# stepDefinition.GeneralStep.user_clicks_on_icon(java.lang.String)&amp#27;[0m
  &amp#27;[36mAnd &amp#27;[0m&amp#27;[36muser is navigated to &amp#27;[0m&amp#27;[36m&amp#27;[1m"Reagent Library"&amp#27;[0m&amp#27;[36m page&amp#27;[0m                         &amp#27;[90m# stepDefinition.GeneralStep.user_is_navigated_to_page(java.lang.String)&amp#27;[0m
  &amp#27;[36mAnd &amp#27;[0m&amp#27;[36mitem &amp#27;[0m&amp#27;[36m&amp#27;[1m"Reagent 6"&amp#27;[0m&amp#27;[36m change to be &amp#27;[0m&amp#27;[36m&amp#27;[1m"Reagent 6.0"&amp#27;[0m                         &amp#27;[90m# stepDefinition.GeneralStep.item_change_to_be(java.lang.String,java.lang.String)&amp#27;[0m
  &amp#27;[36mAnd &amp#27;[0m&amp#27;[36mitem &amp#27;[0m&amp#27;[36m&amp#27;[1m"Reagent 7"&amp#27;[0m&amp#27;[36m change to be &amp#27;[0m&amp#27;[36m&amp#27;[1m"Reagent 7.0"&amp#27;[0m                         &amp#27;[90m# stepDefinition.GeneralStep.item_change_to_be(java.lang.String,java.lang.String)&amp#27;[0m

@reagentlibrary @Z
Scenario: Select and Delete an reagent item                                        &amp#27;[90m# src/test/resources/features/Reagent Library/Edit Reagent Library/Z.feature:14&amp#27;[0m
  &amp#27;[32mGiven &amp#27;[0m&amp#27;[32muser has already logged in to application with this credentials&amp#27;[0m            &amp#27;[90m# stepDefinition.LoginPageStep.user_has_already_logged_in_to_application_with_this_credentials(io.cucumber.datatable.DataTable)&amp#27;[0m
    | username | password |
    | admin    | admin    |
  &amp#27;[32mAnd &amp#27;[0m&amp#27;[32muser is navigated to &amp#27;[0m&amp#27;[32m&amp#27;[1m"Dashboard"&amp#27;[0m&amp#27;[32m page&amp#27;[0m                                        &amp#27;[90m# stepDefinition.GeneralStep.user_is_navigated_to_page(java.lang.String)&amp#27;[0m
  &amp#27;[32mWhen &amp#27;[0m&amp#27;[32muser clicks on menu &amp#27;[0m&amp#27;[32m&amp#27;[1m"Reagent"&amp#27;[0m                                               &amp#27;[90m# stepDefinition.GeneralStep.user_clicks_on_menu(java.lang.String)&amp#27;[0m
  &amp#27;[32mAnd &amp#27;[0m&amp#27;[32muser clicks on sub-menu &amp#27;[0m&amp#27;[32m&amp#27;[1m"Library"&amp#27;[0m                                            &amp#27;[90m# stepDefinition.GeneralStep.user_clicks_on_sub_menu(java.lang.String)&amp#27;[0m
  &amp#27;[32mThen &amp#27;[0m&amp#27;[32muser is navigated to &amp#27;[0m&amp#27;[32m&amp#27;[1m"Reagent Library"&amp#27;[0m&amp#27;[32m page&amp#27;[0m                                 &amp#27;[90m# stepDefinition.GeneralStep.user_is_navigated_to_page(java.lang.String)&amp#27;[0m
  &amp#27;[32mWhen &amp#27;[0m&amp#27;[32muser select an item &amp#27;[0m&amp#27;[32m&amp#27;[1m"Reagent 1.0"&amp#27;[0m&amp#27;[32m by check the checkbox&amp#27;[0m                     &amp#27;[90m# stepDefinition.GeneralStep.user_select_an_item_by_check_the_checkbox(java.lang.String)&amp#27;[0m
  &amp#27;[32mThen &amp#27;[0m&amp#27;[32mitem &amp#27;[0m&amp#27;[32m&amp#27;[1m"Reagent 1.0"&amp#27;[0m&amp#27;[32m is checked&amp#27;[0m                                               &amp#27;[90m# stepDefinition.GeneralStep.item_is_checked(java.lang.String)&amp#27;[0m
  &amp#27;[32mAnd &amp#27;[0m&amp#27;[32micon &amp#27;[0m&amp#27;[32m&amp#27;[1m"delete"&amp#27;[0m&amp#27;[32m is enabled in page&amp#27;[0m                                             &amp#27;[90m# stepDefinition.GeneralStep.icon_is_enabled_in_page(java.lang.String)&amp#27;[0m
  &amp#27;[32mWhen &amp#27;[0m&amp#27;[32muser select an item &amp#27;[0m&amp#27;[32m&amp#27;[1m"Reagent 6.0"&amp#27;[0m&amp#27;[32m by check the checkbox&amp#27;[0m                     &amp#27;[90m# stepDefinition.GeneralStep.user_select_an_item_by_check_the_checkbox(java.lang.String)&amp#27;[0m
  &amp#27;[32mThen &amp#27;[0m&amp#27;[32mitem &amp#27;[0m&amp#27;[32m&amp#27;[1m"Reagent 6.0"&amp#27;[0m&amp#27;[32m is checked&amp#27;[0m                                               &amp#27;[90m# stepDefinition.GeneralStep.item_is_checked(java.lang.String)&amp#27;[0m
  &amp#27;[32mWhen &amp#27;[0m&amp#27;[32muser select an item &amp#27;[0m&amp#27;[32m&amp#27;[1m"Reagent 7.0"&amp#27;[0m&amp#27;[32m by check the checkbox&amp#27;[0m                     &amp#27;[90m# stepDefinition.GeneralStep.user_select_an_item_by_check_the_checkbox(java.lang.String)&amp#27;[0m
  &amp#27;[32mThen &amp#27;[0m&amp#27;[32mitem &amp#27;[0m&amp#27;[32m&amp#27;[1m"Reagent 7.0"&amp#27;[0m&amp#27;[32m is checked&amp#27;[0m                                               &amp#27;[90m# stepDefinition.GeneralStep.item_is_checked(java.lang.String)&amp#27;[0m
  &amp#27;[32mWhen &amp#27;[0m&amp#27;[32muser clicks on &amp#27;[0m&amp#27;[32m&amp#27;[1m"delete"&amp#27;[0m&amp#27;[32m icon&amp#27;[0m                                                &amp#27;[90m# stepDefinition.GeneralStep.user_clicks_on_icon(java.lang.String)&amp#27;[0m
  &amp#27;[32mThen &amp#27;[0m&amp#27;[32mmodal &amp#27;[0m&amp#27;[32m&amp#27;[1m"Delete reagents"&amp#27;[0m&amp#27;[32m confirmation is displayed&amp#27;[0m                           &amp#27;[90m# stepDefinition.GeneralStep.modal_confirmation_is_displayed(java.lang.String)&amp#27;[0m
  &amp#27;[32mWhen &amp#27;[0m&amp#27;[32muser clicks on &amp#27;[0m&amp#27;[32m&amp#27;[1m"OK"&amp#27;[0m&amp#27;[32m button&amp#27;[0m                                                  &amp#27;[90m# stepDefinition.GeneralStep.user_clicks_on_button(java.lang.String)&amp#27;[0m
  &amp#27;[32mThen &amp#27;[0m&amp#27;[32mnotification &amp#27;[0m&amp#27;[32m&amp#27;[1m"Success"&amp#27;[0m&amp#27;[32m and &amp#27;[0m&amp#27;[32m&amp#27;[1m"Reagents has been deleted"&amp#27;[0m&amp#27;[32m is displayed&amp#27;[0m         &amp#27;[90m# stepDefinition.GeneralStep.notification_and_is_displayed(java.lang.String,java.lang.String)&amp#27;[0m
  &amp#27;[32mWhen &amp#27;[0m&amp#27;[32muser refresh the browser page&amp#27;[0m                                               &amp#27;[90m# stepDefinition.GeneralStep.user_refresh_the_browser_page()&amp#27;[0m
  &amp#27;[32mThen &amp#27;[0m&amp#27;[32muser is navigated to &amp#27;[0m&amp#27;[32m&amp#27;[1m"Dashboard"&amp#27;[0m&amp#27;[32m page&amp#27;[0m                                       &amp#27;[90m# stepDefinition.GeneralStep.user_is_navigated_to_page(java.lang.String)&amp#27;[0m
  &amp#27;[32mWhen &amp#27;[0m&amp#27;[32muser clicks on menu &amp#27;[0m&amp#27;[32m&amp#27;[1m"Reagent"&amp#27;[0m                                               &amp#27;[90m# stepDefinition.GeneralStep.user_clicks_on_menu(java.lang.String)&amp#27;[0m
  &amp#27;[32mAnd &amp#27;[0m&amp#27;[32muser clicks on sub-menu &amp#27;[0m&amp#27;[32m&amp#27;[1m"Culture Reagent"&amp#27;[0m                                    &amp#27;[90m# stepDefinition.GeneralStep.user_clicks_on_sub_menu(java.lang.String)&amp#27;[0m
  &amp#27;[32mThen &amp#27;[0m&amp#27;[32muser is navigated to &amp#27;[0m&amp#27;[32m&amp#27;[1m"Culture Reagent"&amp#27;[0m&amp#27;[32m page&amp#27;[0m                                 &amp#27;[90m# stepDefinition.GeneralStep.user_is_navigated_to_page(java.lang.String)&amp#27;[0m
  &amp#27;[32mAnd &amp#27;[0m&amp#27;[32m&amp#27;[0m&amp#27;[32m&amp#27;[1m"Reagent 2 Culture"&amp#27;[0m&amp#27;[32m items is &amp#27;[0m&amp#27;[32m&amp#27;[1m"already"&amp#27;[0m&amp#27;[32m exist&amp#27;[0m                                 &amp#27;[90m# stepDefinition.GeneralStep.items_is_exist(java.lang.String,java.lang.String)&amp#27;[0m
  &amp#27;[32mWhen &amp#27;[0m&amp#27;[32muser select an item &amp#27;[0m&amp#27;[32m&amp#27;[1m"Reagent 2 Culture"&amp#27;[0m&amp#27;[32m by check the checkbox&amp#27;[0m               &amp#27;[90m# stepDefinition.GeneralStep.user_select_an_item_by_check_the_checkbox(java.lang.String)&amp#27;[0m
  &amp#27;[32mThen &amp#27;[0m&amp#27;[32mitem &amp#27;[0m&amp#27;[32m&amp#27;[1m"Reagent 2 Culture"&amp#27;[0m&amp#27;[32m is checked&amp#27;[0m                                         &amp#27;[90m# stepDefinition.GeneralStep.item_is_checked(java.lang.String)&amp#27;[0m
  &amp#27;[32mAnd &amp#27;[0m&amp#27;[32micon &amp#27;[0m&amp#27;[32m&amp#27;[1m"delete"&amp#27;[0m&amp#27;[32m is enabled in page&amp#27;[0m                                             &amp#27;[90m# stepDefinition.GeneralStep.icon_is_enabled_in_page(java.lang.String)&amp#27;[0m
  &amp#27;[32mWhen &amp#27;[0m&amp#27;[32muser clicks on &amp#27;[0m&amp#27;[32m&amp#27;[1m"delete"&amp#27;[0m&amp#27;[32m icon&amp#27;[0m                                                &amp#27;[90m# stepDefinition.GeneralStep.user_clicks_on_icon(java.lang.String)&amp#27;[0m
  &amp#27;[32mThen &amp#27;[0m&amp#27;[32mmodal &amp#27;[0m&amp#27;[32m&amp#27;[1m"Delete Culture Reagent"&amp#27;[0m&amp#27;[32m confirmation is displayed&amp#27;[0m                    &amp#27;[90m# stepDefinition.GeneralStep.modal_confirmation_is_displayed(java.lang.String)&amp#27;[0m
  &amp#27;[32mWhen &amp#27;[0m&amp#27;[32muser clicks on &amp#27;[0m&amp#27;[32m&amp#27;[1m"OK"&amp#27;[0m&amp#27;[32m button&amp#27;[0m                                                  &amp#27;[90m# stepDefinition.GeneralStep.user_clicks_on_button(java.lang.String)&amp#27;[0m
  &amp#27;[32mThen &amp#27;[0m&amp#27;[32mnotification &amp#27;[0m&amp#27;[32m&amp#27;[1m"Success"&amp#27;[0m&amp#27;[32m and &amp#27;[0m&amp#27;[32m&amp#27;[1m"Culture Reagents has been deleted"&amp#27;[0m&amp#27;[32m is displayed&amp#27;[0m &amp#27;[90m# stepDefinition.GeneralStep.notification_and_is_displayed(java.lang.String,java.lang.String)&amp#27;[0m
  &amp#27;[32mWhen &amp#27;[0m&amp#27;[32muser refresh the browser page&amp#27;[0m                                               &amp#27;[90m# stepDefinition.GeneralStep.user_refresh_the_browser_page()&amp#27;[0m
  &amp#27;[32mAnd &amp#27;[0m&amp#27;[32muser is navigated to &amp#27;[0m&amp#27;[32m&amp#27;[1m"Dashboard"&amp#27;[0m&amp#27;[32m page&amp#27;[0m                                        &amp#27;[90m# stepDefinition.GeneralStep.user_is_navigated_to_page(java.lang.String)&amp#27;[0m
  &amp#27;[32mWhen &amp#27;[0m&amp#27;[32muser clicks on menu &amp#27;[0m&amp#27;[32m&amp#27;[1m"Reagent"&amp#27;[0m                                               &amp#27;[90m# stepDefinition.GeneralStep.user_clicks_on_menu(java.lang.String)&amp#27;[0m
  &amp#27;[32mAnd &amp#27;[0m&amp#27;[32muser clicks on sub-menu &amp#27;[0m&amp#27;[32m&amp#27;[1m"Library"&amp#27;[0m                                            &amp#27;[90m# stepDefinition.GeneralStep.user_cli]]></system-out>
    <system-err><![CDATA[[main] INFO io.github.bonigarcia.wdm.WebDriverManager - Using chromedriver 104.0.5112.79 (resolved driver for Chrome 104)
[main] INFO io.github.bonigarcia.wdm.WebDriverManager - Exporting webdriver.chrome.driver as C:\Users\smith\.cache\selenium\chromedriver\win32\104.0.5112.79\chromedriver.exe
Starting ChromeDriver 104.0.5112.79 (3cf3e8c8a07d104b9e1260c910efb8f383285dc5-refs/branch-heads/5112@{#1307}) on port 57238
Only local connections are allowed.
Please see https://chromedriver.chromium.org/security-considerations for suggestions on keeping ChromeDriver safe.
ChromeDriver was started successfully.
Aug 26, 2022 10:35:21 AM org.openqa.selenium.remote.ProtocolHandshake createSession
INFO: Detected upstream dialect: W3C
Aug 26, 2022 10:35:21 AM org.openqa.selenium.devtools.CdpVersionFinder findNearestMatch
INFO: Found exact CDP implementation for version 104
[AsyncHttpClient-1-2] WARN org.asynchttpclient.netty.handler.WebSocketHandler - onError
java.net.SocketException: Connection reset
	at java.base/sun.nio.ch.SocketChannelImpl.throwConnectionReset(SocketChannelImpl.java:394)
	at java.base/sun.nio.ch.SocketChannelImpl.read(SocketChannelImpl.java:426)
	at io.netty.buffer.PooledByteBuf.setBytes(PooledByteBuf.java:258)
	at io.netty.buffer.AbstractByteBuf.writeBytes(AbstractByteBuf.java:1132)
	at io.netty.channel.socket.nio.NioSocketChannel.doReadBytes(NioSocketChannel.java:357)
	at io.netty.channel.nio.AbstractNioByteChannel$NioByteUnsafe.read(AbstractNioByteChannel.java:151)
	at io.netty.channel.nio.NioEventLoop.processSelectedKey(NioEventLoop.java:722)
	at io.netty.channel.nio.NioEventLoop.processSelectedKeysOptimized(NioEventLoop.java:658)
	at io.netty.channel.nio.NioEventLoop.processSelectedKeys(NioEventLoop.java:584)
	at io.netty.channel.nio.NioEventLoop.run(NioEventLoop.java:496)
	at io.netty.util.concurrent.SingleThreadEventExecutor$4.run(SingleThreadEventExecutor.java:997)
	at io.netty.util.internal.ThreadExecutorMap$2.run(ThreadExecutorMap.java:74)
	at io.netty.util.concurrent.FastThreadLocalRunnable.run(FastThreadLocalRunnable.java:30)
	at java.base/java.lang.Thread.run(Thread.java:833)
Aug 26, 2022 10:35:34 AM org.openqa.selenium.remote.http.WebSocket$Listener onError
WARNING: Connection reset
java.net.SocketException: Connection reset
	at java.base/sun.nio.ch.SocketChannelImpl.throwConnectionReset(SocketChannelImpl.java:394)
	at java.base/sun.nio.ch.SocketChannelImpl.read(SocketChannelImpl.java:426)
	at io.netty.buffer.PooledByteBuf.setBytes(PooledByteBuf.java:258)
	at io.netty.buffer.AbstractByteBuf.writeBytes(AbstractByteBuf.java:1132)
	at io.netty.channel.socket.nio.NioSocketChannel.doReadBytes(NioSocketChannel.java:357)
	at io.netty.channel.nio.AbstractNioByteChannel$NioByteUnsafe.read(AbstractNioByteChannel.java:151)
	at io.netty.channel.nio.NioEventLoop.processSelectedKey(NioEventLoop.java:722)
	at io.netty.channel.nio.NioEventLoop.processSelectedKeysOptimized(NioEventLoop.java:658)
	at io.netty.channel.nio.NioEventLoop.processSelectedKeys(NioEventLoop.java:584)
	at io.netty.channel.nio.NioEventLoop.run(NioEventLoop.java:496)
	at io.netty.util.concurrent.SingleThreadEventExecutor$4.run(SingleThreadEventExecutor.java:997)
	at io.netty.util.internal.ThreadExecutorMap$2.run(ThreadExecutorMap.java:74)
	at io.netty.util.concurrent.FastThreadLocalRunnable.run(FastThreadLocalRunnable.java:30)
	at java.base/java.lang.Thread.run(Thread.java:833)

]]></system-err>
  </testcase>
  <testcase name="login will success with valid credentials" classname="login feature" time="4.026">
    <system-out><![CDATA[browser value is: chromeheadless
]]></system-out>
    <system-err><![CDATA[[main] INFO io.github.bonigarcia.wdm.WebDriverManager - Using chromedriver 104.0.5112.79 (resolved driver for Chrome 104)
[main] INFO io.github.bonigarcia.wdm.WebDriverManager - Exporting webdriver.chrome.driver as C:\Users\smith\.cache\selenium\chromedriver\win32\104.0.5112.79\chromedriver.exe
Starting ChromeDriver 104.0.5112.79 (3cf3e8c8a07d104b9e1260c910efb8f383285dc5-refs/branch-heads/5112@{#1307}) on port 57388
Only local connections are allowed.
Please see https://chromedriver.chromium.org/security-considerations for suggestions on keeping ChromeDriver safe.
ChromeDriver was started successfully.
Aug 26, 2022 10:35:35 AM org.openqa.selenium.remote.ProtocolHandshake createSession
INFO: Detected upstream dialect: W3C
Aug 26, 2022 10:35:35 AM org.openqa.selenium.devtools.CdpVersionFinder findNearestMatch
INFO: Found exact CDP implementation for version 104
[AsyncHttpClient-1-5] WARN org.asynchttpclient.netty.handler.WebSocketHandler - onError
java.net.SocketException: Connection reset
	at java.base/sun.nio.ch.SocketChannelImpl.throwConnectionReset(SocketChannelImpl.java:394)
	at java.base/sun.nio.ch.SocketChannelImpl.read(SocketChannelImpl.java:426)
	at io.netty.buffer.PooledByteBuf.setBytes(PooledByteBuf.java:258)
	at io.netty.buffer.AbstractByteBuf.writeBytes(AbstractByteBuf.java:1132)
	at io.netty.channel.socket.nio.NioSocketChannel.doReadBytes(NioSocketChannel.java:357)
	at io.netty.channel.nio.AbstractNioByteChannel$NioByteUnsafe.read(AbstractNioByteChannel.java:151)
	at io.netty.channel.nio.NioEventLoop.processSelectedKey(NioEventLoop.java:722)
	at io.netty.channel.nio.NioEventLoop.processSelectedKeysOptimized(NioEventLoop.java:658)
	at io.netty.channel.nio.NioEventLoop.processSelectedKeys(NioEventLoop.java:584)
	at io.netty.channel.nio.NioEventLoop.run(NioEventLoop.java:496)
	at io.netty.util.concurrent.SingleThreadEventExecutor$4.run(SingleThreadEventExecutor.java:997)
	at io.netty.util.internal.ThreadExecutorMap$2.run(ThreadExecutorMap.java:74)
	at io.netty.util.concurrent.FastThreadLocalRunnable.run(FastThreadLocalRunnable.java:30)
	at java.base/java.lang.Thread.run(Thread.java:833)
Aug 26, 2022 10:35:38 AM org.openqa.selenium.remote.http.WebSocket$Listener onError
WARNING: Connection reset
java.net.SocketException: Connection reset
	at java.base/sun.nio.ch.SocketChannelImpl.throwConnectionReset(SocketChannelImpl.java:394)
	at java.base/sun.nio.ch.SocketChannelImpl.read(SocketChannelImpl.java:426)
	at io.netty.buffer.PooledByteBuf.setBytes(PooledByteBuf.java:258)
	at io.netty.buffer.AbstractByteBuf.writeBytes(AbstractByteBuf.java:1132)
	at io.netty.channel.socket.nio.NioSocketChannel.doReadBytes(NioSocketChannel.java:357)
	at io.netty.channel.nio.AbstractNioByteChannel$NioByteUnsafe.read(AbstractNioByteChannel.java:151)
	at io.netty.channel.nio.NioEventLoop.processSelectedKey(NioEventLoop.java:722)
	at io.netty.channel.nio.NioEventLoop.processSelectedKeysOptimized(NioEventLoop.java:658)
	at io.netty.channel.nio.NioEventLoop.processSelectedKeys(NioEventLoop.java:584)
	at io.netty.channel.nio.NioEventLoop.run(NioEventLoop.java:496)
	at io.netty.util.concurrent.SingleThreadEventExecutor$4.run(SingleThreadEventExecutor.java:997)
	at io.netty.util.internal.ThreadExecutorMap$2.run(ThreadExecutorMap.java:74)
	at io.netty.util.concurrent.FastThreadLocalRunnable.run(FastThreadLocalRunnable.java:30)
	at java.base/java.lang.Thread.run(Thread.java:833)

]]></system-err>
  </testcase>
  <testcase name="login will not success with invalid credentials #1" classname="login feature" time="4.448">
    <system-out><![CDATA[browser value is: chromeheadless
]]></system-out>
    <system-err><![CDATA[[main] INFO io.github.bonigarcia.wdm.WebDriverManager - Using chromedriver 104.0.5112.79 (resolved driver for Chrome 104)
[main] INFO io.github.bonigarcia.wdm.WebDriverManager - Exporting webdriver.chrome.driver as C:\Users\smith\.cache\selenium\chromedriver\win32\104.0.5112.79\chromedriver.exe
Starting ChromeDriver 104.0.5112.79 (3cf3e8c8a07d104b9e1260c910efb8f383285dc5-refs/branch-heads/5112@{#1307}) on port 50815
Only local connections are allowed.
Please see https://chromedriver.chromium.org/security-considerations for suggestions on keeping ChromeDriver safe.
ChromeDriver was started successfully.
Aug 26, 2022 10:35:40 AM org.openqa.selenium.remote.ProtocolHandshake createSession
INFO: Detected upstream dialect: W3C
Aug 26, 2022 10:35:40 AM org.openqa.selenium.devtools.CdpVersionFinder findNearestMatch
INFO: Found exact CDP implementation for version 104
[AsyncHttpClient-1-8] WARN org.asynchttpclient.netty.handler.WebSocketHandler - onError
java.net.SocketException: Connection reset
	at java.base/sun.nio.ch.SocketChannelImpl.throwConnectionReset(SocketChannelImpl.java:394)
	at java.base/sun.nio.ch.SocketChannelImpl.read(SocketChannelImpl.java:426)
	at io.netty.buffer.PooledByteBuf.setBytes(PooledByteBuf.java:258)
	at io.netty.buffer.AbstractByteBuf.writeBytes(AbstractByteBuf.java:1132)
	at io.netty.channel.socket.nio.NioSocketChannel.doReadBytes(NioSocketChannel.java:357)
	at io.netty.channel.nio.AbstractNioByteChannel$NioByteUnsafe.read(AbstractNioByteChannel.java:151)
	at io.netty.channel.nio.NioEventLoop.processSelectedKey(NioEventLoop.java:722)
	at io.netty.channel.nio.NioEventLoop.processSelectedKeysOptimized(NioEventLoop.java:658)
	at io.netty.channel.nio.NioEventLoop.processSelectedKeys(NioEventLoop.java:584)
	at io.netty.channel.nio.NioEventLoop.run(NioEventLoop.java:496)
	at io.netty.util.concurrent.SingleThreadEventExecutor$4.run(SingleThreadEventExecutor.java:997)
	at io.netty.util.internal.ThreadExecutorMap$2.run(ThreadExecutorMap.java:74)
	at io.netty.util.concurrent.FastThreadLocalRunnable.run(FastThreadLocalRunnable.java:30)
	at java.base/java.lang.Thread.run(Thread.java:833)
Aug 26, 2022 10:35:43 AM org.openqa.selenium.remote.http.WebSocket$Listener onError
WARNING: Connection reset
java.net.SocketException: Connection reset
	at java.base/sun.nio.ch.SocketChannelImpl.throwConnectionReset(SocketChannelImpl.java:394)
	at java.base/sun.nio.ch.SocketChannelImpl.read(SocketChannelImpl.java:426)
	at io.netty.buffer.PooledByteBuf.setBytes(PooledByteBuf.java:258)
	at io.netty.buffer.AbstractByteBuf.writeBytes(AbstractByteBuf.java:1132)
	at io.netty.channel.socket.nio.NioSocketChannel.doReadBytes(NioSocketChannel.java:357)
	at io.netty.channel.nio.AbstractNioByteChannel$NioByteUnsafe.read(AbstractNioByteChannel.java:151)
	at io.netty.channel.nio.NioEventLoop.processSelectedKey(NioEventLoop.java:722)
	at io.netty.channel.nio.NioEventLoop.processSelectedKeysOptimized(NioEventLoop.java:658)
	at io.netty.channel.nio.NioEventLoop.processSelectedKeys(NioEventLoop.java:584)
	at io.netty.channel.nio.NioEventLoop.run(NioEventLoop.java:496)
	at io.netty.util.concurrent.SingleThreadEventExecutor$4.run(SingleThreadEventExecutor.java:997)
	at io.netty.util.internal.ThreadExecutorMap$2.run(ThreadExecutorMap.java:74)
	at io.netty.util.concurrent.FastThreadLocalRunnable.run(FastThreadLocalRunnable.java:30)
	at java.base/java.lang.Thread.run(Thread.java:833)

]]></system-err>
  </testcase>
  <testcase name="login will not success with invalid credentials #2" classname="login feature" time="4.433">
    <system-out><![CDATA[browser value is: chromeheadless
]]></system-out>
    <system-err><![CDATA[[main] INFO io.github.bonigarcia.wdm.WebDriverManager - Using chromedriver 104.0.5112.79 (resolved driver for Chrome 104)
[main] INFO io.github.bonigarcia.wdm.WebDriverManager - Exporting webdriver.chrome.driver as C:\Users\smith\.cache\selenium\chromedriver\win32\104.0.5112.79\chromedriver.exe
Starting ChromeDriver 104.0.5112.79 (3cf3e8c8a07d104b9e1260c910efb8f383285dc5-refs/branch-heads/5112@{#1307}) on port 54251
Only local connections are allowed.
Please see https://chromedriver.chromium.org/security-considerations for suggestions on keeping ChromeDriver safe.
ChromeDriver was started successfully.
Aug 26, 2022 10:35:44 AM org.openqa.selenium.remote.ProtocolHandshake createSession
INFO: Detected upstream dialect: W3C
Aug 26, 2022 10:35:44 AM org.openqa.selenium.devtools.CdpVersionFinder findNearestMatch
INFO: Found exact CDP implementation for version 104
[AsyncHttpClient-1-3] WARN org.asynchttpclient.netty.handler.WebSocketHandler - onError
java.net.SocketException: Connection reset
	at java.base/sun.nio.ch.SocketChannelImpl.throwConnectionReset(SocketChannelImpl.java:394)
	at java.base/sun.nio.ch.SocketChannelImpl.read(SocketChannelImpl.java:426)
	at io.netty.buffer.PooledByteBuf.setBytes(PooledByteBuf.java:258)
	at io.netty.buffer.AbstractByteBuf.writeBytes(AbstractByteBuf.java:1132)
	at io.netty.channel.socket.nio.NioSocketChannel.doReadBytes(NioSocketChannel.java:357)
	at io.netty.channel.nio.AbstractNioByteChannel$NioByteUnsafe.read(AbstractNioByteChannel.java:151)
	at io.netty.channel.nio.NioEventLoop.processSelectedKey(NioEventLoop.java:722)
	at io.netty.channel.nio.NioEventLoop.processSelectedKeysOptimized(NioEventLoop.java:658)
	at io.netty.channel.nio.NioEventLoop.processSelectedKeys(NioEventLoop.java:584)
	at io.netty.channel.nio.NioEventLoop.run(NioEventLoop.java:496)
	at io.netty.util.concurrent.SingleThreadEventExecutor$4.run(SingleThreadEventExecutor.java:997)
	at io.netty.util.internal.ThreadExecutorMap$2.run(ThreadExecutorMap.java:74)
	at io.netty.util.concurrent.FastThreadLocalRunnable.run(FastThreadLocalRunnable.java:30)
	at java.base/java.lang.Thread.run(Thread.java:833)
Aug 26, 2022 10:35:47 AM org.openqa.selenium.remote.http.WebSocket$Listener onError
WARNING: Connection reset
java.net.SocketException: Connection reset
	at java.base/sun.nio.ch.SocketChannelImpl.throwConnectionReset(SocketChannelImpl.java:394)
	at java.base/sun.nio.ch.SocketChannelImpl.read(SocketChannelImpl.java:426)
	at io.netty.buffer.PooledByteBuf.setBytes(PooledByteBuf.java:258)
	at io.netty.buffer.AbstractByteBuf.writeBytes(AbstractByteBuf.java:1132)
	at io.netty.channel.socket.nio.NioSocketChannel.doReadBytes(NioSocketChannel.java:357)
	at io.netty.channel.nio.AbstractNioByteChannel$NioByteUnsafe.read(AbstractNioByteChannel.java:151)
	at io.netty.channel.nio.NioEventLoop.processSelectedKey(NioEventLoop.java:722)
	at io.netty.channel.nio.NioEventLoop.processSelectedKeysOptimized(NioEventLoop.java:658)
	at io.netty.channel.nio.NioEventLoop.processSelectedKeys(NioEventLoop.java:584)
	at io.netty.channel.nio.NioEventLoop.run(NioEventLoop.java:496)
	at io.netty.util.concurrent.SingleThreadEventExecutor$4.run(SingleThreadEventExecutor.java:997)
	at io.netty.util.internal.ThreadExecutorMap$2.run(ThreadExecutorMap.java:74)
	at io.netty.util.concurrent.FastThreadLocalRunnable.run(FastThreadLocalRunnable.java:30)
	at java.base/java.lang.Thread.run(Thread.java:833)

]]></system-err>
  </testcase>
  <testcase name="login will not success with invalid credentials #3" classname="login feature" time="4.58">
    <system-out><![CDATA[browser value is: chromeheadless
]]></system-out>
    <system-err><![CDATA[[main] INFO io.github.bonigarcia.wdm.WebDriverManager - Using chromedriver 104.0.5112.79 (resolved driver for Chrome 104)
[main] INFO io.github.bonigarcia.wdm.WebDriverManager - Exporting webdriver.chrome.driver as C:\Users\smith\.cache\selenium\chromedriver\win32\104.0.5112.79\chromedriver.exe
Starting ChromeDriver 104.0.5112.79 (3cf3e8c8a07d104b9e1260c910efb8f383285dc5-refs/branch-heads/5112@{#1307}) on port 60238
Only local connections are allowed.
Please see https://chromedriver.chromium.org/security-considerations for suggestions on keeping ChromeDriver safe.
ChromeDriver was started successfully.
Aug 26, 2022 10:35:48 AM org.openqa.selenium.remote.ProtocolHandshake createSession
INFO: Detected upstream dialect: W3C
Aug 26, 2022 10:35:48 AM org.openqa.selenium.devtools.CdpVersionFinder findNearestMatch
INFO: Found exact CDP implementation for version 104
[AsyncHttpClient-1-6] WARN org.asynchttpclient.netty.handler.WebSocketHandler - onError
java.net.SocketException: Connection reset
	at java.base/sun.nio.ch.SocketChannelImpl.throwConnectionReset(SocketChannelImpl.java:394)
	at java.base/sun.nio.ch.SocketChannelImpl.read(SocketChannelImpl.java:426)
	at io.netty.buffer.PooledByteBuf.setBytes(PooledByteBuf.java:258)
	at io.netty.buffer.AbstractByteBuf.writeBytes(AbstractByteBuf.java:1132)
	at io.netty.channel.socket.nio.NioSocketChannel.doReadBytes(NioSocketChannel.java:357)
	at io.netty.channel.nio.AbstractNioByteChannel$NioByteUnsafe.read(AbstractNioByteChannel.java:151)
	at io.netty.channel.nio.NioEventLoop.processSelectedKey(NioEventLoop.java:722)
	at io.netty.channel.nio.NioEventLoop.processSelectedKeysOptimized(NioEventLoop.java:658)
	at io.netty.channel.nio.NioEventLoop.processSelectedKeys(NioEventLoop.java:584)
	at io.netty.channel.nio.NioEventLoop.run(NioEventLoop.java:496)
	at io.netty.util.concurrent.SingleThreadEventExecutor$4.run(SingleThreadEventExecutor.java:997)
	at io.netty.util.internal.ThreadExecutorMap$2.run(ThreadExecutorMap.java:74)
	at io.netty.util.concurrent.FastThreadLocalRunnable.run(FastThreadLocalRunnable.java:30)
	at java.base/java.lang.Thread.run(Thread.java:833)
Aug 26, 2022 10:35:52 AM org.openqa.selenium.remote.http.WebSocket$Listener onError
WARNING: Connection reset
java.net.SocketException: Connection reset
	at java.base/sun.nio.ch.SocketChannelImpl.throwConnectionReset(SocketChannelImpl.java:394)
	at java.base/sun.nio.ch.SocketChannelImpl.read(SocketChannelImpl.java:426)
	at io.netty.buffer.PooledByteBuf.setBytes(PooledByteBuf.java:258)
	at io.netty.buffer.AbstractByteBuf.writeBytes(AbstractByteBuf.java:1132)
	at io.netty.channel.socket.nio.NioSocketChannel.doReadBytes(NioSocketChannel.java:357)
	at io.netty.channel.nio.AbstractNioByteChannel$NioByteUnsafe.read(AbstractNioByteChannel.java:151)
	at io.netty.channel.nio.NioEventLoop.processSelectedKey(NioEventLoop.java:722)
	at io.netty.channel.nio.NioEventLoop.processSelectedKeysOptimized(NioEventLoop.java:658)
	at io.netty.channel.nio.NioEventLoop.processSelectedKeys(NioEventLoop.java:584)
	at io.netty.channel.nio.NioEventLoop.run(NioEventLoop.java:496)
	at io.netty.util.concurrent.SingleThreadEventExecutor$4.run(SingleThreadEventExecutor.java:997)
	at io.netty.util.internal.ThreadExecutorMap$2.run(ThreadExecutorMap.java:74)
	at io.netty.util.concurrent.FastThreadLocalRunnable.run(FastThreadLocalRunnable.java:30)
	at java.base/java.lang.Thread.run(Thread.java:833)

]]></system-err>
  </testcase>
</testsuite>