<?xml version="1.0" encoding="UTF-8"?>
<testsuite xmlns:xsi="http://www.w3.org/2001/XMLSchema-instance" xsi:noNamespaceSchemaLocation="https://maven.apache.org/surefire/maven-surefire-plugin/xsd/surefire-test-report-3.0.xsd" version="3.0" name="testRunner.TestRunner" time="113.408" tests="6" errors="0" skipped="0" failures="3">
  <properties>
    <property name="java.specification.version" value="17"/>
    <property name="sun.cpu.isalist" value="amd64"/>
    <property name="sun.jnu.encoding" value="Cp1252"/>
    <property name="java.class.path" value="C:\Users\smith\OneDrive\Documents\INTERN\Cell\cellsuite\cellsuite\target\test-classes;C:\Users\smith\OneDrive\Documents\INTERN\Cell\cellsuite\cellsuite\target\classes;C:\Users\smith\.m2\repository\io\cucumber\cucumber-java\7.3.4\cucumber-java-7.3.4.jar;C:\Users\smith\.m2\repository\io\cucumber\cucumber-core\7.3.4\cucumber-core-7.3.4.jar;C:\Users\smith\.m2\repository\io\cucumber\cucumber-gherkin\7.3.4\cucumber-gherkin-7.3.4.jar;C:\Users\smith\.m2\repository\io\cucumber\cucumber-gherkin-messages\7.3.4\cucumber-gherkin-messages-7.3.4.jar;C:\Users\smith\.m2\repository\io\cucumber\gherkin\23.0.1\gherkin-23.0.1.jar;C:\Users\smith\.m2\repository\io\cucumber\messages\18.0.0\messages-18.0.0.jar;C:\Users\smith\.m2\repository\io\cucumber\tag-expressions\4.1.0\tag-expressions-4.1.0.jar;C:\Users\smith\.m2\repository\io\cucumber\cucumber-expressions\15.1.1\cucumber-expressions-15.1.1.jar;C:\Users\smith\.m2\repository\io\cucumber\datatable\7.3.4\datatable-7.3.4.jar;C:\Users\smith\.m2\repository\io\cucumber\cucumber-plugin\7.3.4\cucumber-plugin-7.3.4.jar;C:\Users\smith\.m2\repository\io\cucumber\docstring\7.3.4\docstring-7.3.4.jar;C:\Users\smith\.m2\repository\io\cucumber\html-formatter\19.1.0\html-formatter-19.1.0.jar;C:\Users\smith\.m2\repository\io\cucumber\ci-environment\9.0.4\ci-environment-9.0.4.jar;C:\Users\smith\.m2\repository\org\apiguardian\apiguardian-api\1.1.2\apiguardian-api-1.1.2.jar;C:\Users\smith\.m2\repository\io\cucumber\cucumber-junit\7.3.4\cucumber-junit-7.3.4.jar;C:\Users\smith\.m2\repository\junit\junit\4.13.2\junit-4.13.2.jar;C:\Users\smith\.m2\repository\org\hamcrest\hamcrest-core\1.3\hamcrest-core-1.3.jar;C:\Users\smith\.m2\repository\org\seleniumhq\selenium\selenium-support\4.3.0\selenium-support-4.3.0.jar;C:\Users\smith\.m2\repository\com\google\auto\service\auto-service-annotations\1.0.1\auto-service-annotations-1.0.1.jar;C:\Users\smith\.m2\repository\com\google\auto\service\auto-service\1.0.1\auto-service-1.0.1.jar;C:\Users\smith\.m2\repository\com\google\auto\auto-common\1.2\auto-common-1.2.jar;C:\Users\smith\.m2\repository\com\google\guava\guava\31.1-jre\guava-31.1-jre.jar;C:\Users\smith\.m2\repository\com\google\guava\failureaccess\1.0.1\failureaccess-1.0.1.jar;C:\Users\smith\.m2\repository\com\google\guava\listenablefuture\9999.0-empty-to-avoid-conflict-with-guava\listenablefuture-9999.0-empty-to-avoid-conflict-with-guava.jar;C:\Users\smith\.m2\repository\com\google\code\findbugs\jsr305\3.0.2\jsr305-3.0.2.jar;C:\Users\smith\.m2\repository\org\checkerframework\checker-qual\3.12.0\checker-qual-3.12.0.jar;C:\Users\smith\.m2\repository\com\google\errorprone\error_prone_annotations\2.11.0\error_prone_annotations-2.11.0.jar;C:\Users\smith\.m2\repository\com\google\j2objc\j2objc-annotations\1.3\j2objc-annotations-1.3.jar;C:\Users\smith\.m2\repository\net\bytebuddy\byte-buddy\1.12.10\byte-buddy-1.12.10.jar;C:\Users\smith\.m2\repository\org\seleniumhq\selenium\selenium-api\4.3.0\selenium-api-4.3.0.jar;C:\Users\smith\.m2\repository\org\seleniumhq\selenium\selenium-json\4.3.0\selenium-json-4.3.0.jar;C:\Users\smith\.m2\repository\org\seleniumhq\selenium\selenium-remote-driver\4.3.0\selenium-remote-driver-4.3.0.jar;C:\Users\smith\.m2\repository\com\beust\jcommander\1.82\jcommander-1.82.jar;C:\Users\smith\.m2\repository\io\netty\netty-buffer\4.1.78.Final\netty-buffer-4.1.78.Final.jar;C:\Users\smith\.m2\repository\io\netty\netty-codec-http\4.1.78.Final\netty-codec-http-4.1.78.Final.jar;C:\Users\smith\.m2\repository\io\netty\netty-codec\4.1.78.Final\netty-codec-4.1.78.Final.jar;C:\Users\smith\.m2\repository\io\netty\netty-handler\4.1.78.Final\netty-handler-4.1.78.Final.jar;C:\Users\smith\.m2\repository\io\netty\netty-common\4.1.78.Final\netty-common-4.1.78.Final.jar;C:\Users\smith\.m2\repository\io\netty\netty-transport-classes-epoll\4.1.78.Final\netty-transport-classes-epoll-4.1.78.Final.jar;C:\Users\smith\.m2\repository\io\netty\netty-transport-classes-kqueue\4.1.78.Final\netty-transport-classes-kqueue-4.1.78.Final.jar;C:\Users\smith\.m2\repository\io\netty\netty-transport-native-epoll\4.1.78.Final\netty-transport-native-epoll-4.1.78.Final.jar;C:\Users\smith\.m2\repository\io\netty\netty-transport-native-kqueue\4.1.78.Final\netty-transport-native-kqueue-4.1.78.Final.jar;C:\Users\smith\.m2\repository\io\netty\netty-transport-native-unix-common\4.1.78.Final\netty-transport-native-unix-common-4.1.78.Final.jar;C:\Users\smith\.m2\repository\io\netty\netty-transport\4.1.78.Final\netty-transport-4.1.78.Final.jar;C:\Users\smith\.m2\repository\io\netty\netty-resolver\4.1.78.Final\netty-resolver-4.1.78.Final.jar;C:\Users\smith\.m2\repository\io\opentelemetry\opentelemetry-api\1.15.0\opentelemetry-api-1.15.0.jar;C:\Users\smith\.m2\repository\io\opentelemetry\opentelemetry-context\1.15.0\opentelemetry-context-1.15.0.jar;C:\Users\smith\.m2\repository\io\opentelemetry\opentelemetry-exporter-logging\1.15.0\opentelemetry-exporter-logging-1.15.0.jar;C:\Users\smith\.m2\repository\io\opentelemetry\opentelemetry-sdk-metrics\1.15.0\opentelemetry-sdk-metrics-1.15.0.jar;C:\Users\smith\.m2\repository\io\opentelemetry\opentelemetry-sdk-logs\1.15.0-alpha\opentelemetry-sdk-logs-1.15.0-alpha.jar;C:\Users\smith\.m2\repository\io\opentelemetry\opentelemetry-sdk-common\1.15.0\opentelemetry-sdk-common-1.15.0.jar;C:\Users\smith\.m2\repository\io\opentelemetry\opentelemetry-sdk-extension-autoconfigure-spi\1.15.0\opentelemetry-sdk-extension-autoconfigure-spi-1.15.0.jar;C:\Users\smith\.m2\repository\io\opentelemetry\opentelemetry-sdk-extension-autoconfigure\1.15.0-alpha\opentelemetry-sdk-extension-autoconfigure-1.15.0-alpha.jar;C:\Users\smith\.m2\repository\io\opentelemetry\opentelemetry-sdk-trace\1.15.0\opentelemetry-sdk-trace-1.15.0.jar;C:\Users\smith\.m2\repository\io\opentelemetry\opentelemetry-sdk\1.15.0\opentelemetry-sdk-1.15.0.jar;C:\Users\smith\.m2\repository\io\opentelemetry\opentelemetry-semconv\1.15.0-alpha\opentelemetry-semconv-1.15.0-alpha.jar;C:\Users\smith\.m2\repository\io\ous\jtoml\2.0.0\jtoml-2.0.0.jar;C:\Users\smith\.m2\repository\org\apache\commons\commons-exec\1.3\commons-exec-1.3.jar;C:\Users\smith\.m2\repository\org\asynchttpclient\async-http-client\2.12.3\async-http-client-2.12.3.jar;C:\Users\smith\.m2\repository\org\asynchttpclient\async-http-client-netty-utils\2.12.3\async-http-client-netty-utils-2.12.3.jar;C:\Users\smith\.m2\repository\io\netty\netty-codec-socks\4.1.60.Final\netty-codec-socks-4.1.60.Final.jar;C:\Users\smith\.m2\repository\io\netty\netty-handler-proxy\4.1.60.Final\netty-handler-proxy-4.1.60.Final.jar;C:\Users\smith\.m2\repository\io\netty\netty-transport-native-epoll\4.1.60.Final\netty-transport-native-epoll-4.1.60.Final-linux-x86_64.jar;C:\Users\smith\.m2\repository\io\netty\netty-transport-native-kqueue\4.1.60.Final\netty-transport-native-kqueue-4.1.60.Final-osx-x86_64.jar;C:\Users\smith\.m2\repository\org\reactivestreams\reactive-streams\1.0.3\reactive-streams-1.0.3.jar;C:\Users\smith\.m2\repository\com\typesafe\netty\netty-reactive-streams\2.0.4\netty-reactive-streams-2.0.4.jar;C:\Users\smith\.m2\repository\com\sun\activation\jakarta.activation\1.2.2\jakarta.activation-1.2.2.jar;C:\Users\smith\.m2\repository\org\seleniumhq\selenium\selenium-http\4.3.0\selenium-http-4.3.0.jar;C:\Users\smith\.m2\repository\dev\failsafe\failsafe\3.2.4\failsafe-3.2.4.jar;C:\Users\smith\.m2\repository\org\seleniumhq\selenium\selenium-java\4.3.0\selenium-java-4.3.0.jar;C:\Users\smith\.m2\repository\org\seleniumhq\selenium\selenium-chrome-driver\4.3.0\selenium-chrome-driver-4.3.0.jar;C:\Users\smith\.m2\repository\org\seleniumhq\selenium\selenium-chromium-driver\4.3.0\selenium-chromium-driver-4.3.0.jar;C:\Users\smith\.m2\repository\org\seleniumhq\selenium\selenium-devtools-v101\4.3.0\selenium-devtools-v101-4.3.0.jar;C:\Users\smith\.m2\repository\org\seleniumhq\selenium\selenium-devtools-v102\4.3.0\selenium-devtools-v102-4.3.0.jar;C:\Users\smith\.m2\repository\org\seleniumhq\selenium\selenium-devtools-v103\4.3.0\selenium-devtools-v103-4.3.0.jar;C:\Users\smith\.m2\repository\org\seleniumhq\selenium\selenium-devtools-v85\4.3.0\selenium-devtools-v85-4.3.0.jar;C:\Users\smith\.m2\repository\org\seleniumhq\selenium\selenium-edge-driver\4.3.0\selenium-edge-driver-4.3.0.jar;C:\Users\smith\.m2\repository\org\seleniumhq\selenium\selenium-firefox-driver\4.3.0\selenium-firefox-driver-4.3.0.jar;C:\Users\smith\.m2\repository\org\seleniumhq\selenium\selenium-ie-driver\4.3.0\selenium-ie-driver-4.3.0.jar;C:\Users\smith\.m2\repository\org\seleniumhq\selenium\selenium-opera-driver\4.3.0\selenium-opera-driver-4.3.0.jar;C:\Users\smith\.m2\repository\org\seleniumhq\selenium\selenium-safari-driver\4.3.0\selenium-safari-driver-4.3.0.jar;C:\Users\smith\.m2\repository\io\github\bonigarcia\webdrivermanager\5.2.2\webdrivermanager-5.2.2.jar;C:\Users\smith\.m2\repository\org\slf4j\slf4j-api\1.7.36\slf4j-api-1.7.36.jar;C:\Users\smith\.m2\repository\com\google\code\gson\gson\2.9.0\gson-2.9.0.jar;C:\Users\smith\.m2\repository\com\github\docker-java\docker-java\3.2.13\docker-java-3.2.13.jar;C:\Users\smith\.m2\repository\com\github\docker-java\docker-java-core\3.2.13\docker-java-core-3.2.13.jar;C:\Users\smith\.m2\repository\com\github\docker-java\docker-java-api\3.2.13\docker-java-api-3.2.13.jar;C:\Users\smith\.m2\repository\com\fasterxml\jackson\core\jackson-annotations\2.10.3\jackson-annotations-2.10.3.jar;C:\Users\smith\.m2\repository\commons-io\commons-io\2.6\commons-io-2.6.jar;C:\Users\smith\.m2\repository\org\apache\commons\commons-compress\1.21\commons-compress-1.21.jar;C:\Users\smith\.m2\repository\com\fasterxml\jackson\core\jackson-databind\2.10.3\jackson-databind-2.10.3.jar;C:\Users\smith\.m2\repository\com\fasterxml\jackson\core\jackson-core\2.10.3\jackson-core-2.10.3.jar;C:\Users\smith\.m2\repository\org\bouncycastle\bcpkix-jdk15on\1.64\bcpkix-jdk15on-1.64.jar;C:\Users\smith\.m2\repository\org\bouncycastle\bcprov-jdk15on\1.64\bcprov-jdk15on-1.64.jar;C:\Users\smith\.m2\repository\org\slf4j\jcl-over-slf4j\1.7.30\jcl-over-slf4j-1.7.30.jar;C:\Users\smith\.m2\repository\com\github\docker-java\docker-java-transport-httpclient5\3.2.13\docker-java-transport-httpclient5-3.2.13.jar;C:\Users\smith\.m2\repository\com\github\docker-java\docker-java-transport\3.2.13\docker-java-transport-3.2.13.jar;C:\Users\smith\.m2\repository\net\java\dev\jna\jna\5.8.0\jna-5.8.0.jar;C:\Users\smith\.m2\repository\org\brotli\dec\0.1.2\dec-0.1.2.jar;C:\Users\smith\.m2\repository\org\apache\commons\commons-lang3\3.12.0\commons-lang3-3.12.0.jar;C:\Users\smith\.m2\repository\org\apache\httpcomponents\client5\httpclient5\5.1.3\httpclient5-5.1.3.jar;C:\Users\smith\.m2\repository\org\apache\httpcomponents\core5\httpcore5\5.1.3\httpcore5-5.1.3.jar;C:\Users\smith\.m2\repository\org\apache\httpcomponents\core5\httpcore5-h2\5.1.3\httpcore5-h2-5.1.3.jar;C:\Users\smith\.m2\repository\commons-codec\commons-codec\1.15\commons-codec-1.15.jar;C:\Users\smith\.m2\repository\org\slf4j\slf4j-simple\1.7.25\slf4j-simple-1.7.25.jar;"/>
    <property name="java.vm.vendor" value="Oracle Corporation"/>
    <property name="sun.arch.data.model" value="64"/>
    <property name="user.variant" value=""/>
    <property name="java.vendor.url" value="https://java.oracle.com/"/>
    <property name="user.timezone" value="Asia/Jakarta"/>
    <property name="os.name" value="Windows 10"/>
    <property name="java.vm.specification.version" value="17"/>
    <property name="sun.java.launcher" value="SUN_STANDARD"/>
    <property name="user.country" value="ID"/>
    <property name="sun.boot.library.path" value="C:\Program Files\Java\jdk-17.0.1\bin"/>
    <property name="sun.java.command" value="C:\Users\smith\AppData\Local\Temp\surefire6758771734198516941\surefirebooter11993269829512586636.jar C:\Users\smith\AppData\Local\Temp\surefire6758771734198516941 2022-08-23T20-23-16_966-jvmRun1 surefire3202649106853502804tmp surefire_015056725201939168741tmp"/>
    <property name="jdk.debug" value="release"/>
    <property name="surefire.test.class.path" value="C:\Users\smith\OneDrive\Documents\INTERN\Cell\cellsuite\cellsuite\target\test-classes;C:\Users\smith\OneDrive\Documents\INTERN\Cell\cellsuite\cellsuite\target\classes;C:\Users\smith\.m2\repository\io\cucumber\cucumber-java\7.3.4\cucumber-java-7.3.4.jar;C:\Users\smith\.m2\repository\io\cucumber\cucumber-core\7.3.4\cucumber-core-7.3.4.jar;C:\Users\smith\.m2\repository\io\cucumber\cucumber-gherkin\7.3.4\cucumber-gherkin-7.3.4.jar;C:\Users\smith\.m2\repository\io\cucumber\cucumber-gherkin-messages\7.3.4\cucumber-gherkin-messages-7.3.4.jar;C:\Users\smith\.m2\repository\io\cucumber\gherkin\23.0.1\gherkin-23.0.1.jar;C:\Users\smith\.m2\repository\io\cucumber\messages\18.0.0\messages-18.0.0.jar;C:\Users\smith\.m2\repository\io\cucumber\tag-expressions\4.1.0\tag-expressions-4.1.0.jar;C:\Users\smith\.m2\repository\io\cucumber\cucumber-expressions\15.1.1\cucumber-expressions-15.1.1.jar;C:\Users\smith\.m2\repository\io\cucumber\datatable\7.3.4\datatable-7.3.4.jar;C:\Users\smith\.m2\repository\io\cucumber\cucumber-plugin\7.3.4\cucumber-plugin-7.3.4.jar;C:\Users\smith\.m2\repository\io\cucumber\docstring\7.3.4\docstring-7.3.4.jar;C:\Users\smith\.m2\repository\io\cucumber\html-formatter\19.1.0\html-formatter-19.1.0.jar;C:\Users\smith\.m2\repository\io\cucumber\ci-environment\9.0.4\ci-environment-9.0.4.jar;C:\Users\smith\.m2\repository\org\apiguardian\apiguardian-api\1.1.2\apiguardian-api-1.1.2.jar;C:\Users\smith\.m2\repository\io\cucumber\cucumber-junit\7.3.4\cucumber-junit-7.3.4.jar;C:\Users\smith\.m2\repository\junit\junit\4.13.2\junit-4.13.2.jar;C:\Users\smith\.m2\repository\org\hamcrest\hamcrest-core\1.3\hamcrest-core-1.3.jar;C:\Users\smith\.m2\repository\org\seleniumhq\selenium\selenium-support\4.3.0\selenium-support-4.3.0.jar;C:\Users\smith\.m2\repository\com\google\auto\service\auto-service-annotations\1.0.1\auto-service-annotations-1.0.1.jar;C:\Users\smith\.m2\repository\com\google\auto\service\auto-service\1.0.1\auto-service-1.0.1.jar;C:\Users\smith\.m2\repository\com\google\auto\auto-common\1.2\auto-common-1.2.jar;C:\Users\smith\.m2\repository\com\google\guava\guava\31.1-jre\guava-31.1-jre.jar;C:\Users\smith\.m2\repository\com\google\guava\failureaccess\1.0.1\failureaccess-1.0.1.jar;C:\Users\smith\.m2\repository\com\google\guava\listenablefuture\9999.0-empty-to-avoid-conflict-with-guava\listenablefuture-9999.0-empty-to-avoid-conflict-with-guava.jar;C:\Users\smith\.m2\repository\com\google\code\findbugs\jsr305\3.0.2\jsr305-3.0.2.jar;C:\Users\smith\.m2\repository\org\checkerframework\checker-qual\3.12.0\checker-qual-3.12.0.jar;C:\Users\smith\.m2\repository\com\google\errorprone\error_prone_annotations\2.11.0\error_prone_annotations-2.11.0.jar;C:\Users\smith\.m2\repository\com\google\j2objc\j2objc-annotations\1.3\j2objc-annotations-1.3.jar;C:\Users\smith\.m2\repository\net\bytebuddy\byte-buddy\1.12.10\byte-buddy-1.12.10.jar;C:\Users\smith\.m2\repository\org\seleniumhq\selenium\selenium-api\4.3.0\selenium-api-4.3.0.jar;C:\Users\smith\.m2\repository\org\seleniumhq\selenium\selenium-json\4.3.0\selenium-json-4.3.0.jar;C:\Users\smith\.m2\repository\org\seleniumhq\selenium\selenium-remote-driver\4.3.0\selenium-remote-driver-4.3.0.jar;C:\Users\smith\.m2\repository\com\beust\jcommander\1.82\jcommander-1.82.jar;C:\Users\smith\.m2\repository\io\netty\netty-buffer\4.1.78.Final\netty-buffer-4.1.78.Final.jar;C:\Users\smith\.m2\repository\io\netty\netty-codec-http\4.1.78.Final\netty-codec-http-4.1.78.Final.jar;C:\Users\smith\.m2\repository\io\netty\netty-codec\4.1.78.Final\netty-codec-4.1.78.Final.jar;C:\Users\smith\.m2\repository\io\netty\netty-handler\4.1.78.Final\netty-handler-4.1.78.Final.jar;C:\Users\smith\.m2\repository\io\netty\netty-common\4.1.78.Final\netty-common-4.1.78.Final.jar;C:\Users\smith\.m2\repository\io\netty\netty-transport-classes-epoll\4.1.78.Final\netty-transport-classes-epoll-4.1.78.Final.jar;C:\Users\smith\.m2\repository\io\netty\netty-transport-classes-kqueue\4.1.78.Final\netty-transport-classes-kqueue-4.1.78.Final.jar;C:\Users\smith\.m2\repository\io\netty\netty-transport-native-epoll\4.1.78.Final\netty-transport-native-epoll-4.1.78.Final.jar;C:\Users\smith\.m2\repository\io\netty\netty-transport-native-kqueue\4.1.78.Final\netty-transport-native-kqueue-4.1.78.Final.jar;C:\Users\smith\.m2\repository\io\netty\netty-transport-native-unix-common\4.1.78.Final\netty-transport-native-unix-common-4.1.78.Final.jar;C:\Users\smith\.m2\repository\io\netty\netty-transport\4.1.78.Final\netty-transport-4.1.78.Final.jar;C:\Users\smith\.m2\repository\io\netty\netty-resolver\4.1.78.Final\netty-resolver-4.1.78.Final.jar;C:\Users\smith\.m2\repository\io\opentelemetry\opentelemetry-api\1.15.0\opentelemetry-api-1.15.0.jar;C:\Users\smith\.m2\repository\io\opentelemetry\opentelemetry-context\1.15.0\opentelemetry-context-1.15.0.jar;C:\Users\smith\.m2\repository\io\opentelemetry\opentelemetry-exporter-logging\1.15.0\opentelemetry-exporter-logging-1.15.0.jar;C:\Users\smith\.m2\repository\io\opentelemetry\opentelemetry-sdk-metrics\1.15.0\opentelemetry-sdk-metrics-1.15.0.jar;C:\Users\smith\.m2\repository\io\opentelemetry\opentelemetry-sdk-logs\1.15.0-alpha\opentelemetry-sdk-logs-1.15.0-alpha.jar;C:\Users\smith\.m2\repository\io\opentelemetry\opentelemetry-sdk-common\1.15.0\opentelemetry-sdk-common-1.15.0.jar;C:\Users\smith\.m2\repository\io\opentelemetry\opentelemetry-sdk-extension-autoconfigure-spi\1.15.0\opentelemetry-sdk-extension-autoconfigure-spi-1.15.0.jar;C:\Users\smith\.m2\repository\io\opentelemetry\opentelemetry-sdk-extension-autoconfigure\1.15.0-alpha\opentelemetry-sdk-extension-autoconfigure-1.15.0-alpha.jar;C:\Users\smith\.m2\repository\io\opentelemetry\opentelemetry-sdk-trace\1.15.0\opentelemetry-sdk-trace-1.15.0.jar;C:\Users\smith\.m2\repository\io\opentelemetry\opentelemetry-sdk\1.15.0\opentelemetry-sdk-1.15.0.jar;C:\Users\smith\.m2\repository\io\opentelemetry\opentelemetry-semconv\1.15.0-alpha\opentelemetry-semconv-1.15.0-alpha.jar;C:\Users\smith\.m2\repository\io\ous\jtoml\2.0.0\jtoml-2.0.0.jar;C:\Users\smith\.m2\repository\org\apache\commons\commons-exec\1.3\commons-exec-1.3.jar;C:\Users\smith\.m2\repository\org\asynchttpclient\async-http-client\2.12.3\async-http-client-2.12.3.jar;C:\Users\smith\.m2\repository\org\asynchttpclient\async-http-client-netty-utils\2.12.3\async-http-client-netty-utils-2.12.3.jar;C:\Users\smith\.m2\repository\io\netty\netty-codec-socks\4.1.60.Final\netty-codec-socks-4.1.60.Final.jar;C:\Users\smith\.m2\repository\io\netty\netty-handler-proxy\4.1.60.Final\netty-handler-proxy-4.1.60.Final.jar;C:\Users\smith\.m2\repository\io\netty\netty-transport-native-epoll\4.1.60.Final\netty-transport-native-epoll-4.1.60.Final-linux-x86_64.jar;C:\Users\smith\.m2\repository\io\netty\netty-transport-native-kqueue\4.1.60.Final\netty-transport-native-kqueue-4.1.60.Final-osx-x86_64.jar;C:\Users\smith\.m2\repository\org\reactivestreams\reactive-streams\1.0.3\reactive-streams-1.0.3.jar;C:\Users\smith\.m2\repository\com\typesafe\netty\netty-reactive-streams\2.0.4\netty-reactive-streams-2.0.4.jar;C:\Users\smith\.m2\repository\com\sun\activation\jakarta.activation\1.2.2\jakarta.activation-1.2.2.jar;C:\Users\smith\.m2\repository\org\seleniumhq\selenium\selenium-http\4.3.0\selenium-http-4.3.0.jar;C:\Users\smith\.m2\repository\dev\failsafe\failsafe\3.2.4\failsafe-3.2.4.jar;C:\Users\smith\.m2\repository\org\seleniumhq\selenium\selenium-java\4.3.0\selenium-java-4.3.0.jar;C:\Users\smith\.m2\repository\org\seleniumhq\selenium\selenium-chrome-driver\4.3.0\selenium-chrome-driver-4.3.0.jar;C:\Users\smith\.m2\repository\org\seleniumhq\selenium\selenium-chromium-driver\4.3.0\selenium-chromium-driver-4.3.0.jar;C:\Users\smith\.m2\repository\org\seleniumhq\selenium\selenium-devtools-v101\4.3.0\selenium-devtools-v101-4.3.0.jar;C:\Users\smith\.m2\repository\org\seleniumhq\selenium\selenium-devtools-v102\4.3.0\selenium-devtools-v102-4.3.0.jar;C:\Users\smith\.m2\repository\org\seleniumhq\selenium\selenium-devtools-v103\4.3.0\selenium-devtools-v103-4.3.0.jar;C:\Users\smith\.m2\repository\org\seleniumhq\selenium\selenium-devtools-v85\4.3.0\selenium-devtools-v85-4.3.0.jar;C:\Users\smith\.m2\repository\org\seleniumhq\selenium\selenium-edge-driver\4.3.0\selenium-edge-driver-4.3.0.jar;C:\Users\smith\.m2\repository\org\seleniumhq\selenium\selenium-firefox-driver\4.3.0\selenium-firefox-driver-4.3.0.jar;C:\Users\smith\.m2\repository\org\seleniumhq\selenium\selenium-ie-driver\4.3.0\selenium-ie-driver-4.3.0.jar;C:\Users\smith\.m2\repository\org\seleniumhq\selenium\selenium-opera-driver\4.3.0\selenium-opera-driver-4.3.0.jar;C:\Users\smith\.m2\repository\org\seleniumhq\selenium\selenium-safari-driver\4.3.0\selenium-safari-driver-4.3.0.jar;C:\Users\smith\.m2\repository\io\github\bonigarcia\webdrivermanager\5.2.2\webdrivermanager-5.2.2.jar;C:\Users\smith\.m2\repository\org\slf4j\slf4j-api\1.7.36\slf4j-api-1.7.36.jar;C:\Users\smith\.m2\repository\com\google\code\gson\gson\2.9.0\gson-2.9.0.jar;C:\Users\smith\.m2\repository\com\github\docker-java\docker-java\3.2.13\docker-java-3.2.13.jar;C:\Users\smith\.m2\repository\com\github\docker-java\docker-java-core\3.2.13\docker-java-core-3.2.13.jar;C:\Users\smith\.m2\repository\com\github\docker-java\docker-java-api\3.2.13\docker-java-api-3.2.13.jar;C:\Users\smith\.m2\repository\com\fasterxml\jackson\core\jackson-annotations\2.10.3\jackson-annotations-2.10.3.jar;C:\Users\smith\.m2\repository\commons-io\commons-io\2.6\commons-io-2.6.jar;C:\Users\smith\.m2\repository\org\apache\commons\commons-compress\1.21\commons-compress-1.21.jar;C:\Users\smith\.m2\repository\com\fasterxml\jackson\core\jackson-databind\2.10.3\jackson-databind-2.10.3.jar;C:\Users\smith\.m2\repository\com\fasterxml\jackson\core\jackson-core\2.10.3\jackson-core-2.10.3.jar;C:\Users\smith\.m2\repository\org\bouncycastle\bcpkix-jdk15on\1.64\bcpkix-jdk15on-1.64.jar;C:\Users\smith\.m2\repository\org\bouncycastle\bcprov-jdk15on\1.64\bcprov-jdk15on-1.64.jar;C:\Users\smith\.m2\repository\org\slf4j\jcl-over-slf4j\1.7.30\jcl-over-slf4j-1.7.30.jar;C:\Users\smith\.m2\repository\com\github\docker-java\docker-java-transport-httpclient5\3.2.13\docker-java-transport-httpclient5-3.2.13.jar;C:\Users\smith\.m2\repository\com\github\docker-java\docker-java-transport\3.2.13\docker-java-transport-3.2.13.jar;C:\Users\smith\.m2\repository\net\java\dev\jna\jna\5.8.0\jna-5.8.0.jar;C:\Users\smith\.m2\repository\org\brotli\dec\0.1.2\dec-0.1.2.jar;C:\Users\smith\.m2\repository\org\apache\commons\commons-lang3\3.12.0\commons-lang3-3.12.0.jar;C:\Users\smith\.m2\repository\org\apache\httpcomponents\client5\httpclient5\5.1.3\httpclient5-5.1.3.jar;C:\Users\smith\.m2\repository\org\apache\httpcomponents\core5\httpcore5\5.1.3\httpcore5-5.1.3.jar;C:\Users\smith\.m2\repository\org\apache\httpcomponents\core5\httpcore5-h2\5.1.3\httpcore5-h2-5.1.3.jar;C:\Users\smith\.m2\repository\commons-codec\commons-codec\1.15\commons-codec-1.15.jar;C:\Users\smith\.m2\repository\org\slf4j\slf4j-simple\1.7.25\slf4j-simple-1.7.25.jar;"/>
    <property name="sun.cpu.endian" value="little"/>
    <property name="user.home" value="C:\Users\smith"/>
    <property name="user.language" value="en"/>
    <property name="java.specification.vendor" value="Oracle Corporation"/>
    <property name="java.version.date" value="2021-10-19"/>
    <property name="java.home" value="C:\Program Files\Java\jdk-17.0.1"/>
    <property name="file.separator" value="\"/>
    <property name="basedir" value="C:\Users\smith\OneDrive\Documents\INTERN\Cell\cellsuite\cellsuite"/>
    <property name="java.vm.compressedOopsMode" value="32-bit"/>
    <property name="line.separator" value="&#10;"/>
    <property name="java.vm.specification.vendor" value="Oracle Corporation"/>
    <property name="java.specification.name" value="Java Platform API Specification"/>
    <property name="surefire.real.class.path" value="C:\Users\smith\AppData\Local\Temp\surefire6758771734198516941\surefirebooter11993269829512586636.jar"/>
    <property name="user.script" value=""/>
    <property name="sun.management.compiler" value="HotSpot 64-Bit Tiered Compilers"/>
    <property name="java.runtime.version" value="17.0.1+12-LTS-39"/>
    <property name="user.name" value="smith"/>
    <property name="path.separator" value=";"/>
    <property name="os.version" value="10.0"/>
    <property name="java.runtime.name" value="Java(TM) SE Runtime Environment"/>
    <property name="file.encoding" value="Cp1252"/>
    <property name="java.vm.name" value="Java HotSpot(TM) 64-Bit Server VM"/>
    <property name="localRepository" value="C:\Users\smith\.m2\repository"/>
    <property name="java.vendor.url.bug" value="https://bugreport.java.com/bugreport/"/>
    <property name="java.io.tmpdir" value="C:\Users\smith\AppData\Local\Temp\"/>
    <property name="java.version" value="17.0.1"/>
    <property name="user.dir" value="C:\Users\smith\OneDrive\Documents\INTERN\Cell\cellsuite\cellsuite"/>
    <property name="os.arch" value="amd64"/>
    <property name="java.vm.specification.name" value="Java Virtual Machine Specification"/>
    <property name="sun.os.patch.level" value=""/>
    <property name="native.encoding" value="Cp1252"/>
    <property name="java.library.path" value="C:\Program Files\Java\jdk-17.0.1\bin;C:\WINDOWS\Sun\Java\bin;C:\WINDOWS\system32;C:\WINDOWS;C:\Program Files\Common Files\Oracle\Java\javapath;C:\WINDOWS\system32;C:\WINDOWS;C:\WINDOWS\System32\Wbem;C:\WINDOWS\System32\WindowsPowerShell\v1.0\;C:\WINDOWS\System32\OpenSSH\;C:\Program Files\Git\cmd;C:\Program Files\dotnet\;C:\Program Files\Microsoft SQL Server\130\Tools\Binn\;C:\Program Files\Java\jdk-17.0.1\bin;C:\Program Files (x86)\dotnet\;C:\Program Files\nodejs\;C:\Program Files\Java\apache-maven-3.8.6\bin;C:\Users\smith\AppData\Local\Programs\Python\Python310\Scripts\;C:\Users\smith\AppData\Local\Programs\Python\Python310\;C:\Users\smith\AppData\Local\Microsoft\WindowsApps;C:\Users\smith\AppData\Local\Programs\Microsoft VS Code\bin;C:\Program Files\Java\jdk-17.0.1\bin;C:\Users\smith\AppData\Roaming\npm;C:\Python27;C:\Python27\Scripts;;."/>
    <property name="java.vm.info" value="mixed mode, sharing"/>
    <property name="java.vendor" value="Oracle Corporation"/>
    <property name="java.vm.version" value="17.0.1+12-LTS-39"/>
    <property name="sun.io.unicode.encoding" value="UnicodeLittle"/>
    <property name="java.class.version" value="61.0"/>
  </properties>
  <testcase name="user create new culture reagent item" classname="create reagent culture 7-9" time="29.624">
    <system-out><![CDATA[browser value is: chrome

Trypan-Blue
Amphotericin B
DMEM Low Glucose
RPMI 1640
Penicillin-Streptomycin
FBS Heat Inactivated
Trypsin
DMEM High Glucose

Trypan-Blue
Amphotericin B
DMEM Low Glucose
RPMI 1640
Penicillin-Streptomycin
FBS Heat Inactivated
Trypsin
DMEM High Glucose

@reagentculture
Scenario: user create new culture reagent item                                          &amp#27;[90m# src/test/resources/features/Culture Reagent/Create Culture Reagent/A.feature:13&amp#27;[0m
  &amp#27;[32mGiven &amp#27;[0m&amp#27;[32muser has already logged in to application with this credentials&amp#27;[0m                 &amp#27;[90m# stepDefinition.LoginPageStep.user_has_already_logged_in_to_application_with_this_credentials(io.cucumber.datatable.DataTable)&amp#27;[0m
    | username | password |
    | admin    | admin    |
  &amp#27;[32mAnd &amp#27;[0m&amp#27;[32muser is navigated to &amp#27;[0m&amp#27;[32m&amp#27;[1m"Dashboard"&amp#27;[0m&amp#27;[32m page&amp#27;[0m                                             &amp#27;[90m# stepDefinition.GeneralStep.user_is_navigated_to_page(java.lang.String)&amp#27;[0m
  &amp#27;[32mWhen &amp#27;[0m&amp#27;[32muser clicks on menu &amp#27;[0m&amp#27;[32m&amp#27;[1m"Reagent"&amp#27;[0m                                                    &amp#27;[90m# stepDefinition.GeneralStep.user_clicks_on_menu(java.lang.String)&amp#27;[0m
  &amp#27;[32mAnd &amp#27;[0m&amp#27;[32muser clicks on sub-menu &amp#27;[0m&amp#27;[32m&amp#27;[1m"Culture Reagent"&amp#27;[0m                                         &amp#27;[90m# stepDefinition.GeneralStep.user_clicks_on_sub_menu(java.lang.String)&amp#27;[0m
  &amp#27;[32mThen &amp#27;[0m&amp#27;[32muser is navigated to &amp#27;[0m&amp#27;[32m&amp#27;[1m"Culture Reagent"&amp#27;[0m&amp#27;[32m page&amp#27;[0m                                      &amp#27;[90m# stepDefinition.GeneralStep.user_is_navigated_to_page(java.lang.String)&amp#27;[0m
  &amp#27;[32mWhen &amp#27;[0m&amp#27;[32muser clicks on &amp#27;[0m&amp#27;[32m&amp#27;[1m"create"&amp#27;[0m&amp#27;[32m button&amp#27;[0m                                                   &amp#27;[90m# stepDefinition.GeneralStep.user_clicks_on_button(java.lang.String)&amp#27;[0m
  &amp#27;[32mThen &amp#27;[0m&amp#27;[32muser is navigated to &amp#27;[0m&amp#27;[32m&amp#27;[1m"Create Culture Reagent"&amp#27;[0m&amp#27;[32m page&amp#27;[0m                               &amp#27;[90m# stepDefinition.GeneralStep.user_is_navigated_to_page(java.lang.String)&amp#27;[0m
  &amp#27;[32mWhen &amp#27;[0m&amp#27;[32muser &amp#27;[0m&amp#27;[32m&amp#27;[1m"type"&amp#27;[0m&amp#27;[32m &amp#27;[0m&amp#27;[32m&amp#27;[1m"Reagent 7 Culture"&amp#27;[0m&amp#27;[32m in &amp#27;[0m&amp#27;[32m&amp#27;[1m"name"&amp#27;[0m&amp#27;[32m textbox&amp#27;[0m                                &amp#27;[90m# stepDefinition.GeneralStep.user_in_textbox(java.lang.String,java.lang.String,java.lang.String)&amp#27;[0m
  &amp#27;[32mThen &amp#27;[0m&amp#27;[32mtextbox &amp#27;[0m&amp#27;[32m&amp#27;[1m"name"&amp#27;[0m&amp#27;[32m will fill by &amp#27;[0m&amp#27;[32m&amp#27;[1m"Reagent 7 Culture"&amp#27;[0m                                  &amp#27;[90m# stepDefinition.GeneralStep.textbox_will_fill_by(java.lang.String,java.lang.String)&amp#27;[0m
  &amp#27;[32mWhen &amp#27;[0m&amp#27;[32muser &amp#27;[0m&amp#27;[32m&amp#27;[1m"type"&amp#27;[0m&amp#27;[32m &amp#27;[0m&amp#27;[32m&amp#27;[1m"create culture reagent 7"&amp#27;[0m&amp#27;[32m in &amp#27;[0m&amp#27;[32m&amp#27;[1m"notes"&amp#27;[0m&amp#27;[32m textbox&amp#27;[0m                        &amp#27;[90m# stepDefinition.GeneralStep.user_in_textbox(java.lang.String,java.lang.String,java.lang.String)&amp#27;[0m
  &amp#27;[32mThen &amp#27;[0m&amp#27;[32mtextbox &amp#27;[0m&amp#27;[32m&amp#27;[1m"notes"&amp#27;[0m&amp#27;[32m will fill by &amp#27;[0m&amp#27;[32m&amp#27;[1m"create culture reagent 7"&amp#27;[0m                          &amp#27;[90m# stepDefinition.GeneralStep.textbox_will_fill_by(java.lang.String,java.lang.String)&amp#27;[0m
  &amp#27;[32mWhen &amp#27;[0m&amp#27;[32muser select reagent compotition &amp#27;[0m&amp#27;[32m&amp#27;[1m"DMEM High Glucose"&amp#27;[0m&amp#27;[32m and type &amp#27;[0m&amp#27;[32m&amp#27;[1m"100"&amp#27;[0m&amp#27;[32m in persentage&amp#27;[0m &amp#27;[90m# stepDefinition.Reagent.ReagentCulturePageStep.user_select_reagent_compotition_and_type_in_persentage(java.lang.String,java.lang.String)&amp#27;[0m
  &amp#27;[32mThen &amp#27;[0m&amp#27;[32mcomposition reagent selected is &amp#27;[0m&amp#27;[32m&amp#27;[1m"DMEM High Glucose"&amp#27;[0m                              &amp#27;[90m# stepDefinition.Reagent.ReagentCulturePageStep.composition_reagent_selected_is(java.lang.String)&amp#27;[0m
  &amp#27;[32mAnd &amp#27;[0m&amp#27;[32maccepted total volume of reagent is &amp#27;[0m&amp#27;[32m&amp#27;[1m"100"&amp#27;[0m                                         &amp#27;[90m# stepDefinition.Reagent.ReagentCulturePageStep.accepted_total_volume_of_reagent_is(java.lang.String)&amp#27;[0m
  &amp#27;[32mWhen &amp#27;[0m&amp#27;[32muser clicks on &amp#27;[0m&amp#27;[32m&amp#27;[1m"save"&amp#27;[0m&amp#27;[32m button&amp#27;[0m                                                     &amp#27;[90m# stepDefinition.GeneralStep.user_clicks_on_button(java.lang.String)&amp#27;[0m
  &amp#27;[32mThen &amp#27;[0m&amp#27;[32mnotification &amp#27;[0m&amp#27;[32m&amp#27;[1m"Success"&amp#27;[0m&amp#27;[32m and &amp#27;[0m&amp#27;[32m&amp#27;[1m"Culture Reagent has been created"&amp#27;[0m&amp#27;[32m is displayed&amp#27;[0m       &amp#27;[90m# stepDefinition.GeneralStep.notification_and_is_displayed(java.lang.String,java.lang.String)&amp#27;[0m
  &amp#27;[32mAnd &amp#27;[0m&amp#27;[32mthere is &amp#27;[0m&amp#27;[32m&amp#27;[1m"new"&amp#27;[0m&amp#27;[32m item &amp#27;[0m&amp#27;[32m&amp#27;[1m"Reagent 7 Culture"&amp#27;[0m&amp#27;[32m created in table&amp#27;[0m                          &amp#27;[90m# stepDefinition.GeneralStep.there_is_item_created_in_table(java.lang.String,java.lang.String)&amp#27;[0m
  &amp#27;[32mWhen &amp#27;[0m&amp#27;[32muser clicks on &amp#27;[0m&amp#27;[32m&amp#27;[1m"create"&amp#27;[0m&amp#27;[32m button&amp#27;[0m                                                   &amp#27;[90m# stepDefinition.GeneralStep.user_clicks_on_button(java.lang.String)&amp#27;[0m
  &amp#27;[32mThen &amp#27;[0m&amp#27;[32muser is navigated to &amp#27;[0m&amp#27;[32m&amp#27;[1m"Create Culture Reagent"&amp#27;[0m&amp#27;[32m page&amp#27;[0m                               &amp#27;[90m# stepDefinition.GeneralStep.user_is_navigated_to_page(java.lang.String)&amp#27;[0m
  &amp#27;[32mWhen &amp#27;[0m&amp#27;[32muser &amp#27;[0m&amp#27;[32m&amp#27;[1m"type"&amp#27;[0m&amp#27;[32m &amp#27;[0m&amp#27;[32m&amp#27;[1m"Reagent 8 Culture"&amp#27;[0m&amp#27;[32m in &amp#27;[0m&amp#27;[32m&amp#27;[1m"name"&amp#27;[0m&amp#27;[32m textbox&amp#27;[0m                                &amp#27;[90m# stepDefinition.GeneralStep.user_in_textbox(java.lang.String,java.lang.String,java.lang.String)&amp#27;[0m
  &amp#27;[32mThen &amp#27;[0m&amp#27;[32mtextbox &amp#27;[0m&amp#27;[32m&amp#27;[1m"name"&amp#27;[0m&amp#27;[32m will fill by &amp#27;[0m&amp#27;[32m&amp#27;[1m"Reagent 8 Culture"&amp#27;[0m                                  &amp#27;[90m# stepDefinition.GeneralStep.textbox_will_fill_by(java.lang.String,java.lang.String)&amp#27;[0m
  &amp#27;[32mWhen &amp#27;[0m&amp#27;[32muser &amp#27;[0m&amp#27;[32m&amp#27;[1m"type"&amp#27;[0m&amp#27;[32m &amp#27;[0m&amp#27;[32m&amp#27;[1m"create culture reagent 8"&amp#27;[0m&amp#27;[32m in &amp#27;[0m&amp#27;[32m&amp#27;[1m"notes"&amp#27;[0m&amp#27;[32m textbox&amp#27;[0m                        &amp#27;[90m# stepDefinition.GeneralStep.user_in_textbox(java.lang.String,java.lang.String,java.lang.String)&amp#27;[0m
  &amp#27;[32mThen &amp#27;[0m&amp#27;[32mtextbox &amp#27;[0m&amp#27;[32m&amp#27;[1m"notes"&amp#27;[0m&amp#27;[32m will fill by &amp#27;[0m&amp#27;[32m&amp#27;[1m"create culture reagent 8"&amp#27;[0m                          &amp#27;[90m# stepDefinition.GeneralStep.textbox_will_fill_by(java.lang.String,java.lang.String)&amp#27;[0m
  &amp#27;[32mWhen &amp#27;[0m&amp#27;[32muser select reagent compotition &amp#27;[0m&amp#27;[32m&amp#27;[1m"DMEM High Glucose"&amp#27;[0m&amp#27;[32m and type &amp#27;[0m&amp#27;[32m&amp#27;[1m"100"&amp#27;[0m&amp#27;[32m in persentage&amp#27;[0m &amp#27;[90m# stepDefinition.Reagent.ReagentCulturePageStep.user_select_reagent_compotition_and_type_in_persentage(java.lang.String,java.lang.String)&amp#27;[0m
  &amp#27;[32mThen &amp#27;[0m&amp#27;[32mcomposition reagent selected is &amp#27;[0m&amp#27;[32m&amp#27;[1m"DMEM High Glucose"&amp#27;[0m                              &amp#27;[90m# stepDefinition.Reagent.ReagentCulturePageStep.composition_reagent_selected_is(java.lang.String)&amp#27;[0m
  &amp#27;[32mAnd &amp#27;[0m&amp#27;[32maccepted total volume of reagent is &amp#27;[0m&amp#27;[32m&amp#27;[1m"100"&amp#27;[0m                                         &amp#27;[90m# stepDefinition.Reagent.ReagentCulturePageStep.accepted_total_volume_of_reagent_is(java.lang.String)&amp#27;[0m
  &amp#27;[32mWhen &amp#27;[0m&amp#27;[32muser clicks on &amp#27;[0m&amp#27;[32m&amp#27;[1m"save"&amp#27;[0m&amp#27;[32m button&amp#27;[0m                                                     &amp#27;[90m# stepDefinition.GeneralStep.user_clicks_on_button(java.lang.String)&amp#27;[0m
  &amp#27;[32mThen &amp#27;[0m&amp#27;[32mnotification &amp#27;[0m&amp#27;[32m&amp#27;[1m"Success"&amp#27;[0m&amp#27;[32m and &amp#27;[0m&amp#27;[32m&amp#27;[1m"Culture Reagent has been created"&amp#27;[0m&amp#27;[32m is displayed&amp#27;[0m       &amp#27;[90m# stepDefinition.GeneralStep.notification_and_is_displayed(java.lang.String,java.lang.String)&amp#27;[0m
  &amp#27;[32mAnd &amp#27;[0m&amp#27;[32mthere is &amp#27;[0m&amp#27;[32m&amp#27;[1m"new"&amp#27;[0m&amp#27;[32m item &amp#27;[0m&amp#27;[32m&amp#27;[1m"Reagent 8 Culture"&amp#27;[0m&amp#27;[32m created in table&amp#27;[0m                          &amp#27;[90m# stepDefinition.GeneralStep.there_is_item_created_in_table(java.lang.String,java.lang.String)&amp#27;[0m
  &amp#27;[32mWhen &amp#27;[0m&amp#27;[32muser clicks on &amp#27;[0m&amp#27;[32m&amp#27;[1m"create"&amp#27;[0m&amp#27;[32m button&amp#27;[0m                                                   &amp#27;[90m# stepDefinition.GeneralStep.user_clicks_on_button(java.lang.String)&amp#27;[0m
  &amp#27;[32mThen &amp#27;[0m&amp#27;[32muser is navigated to &amp#27;[0m&amp#27;[32m&amp#27;[1m"Create Culture Reagent"&amp#27;[0m&amp#27;[32m page&amp#27;[0m                               &amp#27;[90m# stepDefinition.GeneralStep.user_is_navigated_to_page(java.lang.String)&amp#27;[0m
  &amp#27;[32mWhen &amp#27;[0m&amp#27;[32muser &amp#27;[0m&amp#27;[32m&amp#27;[1m"type"&amp#27;[0m&amp#27;[32m &amp#27;[0m&amp#27;[32m&amp#27;[1m"Reagent 9 Culture"&amp#27;[0m&amp#27;[32m in &amp#27;[0m&amp#27;[32m&amp#27;[1m"name"&amp#27;[0m&amp#27;[32m textbox&amp#27;[0m                                &amp#27;[90m# stepDefinition.GeneralStep.user_in_textbox(java.lang.String,java.lang.String,java.lang.String)&amp#27;[0m
  &amp#27;[32mThen &amp#27;[0m&amp#27;[32mtextbox &amp#27;[0m&amp#27;[32m&amp#27;[1m"name"&amp#27;[0m&amp#27;[32m will fill by &amp#27;[0m&amp#27;[32m&amp#27;[1m"Reagent 9 Culture"&amp#27;[0m                                  &amp#27;[90m# stepDefinition.GeneralStep.textbox_will_fill_by(java.lang.String,java.lang.String)&amp#27;[0m
  &amp#27;[32mWhen &amp#27;[0m&amp#27;[32muser &amp#27;[0m&amp#27;[32m&amp#27;[1m"type"&amp#27;[0m&amp#27;[32m &amp#27;[0m&amp#27;[32m&amp#27;[1m"create culture reagent 9"&amp#27;[0m&amp#27;[32m in &amp#27;[0m&amp#27;[32m&amp#27;[1m"notes"&amp#27;[0m&amp#27;[32m t
Trypan-Blue
Amphotericin B
DMEM Low Glucose
RPMI 1640
Penicillin-Streptomycin
FBS Heat Inactivated
Trypsin
DMEM High Glucose
]]></system-out>
    <system-err><![CDATA[[main] INFO io.github.bonigarcia.wdm.WebDriverManager - Using chromedriver 104.0.5112.79 (resolved driver for Chrome 104)
[main] INFO io.github.bonigarcia.wdm.WebDriverManager - Exporting webdriver.chrome.driver as C:\Users\smith\.cache\selenium\chromedriver\win32\104.0.5112.79\chromedriver.exe
Starting ChromeDriver 104.0.5112.79 (3cf3e8c8a07d104b9e1260c910efb8f383285dc5-refs/branch-heads/5112@{#1307}) on port 65450
Only local connections are allowed.
Please see https://chromedriver.chromium.org/security-considerations for suggestions on keeping ChromeDriver safe.
ChromeDriver was started successfully.
Aug 23, 2022 8:23:28 PM org.openqa.selenium.remote.ProtocolHandshake createSession
INFO: Detected upstream dialect: W3C
Aug 23, 2022 8:23:29 PM org.openqa.selenium.devtools.CdpVersionFinder findNearestMatch
WARNING: Unable to find an exact match for CDP version 104, so returning the closest version found: 103
Aug 23, 2022 8:23:29 PM org.openqa.selenium.devtools.CdpVersionFinder findNearestMatch
INFO: Found CDP implementation for version 104 of 103
]]></system-err>
  </testcase>
  <testcase name="user create new culture reagent item" classname="CC-1102:Create new Culture Reagent" time="12.549">
    <system-out><![CDATA[browser value is: chrome

Trypan-Blue
Amphotericin B
DMEM Low Glucose
RPMI 1640
Penicillin-Streptomycin
FBS Heat Inactivated
Trypsin
DMEM High Glucose
]]></system-out>
    <system-err><![CDATA[[main] INFO io.github.bonigarcia.wdm.WebDriverManager - Using chromedriver 104.0.5112.79 (resolved driver for Chrome 104)
[main] INFO io.github.bonigarcia.wdm.WebDriverManager - Exporting webdriver.chrome.driver as C:\Users\smith\.cache\selenium\chromedriver\win32\104.0.5112.79\chromedriver.exe
Starting ChromeDriver 104.0.5112.79 (3cf3e8c8a07d104b9e1260c910efb8f383285dc5-refs/branch-heads/5112@{#1307}) on port 53548
Only local connections are allowed.
Please see https://chromedriver.chromium.org/security-considerations for suggestions on keeping ChromeDriver safe.
ChromeDriver was started successfully.
Aug 23, 2022 8:23:52 PM org.openqa.selenium.remote.ProtocolHandshake createSession
INFO: Detected upstream dialect: W3C
Aug 23, 2022 8:23:52 PM org.openqa.selenium.devtools.CdpVersionFinder findNearestMatch
WARNING: Unable to find an exact match for CDP version 104, so returning the closest version found: 103
Aug 23, 2022 8:23:52 PM org.openqa.selenium.devtools.CdpVersionFinder findNearestMatch
INFO: Found CDP implementation for version 104 of 103
]]></system-err>
  </testcase>
  <testcase name="Select and Delete an Culture reagent item" classname="CC-1110:Delete One Culture Reagent" time="13.534">
    <system-out><![CDATA[browser value is: chrome

Reagent 10 Culture
extbox&amp#27;[0m                        &amp#27;[90m# stepDefinition.GeneralStep.user_in_textbox(java.lang.String,java.lang.String,java.lang.String)&amp#27;[0m
  &amp#27;[32mThen &amp#27;[0m&amp#27;[32mtextbox &amp#27;[0m&amp#27;[32m&amp#27;[1m"notes"&amp#27;[0m&amp#27;[32m will fill by &amp#27;[0m&amp#27;[32m&amp#27;[1m"create culture reagent 9"&amp#27;[0m                          &amp#27;[90m# stepDefinition.GeneralStep.textbox_will_fill_by(java.lang.String,java.lang.String)&amp#27;[0m
  &amp#27;[32mWhen &amp#27;[0m&amp#27;[32muser select reagent compotition &amp#27;[0m&amp#27;[32m&amp#27;[1m"DMEM High Glucose"&amp#27;[0m&amp#27;[32m and type &amp#27;[0m&amp#27;[32m&amp#27;[1m"100"&amp#27;[0m&amp#27;[32m in persentage&amp#27;[0m &amp#27;[90m# stepDefinition.Reagent.ReagentCulturePageStep.user_select_reagent_compotition_and_type_in_persentage(java.lang.String,java.lang.String)&amp#27;[0m
  &amp#27;[32mThen &amp#27;[0m&amp#27;[32mcomposition reagent selected is &amp#27;[0m&amp#27;[32m&amp#27;[1m"DMEM High Glucose"&amp#27;[0m                              &amp#27;[90m# stepDefinition.Reagent.ReagentCulturePageStep.composition_reagent_selected_is(java.lang.String)&amp#27;[0m
  &amp#27;[32mAnd &amp#27;[0m&amp#27;[32maccepted total volume of reagent is &amp#27;[0m&amp#27;[32m&amp#27;[1m"100"&amp#27;[0m                                         &amp#27;[90m# stepDefinition.Reagent.ReagentCulturePageStep.accepted_total_volume_of_reagent_is(java.lang.String)&amp#27;[0m
  &amp#27;[32mWhen &amp#27;[0m&amp#27;[32muser clicks on &amp#27;[0m&amp#27;[32m&amp#27;[1m"save"&amp#27;[0m&amp#27;[32m button&amp#27;[0m                                                     &amp#27;[90m# stepDefinition.GeneralStep.user_clicks_on_button(java.lang.String)&amp#27;[0m
  &amp#27;[32mThen &amp#27;[0m&amp#27;[32mnotification &amp#27;[0m&amp#27;[32m&amp#27;[1m"Success"&amp#27;[0m&amp#27;[32m and &amp#27;[0m&amp#27;[32m&amp#27;[1m"Culture Reagent has been created"&amp#27;[0m&amp#27;[32m is displayed&amp#27;[0m       &amp#27;[90m# stepDefinition.GeneralStep.notification_and_is_displayed(java.lang.String,java.lang.String)&amp#27;[0m
  &amp#27;[32mAnd &amp#27;[0m&amp#27;[32mthere is &amp#27;[0m&amp#27;[32m&amp#27;[1m"new"&amp#27;[0m&amp#27;[32m item &amp#27;[0m&amp#27;[32m&amp#27;[1m"Reagent 9 Culture"&amp#27;[0m&amp#27;[32m created in table&amp#27;[0m                          &amp#27;[90m# stepDefinition.GeneralStep.there_is_item_created_in_table(java.lang.String,java.lang.String)&amp#27;[0m

@reagentculture @CC-1102_Create_new_Culture_Reagent
Scenario: user create new culture reagent item                                          &amp#27;[90m# src/test/resources/features/Culture Reagent/Create Culture Reagent/CC-1102 Create new Culture Reagent.feature:16&amp#27;[0m
  &amp#27;[32mGiven &amp#27;[0m&amp#27;[32muser has already logged in to application with this credentials&amp#27;[0m                 &amp#27;[90m# stepDefinition.LoginPageStep.user_has_already_logged_in_to_application_with_this_credentials(io.cucumber.datatable.DataTable)&amp#27;[0m
    | username | password |
    | admin    | admin    |
  &amp#27;[32mAnd &amp#27;[0m&amp#27;[32muser is navigated to &amp#27;[0m&amp#27;[32m&amp#27;[1m"Dashboard"&amp#27;[0m&amp#27;[32m page&amp#27;[0m                                             &amp#27;[90m# stepDefinition.GeneralStep.user_is_navigated_to_page(java.lang.String)&amp#27;[0m
  &amp#27;[32mWhen &amp#27;[0m&amp#27;[32muser clicks on menu &amp#27;[0m&amp#27;[32m&amp#27;[1m"Reagent"&amp#27;[0m                                                    &amp#27;[90m# stepDefinition.GeneralStep.user_clicks_on_menu(java.lang.String)&amp#27;[0m
  &amp#27;[32mAnd &amp#27;[0m&amp#27;[32muser clicks on sub-menu &amp#27;[0m&amp#27;[32m&amp#27;[1m"Culture Reagent"&amp#27;[0m                                         &amp#27;[90m# stepDefinition.GeneralStep.user_clicks_on_sub_menu(java.lang.String)&amp#27;[0m
  &amp#27;[32mThen &amp#27;[0m&amp#27;[32muser is navigated to &amp#27;[0m&amp#27;[32m&amp#27;[1m"Culture Reagent"&amp#27;[0m&amp#27;[32m page&amp#27;[0m                                      &amp#27;[90m# stepDefinition.GeneralStep.user_is_navigated_to_page(java.lang.String)&amp#27;[0m
  &amp#27;[32mWhen &amp#27;[0m&amp#27;[32muser clicks on &amp#27;[0m&amp#27;[32m&amp#27;[1m"create"&amp#27;[0m&amp#27;[32m button&amp#27;[0m                                                   &amp#27;[90m# stepDefinition.GeneralStep.user_clicks_on_button(java.lang.String)&amp#27;[0m
  &amp#27;[32mThen &amp#27;[0m&amp#27;[32muser is navigated to &amp#27;[0m&amp#27;[32m&amp#27;[1m"Create Culture Reagent"&amp#27;[0m&amp#27;[32m page&amp#27;[0m                               &amp#27;[90m# stepDefinition.GeneralStep.user_is_navigated_to_page(java.lang.String)&amp#27;[0m
  &amp#27;[32mWhen &amp#27;[0m&amp#27;[32muser &amp#27;[0m&amp#27;[32m&amp#27;[1m"type"&amp#27;[0m&amp#27;[32m &amp#27;[0m&amp#27;[32m&amp#27;[1m"Reagent 10 Culture"&amp#27;[0m&amp#27;[32m in &amp#27;[0m&amp#27;[32m&amp#27;[1m"name"&amp#27;[0m&amp#27;[32m textbox&amp#27;[0m                               &amp#27;[90m# stepDefinition.GeneralStep.user_in_textbox(java.lang.String,java.lang.String,java.lang.String)&amp#27;[0m
  &amp#27;[32mThen &amp#27;[0m&amp#27;[32mtextbox &amp#27;[0m&amp#27;[32m&amp#27;[1m"name"&amp#27;[0m&amp#27;[32m will fill by &amp#27;[0m&amp#27;[32m&amp#27;[1m"Reagent 10 Culture"&amp#27;[0m                                 &amp#27;[90m# stepDefinition.GeneralStep.textbox_will_fill_by(java.lang.String,java.lang.String)&amp#27;[0m
  &amp#27;[32mWhen &amp#27;[0m&amp#27;[32muser &amp#27;[0m&amp#27;[32m&amp#27;[1m"type"&amp#27;[0m&amp#27;[32m &amp#27;[0m&amp#27;[32m&amp#27;[1m"create culture reagent 10"&amp#27;[0m&amp#27;[32m in &amp#27;[0m&amp#27;[32m&amp#27;[1m"notes"&amp#27;[0m&amp#27;[32m textbox&amp#27;[0m                       &amp#27;[90m# stepDefinition.GeneralStep.user_in_textbox(java.lang.String,java.lang.String,java.lang.String)&amp#27;[0m
  &amp#27;[32mThen &amp#27;[0m&amp#27;[32mtextbox &amp#27;[0m&amp#27;[32m&amp#27;[1m"notes"&amp#27;[0m&amp#27;[32m will fill by &amp#27;[0m&amp#27;[32m&amp#27;[1m"create culture reagent 10"&amp#27;[0m                         &amp#27;[90m# stepDefinition.GeneralStep.textbox_will_fill_by(java.lang.String,java.lang.String)&amp#27;[0m
  &amp#27;[32mWhen &amp#27;[0m&amp#27;[32muser select reagent compotition &amp#27;[0m&amp#27;[32m&amp#27;[1m"DMEM High Glucose"&amp#27;[0m&amp#27;[32m and type &amp#27;[0m&amp#27;[32m&amp#27;[1m"100"&amp#27;[0m&amp#27;[32m in persentage&amp#27;[0m &amp#27;[90m# stepDefinition.Reagent.ReagentCulturePageStep.user_select_reagent_compotition_and_type_in_persentage(java.lang.String,java.lang.String)&amp#27;[0m
  &amp#27;[32mThen &amp#27;[0m&amp#27;[32mcomposition reagent selected is &amp#27;[0m&amp#27;[32m&amp#27;[1m"DMEM High Glucose"&amp#27;[0m                              &amp#27;[90m# stepDefinition.Reagent.ReagentCulturePageStep.composition_reagent_selected_is(java.lang.String)&amp#27;[0m
  &amp#27;[32mAnd &amp#27;[0m&amp#27;[32maccepted total volume of reagent is &amp#27;[0m&amp#27;[32m&amp#27;[1m"100"&amp#27;[0m                                         &amp#27;[90m# stepDefinition.Reagent.ReagentCulturePageStep.accepted_total_volume_of_reagent_is(java.lang.String)&amp#27;[0m
  &amp#27;[32mWhen &amp#27;[0m&amp#27;[32muser clicks on &amp#27;[0m&amp#27;[32m&amp#27;[1m"save"&amp#27;[0m&amp#27;[32m button&amp#27;[0m                                                     &amp#27;[90m# stepDefinition.GeneralStep.user_clicks_on_button(java.lang.String)&amp#27;[0m
  &amp#27;[32mThen &amp#27;[0m&amp#27;[32mnotification &amp#27;[0m&amp#27;[32m&amp#27;[1m"Success"&amp#27;[0m&amp#27;[32m and &amp#27;[0m&amp#27;[32m&amp#27;[1m"Culture Reagent has been created"&amp#27;[0m&amp#27;[32m is displayed&amp#27;[0m       &amp#27;[90m# stepDefinition.GeneralStep.notification_and_is_displayed(java.lang.String,java.lang.String)&amp#27;[0m
  &amp#27;[32mAnd &amp#27;[0m&amp#27;[32mthere is &amp#27;[0m&amp#27;[32m&amp#27;[1m"new"&amp#27;[0m&amp#27;[32m item &amp#27;[0m&amp#27;[32m&amp#27;[1m"Reagent 10 Culture"&amp#27;[0m&amp#27;[32m created in table&amp#27;[0m                         &amp#27;[90m# stepDefinition.GeneralStep.there_is_item_created_in_table(java.lang.String,java.lang.String)&amp#27;[0m

@reagentculture @CC-1110_Delete_One_Culture_Reagent
Scenario: Select and Delete an Culture reagent item                                &amp#27;[90m# src/test/resources/features/Culture Reagent/Delete Culture Reagent/CC-1110 Delete One Culture Reagent.feature:17&amp#27;[0m
  &amp#27;[32mGiven &amp#27;[0m&amp#27;[32muser has already logged in to application with this credentials&amp#27;[0m            &amp#27;[90m# stepDefinition.LoginPageStep.user_has_already_logged_in_to_application_with_this_credentials(io.cucumber.datatable.DataTable)&amp#27;[0m
    | username | password |
    | admin    | admin    |
  &amp#27;[32mAnd &amp#27;[0m&amp#27;[32muser is navigated to &amp#27;[0m&amp#27;[32m&amp#27;[1m"Dashboard"&amp#27;[0m&amp#27;[32m page&amp#27;[0m                                        &amp#27;[90m# stepDefinition.GeneralStep.user_is_navigated_to_page(java.lang.String)&amp#27;[0m
  &amp#27;[32mWhen &amp#27;[0m&amp#27;[32muser clicks on menu &amp#27;[0m&amp#27;[32m&amp#27;[1m"Reagent"&amp#27;[0m                                               &amp#27;[90m# stepDefinition.GeneralStep.user_clicks_on_menu(java.lang.String)&amp#27;[0m
  &amp#27;[32mAnd &amp#27;[0m&amp#27;[32muser clicks on sub-menu &amp#27;[0m&amp#27;[32m&amp#27;[1m"Culture Reagent"&amp#27;[0m                                    &amp#27;[90m# stepDefinition.GeneralStep.user_clicks_on_sub_menu(java.lang.String)&amp#27;[0m
  &amp#27;[32mThen &amp#27;[0m&amp#27;[32muser is navigated to &amp#27;[0m&amp#27;[32m&amp#27;[1m"Culture Reagent"&amp#27;[0m&amp#27;[32m page&amp#27;[0m                                 &amp#27;[90m# stepDefinition.GeneralStep.user_is_navigated_to_page(java.lang.String)&amp#27;[0m
  &amp#27;[32mAnd &amp#27;[0m&amp#27;[32m&amp#27;[0m&amp#27;[32m&amp#27;[1m"Reagent 10 Culture"&amp#27;[0m&amp#27;[32m items is &amp#27;[0m&amp#27;[32m&amp#27;[1m"already"&amp#27;[0m&amp#27;[32m exist&amp#27;[0m                                &amp#27;[90m# stepDefinition.GeneralStep.items_is_exist(java.lang.String,java.lang.String)&amp#27;[0m
  &amp#27;[32mWhen &amp#27;[0m&amp#27;[32muser select an item &amp#27;[0m&amp#27;[32m&amp#27;[1m"Reagent 10 Culture"&amp#27;[0m&amp#27;[32m by check the checkbox&amp#27;[0m              &amp#27;[90m# stepDefinition.GeneralStep.user_select_an_item_by_check_the_checkbox(java.lang.String)&amp#27;[0m
  &amp#27;[32mThen &amp#27;[0m&amp#27;[32mitem &amp#27;[0m&amp#27;[32m&amp#27;[1m"Reagent 10 Culture"&amp#27;[0m&amp#27;[32m is checked&amp#27;[0m                                        &amp#27;[90m# stepDefinition.GeneralStep.item_is_checked(java.lang.String)&amp#27;[0m
  &amp#27;[32mAnd &amp#27;[0m&amp#27;[32micon &amp#27;[0m&amp#27;[32m&amp#27;[1m"delete"&amp#27;[0m&amp#27;[32m is enabled i
Reagent 9 Culture
Reagent 8 Culture
Reagent 7 Culture
Trypan-Blue
Amphotericin B
D-10
Complete DMEM
RPMI 1640
DMEM FBS 10
DMEM High Glucose
Trypsin
FBS Heat Inactivated

]]></system-out>
    <system-err><![CDATA[[main] INFO io.github.bonigarcia.wdm.WebDriverManager - Using chromedriver 104.0.5112.79 (resolved driver for Chrome 104)
[main] INFO io.github.bonigarcia.wdm.WebDriverManager - Exporting webdriver.chrome.driver as C:\Users\smith\.cache\selenium\chromedriver\win32\104.0.5112.79\chromedriver.exe
Starting ChromeDriver 104.0.5112.79 (3cf3e8c8a07d104b9e1260c910efb8f383285dc5-refs/branch-heads/5112@{#1307}) on port 61185
Only local connections are allowed.
Please see https://chromedriver.chromium.org/security-considerations for suggestions on keeping ChromeDriver safe.
ChromeDriver was started successfully.
Aug 23, 2022 8:24:04 PM org.openqa.selenium.remote.ProtocolHandshake createSession
INFO: Detected upstream dialect: W3C
Aug 23, 2022 8:24:04 PM org.openqa.selenium.devtools.CdpVersionFinder findNearestMatch
WARNING: Unable to find an exact match for CDP version 104, so returning the closest version found: 103
Aug 23, 2022 8:24:04 PM org.openqa.selenium.devtools.CdpVersionFinder findNearestMatch
INFO: Found CDP implementation for version 104 of 103
[AsyncHttpClient-1-2] WARN org.asynchttpclient.netty.handler.WebSocketHandler - onError
java.net.SocketException: Connection reset
	at java.base/sun.nio.ch.SocketChannelImpl.throwConnectionReset(SocketChannelImpl.java:394)
	at java.base/sun.nio.ch.SocketChannelImpl.read(SocketChannelImpl.java:426)
	at io.netty.buffer.PooledByteBuf.setBytes(PooledByteBuf.java:258)
	at io.netty.buffer.AbstractByteBuf.writeBytes(AbstractByteBuf.java:1132)
	at io.netty.channel.socket.nio.NioSocketChannel.doReadBytes(NioSocketChannel.java:357)
	at io.netty.channel.nio.AbstractNioByteChannel$NioByteUnsafe.read(AbstractNioByteChannel.java:151)
	at io.netty.channel.nio.NioEventLoop.processSelectedKey(NioEventLoop.java:722)
	at io.netty.channel.nio.NioEventLoop.processSelectedKeysOptimized(NioEventLoop.java:658)
	at io.netty.channel.nio.NioEventLoop.processSelectedKeys(NioEventLoop.java:584)
	at io.netty.channel.nio.NioEventLoop.run(NioEventLoop.java:496)
	at io.netty.util.concurrent.SingleThreadEventExecutor$4.run(SingleThreadEventExecutor.java:997)
	at io.netty.util.internal.ThreadExecutorMap$2.run(ThreadExecutorMap.java:74)
	at io.netty.util.concurrent.FastThreadLocalRunnable.run(FastThreadLocalRunnable.java:30)
	at java.base/java.lang.Thread.run(Thread.java:833)
Aug 23, 2022 8:24:15 PM org.openqa.selenium.remote.http.WebSocket$Listener onError
WARNING: Connection reset
java.net.SocketException: Connection reset
	at java.base/sun.nio.ch.SocketChannelImpl.throwConnectionReset(SocketChannelImpl.java:394)
	at java.base/sun.nio.ch.SocketChannelImpl.read(SocketChannelImpl.java:426)
	at io.netty.buffer.PooledByteBuf.setBytes(PooledByteBuf.java:258)
	at io.netty.buffer.AbstractByteBuf.writeBytes(AbstractByteBuf.java:1132)
	at io.netty.channel.socket.nio.NioSocketChannel.doReadBytes(NioSocketChannel.java:357)
	at io.netty.channel.nio.AbstractNioByteChannel$NioByteUnsafe.read(AbstractNioByteChannel.java:151)
	at io.netty.channel.nio.NioEventLoop.processSelectedKey(NioEventLoop.java:722)
	at io.netty.channel.nio.NioEventLoop.processSelectedKeysOptimized(NioEventLoop.java:658)
	at io.netty.channel.nio.NioEventLoop.processSelectedKeys(NioEventLoop.java:584)
	at io.netty.channel.nio.NioEventLoop.run(NioEventLoop.java:496)
	at io.netty.util.concurrent.SingleThreadEventExecutor$4.run(SingleThreadEventExecutor.java:997)
	at io.netty.util.internal.ThreadExecutorMap$2.run(ThreadExecutorMap.java:74)
	at io.netty.util.concurrent.FastThreadLocalRunnable.run(FastThreadLocalRunnable.java:30)
	at java.base/java.lang.Thread.run(Thread.java:833)

]]></system-err>
  </testcase>
  <testcase name="Select and Edit multiple culture reagent item" classname="CC-1131: Edit Multiple Culture Reagent Item" time="30.211">
    <failure type="java.lang.AssertionError"><![CDATA[java.lang.AssertionError
]]></failure>
    <system-out><![CDATA[browser value is: chrome

n page&amp#27;[0m                                             &amp#27;[90m# stepDefinition.GeneralStep.icon_is_enabled_in_page(java.lang.String)&amp#27;[0m
  &amp#27;[32mWhen &amp#27;[0m&amp#27;[32muser clicks on &amp#27;[0m&amp#27;[32m&amp#27;[1m"delete"&amp#27;[0m&amp#27;[32m icon&amp#27;[0m                                                &amp#27;[90m# stepDefinition.GeneralStep.user_clicks_on_icon(java.lang.String)&amp#27;[0m
  &amp#27;[32mThen &amp#27;[0m&amp#27;[32mmodal &amp#27;[0m&amp#27;[32m&amp#27;[1m"Delete Culture Reagent"&amp#27;[0m&amp#27;[32m confirmation is displayed&amp#27;[0m                    &amp#27;[90m# stepDefinition.GeneralStep.modal_confirmation_is_displayed(java.lang.String)&amp#27;[0m
  &amp#27;[32mWhen &amp#27;[0m&amp#27;[32muser clicks on &amp#27;[0m&amp#27;[32m&amp#27;[1m"OK"&amp#27;[0m&amp#27;[32m button in modal&amp#27;[0m                                         &amp#27;[90m# stepDefinition.GeneralStep.user_clicks_on_button_in_modal(java.lang.String)&amp#27;[0m
  &amp#27;[32mThen &amp#27;[0m&amp#27;[32mnotification &amp#27;[0m&amp#27;[32m&amp#27;[1m"Success"&amp#27;[0m&amp#27;[32m and &amp#27;[0m&amp#27;[32m&amp#27;[1m"Culture Reagents has been deleted"&amp#27;[0m&amp#27;[32m is displayed&amp#27;[0m &amp#27;[90m# stepDefinition.GeneralStep.notification_and_is_displayed(java.lang.String,java.lang.String)&amp#27;[0m
  &amp#27;[32mAnd &amp#27;[0m&amp#27;[32m&amp#27;[0m&amp#27;[32m&amp#27;[1m"Reagent 10 Culture"&amp#27;[0m&amp#27;[32m items is &amp#27;[0m&amp#27;[32m&amp#27;[1m"not"&amp#27;[0m&amp#27;[32m exist&amp#27;[0m                                    &amp#27;[90m# stepDefinition.GeneralStep.items_is_exist(java.lang.String,java.lang.String)&amp#27;[0m
  &amp#27;[32mWhen &amp#27;[0m&amp#27;[32muser refresh the browser page&amp#27;[0m                                               &amp#27;[90m# stepDefinition.GeneralStep.user_refresh_the_browser_page()&amp#27;[0m
  &amp#27;[32mThen &amp#27;[0m&amp#27;[32muser is navigated to &amp#27;[0m&amp#27;[32m&amp#27;[1m"Dashboard"&amp#27;[0m&amp#27;[32m page&amp#27;[0m                                       &amp#27;[90m# stepDefinition.GeneralStep.user_is_navigated_to_page(java.lang.String)&amp#27;[0m
  &amp#27;[32mWhen &amp#27;[0m&amp#27;[32muser clicks on menu &amp#27;[0m&amp#27;[32m&amp#27;[1m"Reagent"&amp#27;[0m                                               &amp#27;[90m# stepDefinition.GeneralStep.user_clicks_on_menu(java.lang.String)&amp#27;[0m
  &amp#27;[32mAnd &amp#27;[0m&amp#27;[32muser clicks on sub-menu &amp#27;[0m&amp#27;[32m&amp#27;[1m"Culture Reagent"&amp#27;[0m                                    &amp#27;[90m# stepDefinition.GeneralStep.user_clicks_on_sub_menu(java.lang.String)&amp#27;[0m
  &amp#27;[32mThen &amp#27;[0m&amp#27;[32muser is navigated to &amp#27;[0m&amp#27;[32m&amp#27;[1m"Culture Reagent"&amp#27;[0m&amp#27;[32m page&amp#27;[0m                                 &amp#27;[90m# stepDefinition.GeneralStep.user_is_navigated_to_page(java.lang.String)&amp#27;[0m
  &amp#27;[32mAnd &amp#27;[0m&amp#27;[32m&amp#27;[0m&amp#27;[32m&amp#27;[1m"Reagent 10 Culture"&amp#27;[0m&amp#27;[32m items is &amp#27;[0m&amp#27;[32m&amp#27;[1m"not"&amp#27;[0m&amp#27;[32m exist&amp#27;[0m                                    &amp#27;[90m# stepDefinition.GeneralStep.items_is_exist(java.lang.String,java.lang.String)&amp#27;[0m

@reagentculture @CC-1131_Edit_Multiple_Culture_Reagent_Item
Scenario: Select and Edit multiple culture reagent item                           &amp#27;[90m# src/test/resources/features/Culture Reagent/Edit Culture Reagent/CC-1131 Edit Multiple Culture Reagent Item.feature:18&amp#27;[0m
  &amp#27;[32mGiven &amp#27;[0m&amp#27;[32muser has already logged in to application with this credentials&amp#27;[0m           &amp#27;[90m# stepDefinition.LoginPageStep.user_has_already_logged_in_to_application_with_this_credentials(io.cucumber.datatable.DataTable)&amp#27;[0m
    | username | password |
    | admin    | admin    |
  &amp#27;[32mAnd &amp#27;[0m&amp#27;[32muser is navigated to &amp#27;[0m&amp#27;[32m&amp#27;[1m"Dashboard"&amp#27;[0m&amp#27;[32m page&amp#27;[0m                                       &amp#27;[90m# stepDefinition.GeneralStep.user_is_navigated_to_page(java.lang.String)&amp#27;[0m
  &amp#27;[32mWhen &amp#27;[0m&amp#27;[32muser clicks on menu &amp#27;[0m&amp#27;[32m&amp#27;[1m"Reagent"&amp#27;[0m                                              &amp#27;[90m# stepDefinition.GeneralStep.user_clicks_on_menu(java.lang.String)&amp#27;[0m
  &amp#27;[32mAnd &amp#27;[0m&amp#27;[32muser clicks on sub-menu &amp#27;[0m&amp#27;[32m&amp#27;[1m"Culture Reagent"&amp#27;[0m                                   &amp#27;[90m# stepDefinition.GeneralStep.user_clicks_on_sub_menu(java.lang.String)&amp#27;[0m
  &amp#27;[32mThen &amp#27;[0m&amp#27;[32muser is navigated to &amp#27;[0m&amp#27;[32m&amp#27;[1m"Culture Reagent"&amp#27;[0m&amp#27;[32m page&amp#27;[0m                                &amp#27;[90m# stepDefinition.GeneralStep.user_is_navigated_to_page(java.lang.String)&amp#27;[0m
  &amp#27;[31mAnd &amp#27;[0m&amp#27;[31m&amp#27;[0m&amp#27;[31m&amp#27;[1m"Reagent 8 Culture"&amp#27;[0m&amp#27;[31m items is &amp#27;[0m&amp#27;[31m&amp#27;[1m"already"&amp#27;[0m&amp#27;[31m exist&amp#27;[0m                                &amp#27;[90m# stepDefinition.GeneralStep.items_is_exist(java.lang.String,java.lang.String)&amp#27;[0m
      &amp#27;[31mjava.lang.AssertionError
	at org.junit.Assert.fail(Assert.java:87)
	at org.junit.Assert.assertTrue(Assert.java:42)
	at org.junit.Assert.assertTrue(Assert.java:53)
	at stepDefinition.GeneralStep.items_is_exist(GeneralStep.java:160)
	at âœ½."Reagent 8 Culture" items is "already" exist(file:///C:/Users/smith/OneDrive/Documents/INTERN/Cell/cellsuite/cellsuite/src/test/resources/features/Culture%20Reagent/Edit%20Culture%20Reagent/CC-1131%20Edit%20Multiple%20Culture%20Reagent%20Item.feature:15)
&amp#27;[0m
  &amp#27;[36mAnd &amp#27;[0m&amp#27;[36m&amp#27;[0m&amp#27;[36m&amp#27;[1m"Reagent 9 Culture"&amp#27;[0m&amp#27;[36m items is &amp#27;[0m&amp#27;[36m&amp#27;[1m"already"&amp#27;[0m&amp#27;[36m exist&amp#27;[0m                                &amp#27;[90m# stepDefinition.GeneralStep.items_is_exist(java.lang.String,java.lang.String)&amp#27;[0m
  &amp#27;[36mWhen &amp#27;[0m&amp#27;[36muser select an item &amp#27;[0m&amp#27;[36m&amp#27;[1m"Reagent 8 Culture"&amp#27;[0m&amp#27;[36m by check the checkbox&amp#27;[0m              &amp#27;[90m# stepDefinition.GeneralStep.user_select_an_item_by_check_the_checkbox(java.lang.String)&amp#27;[0m
  &amp#27;[36mThen &amp#27;[0m&amp#27;[36mitem &amp#27;[0m&amp#27;[36m&amp#27;[1m"Reagent 8 Culture"&amp#27;[0m&amp#27;[36m is checked&amp#27;[0m                                        &amp#27;[90m# stepDefinition.GeneralStep.item_is_checked(java.lang.String)&amp#27;[0m
  &amp#27;[36mAnd &amp#27;[0m&amp#27;[36micon &amp#27;[0m&amp#27;[36m&amp#27;[1m"edit"&amp#27;[0m&amp#27;[36m is enabled in page&amp#27;[0m                                              &amp#27;[90m# stepDefinition.GeneralStep.icon_is_enabled_in_page(java.lang.String)&amp#27;[0m
  &amp#27;[36mWhen &amp#27;[0m&amp#27;[36muser select an item &amp#27;[0m&amp#27;[36m&amp#27;[1m"Reagent 9 Culture"&amp#27;[0m&amp#27;[36m by check the checkbox&amp#27;[0m              &amp#27;[90m# stepDefinition.GeneralStep.user_select_an_item_by_check_the_checkbox(java.lang.String)&amp#27;[0m
  &amp#27;[36mThen &amp#27;[0m&amp#27;[36mitem &amp#27;[0m&amp#27;[36m&amp#27;[1m"Reagent 9 Culture"&amp#27;[0m&amp#27;[36m is checked&amp#27;[0m                                        &amp#27;[90m# stepDefinition.GeneralStep.item_is_checked(java.lang.String)&amp#27;[0m
  &amp#27;[36mWhen &amp#27;[0m&amp#27;[36muser clicks on &amp#27;[0m&amp#27;[36m&amp#27;[1m"edit"&amp#27;[0m&amp#27;[36m icon&amp#27;[0m                                                 &amp#27;[90m# stepDefinition.GeneralStep.user_clicks_on_icon(java.lang.String)&amp#27;[0m
  &amp#27;[36mThen &amp#27;[0m&amp#27;[36muser is navigated to &amp#27;[0m&amp#27;[36m&amp#27;[1m"Edit Culture Reagent"&amp#27;[0m&amp#27;[36m page&amp#27;[0m                           &amp#27;[90m# stepDefinition.GeneralStep.user_is_navigated_to_page(java.lang.String)&amp#27;[0m
  &amp#27;[36mWhen &amp#27;[0m&amp#27;[36muser &amp#27;[0m&amp#27;[36m&amp#27;[1m"change"&amp#27;[0m&amp#27;[36m &amp#27;[0m&amp#27;[36m&amp#27;[1m"Reagent 8.0 Culture"&amp#27;[0m&amp#27;[36m in &amp#27;[0m&amp#27;[36m&amp#27;[1m"name"&amp#27;[0m&amp#27;[36m textbox&amp#27;[0m                      &amp#27;[90m# stepDefinition.GeneralStep.user_in_textbox(java.lang.String,java.lang.String,java.lang.String)&amp#27;[0m
  &amp#27;[36mThen &amp#27;[0m&amp#27;[36mtextbox &amp#27;[0m&amp#27;[36m&amp#27;[1m"name"&amp#27;[0m&amp#27;[36m will fill by &amp#27;[0m&amp#27;[36m&amp#27;[1m"Reagent 8.0 Culture"&amp#27;[0m                          &amp#27;[90m# stepDefinition.GeneralStep.textbox_will_fill_by(java.lang.String,java.lang.String)&amp#27;[0m
  &amp#27;[36mWhen &amp#27;[0m&amp#27;[36muser &amp#27;[0m&amp#27;[36m&amp#27;[1m"change"&amp#27;[0m&amp#27;[36m &amp#27;[0m&amp#27;[36m&amp#27;[1m"Create Reagent 8.0 Culture"&amp#27;[0m&amp#27;[36m in &amp#27;[0m&amp#27;[36m&amp#27;[1m"notes"&amp#27;[0m&amp#27;[36m textbox&amp#27;[0m              &amp#27;[90m# stepDefinition.GeneralStep.user_in_textbox(java.lang.String,java.lang.String,java.lang.String)&amp#27;[0m
  &amp#27;[36mThen &amp#27;[0m&amp#27;[36mtextbox &amp#27;[0m&amp#27;[36m&amp#27;[1m"notes"&amp#27;[0m&amp#27;[36m will fill by &amp#27;[0m&amp#27;[36m&amp#27;[1m"Create Reagent 8.0 Culture"&amp#27;[0m                  &amp#27;[90m# stepDefinition.GeneralStep.textbox_will_fill_by(java.lang.String,java.lang.String)&amp#27;[0m
  &amp#27;[36mWhen &amp#27;[0m&amp#27;[36muser select reagent compotition &amp#27;[0m&amp#27;[36m&amp#27;[1m"Trypsin"&amp#27;[0m&amp#27;[36m and type &amp#27;[0m&amp#27;[36m&amp#27;[1m"100"&amp#27;[0m&amp#27;[36m in persentage&amp#27;[0m     &amp#27;[90m# stepDefinition.Reagent.ReagentCulturePageStep.user_select_reagent_compotition_and_type_in_persentage(java.lang.String,java.lang.String)&amp#27;[0m
  &amp#27;[36mThen &amp#27;[0m&amp#27;[36mcomposition reagent selected is &amp#27;[0m&amp#27;[36m&amp#27;[1m"Trypsin"&amp#27;[0m                                  &amp#27;[90m# stepDefinition.Reagent.ReagentCulturePageStep.composition_reagent_selected_is(java.lang.String)&amp#27;[0m
  &amp#27;[36mAnd &amp#27;[0m&amp#27;[36maccepted total volume of reagent is &amp#27;[0m&amp#27;[36m&amp#27;[1m"100"&amp#27;[0m                                   &amp#27;[90m# stepDefinition.Reagent.ReagentCulturePageStep.accepted_total_volume_of_reagent_is(java.lang.String)&amp#27;[0m
  &amp#27;[36mWhen &amp#27;[0m&amp#27;[36muser clicks on &amp#27;[0m&amp#27;[36m&amp#27;[1m"save"&amp#27;[0m&amp#27;[36m button&amp#27;[0m                                               &amp#27;[90m# stepDefinition.GeneralStep.user_clicks_on_button(java.lang.String)&amp#27;[0m
  &amp#27;[36mThen &amp#27;[0m&amp#27;[36mmodal &amp#27;[0m&amp#27;[36m&amp#27;[1m"Save Confirm]]></system-out>
    <system-err><![CDATA[[main] INFO io.github.bonigarcia.wdm.WebDriverManager - Using chromedriver 104.0.5112.79 (resolved driver for Chrome 104)
[main] INFO io.github.bonigarcia.wdm.WebDriverManager - Exporting webdriver.chrome.driver as C:\Users\smith\.cache\selenium\chromedriver\win32\104.0.5112.79\chromedriver.exe
Starting ChromeDriver 104.0.5112.79 (3cf3e8c8a07d104b9e1260c910efb8f383285dc5-refs/branch-heads/5112@{#1307}) on port 63132
Only local connections are allowed.
Please see https://chromedriver.chromium.org/security-considerations for suggestions on keeping ChromeDriver safe.
ChromeDriver was started successfully.
Aug 23, 2022 8:24:21 PM org.openqa.selenium.remote.ProtocolHandshake createSession
INFO: Detected upstream dialect: W3C
Aug 23, 2022 8:24:21 PM org.openqa.selenium.devtools.CdpVersionFinder findNearestMatch
WARNING: Unable to find an exact match for CDP version 104, so returning the closest version found: 103
Aug 23, 2022 8:24:21 PM org.openqa.selenium.devtools.CdpVersionFinder findNearestMatch
INFO: Found CDP implementation for version 104 of 103
]]></system-err>
  </testcase>
  <testcase name="Select and Edit an culture reagent item" classname="CC-1132: Edit One Culture Reagent Item" time="7.682">
    <failure type="java.lang.AssertionError"><![CDATA[java.lang.AssertionError
]]></failure>
    <system-out><![CDATA[browser value is: chrome

"&amp#27;[0m&amp#27;[36m confirmation is displayed&amp#27;[0m                             &amp#27;[90m# stepDefinition.GeneralStep.modal_confirmation_is_displayed(java.lang.String)&amp#27;[0m
  &amp#27;[36mWhen &amp#27;[0m&amp#27;[36muser clicks on &amp#27;[0m&amp#27;[36m&amp#27;[1m"OK"&amp#27;[0m&amp#27;[36m button in modal&amp#27;[0m                                        &amp#27;[90m# stepDefinition.GeneralStep.user_clicks_on_button_in_modal(java.lang.String)&amp#27;[0m
  &amp#27;[36mThen &amp#27;[0m&amp#27;[36mnotification &amp#27;[0m&amp#27;[36m&amp#27;[1m"Success"&amp#27;[0m&amp#27;[36m and &amp#27;[0m&amp#27;[36m&amp#27;[1m"Culture Reagent has been updated"&amp#27;[0m&amp#27;[36m is displayed&amp#27;[0m &amp#27;[90m# stepDefinition.GeneralStep.notification_and_is_displayed(java.lang.String,java.lang.String)&amp#27;[0m
  &amp#27;[36mAnd &amp#27;[0m&amp#27;[36muser clicks on &amp#27;[0m&amp#27;[36m&amp#27;[1m"next"&amp#27;[0m&amp#27;[36m icon&amp#27;[0m                                                  &amp#27;[90m# stepDefinition.GeneralStep.user_clicks_on_icon(java.lang.String)&amp#27;[0m
  &amp#27;[36mWhen &amp#27;[0m&amp#27;[36muser &amp#27;[0m&amp#27;[36m&amp#27;[1m"change"&amp#27;[0m&amp#27;[36m &amp#27;[0m&amp#27;[36m&amp#27;[1m"Reagent 9.0 Culture"&amp#27;[0m&amp#27;[36m in &amp#27;[0m&amp#27;[36m&amp#27;[1m"name"&amp#27;[0m&amp#27;[36m textbox&amp#27;[0m                      &amp#27;[90m# stepDefinition.GeneralStep.user_in_textbox(java.lang.String,java.lang.String,java.lang.String)&amp#27;[0m
  &amp#27;[36mThen &amp#27;[0m&amp#27;[36mtextbox &amp#27;[0m&amp#27;[36m&amp#27;[1m"name"&amp#27;[0m&amp#27;[36m will fill by &amp#27;[0m&amp#27;[36m&amp#27;[1m"Reagent 9.0 Culture"&amp#27;[0m                          &amp#27;[90m# stepDefinition.GeneralStep.textbox_will_fill_by(java.lang.String,java.lang.String)&amp#27;[0m
  &amp#27;[36mAnd &amp#27;[0m&amp#27;[36muser &amp#27;[0m&amp#27;[36m&amp#27;[1m"change"&amp#27;[0m&amp#27;[36m &amp#27;[0m&amp#27;[36m&amp#27;[1m"Create Reagent 9.0 Culture"&amp#27;[0m&amp#27;[36m in &amp#27;[0m&amp#27;[36m&amp#27;[1m"notes"&amp#27;[0m&amp#27;[36m textbox&amp#27;[0m               &amp#27;[90m# stepDefinition.GeneralStep.user_in_textbox(java.lang.String,java.lang.String,java.lang.String)&amp#27;[0m
  &amp#27;[36mThen &amp#27;[0m&amp#27;[36mtextbox &amp#27;[0m&amp#27;[36m&amp#27;[1m"notes"&amp#27;[0m&amp#27;[36m will fill by &amp#27;[0m&amp#27;[36m&amp#27;[1m"Create Reagent 9.0 Culture"&amp#27;[0m                  &amp#27;[90m# stepDefinition.GeneralStep.textbox_will_fill_by(java.lang.String,java.lang.String)&amp#27;[0m
  &amp#27;[36mWhen &amp#27;[0m&amp#27;[36muser select reagent compotition &amp#27;[0m&amp#27;[36m&amp#27;[1m"Trypsin"&amp#27;[0m&amp#27;[36m and type &amp#27;[0m&amp#27;[36m&amp#27;[1m"100"&amp#27;[0m&amp#27;[36m in persentage&amp#27;[0m     &amp#27;[90m# stepDefinition.Reagent.ReagentCulturePageStep.user_select_reagent_compotition_and_type_in_persentage(java.lang.String,java.lang.String)&amp#27;[0m
  &amp#27;[36mThen &amp#27;[0m&amp#27;[36mcomposition reagent selected is &amp#27;[0m&amp#27;[36m&amp#27;[1m"Trypsin"&amp#27;[0m                                  &amp#27;[90m# stepDefinition.Reagent.ReagentCulturePageStep.composition_reagent_selected_is(java.lang.String)&amp#27;[0m
  &amp#27;[36mAnd &amp#27;[0m&amp#27;[36maccepted total volume of reagent is &amp#27;[0m&amp#27;[36m&amp#27;[1m"100"&amp#27;[0m                                   &amp#27;[90m# stepDefinition.Reagent.ReagentCulturePageStep.accepted_total_volume_of_reagent_is(java.lang.String)&amp#27;[0m
  &amp#27;[36mWhen &amp#27;[0m&amp#27;[36muser clicks on &amp#27;[0m&amp#27;[36m&amp#27;[1m"save"&amp#27;[0m&amp#27;[36m button&amp#27;[0m                                               &amp#27;[90m# stepDefinition.GeneralStep.user_clicks_on_button(java.lang.String)&amp#27;[0m
  &amp#27;[36mThen &amp#27;[0m&amp#27;[36mmodal &amp#27;[0m&amp#27;[36m&amp#27;[1m"Save Confirm"&amp#27;[0m&amp#27;[36m confirmation is displayed&amp#27;[0m                             &amp#27;[90m# stepDefinition.GeneralStep.modal_confirmation_is_displayed(java.lang.String)&amp#27;[0m
  &amp#27;[36mWhen &amp#27;[0m&amp#27;[36muser clicks on &amp#27;[0m&amp#27;[36m&amp#27;[1m"OK"&amp#27;[0m&amp#27;[36m button in modal&amp#27;[0m                                        &amp#27;[90m# stepDefinition.GeneralStep.user_clicks_on_button_in_modal(java.lang.String)&amp#27;[0m
  &amp#27;[36mThen &amp#27;[0m&amp#27;[36mnotification &amp#27;[0m&amp#27;[36m&amp#27;[1m"Success"&amp#27;[0m&amp#27;[36m and &amp#27;[0m&amp#27;[36m&amp#27;[1m"Culture Reagent has been updated"&amp#27;[0m&amp#27;[36m is displayed&amp#27;[0m &amp#27;[90m# stepDefinition.GeneralStep.notification_and_is_displayed(java.lang.String,java.lang.String)&amp#27;[0m
  &amp#27;[36mWhen &amp#27;[0m&amp#27;[36muser clicks on &amp#27;[0m&amp#27;[36m&amp#27;[1m"close"&amp#27;[0m&amp#27;[36m icon&amp#27;[0m                                                &amp#27;[90m# stepDefinition.GeneralStep.user_clicks_on_icon(java.lang.String)&amp#27;[0m
  &amp#27;[36mThen &amp#27;[0m&amp#27;[36muser is navigated to &amp#27;[0m&amp#27;[36m&amp#27;[1m"Culture Reagent"&amp#27;[0m&amp#27;[36m page&amp#27;[0m                                &amp#27;[90m# stepDefinition.GeneralStep.user_is_navigated_to_page(java.lang.String)&amp#27;[0m

@reagentculture @CC-1132_Edit_One_Culture_Reagent_Item
Scenario: Select and Edit an culture reagent item                                 &amp#27;[90m# src/test/resources/features/Culture Reagent/Edit Culture Reagent/CC-1132 Edit One Culture Reagent Item.feature:17&amp#27;[0m
  &amp#27;[32mGiven &amp#27;[0m&amp#27;[32muser has already logged in to application with this credentials&amp#27;[0m           &amp#27;[90m# stepDefinition.LoginPageStep.user_has_already_logged_in_to_application_with_this_credentials(io.cucumber.datatable.DataTable)&amp#27;[0m
    | username | password |
    | admin    | admin    |
  &amp#27;[32mAnd &amp#27;[0m&amp#27;[32muser is navigated to &amp#27;[0m&amp#27;[32m&amp#27;[1m"Dashboard"&amp#27;[0m&amp#27;[32m page&amp#27;[0m                                       &amp#27;[90m# stepDefinition.GeneralStep.user_is_navigated_to_page(java.lang.String)&amp#27;[0m
  &amp#27;[32mWhen &amp#27;[0m&amp#27;[32muser clicks on menu &amp#27;[0m&amp#27;[32m&amp#27;[1m"Reagent"&amp#27;[0m                                              &amp#27;[90m# stepDefinition.GeneralStep.user_clicks_on_menu(java.lang.String)&amp#27;[0m
  &amp#27;[32mAnd &amp#27;[0m&amp#27;[32muser clicks on sub-menu &amp#27;[0m&amp#27;[32m&amp#27;[1m"Culture Reagent"&amp#27;[0m                                   &amp#27;[90m# stepDefinition.GeneralStep.user_clicks_on_sub_menu(java.lang.String)&amp#27;[0m
  &amp#27;[32mThen &amp#27;[0m&amp#27;[32muser is navigated to &amp#27;[0m&amp#27;[32m&amp#27;[1m"Culture Reagent"&amp#27;[0m&amp#27;[32m page&amp#27;[0m                                &amp#27;[90m# stepDefinition.GeneralStep.user_is_navigated_to_page(java.lang.String)&amp#27;[0m
  &amp#27;[31mAnd &amp#27;[0m&amp#27;[31m&amp#27;[0m&amp#27;[31m&amp#27;[1m"Reagent 7 Culture"&amp#27;[0m&amp#27;[31m items is &amp#27;[0m&amp#27;[31m&amp#27;[1m"already"&amp#27;[0m&amp#27;[31m exist&amp#27;[0m                                &amp#27;[90m# stepDefinition.GeneralStep.items_is_exist(java.lang.String,java.lang.String)&amp#27;[0m
      &amp#27;[31mjava.lang.AssertionError
	at org.junit.Assert.fail(Assert.java:87)
	at org.junit.Assert.assertTrue(Assert.java:42)
	at org.junit.Assert.assertTrue(Assert.java:53)
	at stepDefinition.GeneralStep.items_is_exist(GeneralStep.java:160)
	at âœ½."Reagent 7 Culture" items is "already" exist(file:///C:/Users/smith/OneDrive/Documents/INTERN/Cell/cellsuite/cellsuite/src/test/resources/features/Culture%20Reagent/Edit%20Culture%20Reagent/CC-1132%20Edit%20One%20Culture%20Reagent%20Item.feature:15)
&amp#27;[0m
  &amp#27;[36mWhen &amp#27;[0m&amp#27;[36muser select an item &amp#27;[0m&amp#27;[36m&amp#27;[1m"Reagent 7 Culture"&amp#27;[0m&amp#27;[36m by check the checkbox&amp#27;[0m              &amp#27;[90m# stepDefinition.GeneralStep.user_select_an_item_by_check_the_checkbox(java.lang.String)&amp#27;[0m
  &amp#27;[36mThen &amp#27;[0m&amp#27;[36mitem &amp#27;[0m&amp#27;[36m&amp#27;[1m"Reagent 7 Culture"&amp#27;[0m&amp#27;[36m is checked&amp#27;[0m                                        &amp#27;[90m# stepDefinition.GeneralStep.item_is_checked(java.lang.String)&amp#27;[0m
  &amp#27;[36mAnd &amp#27;[0m&amp#27;[36micon &amp#27;[0m&amp#27;[36m&amp#27;[1m"edit"&amp#27;[0m&amp#27;[36m is enabled in page&amp#27;[0m                                              &amp#27;[90m# stepDefinition.GeneralStep.icon_is_enabled_in_page(java.lang.String)&amp#27;[0m
  &amp#27;[36mWhen &amp#27;[0m&amp#27;[36muser clicks on &amp#27;[0m&amp#27;[36m&amp#27;[1m"edit"&amp#27;[0m&amp#27;[36m icon&amp#27;[0m                                                 &amp#27;[90m# stepDefinition.GeneralStep.user_clicks_on_icon(java.lang.String)&amp#27;[0m
  &amp#27;[36mThen &amp#27;[0m&amp#27;[36muser is navigated to &amp#27;[0m&amp#27;[36m&amp#27;[1m"Edit Culture Reagent"&amp#27;[0m&amp#27;[36m page&amp#27;[0m                           &amp#27;[90m# stepDefinition.GeneralStep.user_is_navigated_to_page(java.lang.String)&amp#27;[0m
  &amp#27;[36mWhen &amp#27;[0m&amp#27;[36muser &amp#27;[0m&amp#27;[36m&amp#27;[1m"change"&amp#27;[0m&amp#27;[36m &amp#27;[0m&amp#27;[36m&amp#27;[1m"Reagent 7.0 Culture "&amp#27;[0m&amp#27;[36m in &amp#27;[0m&amp#27;[36m&amp#27;[1m"name"&amp#27;[0m&amp#27;[36m textbox&amp#27;[0m                     &amp#27;[90m# stepDefinition.GeneralStep.user_in_textbox(java.lang.String,java.lang.String,java.lang.String)&amp#27;[0m
  &amp#27;[36mAnd &amp#27;[0m&amp#27;[36muser &amp#27;[0m&amp#27;[36m&amp#27;[1m"change"&amp#27;[0m&amp#27;[36m &amp#27;[0m&amp#27;[36m&amp#27;[1m"Create Reagent 7.0  Culture"&amp#27;[0m&amp#27;[36m in &amp#27;[0m&amp#27;[36m&amp#27;[1m"notes"&amp#27;[0m&amp#27;[36m textbox&amp#27;[0m              &amp#27;[90m# stepDefinition.GeneralStep.user_in_textbox(java.lang.String,java.lang.String,java.lang.String)&amp#27;[0m
  &amp#27;[36mWhen &amp#27;[0m&amp#27;[36muser select reagent compotition &amp#27;[0m&amp#27;[36m&amp#27;[1m"Trypsin"&amp#27;[0m&amp#27;[36m and type &amp#27;[0m&amp#27;[36m&amp#27;[1m"100"&amp#27;[0m&amp#27;[36m in persentage&amp#27;[0m     &amp#27;[90m# stepDefinition.Reagent.ReagentCulturePageStep.user_select_reagent_compotition_and_type_in_persentage(java.lang.String,java.lang.String)&amp#27;[0m
  &amp#27;[36mThen &amp#27;[0m&amp#27;[36mcomposition reagent selected is &amp#27;[0m&amp#27;[36m&amp#27;[1m"Trypsin"&amp#27;[0m                                  &amp#27;[90m# stepDefinition.Reagent.ReagentCulturePageStep.composition_reagent_selected_is(java.lang.String)&amp#27;[0m
  &amp#27;[36mAnd &amp#27;[0m&amp#27;[36maccepted total volume of reagent is &amp#27;[0m&amp#27;[36m&amp#27;[1m"100"&amp#27;[0m                                   &amp#27;[90m# stepDefinition.Reagent.ReagentCulturePageStep.accepted_total_volume_of_reagent_is(java.lang.St]]></system-out>
    <system-err><![CDATA[[main] INFO io.github.bonigarcia.wdm.WebDriverManager - Using chromedriver 104.0.5112.79 (resolved driver for Chrome 104)
[main] INFO io.github.bonigarcia.wdm.WebDriverManager - Exporting webdriver.chrome.driver as C:\Users\smith\.cache\selenium\chromedriver\win32\104.0.5112.79\chromedriver.exe
Starting ChromeDriver 104.0.5112.79 (3cf3e8c8a07d104b9e1260c910efb8f383285dc5-refs/branch-heads/5112@{#1307}) on port 60905
Only local connections are allowed.
Please see https://chromedriver.chromium.org/security-considerations for suggestions on keeping ChromeDriver safe.
ChromeDriver was started successfully.
Aug 23, 2022 8:24:49 PM org.openqa.selenium.remote.ProtocolHandshake createSession
INFO: Detected upstream dialect: W3C
Aug 23, 2022 8:24:49 PM org.openqa.selenium.devtools.CdpVersionFinder findNearestMatch
WARNING: Unable to find an exact match for CDP version 104, so returning the closest version found: 103
Aug 23, 2022 8:24:49 PM org.openqa.selenium.devtools.CdpVersionFinder findNearestMatch
INFO: Found CDP implementation for version 104 of 103
[AsyncHttpClient-1-8] WARN org.asynchttpclient.netty.handler.WebSocketHandler - onError
java.net.SocketException: Connection reset
	at java.base/sun.nio.ch.SocketChannelImpl.throwConnectionReset(SocketChannelImpl.java:394)
	at java.base/sun.nio.ch.SocketChannelImpl.read(SocketChannelImpl.java:426)
	at io.netty.buffer.PooledByteBuf.setBytes(PooledByteBuf.java:258)
	at io.netty.buffer.AbstractByteBuf.writeBytes(AbstractByteBuf.java:1132)
	at io.netty.channel.socket.nio.NioSocketChannel.doReadBytes(NioSocketChannel.java:357)
	at io.netty.channel.nio.AbstractNioByteChannel$NioByteUnsafe.read(AbstractNioByteChannel.java:151)
	at io.netty.channel.nio.NioEventLoop.processSelectedKey(NioEventLoop.java:722)
	at io.netty.channel.nio.NioEventLoop.processSelectedKeysOptimized(NioEventLoop.java:658)
	at io.netty.channel.nio.NioEventLoop.processSelectedKeys(NioEventLoop.java:584)
	at io.netty.channel.nio.NioEventLoop.run(NioEventLoop.java:496)
	at io.netty.util.concurrent.SingleThreadEventExecutor$4.run(SingleThreadEventExecutor.java:997)
	at io.netty.util.internal.ThreadExecutorMap$2.run(ThreadExecutorMap.java:74)
	at io.netty.util.concurrent.FastThreadLocalRunnable.run(FastThreadLocalRunnable.java:30)
	at java.base/java.lang.Thread.run(Thread.java:833)
Aug 23, 2022 8:24:54 PM org.openqa.selenium.remote.http.WebSocket$Listener onError
WARNING: Connection reset
java.net.SocketException: Connection reset
	at java.base/sun.nio.ch.SocketChannelImpl.throwConnectionReset(SocketChannelImpl.java:394)
	at java.base/sun.nio.ch.SocketChannelImpl.read(SocketChannelImpl.java:426)
	at io.netty.buffer.PooledByteBuf.setBytes(PooledByteBuf.java:258)
	at io.netty.buffer.AbstractByteBuf.writeBytes(AbstractByteBuf.java:1132)
	at io.netty.channel.socket.nio.NioSocketChannel.doReadBytes(NioSocketChannel.java:357)
	at io.netty.channel.nio.AbstractNioByteChannel$NioByteUnsafe.read(AbstractNioByteChannel.java:151)
	at io.netty.channel.nio.NioEventLoop.processSelectedKey(NioEventLoop.java:722)
	at io.netty.channel.nio.NioEventLoop.processSelectedKeysOptimized(NioEventLoop.java:658)
	at io.netty.channel.nio.NioEventLoop.processSelectedKeys(NioEventLoop.java:584)
	at io.netty.channel.nio.NioEventLoop.run(NioEventLoop.java:496)
	at io.netty.util.concurrent.SingleThreadEventExecutor$4.run(SingleThreadEventExecutor.java:997)
	at io.netty.util.internal.ThreadExecutorMap$2.run(ThreadExecutorMap.java:74)
	at io.netty.util.concurrent.FastThreadLocalRunnable.run(FastThreadLocalRunnable.java:30)
	at java.base/java.lang.Thread.run(Thread.java:833)

]]></system-err>
  </testcase>
  <testcase name="Select and Delete an Culture reagent item" classname="delete Reagent 7.0 Culture, 8.0, 9.0" time="14.62">
    <failure type="java.lang.AssertionError"><![CDATA[java.lang.AssertionError
]]></failure>
    <system-out><![CDATA[browser value is: chrome

ring)&amp#27;[0m
  &amp#27;[36mAnd &amp#27;[0m&amp#27;[36muser clicks on &amp#27;[0m&amp#27;[36m&amp#27;[1m"save"&amp#27;[0m&amp#27;[36m button&amp#27;[0m                                                &amp#27;[90m# stepDefinition.GeneralStep.user_clicks_on_button(java.lang.String)&amp#27;[0m
  &amp#27;[36mThen &amp#27;[0m&amp#27;[36mmodal &amp#27;[0m&amp#27;[36m&amp#27;[1m"Save Confirm"&amp#27;[0m&amp#27;[36m confirmation is displayed&amp#27;[0m                             &amp#27;[90m# stepDefinition.GeneralStep.modal_confirmation_is_displayed(java.lang.String)&amp#27;[0m
  &amp#27;[36mWhen &amp#27;[0m&amp#27;[36muser clicks on &amp#27;[0m&amp#27;[36m&amp#27;[1m"OK"&amp#27;[0m&amp#27;[36m button in modal&amp#27;[0m                                        &amp#27;[90m# stepDefinition.GeneralStep.user_clicks_on_button_in_modal(java.lang.String)&amp#27;[0m
  &amp#27;[36mThen &amp#27;[0m&amp#27;[36mnotification &amp#27;[0m&amp#27;[36m&amp#27;[1m"Success"&amp#27;[0m&amp#27;[36m and &amp#27;[0m&amp#27;[36m&amp#27;[1m"Culture Reagent has been updated"&amp#27;[0m&amp#27;[36m is displayed&amp#27;[0m &amp#27;[90m# stepDefinition.GeneralStep.notification_and_is_displayed(java.lang.String,java.lang.String)&amp#27;[0m
  &amp#27;[36mAnd &amp#27;[0m&amp#27;[36muser is navigated to &amp#27;[0m&amp#27;[36m&amp#27;[1m"Culture Reagent"&amp#27;[0m&amp#27;[36m page&amp#27;[0m                                 &amp#27;[90m# stepDefinition.GeneralStep.user_is_navigated_to_page(java.lang.String)&amp#27;[0m

@reagentculture @z
Scenario: Select and Delete an Culture reagent item                                &amp#27;[90m# src/test/resources/features/Culture Reagent/Edit Culture Reagent/Z.feature:19&amp#27;[0m
  &amp#27;[32mGiven &amp#27;[0m&amp#27;[32muser has already logged in to application with this credentials&amp#27;[0m            &amp#27;[90m# stepDefinition.LoginPageStep.user_has_already_logged_in_to_application_with_this_credentials(io.cucumber.datatable.DataTable)&amp#27;[0m
    | username | password |
    | admin    | admin    |
  &amp#27;[32mAnd &amp#27;[0m&amp#27;[32muser is navigated to &amp#27;[0m&amp#27;[32m&amp#27;[1m"Dashboard"&amp#27;[0m&amp#27;[32m page&amp#27;[0m                                        &amp#27;[90m# stepDefinition.GeneralStep.user_is_navigated_to_page(java.lang.String)&amp#27;[0m
  &amp#27;[32mWhen &amp#27;[0m&amp#27;[32muser clicks on menu &amp#27;[0m&amp#27;[32m&amp#27;[1m"Reagent"&amp#27;[0m                                               &amp#27;[90m# stepDefinition.GeneralStep.user_clicks_on_menu(java.lang.String)&amp#27;[0m
  &amp#27;[32mAnd &amp#27;[0m&amp#27;[32muser clicks on sub-menu &amp#27;[0m&amp#27;[32m&amp#27;[1m"Culture Reagent"&amp#27;[0m                                    &amp#27;[90m# stepDefinition.GeneralStep.user_clicks_on_sub_menu(java.lang.String)&amp#27;[0m
  &amp#27;[32mThen &amp#27;[0m&amp#27;[32muser is navigated to &amp#27;[0m&amp#27;[32m&amp#27;[1m"Culture Reagent"&amp#27;[0m&amp#27;[32m page&amp#27;[0m                                 &amp#27;[90m# stepDefinition.GeneralStep.user_is_navigated_to_page(java.lang.String)&amp#27;[0m
  &amp#27;[31mAnd &amp#27;[0m&amp#27;[31m&amp#27;[0m&amp#27;[31m&amp#27;[1m"Reagent 7.0 Culture"&amp#27;[0m&amp#27;[31m items is &amp#27;[0m&amp#27;[31m&amp#27;[1m"already"&amp#27;[0m&amp#27;[31m exist&amp#27;[0m                               &amp#27;[90m# stepDefinition.GeneralStep.items_is_exist(java.lang.String,java.lang.String)&amp#27;[0m
      &amp#27;[31mjava.lang.AssertionError
	at org.junit.Assert.fail(Assert.java:87)
	at org.junit.Assert.assertTrue(Assert.java:42)
	at org.junit.Assert.assertTrue(Assert.java:53)
	at stepDefinition.GeneralStep.items_is_exist(GeneralStep.java:160)
	at âœ½."Reagent 7.0 Culture" items is "already" exist(file:///C:/Users/smith/OneDrive/Documents/INTERN/Cell/cellsuite/cellsuite/src/test/resources/features/Culture%20Reagent/Edit%20Culture%20Reagent/Z.feature:15)
&amp#27;[0m
  &amp#27;[36mAnd &amp#27;[0m&amp#27;[36m&amp#27;[0m&amp#27;[36m&amp#27;[1m"Reagent 8.0 Culture"&amp#27;[0m&amp#27;[36m items is &amp#27;[0m&amp#27;[36m&amp#27;[1m"already"&amp#27;[0m&amp#27;[36m exist&amp#27;[0m                               &amp#27;[90m# stepDefinition.GeneralStep.items_is_exist(java.lang.String,java.lang.String)&amp#27;[0m
  &amp#27;[36mAnd &amp#27;[0m&amp#27;[36m&amp#27;[0m&amp#27;[36m&amp#27;[1m"Reagent 9.0 Culture"&amp#27;[0m&amp#27;[36m items is &amp#27;[0m&amp#27;[36m&amp#27;[1m"already"&amp#27;[0m&amp#27;[36m exist&amp#27;[0m                               &amp#27;[90m# stepDefinition.GeneralStep.items_is_exist(java.lang.String,java.lang.String)&amp#27;[0m
  &amp#27;[36mWhen &amp#27;[0m&amp#27;[36muser select an item &amp#27;[0m&amp#27;[36m&amp#27;[1m"Reagent 7.0 Culture"&amp#27;[0m&amp#27;[36m by check the checkbox&amp#27;[0m             &amp#27;[90m# stepDefinition.GeneralStep.user_select_an_item_by_check_the_checkbox(java.lang.String)&amp#27;[0m
  &amp#27;[36mThen &amp#27;[0m&amp#27;[36mitem &amp#27;[0m&amp#27;[36m&amp#27;[1m"Reagent 7.0 Culture"&amp#27;[0m&amp#27;[36m is checked&amp#27;[0m                                       &amp#27;[90m# stepDefinition.GeneralStep.item_is_checked(java.lang.String)&amp#27;[0m
  &amp#27;[36mAnd &amp#27;[0m&amp#27;[36micon &amp#27;[0m&amp#27;[36m&amp#27;[1m"delete"&amp#27;[0m&amp#27;[36m is enabled in page&amp#27;[0m                                             &amp#27;[90m# stepDefinition.GeneralStep.icon_is_enabled_in_page(java.lang.String)&amp#27;[0m
  &amp#27;[36mWhen &amp#27;[0m&amp#27;[36muser select an item &amp#27;[0m&amp#27;[36m&amp#27;[1m"Reagent 8.0 Culture"&amp#27;[0m&amp#27;[36m by check the checkbox&amp#27;[0m             &amp#27;[90m# stepDefinition.GeneralStep.user_select_an_item_by_check_the_checkbox(java.lang.String)&amp#27;[0m
  &amp#27;[36mThen &amp#27;[0m&amp#27;[36mitem &amp#27;[0m&amp#27;[36m&amp#27;[1m"Reagent 8.0 Culture"&amp#27;[0m&amp#27;[36m is checked&amp#27;[0m                                       &amp#27;[90m# stepDefinition.GeneralStep.item_is_checked(java.lang.String)&amp#27;[0m
  &amp#27;[36mWhen &amp#27;[0m&amp#27;[36muser select an item &amp#27;[0m&amp#27;[36m&amp#27;[1m"Reagent 9.0 Culture"&amp#27;[0m&amp#27;[36m by check the checkbox&amp#27;[0m             &amp#27;[90m# stepDefinition.GeneralStep.user_select_an_item_by_check_the_checkbox(java.lang.String)&amp#27;[0m
  &amp#27;[36mThen &amp#27;[0m&amp#27;[36mitem &amp#27;[0m&amp#27;[36m&amp#27;[1m"Reagent 9.0 Culture"&amp#27;[0m&amp#27;[36m is checked&amp#27;[0m                                       &amp#27;[90m# stepDefinition.GeneralStep.item_is_checked(java.lang.String)&amp#27;[0m
  &amp#27;[36mWhen &amp#27;[0m&amp#27;[36muser clicks on &amp#27;[0m&amp#27;[36m&amp#27;[1m"delete"&amp#27;[0m&amp#27;[36m icon&amp#27;[0m                                                &amp#27;[90m# stepDefinition.GeneralStep.user_clicks_on_icon(java.lang.String)&amp#27;[0m
  &amp#27;[36mThen &amp#27;[0m&amp#27;[36mmodal &amp#27;[0m&amp#27;[36m&amp#27;[1m"Delete Culture Reagent"&amp#27;[0m&amp#27;[36m confirmation is displayed&amp#27;[0m                    &amp#27;[90m# stepDefinition.GeneralStep.modal_confirmation_is_displayed(java.lang.String)&amp#27;[0m
  &amp#27;[36mWhen &amp#27;[0m&amp#27;[36muser clicks on &amp#27;[0m&amp#27;[36m&amp#27;[1m"OK"&amp#27;[0m&amp#27;[36m button in modal&amp#27;[0m                                         &amp#27;[90m# stepDefinition.GeneralStep.user_clicks_on_button_in_modal(java.lang.String)&amp#27;[0m
  &amp#27;[36mThen &amp#27;[0m&amp#27;[36mnotification &amp#27;[0m&amp#27;[36m&amp#27;[1m"Success"&amp#27;[0m&amp#27;[36m and &amp#27;[0m&amp#27;[36m&amp#27;[1m"Culture Reagents has been deleted"&amp#27;[0m&amp#27;[36m is displayed&amp#27;[0m &amp#27;[90m# stepDefinition.GeneralStep.notification_and_is_displayed(java.lang.String,java.lang.String)&amp#27;[0m
  &amp#27;[36mAnd &amp#27;[0m&amp#27;[36m&amp#27;[0m&amp#27;[36m&amp#27;[1m"Reagent 7.0 Culture"&amp#27;[0m&amp#27;[36m items is &amp#27;[0m&amp#27;[36m&amp#27;[1m"not"&amp#27;[0m&amp#27;[36m exist&amp#27;[0m                                   &amp#27;[90m# stepDefinition.GeneralStep.items_is_exist(java.lang.String,java.lang.String)&amp#27;[0m
  &amp#27;[36mAnd &amp#27;[0m&amp#27;[36m&amp#27;[0m&amp#27;[36m&amp#27;[1m"Reagent 8.0 Culture"&amp#27;[0m&amp#27;[36m items is &amp#27;[0m&amp#27;[36m&amp#27;[1m"not"&amp#27;[0m&amp#27;[36m exist&amp#27;[0m                                   &amp#27;[90m# stepDefinition.GeneralStep.items_is_exist(java.lang.String,java.lang.String)&amp#27;[0m
  &amp#27;[36mAnd &amp#27;[0m&amp#27;[36m&amp#27;[0m&amp#27;[36m&amp#27;[1m"Reagent 9.0 Culture"&amp#27;[0m&amp#27;[36m items is &amp#27;[0m&amp#27;[36m&amp#27;[1m"not"&amp#27;[0m&amp#27;[36m exist&amp#27;[0m                                   &amp#27;[90m# stepDefinition.GeneralStep.items_is_exist(java.lang.String,java.lang.String)&amp#27;[0m
  &amp#27;[36mWhen &amp#27;[0m&amp#27;[36muser refresh the browser page&amp#27;[0m                                               &amp#27;[90m# stepDefinition.GeneralStep.user_refresh_the_browser_page()&amp#27;[0m
  &amp#27;[36mThen &amp#27;[0m&amp#27;[36muser is navigated to &amp#27;[0m&amp#27;[36m&amp#27;[1m"Dashboard"&amp#27;[0m&amp#27;[36m page&amp#27;[0m                                       &amp#27;[90m# stepDefinition.GeneralStep.user_is_navigated_to_page(java.lang.String)&amp#27;[0m
  &amp#27;[36mWhen &amp#27;[0m&amp#27;[36muser clicks on menu &amp#27;[0m&amp#27;[36m&amp#27;[1m"Reagent"&amp#27;[0m                                               &amp#27;[90m# stepDefinition.GeneralStep.user_clicks_on_menu(java.lang.String)&amp#27;[0m
  &amp#27;[36mAnd &amp#27;[0m&amp#27;[36muser clicks on sub-menu &amp#27;[0m&amp#27;[36m&amp#27;[1m"Culture Reagent"&amp#27;[0m                                    &amp#27;[90m# stepDefinition.GeneralStep.user_clicks_on_sub_menu(java.lang.String)&amp#27;[0m
  &amp#27;[36mThen &amp#27;[0m&amp#27;[36muser is navigated to &amp#27;[0m&amp#27;[36m&amp#27;[1m"Culture Reagent"&amp#27;[0m&amp#27;[36m page&amp#27;[0m                                 &amp#27;[90m# stepDefinition.GeneralStep.user_is_navigated_to_page(java.lang.String)&amp#27;[0m
  &amp#27;[36mAnd &amp#27;[0m&amp#27;[36m&amp#27;[0m&amp#27;[36m&amp#27;[1m"Reagent 7.0 Culture"&amp#27;[0m&amp#27;[36m items is &amp#27;[0m&amp#27;[36m&amp#27;[1m"not"&amp#27;[0m&amp#27;[36m exist&amp#27;[0m                                   &amp#27;[90m# stepDefinition.GeneralStep.items_is_exist(java.lang.String,java.lang.String)&amp#27;[0m
  &amp#27;[36mAnd &amp#27;[0m&amp#27;[36m&amp#27;[0m&amp#27;[36m&amp#27;[1m"Reagent 8.0 Culture"&amp#27;[0m&amp#27;[36m items is &amp#27;[0m&amp#27;[36m&amp#27;[1m"not"&amp#27;[0m&amp#27;[36m exist&amp#27;[0m                                   &amp#27;[90m# stepDefinition.GeneralStep.items_is_exist(java.lang.String,java.lang.String)&amp#27;[0m
  &amp#27;[36mAnd &amp#27;[0m&amp#27;[36m&amp#27;[0m&amp#27;[36m&amp#27;[1m"Reagent 9.0 Culture"&amp#27;[0m&amp#27;[36m items is &amp#27;[0m&amp#27;[36m&amp#27;[1m"not"&amp#27;[0m&amp#27;[36m exist&amp#27;[0m                                   &amp#27;[90m# stepDefinition.GeneralStep.items_is_exist(java.lang.String,java.l]]></system-out>
    <system-err><![CDATA[[main] INFO io.github.bonigarcia.wdm.WebDriverManager - Using chromedriver 104.0.5112.79 (resolved driver for Chrome 104)
[main] INFO io.github.bonigarcia.wdm.WebDriverManager - Exporting webdriver.chrome.driver as C:\Users\smith\.cache\selenium\chromedriver\win32\104.0.5112.79\chromedriver.exe
Starting ChromeDriver 104.0.5112.79 (3cf3e8c8a07d104b9e1260c910efb8f383285dc5-refs/branch-heads/5112@{#1307}) on port 62474
Only local connections are allowed.
Please see https://chromedriver.chromium.org/security-considerations for suggestions on keeping ChromeDriver safe.
ChromeDriver was started successfully.
Aug 23, 2022 8:24:57 PM org.openqa.selenium.remote.ProtocolHandshake createSession
INFO: Detected upstream dialect: W3C
Aug 23, 2022 8:24:57 PM org.openqa.selenium.devtools.CdpVersionFinder findNearestMatch
WARNING: Unable to find an exact match for CDP version 104, so returning the closest version found: 103
Aug 23, 2022 8:24:57 PM org.openqa.selenium.devtools.CdpVersionFinder findNearestMatch
INFO: Found CDP implementation for version 104 of 103
]]></system-err>
  </testcase>
</testsuite>